<?xml version="1.0" encoding="UTF-8" ?><dataset>
	<customer  id="1" name="Chancellor" password="XNW02TDS4KK" email="Aenean.euismod@velvenenatis.org" company="Mauris Foundation" address="P.O. Box 152, 8720 Ac St." city="Annone di Brianza" postalCode="95504" country="Kyrgyzstan" phone="(345) 780-4682" fax="(944) 257-6526" registerdate="2014-03-19 08:03:11" logindate="2015-04-05 05:04:21" comment="id, erat. Etiam vestibulum massa rutrum magna. Cras convallis convallis dolor. Quisque tincidunt pede ac urna. Ut tincidunt vehicula risus. Nulla eget metus eu erat semper rutrum. Fusce dolor quam, elementum at, egestas a, scelerisque sed, sapien. Nunc pulvinar arcu et pede. Nunc sed orci lobortis augue scelerisque mollis. Phasellus libero mauris, aliquam eu, accumsan sed, facilisis vitae, orci. Phasellus dapibus quam quis diam. Pellentesque habitant morbi tristique senectus et netus et" />
	<customer  id="2" name="Benjamin" password="FQM56XEI2OV" email="Praesent.eu.nulla@mollisneccursus.ca" company="Neque Sed Industries" address="Ap #984-2996 Nec, St." city="Saint-Denis-Bovesse" postalCode="59234" country="France" phone="(893) 972-7230" fax="(250) 260-1831" registerdate="2015-06-22 11:06:28" logindate="2014-03-05 11:03:54" comment="faucibus orci luctus et ultrices posuere cubilia Curae Donec tincidunt. Donec vitae erat vel pede blandit congue. In scelerisque scelerisque dui. Suspendisse ac metus vitae velit egestas lacinia. Sed congue, elit sed consequat auctor, nunc nulla vulputate dui, nec tempus mauris erat eget ipsum. Suspendisse sagittis. Nullam vitae diam. Proin dolor. Nulla semper tellus id nunc interdum feugiat. Sed nec metus facilisis lorem tristique aliquet. Phasellus fermentum convallis ligula. Donec luctus aliquet odio. Etiam ligula tortor, dictum eu, placerat eget, venenatis a, magna. Lorem ipsum" />
	<customer  id="3" name="Shoshana" password="DKE13HNJ3KB" email="metus.Aliquam@egetmagna.co.uk" company="Pharetra Nibh Foundation" address="Ap #762-1507 Lacus Street" city="Vezirköprü" postalCode="82853" country="Palau" phone="(643) 641-0798" fax="(858) 494-8431" registerdate="2013-11-14 08:11:45" logindate="2014-03-24 11:03:11" comment="purus ac tellus. Suspendisse sed dolor. Fusce mi lorem, vehicula et, rutrum eu, ultrices sit amet, risus. Donec nibh enim, gravida sit amet, dapibus id, blandit at, nisi. Cum sociis natoque penatibus et magnis dis parturient montes, nascetur ridiculus mus. Proin vel nisl. Quisque fringilla euismod enim. Etiam gravida molestie arcu. Sed eu nibh vulputate mauris sagittis placerat. Cras dictum ultricies ligula. Nullam enim. Sed nulla ante, iaculis nec, eleifend non, dapibus rutrum, justo. Praesent luctus. Curabitur egestas nunc sed libero. Proin sed turpis nec mauris" />
	<customer  id="4" name="Kane" password="CMD47JPR0JY" email="faucibus.lectus@in.co.uk" company="Purus Sapien Gravida Limited" address="Ap #698-1931 Cum St." city="Quinte West" postalCode="69954" country="Bosnia and Herzegovina" phone="(874) 156-9827" fax="(441) 606-2656" registerdate="2015-01-17 03:01:04" logindate="2014-10-13 05:10:54" comment="Donec vitae erat vel pede blandit congue. In scelerisque scelerisque dui. Suspendisse ac metus vitae velit egestas lacinia. Sed congue, elit sed consequat auctor, nunc nulla vulputate dui, nec tempus mauris erat eget ipsum. Suspendisse sagittis. Nullam vitae diam. Proin dolor. Nulla semper tellus id nunc interdum feugiat. Sed nec metus facilisis lorem tristique aliquet. Phasellus fermentum convallis ligula. Donec luctus aliquet odio. Etiam ligula tortor, dictum eu, placerat eget, venenatis a, magna. Lorem ipsum dolor sit amet, consectetuer adipiscing elit. Etiam laoreet, libero et tristique pellentesque, tellus sem mollis dui, in sodales elit erat" />
	<customer  id="5" name="Raya" password="FKF01NPQ2MV" email="et.magnis.dis@malesuadaIntegerid.org" company="Donec Incorporated" address="517-1239 Mauris Road" city="Folx-les-Caves" postalCode="QG8Y 5HR" country="Czech Republic" phone="(671) 346-2546" fax="(117) 699-2694" registerdate="2015-05-14 01:05:04" logindate="2015-03-13 10:03:46" comment="pulvinar arcu et pede. Nunc sed orci lobortis augue scelerisque mollis. Phasellus libero mauris, aliquam eu, accumsan sed, facilisis vitae, orci. Phasellus dapibus quam quis diam. Pellentesque habitant morbi tristique senectus et netus et malesuada fames ac turpis egestas. Fusce aliquet magna a neque. Nullam ut nisi a odio semper cursus. Integer mollis. Integer tincidunt aliquam arcu. Aliquam ultrices iaculis odio. Nam interdum enim non nisi. Aenean eget metus. In nec orci. Donec nibh. Quisque nonummy ipsum non arcu. Vivamus sit amet risus. Donec" />
	<customer  id="6" name="Brooke" password="WOK46ZXK8KV" email="Sed.eu.nibh@augueeutempor.com" company="Elit Pede Consulting" address="844-2105 Nec, St." city="Toruń" postalCode="MG3Q 6GW" country="Nicaragua" phone="(728) 598-0258" fax="(582) 685-4943" registerdate="2015-06-23 10:06:13" logindate="2014-01-20 12:01:14" comment="ligula. Nullam enim. Sed nulla ante, iaculis nec, eleifend non, dapibus rutrum, justo. Praesent luctus. Curabitur egestas nunc sed libero. Proin sed turpis nec mauris blandit mattis. Cras eget nisi dictum augue malesuada malesuada. Integer id magna et ipsum cursus vestibulum. Mauris magna. Duis dignissim tempor arcu. Vestibulum ut eros" />
	<customer  id="7" name="Kyla" password="QLY99XIJ3XB" email="tempor@Nullaeget.net" company="Lacus Quisque Purus Limited" address="P.O. Box 710, 8163 Sagittis Av." city="Salvirola" postalCode="496101" country="Pitcairn Islands" phone="(983) 184-7271" fax="(295) 119-8442" registerdate="2013-10-18 09:10:24" logindate="2013-09-26 01:09:43" comment="felis, adipiscing fringilla, porttitor vulputate, posuere vulputate, lacus. Cras interdum. Nunc sollicitudin commodo ipsum. Suspendisse non leo. Vivamus nibh dolor, nonummy ac, feugiat non, lobortis quis, pede. Suspendisse dui. Fusce diam nunc, ullamcorper eu, euismod ac, fermentum vel, mauris. Integer sem elit, pharetra ut, pharetra sed, hendrerit a, arcu. Sed et libero. Proin mi. Aliquam gravida mauris ut mi. Duis" />
	<customer  id="8" name="Erich" password="MKU85KLO7WY" email="vitae@gravidasit.ca" company="Dapibus Rutrum LLP" address="P.O. Box 151, 3353 Erat. Road" city="Dessau" postalCode="21211" country="Rwanda" phone="(145) 755-1501" fax="(152) 512-4749" registerdate="2013-09-05 06:09:35" logindate="2014-01-21 04:01:47" comment="dictum. Proin eget odio. Aliquam vulputate ullamcorper magna. Sed eu eros. Nam consequat dolor vitae dolor. Donec fringilla. Donec feugiat metus sit amet ante. Vivamus non lorem vitae odio sagittis semper. Nam tempor diam dictum sapien. Aenean massa. Integer vitae nibh. Donec est mauris, rhoncus id, mollis nec, cursus a, enim. Suspendisse aliquet, sem ut cursus luctus, ipsum leo elementum sem, vitae aliquam eros turpis non enim. Mauris quis turpis vitae purus gravida sagittis. Duis" />
	<customer  id="9" name="Vaughan" password="VIG69ISO5EO" email="Mauris@DonectinciduntDonec.co.uk" company="Mi Felis Limited" address="449-1031 Donec Rd." city="Fahler" postalCode="04627" country="Mali" phone="(984) 979-3439" fax="(358) 337-6594" registerdate="2014-02-15 08:02:26" logindate="2013-09-28 05:09:20" comment="Vivamus molestie dapibus ligula. Aliquam erat volutpat. Nulla dignissim. Maecenas ornare egestas ligula. Nullam feugiat placerat velit. Quisque varius. Nam porttitor scelerisque neque. Nullam nisl. Maecenas malesuada fringilla est. Mauris eu turpis. Nulla aliquet. Proin velit. Sed malesuada augue ut lacus. Nulla tincidunt, neque vitae semper egestas, urna justo faucibus lectus, a sollicitudin" />
	<customer  id="10" name="Penelope" password="TMY61GVR5QB" email="dictum@vehiculaPellentesque.edu" company="Et Ipsum Cursus Ltd" address="P.O. Box 534, 2073 Pede Ave" city="Bedford" postalCode="36357" country="Senegal" phone="(170) 732-8318" fax="(187) 501-4483" registerdate="2015-03-06 08:03:53" logindate="2014-09-06 10:09:21" comment="vehicula aliquet libero. Integer in magna. Phasellus dolor elit, pellentesque a, facilisis non, bibendum sed, est. Nunc laoreet lectus quis massa. Mauris vestibulum, neque sed dictum eleifend, nunc risus varius orci, in consequat enim diam vel arcu. Curabitur ut odio vel est tempor bibendum. Donec felis orci, adipiscing non, luctus sit amet, faucibus ut, nulla. Cras eu tellus eu augue porttitor interdum. Sed" />
	<customer  id="11" name="Honorato" password="PXZ76ZTF8UO" email="Vestibulum@adipiscingMauris.com" company="Risus Quisque Libero Incorporated" address="Ap #587-2056 Cursus Rd." city="Pune" postalCode="68-145" country="New Caledonia" phone="(273) 283-7269" fax="(427) 135-1593" registerdate="2015-05-27 11:05:08" logindate="2015-07-20 03:07:40" comment="Aliquam adipiscing lobortis risus. In mi pede, nonummy ut, molestie in, tempus eu, ligula. Aenean euismod mauris eu elit. Nulla facilisi. Sed neque. Sed eget lacus. Mauris non dui nec urna suscipit nonummy. Fusce fermentum fermentum arcu. Vestibulum ante ipsum primis in faucibus orci luctus et ultrices posuere cubilia Curae Phasellus ornare. Fusce mollis. Duis sit amet diam eu dolor" />
	<customer  id="12" name="Briar" password="HKG89ABH2UA" email="molestie@ultriciesligulaNullam.co.uk" company="Arcu Sed Et Associates" address="2641 Netus Rd." city="Subiaco" postalCode="8577" country="Australia" phone="(120) 487-5178" fax="(637) 560-6269" registerdate="2015-06-01 12:06:52" logindate="2013-12-13 10:12:14" comment="rutrum magna. Cras convallis convallis dolor. Quisque tincidunt pede ac urna. Ut tincidunt vehicula risus. Nulla eget metus eu erat semper rutrum. Fusce dolor quam, elementum at, egestas a, scelerisque sed, sapien. Nunc pulvinar arcu et pede. Nunc sed orci lobortis augue scelerisque mollis. Phasellus libero mauris, aliquam eu, accumsan sed, facilisis vitae, orci. Phasellus dapibus quam quis diam. Pellentesque habitant morbi tristique senectus et netus et malesuada fames ac turpis egestas. Fusce aliquet magna a neque. Nullam ut nisi a odio semper cursus." />
	<customer  id="13" name="Gregory" password="UBH23BOZ3QK" email="ac@posuereenim.com" company="Eu Odio Tristique Corporation" address="1488 Neque Rd." city="Corbara" postalCode="159808" country="Saint Pierre and Miquelon" phone="(388) 384-1808" fax="(403) 537-5294" registerdate="2013-12-15 04:12:02" logindate="2014-07-14 09:07:05" comment="in consequat enim diam vel arcu. Curabitur ut odio vel est tempor bibendum. Donec felis orci, adipiscing non, luctus sit amet, faucibus ut, nulla. Cras eu tellus eu augue porttitor interdum. Sed auctor odio a purus. Duis elementum, dui quis accumsan convallis, ante lectus convallis est, vitae sodales nisi magna sed dui. Fusce aliquam, enim nec tempus scelerisque, lorem" />
	<customer  id="14" name="Phoebe" password="WYL99ZYU2SH" email="facilisis.Suspendisse.commodo@non.net" company="Auctor Vitae Aliquet Inc." address="3751 Nisl Av." city="Gdańsk" postalCode="5171GL" country="Reunion" phone="(943) 543-8371" fax="(568) 414-1923" registerdate="2014-01-29 03:01:02" logindate="2015-08-09 12:08:41" comment="a, scelerisque sed, sapien. Nunc pulvinar arcu et pede. Nunc sed orci lobortis augue scelerisque mollis. Phasellus libero mauris, aliquam eu, accumsan sed, facilisis vitae, orci. Phasellus dapibus quam quis diam. Pellentesque habitant morbi tristique senectus et netus et malesuada fames ac turpis egestas. Fusce aliquet magna a neque. Nullam ut nisi a odio semper cursus. Integer mollis. Integer tincidunt aliquam arcu. Aliquam ultrices iaculis odio. Nam interdum enim non nisi. Aenean eget" />
	<customer  id="15" name="Iola" password="QTH96CIQ8NH" email="est.arcu.ac@sem.edu" company="Neque LLC" address="P.O. Box 695, 4493 Maecenas Ave" city="Sant'Arsenio" postalCode="N4H 3B2" country="Thailand" phone="(347) 188-7965" fax="(617) 311-0116" registerdate="2014-06-08 06:06:45" logindate="2014-08-20 10:08:15" comment="Cras lorem lorem, luctus ut, pellentesque eget, dictum placerat, augue. Sed molestie. Sed id risus quis diam luctus lobortis. Class aptent taciti sociosqu ad litora torquent per conubia nostra, per inceptos hymenaeos. Mauris ut quam vel sapien imperdiet ornare. In faucibus. Morbi vehicula. Pellentesque tincidunt tempus risus. Donec egestas. Duis ac arcu. Nunc mauris. Morbi non" />
	<customer  id="16" name="Jared" password="CJA08BKL3BL" email="est.mauris@necanteMaecenas.com" company="Phasellus Dapibus Associates" address="1554 Odio. St." city="Strongoli" postalCode="Y6B 8W2" country="Fiji" phone="(810) 694-7420" fax="(160) 484-4886" registerdate="2015-05-07 09:05:12" logindate="2014-04-03 06:04:34" comment="In at pede. Cras vulputate velit eu sem. Pellentesque ut ipsum ac mi eleifend egestas. Sed pharetra, felis eget varius ultrices, mauris ipsum porta elit, a feugiat tellus lorem eu metus. In lorem. Donec elementum, lorem ut aliquam iaculis, lacus pede sagittis augue, eu tempor erat neque non quam. Pellentesque habitant morbi tristique senectus et netus et malesuada fames ac turpis egestas. Aliquam fringilla cursus" />
	<customer  id="17" name="Emerson" password="VCF99QBA9SK" email="facilisis.Suspendisse@magnamalesuada.edu" company="Risus Donec Company" address="7861 Auctor St." city="Pontey" postalCode="98613" country="Bermuda" phone="(131) 648-3395" fax="(403) 396-3253" registerdate="2014-07-21 05:07:49" logindate="2014-12-07 02:12:37" comment="ac turpis egestas. Fusce aliquet magna a neque. Nullam ut nisi a odio semper cursus. Integer mollis. Integer tincidunt aliquam arcu. Aliquam ultrices iaculis odio. Nam interdum enim non nisi. Aenean eget metus. In nec orci. Donec nibh. Quisque nonummy ipsum non arcu. Vivamus sit amet risus. Donec egestas. Aliquam nec enim. Nunc ut erat. Sed nunc est, mollis non, cursus non, egestas a, dui. Cras pellentesque. Sed dictum. Proin eget" />
	<customer  id="18" name="Yvonne" password="EAB27WQW1FY" email="at.risus.Nunc@nisimagna.net" company="Vulputate Dui Nec Inc." address="P.O. Box 552, 5920 Ultrices. St." city="Waidhofen an der Ybbs" postalCode="08143-409" country="United Arab Emirates" phone="(976) 822-4725" fax="(720) 360-1243" registerdate="2014-04-06 11:04:44" logindate="2015-02-16 04:02:22" comment="euismod et, commodo at, libero. Morbi accumsan laoreet ipsum. Curabitur consequat, lectus sit amet luctus vulputate, nisi sem semper erat, in consectetuer ipsum nunc id enim. Curabitur massa. Vestibulum accumsan neque et nunc. Quisque ornare tortor at risus. Nunc ac sem ut dolor dapibus gravida. Aliquam tincidunt, nunc ac mattis ornare, lectus ante dictum mi, ac mattis velit justo nec ante. Maecenas mi felis, adipiscing fringilla, porttitor vulputate, posuere vulputate, lacus. Cras interdum. Nunc sollicitudin commodo ipsum. Suspendisse non leo. Vivamus nibh dolor, nonummy ac, feugiat non," />
	<customer  id="19" name="Colleen" password="OIV13KZN9YP" email="pede.Suspendisse@odio.com" company="Dui Augue Eu Company" address="7843 Scelerisque, Rd." city="Houston" postalCode="07051" country="Cocos (Keeling) Islands" phone="(183) 966-3580" fax="(771) 390-6364" registerdate="2015-05-12 06:05:20" logindate="2014-01-17 01:01:33" comment="nisi dictum augue malesuada malesuada. Integer id magna et ipsum cursus vestibulum. Mauris magna. Duis dignissim tempor arcu. Vestibulum ut eros non enim commodo hendrerit. Donec porttitor tellus non magna. Nam ligula elit, pretium et, rutrum non, hendrerit id, ante. Nunc mauris sapien, cursus in, hendrerit consectetuer, cursus et, magna. Praesent interdum ligula eu enim. Etiam imperdiet dictum magna. Ut tincidunt orci quis lectus. Nullam suscipit, est ac facilisis facilisis, magna tellus faucibus leo, in lobortis tellus justo sit amet nulla. Donec non justo. Proin non massa non ante bibendum ullamcorper. Duis cursus, diam at pretium" />
	<customer  id="20" name="Morgan" password="OWF24YME3MG" email="dolor.dolor.tempus@sitamet.com" company="Diam Associates" address="109-4845 Pede St." city="Bellevue" postalCode="22949" country="American Samoa" phone="(516) 167-2265" fax="(493) 858-1111" registerdate="2013-10-07 09:10:22" logindate="2015-01-15 02:01:58" comment="nec, cursus a, enim. Suspendisse aliquet, sem ut cursus luctus, ipsum leo elementum sem, vitae aliquam eros turpis non enim. Mauris quis turpis vitae purus gravida sagittis. Duis gravida. Praesent eu nulla at sem molestie sodales. Mauris blandit enim consequat purus. Maecenas libero est, congue a, aliquet vel, vulputate eu, odio. Phasellus at augue id ante dictum cursus. Nunc mauris elit, dictum eu, eleifend nec, malesuada ut, sem." />
	<customer  id="21" name="Rosalyn" password="CZP17BAN7WI" email="egestas@ligulaeuenim.org" company="Nunc Sed Pede LLC" address="P.O. Box 611, 8399 Ridiculus Street" city="Erli" postalCode="02227" country="Antarctica" phone="(247) 941-0336" fax="(812) 880-7090" registerdate="2014-08-22 01:08:19" logindate="2015-02-08 02:02:20" comment="ultrices, mauris ipsum porta elit, a feugiat tellus lorem eu metus. In lorem. Donec elementum, lorem ut aliquam iaculis, lacus pede sagittis augue, eu tempor erat neque non quam. Pellentesque habitant morbi tristique senectus et netus et malesuada fames ac turpis egestas. Aliquam fringilla cursus purus. Nullam scelerisque neque sed sem egestas blandit. Nam nulla magna, malesuada vel, convallis" />
	<customer  id="22" name="Iris" password="PNX08SKI1FH" email="sagittis.lobortis@posuere.co.uk" company="Tellus Imperdiet Non PC" address="4262 Ut Av." city="Anzegem" postalCode="98449" country="Netherlands" phone="(572) 851-2633" fax="(669) 101-2423" registerdate="2014-09-24 09:09:38" logindate="2014-09-20 03:09:47" comment="luctus et ultrices posuere cubilia Curae Donec tincidunt. Donec vitae erat vel pede blandit congue. In scelerisque scelerisque dui. Suspendisse ac metus vitae velit egestas lacinia. Sed congue, elit sed consequat auctor, nunc nulla vulputate dui, nec tempus mauris erat eget ipsum. Suspendisse sagittis. Nullam vitae diam. Proin dolor. Nulla semper tellus id nunc interdum feugiat. Sed nec metus facilisis lorem tristique aliquet. Phasellus fermentum convallis ligula. Donec" />
	<customer  id="23" name="Molly" password="KYY81PZG0NS" email="et.ultrices.posuere@ultriciessemmagna.org" company="Fringilla Euismod Enim Company" address="6744 Id St." city="Stony Plain" postalCode="T8C 7V5" country="French Guiana" phone="(761) 768-4378" fax="(587) 176-4603" registerdate="2014-06-11 03:06:16" logindate="2015-08-03 12:08:54" comment="sagittis felis. Donec tempor, est ac mattis semper, dui lectus rutrum urna, nec luctus felis purus ac tellus. Suspendisse sed dolor. Fusce mi lorem, vehicula et, rutrum eu, ultrices sit amet, risus. Donec nibh enim, gravida sit amet, dapibus id, blandit at, nisi. Cum sociis natoque penatibus et magnis dis parturient montes, nascetur ridiculus mus. Proin vel nisl. Quisque fringilla euismod enim. Etiam gravida molestie arcu. Sed eu nibh vulputate mauris sagittis placerat." />
	<customer  id="24" name="Tamara" password="VWO56JJJ8YA" email="ut.odio@cursusvestibulum.net" company="Tempus Eu Ligula Company" address="366-4853 Imperdiet, Street" city="Gdynia" postalCode="19791" country="Saint Barthélemy" phone="(838) 893-3181" fax="(224) 770-0892" registerdate="2013-09-12 04:09:40" logindate="2014-03-30 08:03:23" comment="vitae velit egestas lacinia. Sed congue, elit sed consequat auctor, nunc nulla vulputate dui, nec tempus mauris erat eget ipsum. Suspendisse sagittis. Nullam vitae diam. Proin dolor. Nulla semper tellus id nunc interdum feugiat. Sed nec metus facilisis lorem tristique aliquet. Phasellus fermentum convallis ligula. Donec luctus aliquet odio. Etiam ligula tortor," />
	<customer  id="25" name="Ivory" password="YJK16VFF5RK" email="sociis.natoque.penatibus@dictumaugue.ca" company="Nam Associates" address="933-5475 Praesent Rd." city="Saint-Étienne-du-Rouvray" postalCode="0053DA" country="Syria" phone="(999) 903-0201" fax="(745) 228-0982" registerdate="2013-10-15 03:10:57" logindate="2015-05-09 12:05:03" comment="porttitor vulputate, posuere vulputate, lacus. Cras interdum. Nunc sollicitudin commodo ipsum. Suspendisse non leo. Vivamus nibh dolor, nonummy ac, feugiat non, lobortis quis, pede. Suspendisse dui. Fusce diam nunc, ullamcorper eu, euismod ac, fermentum vel, mauris. Integer sem elit, pharetra ut, pharetra sed, hendrerit a, arcu. Sed et libero. Proin mi. Aliquam gravida mauris ut mi. Duis risus odio, auctor vitae, aliquet nec, imperdiet nec, leo. Morbi neque tellus, imperdiet non, vestibulum nec, euismod in, dolor. Fusce feugiat. Lorem" />
	<customer  id="26" name="Alfonso" password="OKM31CQF5CW" email="sit.amet@rutrum.edu" company="Diam Luctus LLP" address="343-9722 Eu Road" city="Saint-Marc" postalCode="51000" country="Mongolia" phone="(864) 721-8349" fax="(746) 270-1518" registerdate="2013-12-21 06:12:40" logindate="2013-11-03 07:11:32" comment="elit, pellentesque a, facilisis non, bibendum sed, est. Nunc laoreet lectus quis massa. Mauris vestibulum, neque sed dictum eleifend, nunc risus varius orci, in consequat enim diam vel arcu. Curabitur ut odio vel est tempor bibendum. Donec felis orci, adipiscing non, luctus sit amet, faucibus ut, nulla. Cras eu tellus eu augue porttitor interdum. Sed auctor odio a purus. Duis elementum, dui quis accumsan convallis, ante lectus convallis est, vitae sodales nisi magna sed dui. Fusce aliquam, enim nec tempus scelerisque, lorem ipsum sodales purus, in molestie tortor nibh sit amet orci. Ut" />
	<customer  id="27" name="Jelani" password="EJY64QEB8HU" email="tempor@cursusdiam.ca" company="Vulputate Posuere Foundation" address="893-5728 Nascetur St." city="Ellikom" postalCode="62207" country="Iceland" phone="(459) 637-4760" fax="(351) 832-2742" registerdate="2014-12-01 07:12:41" logindate="2015-03-13 04:03:54" comment="a mi fringilla mi lacinia mattis. Integer eu lacus. Quisque imperdiet, erat nonummy ultricies ornare, elit elit fermentum risus, at fringilla purus mauris a nunc. In at pede. Cras vulputate velit eu sem. Pellentesque ut ipsum ac mi eleifend egestas. Sed pharetra, felis eget varius ultrices, mauris ipsum porta elit, a feugiat tellus lorem eu metus. In lorem. Donec elementum, lorem ut aliquam iaculis, lacus pede sagittis augue, eu tempor erat neque non quam. Pellentesque habitant morbi tristique senectus et" />
	<customer  id="28" name="Alden" password="MUA48PEA1TP" email="fringilla.est.Mauris@tinciduntpede.edu" company="Eleifend Nunc Limited" address="1364 Pharetra Road" city="Caucaia" postalCode="68986" country="Guatemala" phone="(307) 699-1338" fax="(487) 363-8929" registerdate="2014-01-05 06:01:35" logindate="2014-08-05 06:08:17" comment="cursus. Integer mollis. Integer tincidunt aliquam arcu. Aliquam ultrices iaculis odio. Nam interdum enim non nisi. Aenean eget metus. In nec orci. Donec nibh. Quisque nonummy ipsum non arcu. Vivamus sit amet risus. Donec egestas. Aliquam nec enim. Nunc ut erat. Sed nunc est, mollis non, cursus non, egestas a, dui. Cras pellentesque. Sed dictum. Proin eget odio. Aliquam vulputate ullamcorper magna. Sed eu eros. Nam consequat dolor vitae dolor. Donec fringilla. Donec feugiat metus sit amet ante. Vivamus non lorem vitae" />
	<customer  id="29" name="Iris" password="LDL88RFW0AJ" email="faucibus.leo@vitaeorci.co.uk" company="Sociis Corp." address="P.O. Box 929, 7209 Lacus. Rd." city="Meeffe" postalCode="40109" country="Maldives" phone="(440) 846-6704" fax="(123) 805-1944" registerdate="2014-08-24 11:08:45" logindate="2014-06-29 11:06:52" comment="vel lectus. Cum sociis natoque penatibus et magnis dis parturient montes, nascetur ridiculus mus. Donec dignissim magna a tortor. Nunc commodo auctor velit. Aliquam nisl. Nulla eu neque pellentesque massa lobortis ultrices. Vivamus rhoncus. Donec est. Nunc ullamcorper, velit in aliquet lobortis, nisi nibh lacinia orci, consectetuer euismod est arcu ac orci. Ut semper pretium neque. Morbi quis urna. Nunc quis arcu vel quam dignissim" />
	<customer  id="30" name="Alea" password="HYK13ZZR9BU" email="in.aliquet.lobortis@Suspendissenon.ca" company="Neque Foundation" address="P.O. Box 821, 233 Sed Avenue" city="Thirimont" postalCode="37835" country="Sri Lanka" phone="(540) 429-7134" fax="(840) 249-3466" registerdate="2014-05-11 06:05:45" logindate="2014-02-04 04:02:25" comment="Maecenas mi felis, adipiscing fringilla, porttitor vulputate, posuere vulputate, lacus. Cras interdum. Nunc sollicitudin commodo ipsum. Suspendisse non leo. Vivamus nibh dolor, nonummy ac, feugiat non, lobortis quis, pede. Suspendisse dui. Fusce diam nunc, ullamcorper eu, euismod ac, fermentum vel, mauris. Integer sem elit, pharetra ut, pharetra sed, hendrerit a, arcu. Sed et libero. Proin mi. Aliquam gravida mauris ut mi. Duis risus odio, auctor vitae, aliquet nec, imperdiet nec, leo. Morbi neque tellus, imperdiet non, vestibulum" />
	<customer  id="31" name="Scarlet" password="FSC17KZZ2HW" email="a.purus.Duis@nunc.ca" company="Cursus In Foundation" address="229-7467 Turpis St." city="Brandon" postalCode="58954" country="Albania" phone="(549) 323-0788" fax="(551) 358-4779" registerdate="2014-04-04 07:04:44" logindate="2015-01-07 09:01:58" comment="ac mattis velit justo nec ante. Maecenas mi felis, adipiscing fringilla, porttitor vulputate, posuere vulputate, lacus. Cras interdum. Nunc sollicitudin commodo ipsum. Suspendisse non leo. Vivamus nibh dolor, nonummy ac, feugiat non, lobortis quis, pede. Suspendisse dui. Fusce diam nunc, ullamcorper eu, euismod ac, fermentum vel, mauris. Integer sem elit, pharetra ut, pharetra sed, hendrerit a, arcu. Sed et libero. Proin mi." />
	<customer  id="32" name="Robin" password="HDN63AXH7SJ" email="tincidunt.nibh.Phasellus@odiotristique.co.uk" company="Lobortis LLC" address="846 Vivamus Street" city="Libramont-Chevigny" postalCode="3407" country="Heard Island and Mcdonald Islands" phone="(729) 164-4944" fax="(384) 562-0589" registerdate="2013-10-30 02:10:51" logindate="2015-01-12 04:01:14" comment="ut lacus. Nulla tincidunt, neque vitae semper egestas, urna justo faucibus lectus, a sollicitudin orci sem eget massa. Suspendisse eleifend. Cras sed leo. Cras vehicula aliquet libero. Integer in magna. Phasellus dolor elit, pellentesque a, facilisis non, bibendum sed, est. Nunc laoreet lectus quis massa. Mauris vestibulum, neque sed dictum eleifend, nunc risus varius" />
	<customer  id="33" name="Kelsie" password="LKE99MDC7XW" email="dictum@natoque.org" company="Cursus Nunc Mauris Corporation" address="Ap #794-693 Vitae Street" city="Malbaie" postalCode="824585" country="Bolivia" phone="(971) 739-1634" fax="(291) 719-9207" registerdate="2015-03-19 05:03:08" logindate="2015-05-07 11:05:12" comment="molestie in, tempus eu, ligula. Aenean euismod mauris eu elit. Nulla facilisi. Sed neque. Sed eget lacus. Mauris non dui nec urna suscipit nonummy. Fusce fermentum fermentum arcu. Vestibulum ante ipsum primis in faucibus orci luctus et ultrices posuere cubilia Curae Phasellus ornare. Fusce mollis. Duis sit amet diam eu dolor egestas rhoncus." />
	<customer  id="34" name="Blair" password="YKT32BVA2YU" email="ornare.egestas@Nullamfeugiat.ca" company="Faucibus Inc." address="Ap #155-974 Luctus Street" city="Minturno" postalCode="UJ2 8IX" country="Christmas Island" phone="(246) 671-0114" fax="(726) 779-9543" registerdate="2013-10-25 02:10:41" logindate="2014-06-18 06:06:23" comment="nisi. Aenean eget metus. In nec orci. Donec nibh. Quisque nonummy ipsum non arcu. Vivamus sit amet risus. Donec egestas. Aliquam nec enim. Nunc ut erat. Sed nunc est, mollis non, cursus non, egestas a, dui. Cras pellentesque. Sed dictum. Proin eget odio. Aliquam vulputate ullamcorper magna. Sed eu eros. Nam consequat dolor vitae dolor. Donec fringilla. Donec feugiat metus sit amet ante. Vivamus non lorem vitae odio sagittis semper. Nam tempor diam" />
	<customer  id="35" name="Orlando" password="CSL61OIW2AK" email="lectus@necleo.edu" company="Cras Company" address="711-3428 Blandit Ave" city="Compiègne" postalCode="7097" country="Angola" phone="(968) 378-3390" fax="(391) 258-4512" registerdate="2014-07-27 11:07:02" logindate="2014-09-08 01:09:55" comment="Donec luctus aliquet odio. Etiam ligula tortor, dictum eu, placerat eget, venenatis a, magna. Lorem ipsum dolor sit amet, consectetuer adipiscing elit. Etiam laoreet, libero et tristique pellentesque, tellus sem mollis dui, in sodales elit erat vitae risus. Duis a mi fringilla mi lacinia mattis. Integer eu lacus. Quisque imperdiet, erat nonummy ultricies" />
	<customer  id="36" name="Miriam" password="VEE11NZW7FO" email="tincidunt.vehicula.risus@Aenean.com" company="Velit Eu LLC" address="159-4820 Ac Av." city="Klabbeek" postalCode="818370" country="Bhutan" phone="(407) 374-8641" fax="(782) 265-3800" registerdate="2014-02-13 08:02:47" logindate="2014-06-14 03:06:05" comment="nulla. Cras eu tellus eu augue porttitor interdum. Sed auctor odio a purus. Duis elementum, dui quis accumsan convallis, ante lectus convallis est, vitae sodales nisi magna sed dui. Fusce aliquam, enim nec tempus scelerisque, lorem ipsum sodales purus, in molestie tortor nibh sit amet orci. Ut sagittis lobortis mauris. Suspendisse aliquet molestie tellus. Aenean egestas hendrerit neque. In ornare sagittis felis. Donec tempor, est ac mattis semper, dui lectus rutrum urna," />
	<customer  id="37" name="Naida" password="LRW08ETQ6EK" email="habitant@scelerisqueneque.ca" company="Nisl Maecenas Malesuada Industries" address="P.O. Box 324, 9741 Nisl St." city="Sousa" postalCode="50225" country="Christmas Island" phone="(117) 516-3182" fax="(709) 303-3247" registerdate="2015-07-17 02:07:16" logindate="2015-05-25 08:05:11" comment="porttitor vulputate, posuere vulputate, lacus. Cras interdum. Nunc sollicitudin commodo ipsum. Suspendisse non leo. Vivamus nibh dolor, nonummy ac, feugiat non, lobortis quis, pede. Suspendisse dui. Fusce diam nunc, ullamcorper eu, euismod ac, fermentum vel, mauris. Integer sem elit, pharetra ut, pharetra sed, hendrerit a, arcu. Sed et libero. Proin mi. Aliquam gravida mauris ut mi. Duis risus odio, auctor vitae, aliquet nec, imperdiet nec, leo. Morbi neque tellus, imperdiet" />
	<customer  id="38" name="Ali" password="MFK40JJX5EZ" email="lectus.sit@elit.org" company="Pede Foundation" address="P.O. Box 465, 7351 Sed Rd." city="Driffield" postalCode="46-295" country="Saint Barthélemy" phone="(521) 301-2746" fax="(578) 557-6756" registerdate="2015-06-24 10:06:16" logindate="2014-01-18 03:01:03" comment="mauris, rhoncus id, mollis nec, cursus a, enim. Suspendisse aliquet, sem ut cursus luctus, ipsum leo elementum sem, vitae aliquam eros turpis non enim. Mauris quis turpis vitae purus gravida sagittis. Duis gravida. Praesent eu nulla at sem molestie sodales. Mauris blandit enim consequat purus. Maecenas libero est, congue a, aliquet vel, vulputate eu, odio. Phasellus at augue id ante dictum cursus. Nunc mauris elit, dictum eu, eleifend nec, malesuada ut, sem. Nulla interdum. Curabitur dictum. Phasellus in felis. Nulla tempor augue ac ipsum. Phasellus vitae mauris sit amet lorem semper auctor. Mauris vel turpis. Aliquam adipiscing lobortis" />
	<customer  id="39" name="Garth" password="XBT64XRL1XD" email="orci.lobortis@scelerisqueneque.org" company="Posuere At Velit LLP" address="256-3669 Tortor Street" city="Latera" postalCode="4659" country="Nigeria" phone="(125) 491-5121" fax="(776) 678-4726" registerdate="2014-04-06 02:04:10" logindate="2014-09-11 11:09:15" comment="ipsum primis in faucibus orci luctus et ultrices posuere cubilia Curae Donec tincidunt. Donec vitae erat vel pede blandit congue. In scelerisque scelerisque dui. Suspendisse ac metus vitae velit egestas lacinia. Sed congue, elit sed consequat auctor, nunc nulla vulputate dui, nec tempus mauris erat eget ipsum. Suspendisse sagittis. Nullam vitae diam. Proin dolor. Nulla semper tellus id nunc interdum feugiat. Sed nec metus facilisis lorem tristique aliquet. Phasellus fermentum convallis ligula. Donec luctus aliquet odio. Etiam ligula tortor, dictum eu, placerat eget, venenatis a, magna. Lorem ipsum dolor sit amet, consectetuer" />
	<customer  id="40" name="Idona" password="CXL90MZN1TN" email="Fusce@quamdignissim.com" company="Pretium Et Rutrum Inc." address="P.O. Box 185, 9639 Eget Road" city="Baltimore" postalCode="293753" country="Saint Martin" phone="(851) 716-8851" fax="(564) 646-2772" registerdate="2013-12-31 11:12:19" logindate="2014-06-03 11:06:19" comment="In nec orci. Donec nibh. Quisque nonummy ipsum non arcu. Vivamus sit amet risus. Donec egestas. Aliquam nec enim. Nunc ut erat. Sed nunc est, mollis non, cursus non, egestas a, dui. Cras pellentesque. Sed dictum. Proin eget odio. Aliquam vulputate ullamcorper magna. Sed eu eros. Nam consequat dolor vitae dolor. Donec fringilla. Donec feugiat metus sit amet ante. Vivamus non lorem vitae odio sagittis semper. Nam tempor diam dictum sapien. Aenean massa. Integer vitae nibh. Donec est mauris," />
	<customer  id="41" name="Sage" password="PMM94WBN4UG" email="aliquet.sem.ut@laoreetlibero.com" company="Nunc Quisque Corporation" address="3531 Quam, Rd." city="Cles" postalCode="3664" country="Niger" phone="(715) 999-3794" fax="(898) 910-5880" registerdate="2014-07-31 12:07:49" logindate="2015-07-18 07:07:14" comment="aliquam, enim nec tempus scelerisque, lorem ipsum sodales purus, in molestie tortor nibh sit amet orci. Ut sagittis lobortis mauris. Suspendisse aliquet molestie tellus. Aenean egestas hendrerit neque. In ornare sagittis felis. Donec tempor, est ac mattis semper, dui lectus rutrum urna, nec luctus felis purus ac tellus. Suspendisse sed dolor. Fusce mi lorem, vehicula et, rutrum eu, ultrices sit amet, risus. Donec nibh enim, gravida sit amet, dapibus id, blandit at, nisi. Cum sociis natoque penatibus et magnis dis parturient montes, nascetur" />
	<customer  id="42" name="Germaine" password="YQD50KPC2CE" email="ligula.Nullam.enim@necmalesuadaut.org" company="Donec Nibh Enim PC" address="572-5195 Duis Av." city="Karimnagar" postalCode="49197" country="Northern Mariana Islands" phone="(494) 247-9378" fax="(585) 433-9328" registerdate="2014-11-26 07:11:22" logindate="2014-08-30 01:08:11" comment="ac nulla. In tincidunt congue turpis. In condimentum. Donec at arcu. Vestibulum ante ipsum primis in faucibus orci luctus et ultrices posuere cubilia Curae Donec tincidunt. Donec vitae erat vel pede blandit congue. In scelerisque scelerisque dui. Suspendisse ac metus vitae velit egestas lacinia. Sed congue, elit sed consequat auctor, nunc nulla vulputate dui, nec tempus mauris erat eget ipsum. Suspendisse sagittis. Nullam vitae diam. Proin dolor. Nulla semper tellus id nunc interdum feugiat. Sed nec metus facilisis lorem tristique aliquet. Phasellus fermentum convallis ligula. Donec luctus aliquet odio." />
	<customer  id="43" name="Porter" password="UBS86AFS6KK" email="nec.tempus.scelerisque@tempusscelerisquelorem.ca" company="Nisi Nibh Lacinia Ltd" address="P.O. Box 821, 4758 Diam Street" city="Zwijndrecht" postalCode="78753" country="French Southern Territories" phone="(813) 824-6059" fax="(219) 177-6856" registerdate="2015-07-10 09:07:45" logindate="2015-05-28 05:05:33" comment="amet, faucibus ut, nulla. Cras eu tellus eu augue porttitor interdum. Sed auctor odio a purus. Duis elementum, dui quis accumsan convallis, ante lectus convallis est, vitae sodales nisi magna sed dui. Fusce aliquam, enim nec tempus scelerisque, lorem ipsum sodales purus, in molestie tortor nibh sit amet orci. Ut sagittis lobortis mauris. Suspendisse aliquet" />
	<customer  id="44" name="Daquan" password="JKB29QHS8FK" email="vel.sapien@Nullamvelitdui.org" company="Tristique Aliquet Phasellus Limited" address="P.O. Box 446, 5418 Facilisis, Av." city="Erie" postalCode="26694" country="Chad" phone="(123) 291-4943" fax="(222) 873-6106" registerdate="2013-09-27 05:09:18" logindate="2014-04-02 10:04:43" comment="amet, consectetuer adipiscing elit. Curabitur sed tortor. Integer aliquam adipiscing lacus. Ut nec urna et arcu imperdiet ullamcorper. Duis at lacus. Quisque purus sapien, gravida non, sollicitudin a, malesuada id, erat. Etiam vestibulum massa rutrum magna. Cras convallis convallis dolor. Quisque tincidunt pede ac urna. Ut tincidunt vehicula risus. Nulla eget metus eu erat semper rutrum. Fusce dolor quam, elementum at, egestas a, scelerisque sed, sapien. Nunc pulvinar arcu et pede. Nunc sed orci lobortis augue scelerisque mollis. Phasellus libero mauris, aliquam" />
	<customer  id="45" name="Kasimir" password="EWF74GEL1KP" email="sem.Nulla@nec.com" company="Tempor Augue LLC" address="6848 Nisi. Rd." city="Bath" postalCode="55862" country="Tunisia" phone="(106) 811-6069" fax="(225) 191-1552" registerdate="2015-07-14 03:07:16" logindate="2015-02-19 08:02:11" comment="risus quis diam luctus lobortis. Class aptent taciti sociosqu ad litora torquent per conubia nostra, per inceptos hymenaeos. Mauris ut quam vel sapien imperdiet ornare. In faucibus. Morbi vehicula. Pellentesque tincidunt tempus risus. Donec egestas. Duis ac arcu. Nunc mauris. Morbi non sapien molestie orci tincidunt adipiscing. Mauris molestie pharetra" />
	<customer  id="46" name="Hall" password="WSS97ROB2TZ" email="porttitor.vulputate@eu.net" company="Ullamcorper Associates" address="P.O. Box 504, 6595 Elit, Ave" city="Garaguso" postalCode="25279" country="Samoa" phone="(903) 317-2486" fax="(373) 526-7735" registerdate="2015-07-14 04:07:43" logindate="2014-04-12 07:04:05" comment="ultrices. Vivamus rhoncus. Donec est. Nunc ullamcorper, velit in aliquet lobortis, nisi nibh lacinia orci, consectetuer euismod est arcu ac orci. Ut semper pretium neque. Morbi quis urna. Nunc quis arcu vel quam dignissim pharetra. Nam ac nulla. In tincidunt congue turpis. In condimentum. Donec at arcu. Vestibulum ante ipsum primis in faucibus orci luctus et ultrices posuere cubilia Curae Donec tincidunt. Donec vitae erat vel pede blandit congue. In scelerisque scelerisque dui. Suspendisse ac metus vitae velit egestas lacinia. Sed congue, elit" />
	<customer  id="47" name="Farrah" password="JXT45SSG3ZX" email="non.magna.Nam@et.ca" company="Non Justo Proin Corporation" address="Ap #413-7558 Ac Avenue" city="San Pietro Mussolino" postalCode="89363" country="French Southern Territories" phone="(998) 660-1550" fax="(960) 488-2930" registerdate="2015-04-28 07:04:28" logindate="2014-07-22 04:07:58" comment="eu dui. Cum sociis natoque penatibus et magnis dis parturient montes, nascetur ridiculus mus. Aenean eget magna. Suspendisse tristique neque venenatis lacus. Etiam bibendum fermentum metus. Aenean sed pede nec ante blandit viverra. Donec tempus, lorem fringilla ornare placerat, orci lacus vestibulum lorem, sit amet ultricies sem magna nec quam. Curabitur vel lectus. Cum sociis natoque penatibus et magnis dis parturient montes, nascetur ridiculus mus. Donec dignissim magna a tortor. Nunc commodo auctor velit." />
	<customer  id="48" name="Wallace" password="EHY24BGT5QR" email="lectus.Cum.sociis@iaculis.net" company="Lectus Pede Foundation" address="118-9119 Donec Av." city="Grandrieu" postalCode="74016" country="Gambia" phone="(895) 504-2779" fax="(245) 802-5131" registerdate="2014-07-03 06:07:31" logindate="2014-01-14 04:01:44" comment="ridiculus mus. Proin vel arcu eu odio tristique pharetra. Quisque ac libero nec ligula consectetuer rhoncus. Nullam velit dui, semper et, lacinia vitae, sodales at, velit. Pellentesque ultricies dignissim lacus. Aliquam rutrum lorem ac risus. Morbi metus. Vivamus euismod urna. Nullam lobortis quam a felis ullamcorper viverra. Maecenas iaculis aliquet diam. Sed diam lorem, auctor quis, tristique ac, eleifend vitae, erat. Vivamus nisi. Mauris nulla. Integer urna. Vivamus molestie dapibus ligula. Aliquam erat volutpat. Nulla dignissim." />
	<customer  id="49" name="Grady" password="WDM29TJL5OX" email="parturient.montes.nascetur@nonenimMauris.edu" company="Dui Cras Corp." address="P.O. Box 968, 4024 Feugiat Street" city="Sefro" postalCode="20886" country="Fiji" phone="(535) 179-1340" fax="(810) 519-8764" registerdate="2014-07-30 07:07:00" logindate="2013-09-06 08:09:26" comment="malesuada id, erat. Etiam vestibulum massa rutrum magna. Cras convallis convallis dolor. Quisque tincidunt pede ac urna. Ut tincidunt vehicula risus. Nulla eget metus eu erat semper rutrum. Fusce dolor quam, elementum at, egestas a, scelerisque sed, sapien. Nunc pulvinar arcu et pede. Nunc sed orci lobortis augue scelerisque mollis. Phasellus libero mauris, aliquam eu, accumsan sed, facilisis vitae, orci. Phasellus dapibus quam quis diam. Pellentesque habitant morbi tristique senectus et netus et malesuada fames ac turpis egestas. Fusce aliquet magna a neque. Nullam ut nisi a odio semper cursus. Integer mollis." />
	<customer  id="50" name="Colette" password="ETZ72JOU3FJ" email="In.at.pede@risusquisdiam.edu" company="Cursus LLP" address="P.O. Box 556, 1106 Nullam Road" city="South Dum Dum" postalCode="84053" country="Macao" phone="(770) 185-1279" fax="(641) 193-3154" registerdate="2014-04-30 02:04:14" logindate="2015-06-07 01:06:04" comment="lobortis quis, pede. Suspendisse dui. Fusce diam nunc, ullamcorper eu, euismod ac, fermentum vel, mauris. Integer sem elit, pharetra ut, pharetra sed, hendrerit a, arcu. Sed et libero. Proin mi. Aliquam gravida mauris ut mi. Duis risus odio, auctor vitae, aliquet nec, imperdiet nec, leo. Morbi neque tellus, imperdiet non, vestibulum nec, euismod in, dolor. Fusce feugiat. Lorem ipsum dolor sit amet, consectetuer adipiscing elit. Aliquam auctor, velit eget laoreet posuere, enim nisl elementum purus," />
	<customer  id="51" name="Yuri" password="NQM82IHC3LG" email="Aenean.eget@utipsum.ca" company="Morbi Vehicula Pellentesque Limited" address="P.O. Box 363, 3736 Lacinia Rd." city="Neunkirchen" postalCode="31100" country="Côte D'Ivoire (Ivory Coast)" phone="(925) 244-2561" fax="(136) 990-1815" registerdate="2014-07-17 04:07:03" logindate="2013-11-28 01:11:06" comment="litora torquent per conubia nostra, per inceptos hymenaeos. Mauris ut quam vel sapien imperdiet ornare. In faucibus. Morbi vehicula. Pellentesque tincidunt tempus risus. Donec egestas. Duis ac arcu. Nunc mauris. Morbi non sapien molestie orci tincidunt adipiscing. Mauris molestie pharetra nibh. Aliquam ornare, libero at auctor ullamcorper, nisl arcu iaculis enim, sit amet ornare lectus justo eu arcu. Morbi" />
	<customer  id="52" name="Naomi" password="IBF32UXQ4NU" email="semper.et.lacinia@magnaSed.ca" company="Non Dapibus Rutrum Industries" address="P.O. Box 381, 7428 Neque. Rd." city="Arendonk" postalCode="S85 7LW" country="Hungary" phone="(199) 326-4624" fax="(224) 965-7159" registerdate="2014-05-13 01:05:36" logindate="2014-02-10 05:02:42" comment="vel sapien imperdiet ornare. In faucibus. Morbi vehicula. Pellentesque tincidunt tempus risus. Donec egestas. Duis ac arcu. Nunc mauris. Morbi non sapien molestie orci tincidunt adipiscing. Mauris molestie pharetra nibh. Aliquam ornare, libero at auctor ullamcorper, nisl arcu iaculis enim, sit amet ornare lectus justo eu arcu. Morbi sit amet massa. Quisque porttitor eros nec tellus. Nunc lectus" />
	<customer  id="53" name="Regina" password="WQI11UNM4FB" email="dui@elementum.org" company="Duis Consulting" address="Ap #761-6215 Commodo Street" city="Baardegem" postalCode="2872AB" country="Reunion" phone="(177) 623-3130" fax="(380) 198-3625" registerdate="2014-08-27 04:08:58" logindate="2014-03-02 11:03:46" comment="nisl. Nulla eu neque pellentesque massa lobortis ultrices. Vivamus rhoncus. Donec est. Nunc ullamcorper, velit in aliquet lobortis, nisi nibh lacinia orci, consectetuer euismod est arcu ac orci. Ut semper pretium neque. Morbi quis urna. Nunc quis arcu vel quam dignissim pharetra. Nam ac nulla. In tincidunt congue turpis. In condimentum. Donec at arcu. Vestibulum ante ipsum primis in faucibus orci luctus et ultrices posuere cubilia Curae Donec tincidunt. Donec vitae erat vel pede blandit congue." />
	<customer  id="54" name="Hu" password="QPT44DQO7HX" email="dolor.egestas.rhoncus@venenatisvelfaucibus.net" company="Amet Risus Donec Industries" address="Ap #981-1164 Aliquam Av." city="Santa Flavia" postalCode="02438" country="South Africa" phone="(932) 929-5461" fax="(491) 540-7436" registerdate="2013-11-19 04:11:13" logindate="2015-02-19 01:02:26" comment="turpis. Aliquam adipiscing lobortis risus. In mi pede, nonummy ut, molestie in, tempus eu, ligula. Aenean euismod mauris eu elit. Nulla facilisi. Sed neque. Sed eget lacus. Mauris non dui nec urna suscipit nonummy. Fusce fermentum fermentum arcu. Vestibulum ante ipsum primis in faucibus orci luctus et ultrices posuere cubilia Curae Phasellus ornare. Fusce mollis. Duis sit amet diam eu dolor egestas rhoncus. Proin nisl sem," />
	<customer  id="55" name="Tamara" password="XQQ02YDD7RK" email="Donec@tempor.ca" company="Diam Limited" address="Ap #824-8842 Bibendum Road" city="Sannazzaro de' Burgondi" postalCode="6855" country="Dominica" phone="(801) 352-4375" fax="(159) 276-1685" registerdate="2013-10-23 05:10:32" logindate="2014-06-19 07:06:35" comment="lectus sit amet luctus vulputate, nisi sem semper erat, in consectetuer ipsum nunc id enim. Curabitur massa. Vestibulum accumsan neque et nunc. Quisque ornare tortor at risus. Nunc ac sem ut dolor dapibus gravida. Aliquam tincidunt, nunc ac mattis ornare, lectus ante dictum mi, ac mattis velit justo nec ante. Maecenas mi felis, adipiscing fringilla, porttitor" />
	<customer  id="56" name="Walker" password="ZYU98VNE2QF" email="magna@feugiat.co.uk" company="Eget Nisi Company" address="6303 A Av." city="Elbistan" postalCode="71116" country="Canada" phone="(314) 104-9850" fax="(117) 629-9845" registerdate="2014-10-18 04:10:25" logindate="2015-07-19 02:07:31" comment="ac, fermentum vel, mauris. Integer sem elit, pharetra ut, pharetra sed, hendrerit a, arcu. Sed et libero. Proin mi. Aliquam gravida mauris ut mi. Duis risus odio, auctor vitae, aliquet nec, imperdiet nec, leo. Morbi neque tellus, imperdiet non, vestibulum nec, euismod in, dolor. Fusce feugiat. Lorem ipsum dolor sit amet, consectetuer adipiscing elit. Aliquam auctor, velit eget" />
	<customer  id="57" name="Shelly" password="ZZZ79PEM4MP" email="Etiam.bibendum.fermentum@orciadipiscing.edu" company="Pharetra Nam Ac Industries" address="P.O. Box 124, 7114 Nunc Rd." city="Greater Sudbury" postalCode="OR92 0VX" country="Costa Rica" phone="(216) 839-8011" fax="(657) 140-9867" registerdate="2015-03-12 09:03:13" logindate="2015-03-25 12:03:06" comment="ligula. Aenean gravida nunc sed pede. Cum sociis natoque penatibus et magnis dis parturient montes, nascetur ridiculus mus. Proin vel arcu eu odio tristique pharetra. Quisque ac libero nec ligula consectetuer rhoncus. Nullam velit dui, semper et, lacinia vitae, sodales at, velit. Pellentesque ultricies dignissim lacus. Aliquam rutrum lorem ac risus. Morbi metus. Vivamus euismod urna. Nullam lobortis quam a felis ullamcorper viverra. Maecenas iaculis aliquet diam. Sed diam lorem, auctor quis, tristique" />
	<customer  id="58" name="Zelda" password="EUW09YOB5FM" email="Nullam.feugiat.placerat@id.net" company="Nullam Lobortis Associates" address="745-9893 Velit St." city="Eluru" postalCode="15962" country="Yemen" phone="(637) 654-9414" fax="(339) 328-7218" registerdate="2013-09-21 01:09:52" logindate="2014-01-18 07:01:36" comment="ac urna. Ut tincidunt vehicula risus. Nulla eget metus eu erat semper rutrum. Fusce dolor quam, elementum at, egestas a, scelerisque sed, sapien. Nunc pulvinar arcu et pede. Nunc sed orci lobortis augue scelerisque mollis. Phasellus libero mauris, aliquam eu, accumsan sed, facilisis vitae, orci. Phasellus dapibus quam quis diam. Pellentesque habitant morbi tristique senectus et netus et malesuada fames ac turpis egestas. Fusce aliquet magna a neque. Nullam" />
	<customer  id="59" name="Colette" password="KNX52AQD4PD" email="mattis.semper.dui@Proin.co.uk" company="Ut Company" address="P.O. Box 378, 2428 Cursus Ave" city="Wanaka" postalCode="9430" country="Monaco" phone="(673) 994-2961" fax="(302) 219-0486" registerdate="2014-04-15 12:04:50" logindate="2013-09-10 01:09:51" comment="Sed eu nibh vulputate mauris sagittis placerat. Cras dictum ultricies ligula. Nullam enim. Sed nulla ante, iaculis nec, eleifend non, dapibus rutrum, justo. Praesent luctus. Curabitur egestas nunc sed libero. Proin sed turpis nec mauris blandit mattis. Cras eget nisi dictum augue malesuada malesuada. Integer id magna et ipsum cursus vestibulum. Mauris magna. Duis dignissim tempor arcu. Vestibulum" />
	<customer  id="60" name="Murphy" password="SPS06JWM8HB" email="id.nunc.interdum@ametmassa.co.uk" company="Sagittis Lobortis Mauris Consulting" address="2252 Mollis Rd." city="Bursa" postalCode="77656" country="Slovakia" phone="(928) 870-2200" fax="(787) 333-2571" registerdate="2013-09-12 02:09:41" logindate="2013-12-27 08:12:50" comment="id nunc interdum feugiat. Sed nec metus facilisis lorem tristique aliquet. Phasellus fermentum convallis ligula. Donec luctus aliquet odio. Etiam ligula tortor, dictum eu, placerat eget, venenatis a, magna. Lorem ipsum dolor sit amet, consectetuer adipiscing elit. Etiam laoreet, libero et tristique pellentesque, tellus sem mollis dui, in sodales elit erat vitae risus. Duis a mi fringilla mi lacinia mattis. Integer eu lacus. Quisque imperdiet, erat nonummy ultricies ornare, elit elit fermentum risus, at" />
	<customer  id="61" name="Rina" password="XKD87SIC3XT" email="risus.odio@urnaNuncquis.com" company="Tincidunt Aliquam Industries" address="692-2202 Aliquam Avenue" city="Okara" postalCode="CF36 7YK" country="Guyana" phone="(986) 326-2943" fax="(649) 763-1220" registerdate="2014-08-13 09:08:00" logindate="2015-07-11 09:07:24" comment="tincidunt nibh. Phasellus nulla. Integer vulputate, risus a ultricies adipiscing, enim mi tempor lorem, eget mollis lectus pede et risus. Quisque libero lacus, varius et, euismod et, commodo at, libero. Morbi accumsan laoreet ipsum. Curabitur consequat, lectus sit amet luctus vulputate, nisi sem semper erat, in consectetuer ipsum nunc id enim. Curabitur massa. Vestibulum accumsan neque et nunc. Quisque ornare tortor at risus. Nunc ac sem ut dolor dapibus gravida. Aliquam tincidunt, nunc ac mattis ornare, lectus ante dictum mi, ac mattis velit justo nec ante. Maecenas mi felis, adipiscing fringilla, porttitor vulputate, posuere vulputate, lacus. Cras interdum." />
	<customer  id="62" name="Jenna" password="TXZ70MDG5FR" email="congue.turpis@imperdietullamcorper.co.uk" company="Justo Consulting" address="758-7055 Ac Road" city="Schagen" postalCode="2895YA" country="Ecuador" phone="(120) 947-7233" fax="(882) 142-0638" registerdate="2014-10-19 01:10:19" logindate="2013-09-20 02:09:41" comment="Aenean euismod mauris eu elit. Nulla facilisi. Sed neque. Sed eget lacus. Mauris non dui nec urna suscipit nonummy. Fusce fermentum fermentum arcu. Vestibulum ante ipsum primis in faucibus orci luctus et ultrices posuere cubilia Curae Phasellus ornare. Fusce mollis. Duis sit amet diam eu dolor egestas rhoncus. Proin nisl sem, consequat nec, mollis vitae," />
	<customer  id="63" name="Odette" password="IAB54QGA6RX" email="malesuada.vel.convallis@luctus.ca" company="Curabitur Foundation" address="6293 Leo. Rd." city="Ficarolo" postalCode="615727" country="Nigeria" phone="(599) 241-3540" fax="(417) 125-0039" registerdate="2015-01-24 06:01:13" logindate="2013-09-14 07:09:39" comment="semper rutrum. Fusce dolor quam, elementum at, egestas a, scelerisque sed, sapien. Nunc pulvinar arcu et pede. Nunc sed orci lobortis augue scelerisque mollis. Phasellus libero mauris, aliquam eu, accumsan sed, facilisis vitae, orci. Phasellus dapibus quam quis diam. Pellentesque habitant morbi tristique senectus et netus et malesuada fames ac turpis egestas. Fusce aliquet magna a neque. Nullam ut nisi a odio semper" />
	<customer  id="64" name="Nadine" password="AXG72LEA0GP" email="ullamcorper@aliquetliberoInteger.net" company="Imperdiet Nec Leo Institute" address="Ap #404-8979 Cubilia St." city="Latinne" postalCode="2209" country="British Indian Ocean Territory" phone="(918) 664-5375" fax="(691) 356-7891" registerdate="2013-09-21 12:09:33" logindate="2014-08-13 10:08:06" comment="nec urna suscipit nonummy. Fusce fermentum fermentum arcu. Vestibulum ante ipsum primis in faucibus orci luctus et ultrices posuere cubilia Curae Phasellus ornare. Fusce mollis. Duis sit amet diam eu dolor egestas rhoncus. Proin nisl sem, consequat nec, mollis vitae, posuere at, velit. Cras lorem lorem, luctus ut, pellentesque eget, dictum placerat, augue. Sed molestie. Sed id risus quis diam luctus lobortis. Class aptent taciti sociosqu ad litora torquent per conubia nostra, per inceptos hymenaeos. Mauris ut" />
	<customer  id="65" name="Hadley" password="XKZ46DZY3GS" email="feugiat.Sed@utquamvel.net" company="Consectetuer Cursus Et Industries" address="P.O. Box 859, 9052 Libero Avenue" city="Maidenhead" postalCode="46666" country="Romania" phone="(130) 967-9962" fax="(562) 581-0934" registerdate="2014-12-15 06:12:32" logindate="2015-06-02 07:06:34" comment="sed, facilisis vitae, orci. Phasellus dapibus quam quis diam. Pellentesque habitant morbi tristique senectus et netus et malesuada fames ac turpis egestas. Fusce aliquet magna a neque. Nullam ut nisi a odio semper cursus. Integer mollis. Integer tincidunt aliquam arcu. Aliquam ultrices iaculis odio. Nam interdum enim non nisi. Aenean eget metus. In nec orci. Donec nibh. Quisque nonummy" />
	<customer  id="66" name="Deanna" password="JFW43OGR3FZ" email="Curabitur@consequatenimdiam.edu" company="Purus Ac Tellus LLC" address="P.O. Box 346, 5828 Accumsan Ave" city="Borgo Valsugana" postalCode="R9A 9V3" country="Congo, the Democratic Republic of the" phone="(223) 771-6429" fax="(739) 111-7511" registerdate="2014-12-13 06:12:25" logindate="2015-01-12 06:01:49" comment="ante. Vivamus non lorem vitae odio sagittis semper. Nam tempor diam dictum sapien. Aenean massa. Integer vitae nibh. Donec est mauris, rhoncus id, mollis nec, cursus a, enim. Suspendisse aliquet, sem ut cursus luctus, ipsum leo elementum sem, vitae aliquam eros turpis non enim. Mauris quis turpis vitae purus gravida sagittis. Duis gravida. Praesent eu nulla at sem molestie sodales. Mauris blandit enim consequat purus. Maecenas libero est, congue a, aliquet vel, vulputate eu, odio. Phasellus at augue id ante dictum cursus." />
	<customer  id="67" name="Noble" password="CGN69GWS2YC" email="iaculis.quis@mauris.edu" company="Cursus Inc." address="Ap #664-6472 Massa Rd." city="King's Lynn" postalCode="4258VW" country="Brunei" phone="(490) 657-2467" fax="(166) 784-1841" registerdate="2013-09-12 08:09:25" logindate="2015-03-09 08:03:55" comment="neque. In ornare sagittis felis. Donec tempor, est ac mattis semper, dui lectus rutrum urna, nec luctus felis purus ac tellus. Suspendisse sed dolor. Fusce mi lorem, vehicula et, rutrum eu, ultrices sit amet, risus. Donec nibh enim, gravida sit amet, dapibus id, blandit at, nisi. Cum sociis natoque penatibus et magnis dis parturient montes, nascetur ridiculus mus. Proin vel nisl. Quisque fringilla euismod enim. Etiam gravida molestie arcu. Sed" />
	<customer  id="68" name="Morgan" password="RVS21CVI1TH" email="nibh.vulputate@etliberoProin.com" company="Vehicula LLC" address="Ap #525-8851 At Av." city="Barra do Corda" postalCode="569901" country="Vanuatu" phone="(478) 310-1537" fax="(915) 647-7260" registerdate="2015-08-04 11:08:47" logindate="2014-09-29 03:09:20" comment="luctus et ultrices posuere cubilia Curae Donec tincidunt. Donec vitae erat vel pede blandit congue. In scelerisque scelerisque dui. Suspendisse ac metus vitae velit egestas lacinia. Sed congue, elit sed consequat auctor, nunc nulla vulputate dui, nec tempus mauris erat eget ipsum. Suspendisse sagittis. Nullam vitae diam. Proin dolor. Nulla semper tellus" />
	<customer  id="69" name="Jane" password="WZF29OSV4LI" email="erat.vitae@arcuac.ca" company="Ac Sem Ut PC" address="Ap #935-9423 Consectetuer Rd." city="Daussoulx" postalCode="05-339" country="Virgin Islands, British" phone="(661) 197-1330" fax="(163) 177-4230" registerdate="2014-03-02 04:03:15" logindate="2015-08-12 03:08:50" comment="eget magna. Suspendisse tristique neque venenatis lacus. Etiam bibendum fermentum metus. Aenean sed pede nec ante blandit viverra. Donec tempus, lorem fringilla ornare placerat, orci lacus vestibulum lorem, sit amet ultricies sem magna nec quam. Curabitur vel lectus. Cum sociis natoque penatibus et magnis dis parturient montes, nascetur ridiculus mus. Donec dignissim magna a tortor. Nunc commodo auctor velit. Aliquam nisl. Nulla eu neque pellentesque massa lobortis ultrices. Vivamus rhoncus. Donec est. Nunc ullamcorper, velit in aliquet" />
	<customer  id="70" name="Abbot" password="JBC65EER6QZ" email="pharetra.Nam.ac@lectusrutrum.co.uk" company="Urna Corp." address="7323 Tincidunt Ave" city="Filot" postalCode="3306" country="Swaziland" phone="(600) 418-5194" fax="(341) 547-2136" registerdate="2014-01-09 08:01:22" logindate="2014-08-05 07:08:49" comment="lobortis mauris. Suspendisse aliquet molestie tellus. Aenean egestas hendrerit neque. In ornare sagittis felis. Donec tempor, est ac mattis semper, dui lectus rutrum urna, nec luctus felis purus ac tellus. Suspendisse sed dolor. Fusce mi lorem, vehicula et, rutrum eu, ultrices sit amet, risus. Donec nibh enim, gravida sit amet, dapibus id, blandit at, nisi. Cum sociis natoque penatibus et magnis dis parturient montes, nascetur ridiculus mus. Proin vel nisl. Quisque fringilla euismod enim." />
	<customer  id="71" name="Alfreda" password="EUQ27FBV1WJ" email="vulputate.risus.a@eueros.co.uk" company="Id Ante Dictum Corp." address="6597 Placerat. Av." city="Oberhausen" postalCode="989010" country="Guam" phone="(756) 155-4496" fax="(565) 371-4475" registerdate="2013-10-06 09:10:42" logindate="2014-08-10 12:08:19" comment="sem mollis dui, in sodales elit erat vitae risus. Duis a mi fringilla mi lacinia mattis. Integer eu lacus. Quisque imperdiet, erat nonummy ultricies ornare, elit elit fermentum risus, at fringilla purus mauris a nunc. In at pede. Cras vulputate velit eu sem. Pellentesque ut ipsum ac mi eleifend egestas. Sed pharetra, felis eget varius ultrices, mauris ipsum porta elit, a feugiat tellus lorem eu metus. In lorem. Donec elementum, lorem ut aliquam iaculis, lacus pede sagittis augue, eu tempor erat neque non quam. Pellentesque habitant morbi tristique senectus et" />
	<customer  id="72" name="Uma" password="DWU27IWN3KI" email="cursus.diam.at@interdumSedauctor.org" company="Lorem Fringilla Ornare Inc." address="2575 Auctor Ave" city="Introd" postalCode="1720QH" country="Papua New Guinea" phone="(163) 762-5322" fax="(133) 197-4753" registerdate="2014-02-24 12:02:43" logindate="2014-03-25 12:03:04" comment="lectus sit amet luctus vulputate, nisi sem semper erat, in consectetuer ipsum nunc id enim. Curabitur massa. Vestibulum accumsan neque et nunc. Quisque ornare tortor at risus. Nunc ac sem ut dolor dapibus gravida. Aliquam tincidunt, nunc ac mattis ornare, lectus ante dictum mi, ac mattis velit justo nec ante. Maecenas mi felis, adipiscing fringilla, porttitor vulputate, posuere" />
	<customer  id="73" name="Cherokee" password="VMV54NST2NV" email="vitae.diam.Proin@mienimcondimentum.edu" company="Velit Sed Malesuada PC" address="972-6133 Leo. St." city="Londrina" postalCode="33143" country="Slovenia" phone="(323) 382-2226" fax="(962) 127-2442" registerdate="2015-06-04 01:06:15" logindate="2014-07-06 03:07:44" comment="luctus sit amet, faucibus ut, nulla. Cras eu tellus eu augue porttitor interdum. Sed auctor odio a purus. Duis elementum, dui quis accumsan convallis, ante lectus convallis est, vitae sodales nisi magna sed dui. Fusce aliquam, enim nec tempus scelerisque, lorem ipsum sodales purus, in molestie tortor nibh sit amet orci. Ut sagittis lobortis mauris. Suspendisse aliquet molestie tellus. Aenean egestas hendrerit neque." />
	<customer  id="74" name="Wesley" password="XIT20VSI8ZW" email="purus.in@Donecsollicitudin.org" company="Dis Parturient Montes Incorporated" address="P.O. Box 830, 1894 Non Av." city="Castelvecchio Calvisio" postalCode="6976" country="Malaysia" phone="(385) 539-5159" fax="(838) 353-4503" registerdate="2015-03-06 09:03:14" logindate="2013-11-10 11:11:34" comment="Mauris non dui nec urna suscipit nonummy. Fusce fermentum fermentum arcu. Vestibulum ante ipsum primis in faucibus orci luctus et ultrices posuere cubilia Curae Phasellus ornare. Fusce mollis. Duis sit amet diam eu dolor egestas rhoncus. Proin nisl sem, consequat nec, mollis vitae, posuere at, velit. Cras lorem lorem, luctus ut, pellentesque eget, dictum placerat, augue. Sed molestie. Sed id risus quis diam luctus lobortis. Class aptent taciti sociosqu ad litora torquent per conubia nostra, per inceptos hymenaeos. Mauris ut quam vel sapien imperdiet ornare. In faucibus. Morbi vehicula. Pellentesque tincidunt tempus risus. Donec egestas. Duis" />
	<customer  id="75" name="Aurora" password="WHB38CQO1ZI" email="turpis.Nulla@necquam.com" company="Mauris Foundation" address="6058 Sapien. Street" city="Wijshagen" postalCode="716514" country="Faroe Islands" phone="(902) 814-3996" fax="(461) 395-7192" registerdate="2013-11-21 05:11:20" logindate="2014-10-17 11:10:51" comment="nascetur ridiculus mus. Proin vel nisl. Quisque fringilla euismod enim. Etiam gravida molestie arcu. Sed eu nibh vulputate mauris sagittis placerat. Cras dictum ultricies ligula. Nullam enim. Sed nulla ante, iaculis nec, eleifend non, dapibus rutrum, justo. Praesent luctus. Curabitur egestas nunc sed libero. Proin sed turpis nec mauris blandit mattis. Cras eget nisi dictum augue malesuada malesuada. Integer id magna et ipsum cursus vestibulum. Mauris magna. Duis dignissim tempor arcu. Vestibulum ut eros non enim commodo hendrerit. Donec porttitor tellus non magna. Nam ligula" />
	<customer  id="76" name="Chandler" password="AKL95BQJ3IV" email="nulla.magna.malesuada@magnaSuspendissetristique.com" company="Tincidunt Foundation" address="4155 Nunc Ave" city="Calco" postalCode="47831" country="Netherlands" phone="(800) 828-1323" fax="(783) 524-8383" registerdate="2014-04-12 02:04:34" logindate="2014-01-13 01:01:54" comment="Donec sollicitudin adipiscing ligula. Aenean gravida nunc sed pede. Cum sociis natoque penatibus et magnis dis parturient montes, nascetur ridiculus mus. Proin vel arcu eu odio tristique pharetra. Quisque ac libero nec ligula consectetuer rhoncus. Nullam velit dui, semper et, lacinia vitae, sodales at, velit. Pellentesque ultricies dignissim lacus. Aliquam rutrum lorem ac risus. Morbi metus. Vivamus euismod urna. Nullam lobortis quam a felis ullamcorper viverra. Maecenas iaculis aliquet diam. Sed diam lorem, auctor quis, tristique ac, eleifend vitae, erat. Vivamus nisi. Mauris nulla. Integer urna. Vivamus molestie dapibus ligula. Aliquam erat volutpat. Nulla" />
	<customer  id="77" name="Macey" password="KPR01YMA4IZ" email="non.feugiat@Suspendisse.com" company="Erat Eget Tincidunt LLC" address="8401 Bibendum. Rd." city="Kasteelbrakel" postalCode="35131" country="Pitcairn Islands" phone="(261) 986-2319" fax="(407) 644-5817" registerdate="2015-06-27 02:06:30" logindate="2014-12-04 03:12:15" comment="risus. Donec egestas. Duis ac arcu. Nunc mauris. Morbi non sapien molestie orci tincidunt adipiscing. Mauris molestie pharetra nibh. Aliquam ornare, libero at auctor ullamcorper, nisl arcu iaculis enim, sit amet ornare lectus justo eu arcu. Morbi sit amet massa. Quisque porttitor eros nec tellus. Nunc lectus pede, ultrices a, auctor non, feugiat nec, diam. Duis mi" />
	<customer  id="78" name="Sloane" password="THW00OZK2II" email="Sed.nunc@egetmassa.co.uk" company="Nulla Ante Iaculis Consulting" address="P.O. Box 680, 9983 Fringilla Road" city="Rewa" postalCode="3502SK" country="Kuwait" phone="(792) 637-2262" fax="(271) 940-1372" registerdate="2015-04-21 10:04:47" logindate="2015-02-07 03:02:10" comment="odio tristique pharetra. Quisque ac libero nec ligula consectetuer rhoncus. Nullam velit dui, semper et, lacinia vitae, sodales at, velit. Pellentesque ultricies dignissim lacus. Aliquam rutrum lorem ac risus. Morbi metus. Vivamus euismod urna. Nullam lobortis quam a felis ullamcorper viverra. Maecenas iaculis aliquet diam. Sed diam lorem, auctor quis, tristique ac, eleifend vitae, erat. Vivamus nisi. Mauris nulla. Integer urna. Vivamus molestie dapibus ligula. Aliquam erat volutpat. Nulla dignissim. Maecenas ornare egestas ligula. Nullam feugiat placerat velit. Quisque varius. Nam porttitor scelerisque neque. Nullam nisl. Maecenas malesuada fringilla est. Mauris eu turpis. Nulla aliquet. Proin velit. Sed malesuada" />
	<customer  id="79" name="Juliet" password="FGH61JSQ1WX" email="quam.a@erosturpisnon.co.uk" company="Bibendum Fermentum Associates" address="248-6600 Libero Avenue" city="Vannes" postalCode="09866" country="Sri Lanka" phone="(167) 165-1551" fax="(222) 345-5104" registerdate="2015-05-09 11:05:02" logindate="2015-06-17 05:06:32" comment="sit amet massa. Quisque porttitor eros nec tellus. Nunc lectus pede, ultrices a, auctor non, feugiat nec, diam. Duis mi enim, condimentum eget, volutpat ornare, facilisis eget, ipsum. Donec sollicitudin adipiscing ligula. Aenean gravida nunc sed pede. Cum sociis natoque penatibus et magnis dis parturient montes, nascetur ridiculus mus. Proin vel arcu eu odio tristique pharetra. Quisque ac libero nec ligula consectetuer rhoncus. Nullam velit dui, semper et, lacinia vitae, sodales at, velit. Pellentesque ultricies dignissim" />
	<customer  id="80" name="Keaton" password="DJZ24QVW0BH" email="Donec.feugiat@aliquetsem.net" company="Quisque Ltd" address="Ap #158-3728 Nibh. Av." city="San Giuliano di Puglia" postalCode="21507" country="Côte D'Ivoire (Ivory Coast)" phone="(772) 106-8857" fax="(402) 464-8093" registerdate="2014-10-13 05:10:57" logindate="2015-01-24 02:01:53" comment="mollis. Duis sit amet diam eu dolor egestas rhoncus. Proin nisl sem, consequat nec, mollis vitae, posuere at, velit. Cras lorem lorem, luctus ut, pellentesque eget, dictum placerat, augue. Sed molestie. Sed id risus quis diam luctus lobortis. Class aptent taciti sociosqu ad litora torquent per conubia nostra, per inceptos hymenaeos. Mauris ut quam vel sapien imperdiet ornare." />
	<customer  id="81" name="Abel" password="UGU86PML7DB" email="nisl@sociisnatoque.ca" company="Tristique Neque Venenatis Inc." address="912-2816 Mauris Av." city="Temploux" postalCode="1514" country="Kazakhstan" phone="(676) 595-8536" fax="(828) 536-5394" registerdate="2014-04-28 02:04:26" logindate="2015-02-22 03:02:59" comment="ut, sem. Nulla interdum. Curabitur dictum. Phasellus in felis. Nulla tempor augue ac ipsum. Phasellus vitae mauris sit amet lorem semper auctor. Mauris vel turpis. Aliquam adipiscing lobortis risus. In mi pede, nonummy ut, molestie in, tempus eu, ligula. Aenean euismod mauris eu elit. Nulla facilisi. Sed neque. Sed eget lacus. Mauris non dui nec urna suscipit nonummy. Fusce fermentum fermentum arcu. Vestibulum" />
	<customer  id="82" name="Nadine" password="VFM87KDY1XF" email="mattis.Cras.eget@lectus.edu" company="Amet Institute" address="Ap #471-9050 Morbi Rd." city="Vitrival" postalCode="BC2 0ZE" country="Cayman Islands" phone="(627) 957-0925" fax="(915) 707-5254" registerdate="2015-06-25 02:06:19" logindate="2015-05-24 06:05:17" comment="lectus justo eu arcu. Morbi sit amet massa. Quisque porttitor eros nec tellus. Nunc lectus pede, ultrices a, auctor non, feugiat nec, diam. Duis mi enim, condimentum eget, volutpat ornare, facilisis eget, ipsum. Donec sollicitudin adipiscing ligula. Aenean gravida nunc sed pede. Cum sociis natoque penatibus et magnis dis parturient montes, nascetur ridiculus mus. Proin vel arcu eu odio tristique pharetra. Quisque ac libero nec ligula consectetuer rhoncus. Nullam velit dui, semper et, lacinia vitae, sodales at, velit. Pellentesque ultricies dignissim lacus. Aliquam rutrum lorem ac risus. Morbi metus. Vivamus euismod urna. Nullam lobortis quam a" />
	<customer  id="83" name="Kathleen" password="IVP18AZK7EX" email="sit@atortor.ca" company="Egestas Hendrerit Neque Corp." address="851-8535 In Road" city="San Marcello Pistoiese" postalCode="7772BZ" country="Slovakia" phone="(895) 145-2844" fax="(287) 755-0786" registerdate="2014-01-07 07:01:49" logindate="2014-09-13 01:09:23" comment="tempus mauris erat eget ipsum. Suspendisse sagittis. Nullam vitae diam. Proin dolor. Nulla semper tellus id nunc interdum feugiat. Sed nec metus facilisis lorem tristique aliquet. Phasellus fermentum convallis ligula. Donec luctus aliquet odio. Etiam ligula tortor, dictum eu, placerat eget, venenatis a, magna. Lorem ipsum dolor sit amet, consectetuer adipiscing elit. Etiam laoreet, libero et tristique pellentesque, tellus sem mollis dui, in sodales elit erat vitae risus. Duis a mi fringilla mi lacinia mattis. Integer eu lacus. Quisque imperdiet, erat nonummy ultricies ornare, elit elit" />
	<customer  id="84" name="Justine" password="GLT09NIA4UN" email="eu.enim@semmagnanec.ca" company="Pretium LLC" address="P.O. Box 364, 188 Vitae Street" city="Wiesbaden" postalCode="YM57 1PQ" country="Liechtenstein" phone="(724) 198-4815" fax="(701) 366-5944" registerdate="2013-08-28 02:08:09" logindate="2013-11-17 07:11:13" comment="ligula. Nullam feugiat placerat velit. Quisque varius. Nam porttitor scelerisque neque. Nullam nisl. Maecenas malesuada fringilla est. Mauris eu turpis. Nulla aliquet. Proin velit. Sed malesuada augue ut lacus. Nulla tincidunt, neque vitae semper egestas, urna justo faucibus lectus, a sollicitudin orci sem eget massa. Suspendisse eleifend. Cras sed leo. Cras vehicula aliquet libero." />
	<customer  id="85" name="Ferris" password="MBT44VRJ9HK" email="nulla.at@nequeMorbiquis.edu" company="Sem Consulting" address="5738 Sem St." city="Montebello sul Sangro" postalCode="0553" country="Kazakhstan" phone="(590) 292-4660" fax="(264) 637-5938" registerdate="2014-01-06 09:01:38" logindate="2015-03-21 04:03:36" comment="Vestibulum ante ipsum primis in faucibus orci luctus et ultrices posuere cubilia Curae Phasellus ornare. Fusce mollis. Duis sit amet diam eu dolor egestas rhoncus. Proin nisl sem, consequat nec, mollis vitae, posuere at, velit. Cras lorem lorem, luctus ut, pellentesque eget, dictum placerat, augue. Sed molestie. Sed id risus quis diam luctus lobortis. Class aptent taciti sociosqu ad litora torquent per conubia nostra, per inceptos hymenaeos. Mauris ut quam vel sapien imperdiet ornare. In faucibus. Morbi vehicula. Pellentesque tincidunt tempus risus. Donec egestas. Duis ac arcu. Nunc" />
	<customer  id="86" name="Zahir" password="FJR12JFA4KL" email="vitae.erat@tinciduntnunc.org" company="Egestas Nunc Sed Limited" address="985-7069 Quis Street" city="Scorrano" postalCode="328215" country="New Caledonia" phone="(708) 489-0882" fax="(254) 505-8131" registerdate="2015-07-26 06:07:18" logindate="2015-08-18 03:08:14" comment="mollis. Phasellus libero mauris, aliquam eu, accumsan sed, facilisis vitae, orci. Phasellus dapibus quam quis diam. Pellentesque habitant morbi tristique senectus et netus et malesuada fames ac turpis egestas. Fusce aliquet magna a neque. Nullam ut nisi a odio semper cursus. Integer mollis. Integer tincidunt aliquam arcu. Aliquam ultrices iaculis odio. Nam interdum enim" />
	<customer  id="87" name="Dora" password="YGP16KRU5UV" email="dictum@malesuadaaugueut.ca" company="Vitae Posuere At Institute" address="Ap #164-4603 Semper Road" city="Mosciano Sant'Angelo" postalCode="75287" country="Northern Mariana Islands" phone="(773) 953-1345" fax="(727) 804-7423" registerdate="2014-03-10 12:03:05" logindate="2013-11-24 03:11:49" comment="rutrum lorem ac risus. Morbi metus. Vivamus euismod urna. Nullam lobortis quam a felis ullamcorper viverra. Maecenas iaculis aliquet diam. Sed diam lorem, auctor quis, tristique ac, eleifend vitae, erat. Vivamus nisi. Mauris nulla. Integer urna. Vivamus molestie dapibus ligula. Aliquam erat volutpat. Nulla dignissim. Maecenas ornare egestas ligula. Nullam feugiat placerat velit. Quisque varius. Nam porttitor scelerisque neque. Nullam nisl. Maecenas malesuada fringilla est. Mauris" />
	<customer  id="88" name="Ann" password="LSL52WSK9AP" email="quis.accumsan.convallis@lobortisauguescelerisque.edu" company="Quis PC" address="Ap #715-9345 Ut St." city="Vöcklabruck" postalCode="1891" country="Marshall Islands" phone="(521) 504-3690" fax="(619) 740-7631" registerdate="2013-12-02 02:12:10" logindate="2014-04-26 05:04:38" comment="semper pretium neque. Morbi quis urna. Nunc quis arcu vel quam dignissim pharetra. Nam ac nulla. In tincidunt congue turpis. In condimentum. Donec at arcu. Vestibulum ante ipsum primis in faucibus orci luctus et ultrices posuere cubilia Curae Donec tincidunt. Donec vitae erat vel pede blandit congue. In scelerisque scelerisque dui. Suspendisse ac metus vitae velit egestas lacinia. Sed congue, elit sed consequat auctor, nunc nulla vulputate dui, nec tempus mauris erat eget ipsum. Suspendisse sagittis. Nullam vitae diam. Proin dolor. Nulla semper tellus id nunc interdum" />
	<customer  id="89" name="Ariel" password="AFY48GCX9KF" email="nec.eleifend@orcilacusvestibulum.co.uk" company="Volutpat Nunc Foundation" address="Ap #286-6622 Integer Street" city="Wood Buffalo" postalCode="23472" country="Luxembourg" phone="(987) 209-7662" fax="(678) 322-6367" registerdate="2014-01-26 10:01:41" logindate="2014-05-15 02:05:25" comment="augue, eu tempor erat neque non quam. Pellentesque habitant morbi tristique senectus et netus et malesuada fames ac turpis egestas. Aliquam fringilla cursus purus. Nullam scelerisque neque sed sem egestas blandit. Nam nulla magna, malesuada vel, convallis in, cursus et, eros. Proin ultrices. Duis volutpat nunc sit amet metus. Aliquam erat volutpat. Nulla facilisis. Suspendisse commodo tincidunt nibh. Phasellus nulla. Integer vulputate," />
	<customer  id="90" name="Wayne" password="EJA40SIC6HO" email="nibh.lacinia.orci@eutempor.ca" company="Est Corporation" address="8878 Massa Street" city="Wörgl" postalCode="83691-088" country="United Arab Emirates" phone="(860) 945-4497" fax="(663) 426-0372" registerdate="2014-06-30 07:06:41" logindate="2014-12-15 07:12:33" comment="Donec elementum, lorem ut aliquam iaculis, lacus pede sagittis augue, eu tempor erat neque non quam. Pellentesque habitant morbi tristique senectus et netus et malesuada fames ac turpis egestas. Aliquam fringilla cursus purus. Nullam scelerisque neque sed sem egestas blandit. Nam nulla magna, malesuada vel, convallis in, cursus et, eros. Proin ultrices. Duis volutpat nunc sit" />
	<customer  id="91" name="Prescott" password="IWH38PIC7UI" email="dignissim.Maecenas@vulputate.co.uk" company="Volutpat Nunc Sit LLC" address="102-380 Massa Rd." city="Calmar" postalCode="52852-861" country="Somalia" phone="(811) 282-3269" fax="(528) 663-5405" registerdate="2014-03-06 03:03:40" logindate="2013-10-09 02:10:06" comment="ut, molestie in, tempus eu, ligula. Aenean euismod mauris eu elit. Nulla facilisi. Sed neque. Sed eget lacus. Mauris non dui nec urna suscipit nonummy. Fusce fermentum fermentum arcu. Vestibulum ante ipsum primis in faucibus orci luctus et ultrices posuere cubilia Curae Phasellus ornare. Fusce mollis. Duis sit amet diam eu dolor egestas rhoncus. Proin nisl sem, consequat nec, mollis vitae, posuere at, velit. Cras lorem lorem, luctus ut, pellentesque eget," />
	<customer  id="92" name="Brennan" password="RDP77NEH2OP" email="mollis.dui@Vestibulumante.edu" company="Gravida Nunc Corp." address="Ap #116-2382 Tristique Av." city="Thorn" postalCode="714082" country="Isle of Man" phone="(642) 681-1283" fax="(142) 165-3309" registerdate="2015-06-17 11:06:17" logindate="2013-09-23 12:09:08" comment="vitae diam. Proin dolor. Nulla semper tellus id nunc interdum feugiat. Sed nec metus facilisis lorem tristique aliquet. Phasellus fermentum convallis ligula. Donec luctus aliquet odio. Etiam ligula tortor, dictum eu, placerat eget, venenatis a, magna. Lorem ipsum dolor sit amet, consectetuer adipiscing elit. Etiam laoreet, libero et tristique pellentesque, tellus sem mollis dui, in sodales elit erat vitae risus. Duis a mi fringilla mi lacinia mattis. Integer eu lacus. Quisque imperdiet, erat nonummy ultricies" />
	<customer  id="93" name="Willow" password="ILS30XWJ5AA" email="Curae.Phasellus.ornare@tinciduntvehicularisus.edu" company="Aliquam Gravida Inc." address="162-2665 Nunc St." city="Newquay" postalCode="09-601" country="Hong Kong" phone="(855) 253-5829" fax="(904) 510-8469" registerdate="2014-10-10 09:10:37" logindate="2013-10-29 11:10:54" comment="parturient montes, nascetur ridiculus mus. Donec dignissim magna a tortor. Nunc commodo auctor velit. Aliquam nisl. Nulla eu neque pellentesque massa lobortis ultrices. Vivamus rhoncus. Donec est. Nunc ullamcorper, velit in aliquet lobortis, nisi nibh lacinia orci, consectetuer euismod est arcu ac orci. Ut semper pretium neque. Morbi quis urna. Nunc quis arcu vel quam dignissim pharetra. Nam ac nulla. In tincidunt congue turpis. In condimentum. Donec at arcu." />
	<customer  id="94" name="Zelda" password="ACZ22MYE5TY" email="sed.pede@laoreetlectusquis.net" company="Interdum Enim Non Ltd" address="9957 Tellus Rd." city="Beawar" postalCode="520596" country="Belize" phone="(120) 799-7733" fax="(133) 332-8099" registerdate="2014-06-18 02:06:56" logindate="2014-11-25 04:11:25" comment="sollicitudin commodo ipsum. Suspendisse non leo. Vivamus nibh dolor, nonummy ac, feugiat non, lobortis quis, pede. Suspendisse dui. Fusce diam nunc, ullamcorper eu, euismod ac, fermentum vel, mauris. Integer sem elit, pharetra ut, pharetra sed, hendrerit a, arcu. Sed et libero. Proin mi. Aliquam gravida mauris ut mi. Duis risus odio, auctor vitae, aliquet nec, imperdiet nec, leo. Morbi neque tellus, imperdiet non, vestibulum nec, euismod in, dolor. Fusce feugiat. Lorem ipsum dolor sit amet, consectetuer adipiscing elit. Aliquam" />
	<customer  id="95" name="Aristotle" password="JOS85FWF2TS" email="vestibulum@adipiscinglobortisrisus.edu" company="Duis LLP" address="5425 In St." city="Mespelare" postalCode="36-866" country="Namibia" phone="(940) 806-1467" fax="(578) 123-3045" registerdate="2014-09-02 08:09:31" logindate="2014-04-28 03:04:21" comment="diam vel arcu. Curabitur ut odio vel est tempor bibendum. Donec felis orci, adipiscing non, luctus sit amet, faucibus ut, nulla. Cras eu tellus eu augue porttitor interdum. Sed auctor odio a purus. Duis elementum, dui quis accumsan convallis, ante lectus convallis est, vitae sodales nisi magna sed dui. Fusce aliquam, enim nec tempus scelerisque, lorem ipsum sodales purus, in molestie tortor nibh sit amet orci. Ut sagittis lobortis mauris. Suspendisse aliquet molestie tellus." />
	<customer  id="96" name="Jana" password="PZU53JKI9ZD" email="vestibulum@enim.net" company="Faucibus Morbi Vehicula Incorporated" address="Ap #635-8400 Mauris St." city="Armidale" postalCode="0736KR" country="Armenia" phone="(616) 150-1644" fax="(596) 651-6149" registerdate="2014-02-25 05:02:24" logindate="2014-10-29 08:10:02" comment="eget mollis lectus pede et risus. Quisque libero lacus, varius et, euismod et, commodo at, libero. Morbi accumsan laoreet ipsum. Curabitur consequat, lectus sit amet luctus vulputate, nisi sem semper erat, in consectetuer ipsum nunc id enim. Curabitur massa. Vestibulum accumsan neque et nunc. Quisque ornare tortor at risus. Nunc ac sem ut dolor dapibus gravida. Aliquam tincidunt, nunc ac mattis ornare, lectus ante dictum mi, ac mattis velit justo nec ante. Maecenas mi felis, adipiscing fringilla, porttitor vulputate, posuere vulputate, lacus. Cras interdum. Nunc sollicitudin commodo ipsum. Suspendisse non leo. Vivamus nibh dolor, nonummy ac, feugiat" />
	<customer  id="97" name="Zeus" password="IOF19CIV5IF" email="Proin.vel.arcu@eratSed.org" company="Mattis Velit Justo Institute" address="Ap #110-7619 Arcu. St." city="Getafe" postalCode="5688" country="Sweden" phone="(206) 791-1243" fax="(321) 300-2182" registerdate="2015-08-14 08:08:05" logindate="2014-05-05 11:05:05" comment="eu dui. Cum sociis natoque penatibus et magnis dis parturient montes, nascetur ridiculus mus. Aenean eget magna. Suspendisse tristique neque venenatis lacus. Etiam bibendum fermentum metus. Aenean sed pede nec ante blandit viverra. Donec tempus, lorem fringilla ornare placerat, orci lacus vestibulum lorem, sit amet ultricies sem magna nec quam. Curabitur vel lectus. Cum sociis natoque penatibus et magnis dis parturient montes, nascetur ridiculus mus. Donec dignissim magna a tortor. Nunc commodo auctor velit. Aliquam nisl. Nulla eu neque pellentesque massa lobortis ultrices. Vivamus rhoncus. Donec est. Nunc ullamcorper, velit in" />
	<customer  id="98" name="Hall" password="PQC72LYN6GO" email="parturient.montes.nascetur@Donecestmauris.org" company="Augue Ut Incorporated" address="6333 Vel, St." city="Fort Worth" postalCode="23066-997" country="Turks and Caicos Islands" phone="(801) 438-4480" fax="(320) 430-0896" registerdate="2013-10-26 07:10:24" logindate="2014-11-29 02:11:00" comment="lobortis tellus justo sit amet nulla. Donec non justo. Proin non massa non ante bibendum ullamcorper. Duis cursus, diam at pretium aliquet, metus urna convallis erat, eget tincidunt dui augue eu tellus. Phasellus elit pede, malesuada vel, venenatis vel, faucibus id, libero. Donec consectetuer mauris id sapien. Cras dolor dolor, tempus non, lacinia at, iaculis quis, pede. Praesent eu dui. Cum sociis natoque" />
	<customer  id="99" name="Kato" password="AYW03RUR9XU" email="Nunc.ullamcorper.velit@neque.edu" company="Sed Nec Metus PC" address="6889 Eu Ave" city="Frankfurt am Main" postalCode="6902" country="Venezuela" phone="(998) 404-0053" fax="(649) 840-6544" registerdate="2015-08-06 11:08:34" logindate="2013-09-18 09:09:18" comment="Mauris ut quam vel sapien imperdiet ornare. In faucibus. Morbi vehicula. Pellentesque tincidunt tempus risus. Donec egestas. Duis ac arcu. Nunc mauris. Morbi non sapien molestie orci tincidunt adipiscing. Mauris molestie pharetra nibh. Aliquam ornare, libero at auctor ullamcorper, nisl arcu iaculis enim, sit amet ornare lectus justo eu arcu. Morbi sit amet massa. Quisque porttitor eros nec tellus. Nunc lectus pede, ultrices a, auctor non, feugiat nec, diam. Duis mi enim, condimentum eget, volutpat ornare, facilisis eget, ipsum. Donec sollicitudin adipiscing ligula. Aenean" />
	<customer  id="100" name="Silas" password="SFJ96QWT5BT" email="Lorem@ipsum.edu" company="Amet LLC" address="P.O. Box 475, 6842 Sollicitudin Avenue" city="Santipur" postalCode="22678" country="United Kingdom (Great Britain)" phone="(803) 225-0898" fax="(523) 861-5661" registerdate="2015-04-13 07:04:51" logindate="2014-07-16 04:07:27" comment="congue a, aliquet vel, vulputate eu, odio. Phasellus at augue id ante dictum cursus. Nunc mauris elit, dictum eu, eleifend nec, malesuada ut, sem. Nulla interdum. Curabitur dictum. Phasellus in felis. Nulla tempor augue ac ipsum. Phasellus vitae mauris sit amet lorem semper auctor. Mauris vel turpis. Aliquam adipiscing lobortis risus. In mi pede, nonummy ut, molestie in, tempus" />
	<customer  id="101" name="Grant" password="GUC73WRR2NT" email="at.nisi.Cum@eu.org" company="Proin Incorporated" address="8131 Gravida. Ave" city="San Isidro" postalCode="88154" country="Netherlands" phone="(280) 131-6254" fax="(692) 540-3595" registerdate="2015-05-12 08:05:06" logindate="2014-01-13 10:01:38" comment="nibh enim, gravida sit amet, dapibus id, blandit at, nisi. Cum sociis natoque penatibus et magnis dis parturient montes, nascetur ridiculus mus. Proin vel nisl. Quisque fringilla euismod enim. Etiam gravida molestie arcu. Sed eu nibh vulputate mauris sagittis placerat. Cras dictum ultricies ligula. Nullam enim. Sed nulla ante, iaculis nec, eleifend non, dapibus rutrum, justo. Praesent luctus. Curabitur egestas nunc sed libero. Proin sed turpis nec mauris blandit mattis. Cras eget nisi dictum augue malesuada malesuada. Integer id magna et ipsum cursus vestibulum." />
	<customer  id="102" name="Deanna" password="QHW66NNC6PK" email="et.euismod.et@turpisvitae.net" company="In Dolor LLP" address="Ap #172-160 Faucibus Street" city="Santa Fiora" postalCode="5658" country="Mali" phone="(550) 393-2205" fax="(123) 717-2348" registerdate="2013-10-14 04:10:25" logindate="2015-06-25 07:06:36" comment="feugiat metus sit amet ante. Vivamus non lorem vitae odio sagittis semper. Nam tempor diam dictum sapien. Aenean massa. Integer vitae nibh. Donec est mauris, rhoncus id, mollis nec, cursus a, enim. Suspendisse aliquet, sem ut cursus luctus, ipsum leo elementum sem, vitae aliquam eros turpis non enim. Mauris quis turpis vitae" />
	<customer  id="103" name="Barclay" password="CUT85PZL2QY" email="Cras@nisimagna.ca" company="At Industries" address="Ap #910-1812 Pede. St." city="Agartala" postalCode="60202" country="Saint Vincent and The Grenadines" phone="(526) 907-9203" fax="(789) 733-2685" registerdate="2014-04-30 10:04:03" logindate="2015-03-30 12:03:43" comment="amet, faucibus ut, nulla. Cras eu tellus eu augue porttitor interdum. Sed auctor odio a purus. Duis elementum, dui quis accumsan convallis, ante lectus convallis est, vitae sodales nisi magna sed dui. Fusce aliquam, enim nec tempus scelerisque, lorem ipsum sodales purus, in molestie tortor nibh sit amet orci. Ut sagittis lobortis mauris. Suspendisse aliquet molestie tellus. Aenean egestas hendrerit neque. In ornare" />
	<customer  id="104" name="Candice" password="OXF09LIE5WN" email="at@lobortisaugue.edu" company="Sit Inc." address="916 Pulvinar Ave" city="Ortacesus" postalCode="82076" country="Thailand" phone="(898) 441-2993" fax="(465) 539-3250" registerdate="2014-09-30 01:09:57" logindate="2015-03-16 02:03:32" comment="arcu iaculis enim, sit amet ornare lectus justo eu arcu. Morbi sit amet massa. Quisque porttitor eros nec tellus. Nunc lectus pede, ultrices a, auctor non, feugiat nec, diam. Duis mi enim, condimentum eget, volutpat ornare, facilisis eget, ipsum. Donec sollicitudin adipiscing ligula. Aenean gravida nunc sed pede. Cum sociis natoque penatibus et magnis dis parturient montes, nascetur ridiculus mus. Proin vel arcu eu odio tristique pharetra. Quisque ac libero" />
	<customer  id="105" name="Holly" password="ZCP37PTD9SQ" email="lorem.ut.aliquam@augueacipsum.net" company="Libero Inc." address="7851 Nunc. Av." city="Tuktoyaktuk" postalCode="9885" country="Czech Republic" phone="(660) 619-0247" fax="(671) 106-9402" registerdate="2014-09-09 11:09:32" logindate="2014-01-22 04:01:39" comment="tempus mauris erat eget ipsum. Suspendisse sagittis. Nullam vitae diam. Proin dolor. Nulla semper tellus id nunc interdum feugiat. Sed nec metus facilisis lorem tristique aliquet. Phasellus fermentum convallis ligula. Donec luctus aliquet odio. Etiam ligula tortor, dictum eu, placerat eget, venenatis a, magna. Lorem ipsum dolor sit amet, consectetuer adipiscing elit. Etiam laoreet, libero et tristique pellentesque, tellus sem mollis dui, in sodales elit erat vitae risus. Duis a mi fringilla mi lacinia mattis. Integer eu lacus. Quisque imperdiet, erat nonummy ultricies ornare, elit elit fermentum" />
	<customer  id="106" name="Ryan" password="OGX15PEX9NA" email="natoque@congueIn.net" company="Nec Corp." address="463-1065 Arcu. Rd." city="Linton" postalCode="P5T 6J8" country="Martinique" phone="(871) 716-7114" fax="(386) 259-6404" registerdate="2015-02-11 08:02:05" logindate="2015-04-04 12:04:48" comment="sapien molestie orci tincidunt adipiscing. Mauris molestie pharetra nibh. Aliquam ornare, libero at auctor ullamcorper, nisl arcu iaculis enim, sit amet ornare lectus justo eu arcu. Morbi sit amet massa. Quisque porttitor eros nec tellus. Nunc lectus pede, ultrices a, auctor non, feugiat nec, diam. Duis mi enim, condimentum eget, volutpat ornare, facilisis eget, ipsum. Donec sollicitudin adipiscing ligula. Aenean" />
	<customer  id="107" name="Francesca" password="DOL02IOU4SM" email="lobortis.Class.aptent@nibhDonec.ca" company="Primis In Faucibus Corporation" address="P.O. Box 571, 2280 Tempus Street" city="Pescopagano" postalCode="75097" country="Andorra" phone="(110) 557-0185" fax="(126) 817-5676" registerdate="2013-11-17 09:11:11" logindate="2015-08-23 07:08:50" comment="penatibus et magnis dis parturient montes, nascetur ridiculus mus. Aenean eget magna. Suspendisse tristique neque venenatis lacus. Etiam bibendum fermentum metus. Aenean sed pede nec ante blandit viverra. Donec tempus, lorem fringilla ornare placerat, orci lacus vestibulum lorem, sit amet ultricies sem magna nec quam. Curabitur vel lectus. Cum sociis natoque penatibus et magnis dis parturient montes, nascetur ridiculus mus. Donec dignissim magna a tortor. Nunc commodo auctor velit. Aliquam nisl. Nulla eu neque pellentesque massa lobortis ultrices. Vivamus rhoncus." />
	<customer  id="108" name="Donna" password="JLK57WUM5SG" email="metus.eu@auctorvelit.co.uk" company="Augue Eu Tempor Incorporated" address="P.O. Box 640, 8294 A Rd." city="Francavilla in Sinni" postalCode="77584" country="Congo, the Democratic Republic of the" phone="(157) 103-3595" fax="(275) 685-6850" registerdate="2013-11-10 09:11:19" logindate="2015-06-12 06:06:29" comment="dui. Fusce aliquam, enim nec tempus scelerisque, lorem ipsum sodales purus, in molestie tortor nibh sit amet orci. Ut sagittis lobortis mauris. Suspendisse aliquet molestie tellus. Aenean egestas hendrerit neque. In ornare sagittis felis. Donec tempor, est ac mattis semper, dui lectus rutrum urna, nec luctus felis purus ac tellus. Suspendisse sed dolor. Fusce mi lorem, vehicula et, rutrum eu, ultrices sit amet, risus. Donec nibh enim, gravida sit amet, dapibus id, blandit at, nisi. Cum sociis natoque penatibus et magnis" />
	<customer  id="109" name="Martena" password="ASG92HYQ3YN" email="Proin@accumsan.org" company="A Industries" address="Ap #849-8606 Et, Rd." city="Dabgram" postalCode="7791BW" country="Canada" phone="(529) 873-7901" fax="(526) 423-8323" registerdate="2014-03-06 08:03:53" logindate="2014-10-14 08:10:08" comment="Integer tincidunt aliquam arcu. Aliquam ultrices iaculis odio. Nam interdum enim non nisi. Aenean eget metus. In nec orci. Donec nibh. Quisque nonummy ipsum non arcu. Vivamus sit amet risus. Donec egestas. Aliquam nec enim. Nunc ut erat. Sed nunc est, mollis non, cursus non, egestas a, dui. Cras pellentesque. Sed dictum. Proin eget odio. Aliquam vulputate ullamcorper magna. Sed eu eros. Nam consequat dolor vitae dolor. Donec fringilla. Donec feugiat metus sit amet ante. Vivamus non lorem vitae odio sagittis semper. Nam" />
	<customer  id="110" name="Orla" password="XMT35CFA4NV" email="massa.Suspendisse@loremluctusut.com" company="Rutrum Non Hendrerit Incorporated" address="678-8316 In Avenue" city="Nicoya" postalCode="9380" country="Burkina Faso" phone="(416) 689-7977" fax="(160) 206-2168" registerdate="2013-12-17 03:12:53" logindate="2014-02-25 04:02:09" comment="Donec sollicitudin adipiscing ligula. Aenean gravida nunc sed pede. Cum sociis natoque penatibus et magnis dis parturient montes, nascetur ridiculus mus. Proin vel arcu eu odio tristique pharetra. Quisque ac libero nec ligula consectetuer rhoncus. Nullam velit dui, semper et, lacinia vitae, sodales at, velit. Pellentesque ultricies dignissim lacus. Aliquam rutrum lorem ac risus. Morbi metus. Vivamus euismod urna. Nullam lobortis quam a felis ullamcorper viverra. Maecenas iaculis aliquet diam. Sed diam lorem, auctor quis, tristique ac, eleifend vitae, erat. Vivamus nisi. Mauris nulla. Integer" />
	<customer  id="111" name="Stacey" password="CEB61TRH4AV" email="lorem@etnetus.co.uk" company="Sed Foundation" address="9184 Sociis St." city="Vishakhapatnam" postalCode="S2Z 5S5" country="Benin" phone="(693) 172-4890" fax="(183) 958-0740" registerdate="2014-11-25 01:11:47" logindate="2014-11-16 08:11:07" comment="magna sed dui. Fusce aliquam, enim nec tempus scelerisque, lorem ipsum sodales purus, in molestie tortor nibh sit amet orci. Ut sagittis lobortis mauris. Suspendisse aliquet molestie tellus. Aenean egestas hendrerit neque. In ornare sagittis felis. Donec tempor, est ac mattis semper, dui lectus rutrum urna, nec luctus felis purus ac tellus. Suspendisse sed dolor. Fusce mi" />
	<customer  id="112" name="Shaeleigh" password="WCL24AWD6XF" email="magnis.dis@loremegetmollis.edu" company="Orci Incorporated" address="354-4345 Odio. Av." city="Allein" postalCode="27-973" country="Saudi Arabia" phone="(437) 284-4008" fax="(326) 521-2156" registerdate="2015-03-10 06:03:38" logindate="2014-08-20 07:08:51" comment="sollicitudin orci sem eget massa. Suspendisse eleifend. Cras sed leo. Cras vehicula aliquet libero. Integer in magna. Phasellus dolor elit, pellentesque a, facilisis non, bibendum sed, est. Nunc laoreet lectus quis massa. Mauris vestibulum, neque sed dictum eleifend, nunc risus varius orci, in consequat enim diam vel arcu. Curabitur ut odio vel est tempor bibendum. Donec felis orci, adipiscing non, luctus sit amet, faucibus ut, nulla. Cras eu tellus eu augue porttitor interdum. Sed auctor odio a purus. Duis elementum, dui quis accumsan convallis, ante lectus convallis" />
	<customer  id="113" name="Silas" password="ZGA37XRC9MZ" email="quam.elementum.at@molestieintempus.ca" company="Ante Vivamus Non Consulting" address="Ap #950-9035 Turpis Rd." city="Tillet" postalCode="40717" country="French Southern Territories" phone="(821) 292-9777" fax="(609) 566-6807" registerdate="2014-06-03 08:06:14" logindate="2014-04-23 05:04:55" comment="enim. Nunc ut erat. Sed nunc est, mollis non, cursus non, egestas a, dui. Cras pellentesque. Sed dictum. Proin eget odio. Aliquam vulputate ullamcorper magna. Sed eu eros. Nam consequat dolor vitae dolor. Donec fringilla. Donec feugiat metus sit amet ante. Vivamus non lorem vitae odio sagittis semper. Nam tempor diam dictum sapien. Aenean massa. Integer vitae nibh. Donec est mauris, rhoncus id, mollis nec, cursus a, enim. Suspendisse aliquet, sem ut cursus luctus, ipsum leo elementum sem, vitae aliquam eros turpis non enim. Mauris quis turpis vitae purus gravida sagittis. Duis gravida. Praesent" />
	<customer  id="114" name="Vanna" password="RXA84ISC5BK" email="imperdiet.ornare@metuseuerat.com" company="Augue Ut Lacus Institute" address="8291 Consequat Rd." city="Machynlleth" postalCode="93-399" country="Rwanda" phone="(528) 680-7657" fax="(101) 113-3407" registerdate="2015-01-15 03:01:49" logindate="2014-11-08 05:11:07" comment="fringilla cursus purus. Nullam scelerisque neque sed sem egestas blandit. Nam nulla magna, malesuada vel, convallis in, cursus et, eros. Proin ultrices. Duis volutpat nunc sit amet metus. Aliquam erat volutpat. Nulla facilisis. Suspendisse commodo tincidunt nibh. Phasellus nulla. Integer vulputate, risus a ultricies adipiscing, enim mi tempor lorem, eget mollis lectus pede et risus. Quisque libero lacus, varius et, euismod et, commodo at," />
	<customer  id="115" name="Hadley" password="PID29DZU6BU" email="quam@velfaucibus.edu" company="Justo Foundation" address="234-2936 Orci Street" city="Zielona Góra" postalCode="29-604" country="Isle of Man" phone="(393) 565-1688" fax="(685) 206-0420" registerdate="2014-04-13 01:04:39" logindate="2014-02-20 03:02:24" comment="mollis dui, in sodales elit erat vitae risus. Duis a mi fringilla mi lacinia mattis. Integer eu lacus. Quisque imperdiet, erat nonummy ultricies ornare, elit elit fermentum risus, at fringilla purus mauris a nunc. In at pede. Cras vulputate velit eu sem. Pellentesque ut ipsum ac mi eleifend egestas. Sed pharetra, felis eget varius ultrices, mauris ipsum porta elit, a feugiat tellus lorem eu metus. In lorem. Donec elementum, lorem ut aliquam iaculis, lacus pede sagittis augue, eu tempor erat neque non quam. Pellentesque habitant morbi" />
	<customer  id="116" name="Armand" password="UIL74SGL4AP" email="a.aliquet.vel@arcuNuncmauris.ca" company="A LLP" address="679-4012 Quisque Rd." city="Poppel" postalCode="01-425" country="Wallis and Futuna" phone="(225) 721-7664" fax="(805) 791-9427" registerdate="2014-10-09 11:10:32" logindate="2014-04-17 12:04:56" comment="habitant morbi tristique senectus et netus et malesuada fames ac turpis egestas. Aliquam fringilla cursus purus. Nullam scelerisque neque sed sem egestas blandit. Nam nulla magna, malesuada vel, convallis in, cursus et, eros. Proin ultrices. Duis volutpat nunc sit amet metus. Aliquam erat volutpat. Nulla facilisis. Suspendisse commodo tincidunt nibh. Phasellus nulla. Integer vulputate," />
	<customer  id="117" name="Martin" password="ZWJ26JUK2JK" email="dis.parturient.montes@consequatlectussit.com" company="Quis Associates" address="290-9066 Dis Ave" city="Poitiers" postalCode="8721" country="Turks and Caicos Islands" phone="(719) 194-6765" fax="(792) 372-5989" registerdate="2014-09-30 09:09:23" logindate="2014-06-15 04:06:49" comment="cursus non, egestas a, dui. Cras pellentesque. Sed dictum. Proin eget odio. Aliquam vulputate ullamcorper magna. Sed eu eros. Nam consequat dolor vitae dolor. Donec fringilla. Donec feugiat metus sit amet ante. Vivamus non lorem vitae odio sagittis semper. Nam tempor diam dictum sapien. Aenean massa. Integer vitae nibh. Donec est mauris, rhoncus id, mollis nec, cursus a, enim. Suspendisse aliquet, sem ut cursus luctus, ipsum leo elementum sem, vitae aliquam eros turpis non enim. Mauris" />
	<customer  id="118" name="Andrew" password="CDJ61BRY9IX" email="suscipit.nonummy@justoeu.ca" company="Mauris Aliquam Eu Institute" address="610-1153 Donec Av." city="Lens" postalCode="224142" country="Seychelles" phone="(514) 632-0451" fax="(249) 338-5176" registerdate="2014-06-21 10:06:51" logindate="2014-11-11 06:11:35" comment="metus facilisis lorem tristique aliquet. Phasellus fermentum convallis ligula. Donec luctus aliquet odio. Etiam ligula tortor, dictum eu, placerat eget, venenatis a, magna. Lorem ipsum dolor sit amet, consectetuer adipiscing elit. Etiam laoreet, libero et tristique pellentesque, tellus sem mollis dui, in sodales elit erat vitae risus. Duis a mi fringilla mi lacinia mattis. Integer eu lacus. Quisque imperdiet, erat nonummy ultricies ornare, elit elit fermentum" />
	<customer  id="119" name="Patricia" password="HPJ97BCK1ZF" email="sed.turpis.nec@sitametrisus.org" company="Fringilla LLP" address="976-8666 Nisl. Rd." city="Zeist" postalCode="51661-815" country="Puerto Rico" phone="(544) 832-3026" fax="(436) 265-3970" registerdate="2013-11-25 03:11:27" logindate="2015-01-15 02:01:07" comment="magna. Ut tincidunt orci quis lectus. Nullam suscipit, est ac facilisis facilisis, magna tellus faucibus leo, in lobortis tellus justo sit amet nulla. Donec non justo. Proin non massa non ante bibendum ullamcorper. Duis cursus, diam at pretium aliquet, metus urna convallis erat, eget tincidunt dui augue eu tellus. Phasellus elit pede, malesuada vel, venenatis vel, faucibus id, libero. Donec consectetuer" />
	<customer  id="120" name="Kane" password="BTP56ZIM7YY" email="magna.sed.dui@ante.ca" company="Nam Nulla Corporation" address="P.O. Box 299, 8349 Auctor, Avenue" city="Boise" postalCode="6717" country="Morocco" phone="(345) 884-2122" fax="(281) 105-3695" registerdate="2013-09-21 03:09:29" logindate="2013-09-18 04:09:47" comment="blandit congue. In scelerisque scelerisque dui. Suspendisse ac metus vitae velit egestas lacinia. Sed congue, elit sed consequat auctor, nunc nulla vulputate dui, nec tempus mauris erat eget ipsum. Suspendisse sagittis. Nullam vitae diam. Proin dolor. Nulla semper tellus id nunc interdum feugiat. Sed nec metus facilisis lorem tristique aliquet. Phasellus fermentum convallis ligula. Donec luctus aliquet odio. Etiam ligula tortor, dictum eu, placerat eget, venenatis a, magna. Lorem ipsum dolor sit amet, consectetuer adipiscing elit. Etiam" />
	<customer  id="121" name="Elizabeth" password="ZKT39KDJ5TP" email="Vivamus.euismod@Duiselementumdui.net" company="Penatibus Et Incorporated" address="P.O. Box 313, 6549 Cursus Road" city="Nasino" postalCode="3194" country="Gibraltar" phone="(924) 257-5707" fax="(553) 152-4373" registerdate="2014-03-30 06:03:20" logindate="2015-03-09 10:03:30" comment="id, blandit at, nisi. Cum sociis natoque penatibus et magnis dis parturient montes, nascetur ridiculus mus. Proin vel nisl. Quisque fringilla euismod enim. Etiam gravida molestie arcu. Sed eu nibh vulputate mauris sagittis placerat. Cras dictum ultricies ligula. Nullam enim. Sed nulla ante, iaculis nec, eleifend non, dapibus rutrum, justo. Praesent luctus. Curabitur egestas nunc sed libero. Proin sed turpis nec mauris blandit mattis. Cras eget nisi dictum augue malesuada malesuada. Integer id magna et ipsum cursus vestibulum. Mauris magna. Duis dignissim tempor arcu. Vestibulum ut eros non enim commodo hendrerit. Donec porttitor" />
	<customer  id="122" name="Grant" password="XNV98WVH8KA" email="nulla.Integer.urna@at.co.uk" company="Libero PC" address="2205 Lobortis Rd." city="Ternat" postalCode="07984-618" country="Bermuda" phone="(347) 815-4815" fax="(973) 334-1889" registerdate="2014-05-14 06:05:22" logindate="2013-11-12 07:11:34" comment="Aliquam erat volutpat. Nulla facilisis. Suspendisse commodo tincidunt nibh. Phasellus nulla. Integer vulputate, risus a ultricies adipiscing, enim mi tempor lorem, eget mollis lectus pede et risus. Quisque libero lacus, varius et, euismod et, commodo at, libero. Morbi accumsan laoreet ipsum. Curabitur consequat, lectus sit amet luctus vulputate, nisi sem semper erat, in consectetuer ipsum nunc id enim. Curabitur massa. Vestibulum accumsan neque et nunc. Quisque" />
	<customer  id="123" name="Nina" password="TIB15DRC4SO" email="tellus@infelisNulla.edu" company="Quisque Purus Sapien Company" address="Ap #438-7244 Erat Av." city="San Gregorio nelle Alpi" postalCode="5255" country="Iran" phone="(623) 669-5473" fax="(590) 531-5547" registerdate="2014-04-26 12:04:14" logindate="2015-04-23 11:04:59" comment="pulvinar arcu et pede. Nunc sed orci lobortis augue scelerisque mollis. Phasellus libero mauris, aliquam eu, accumsan sed, facilisis vitae, orci. Phasellus dapibus quam quis diam. Pellentesque habitant morbi tristique senectus et netus et malesuada fames ac turpis egestas. Fusce aliquet magna a neque. Nullam ut nisi a odio semper cursus. Integer mollis. Integer tincidunt aliquam arcu. Aliquam ultrices iaculis odio. Nam interdum enim non nisi. Aenean eget metus. In nec orci. Donec nibh. Quisque nonummy ipsum non arcu. Vivamus sit amet risus. Donec egestas. Aliquam nec enim. Nunc ut erat. Sed nunc est, mollis non," />
	<customer  id="124" name="Melyssa" password="ILV27GLE5GV" email="ac.turpis.egestas@vitaeeratvel.com" company="Dignissim Magna A Consulting" address="9792 In Rd." city="Waarloos" postalCode="S9V 0H3" country="Singapore" phone="(486) 446-4228" fax="(905) 829-0590" registerdate="2013-11-11 08:11:08" logindate="2014-06-21 07:06:27" comment="primis in faucibus orci luctus et ultrices posuere cubilia Curae Donec tincidunt. Donec vitae erat vel pede blandit congue. In scelerisque scelerisque dui. Suspendisse ac metus vitae velit egestas lacinia. Sed congue, elit sed consequat auctor, nunc nulla vulputate dui, nec tempus mauris erat eget ipsum. Suspendisse sagittis. Nullam vitae diam. Proin dolor. Nulla semper tellus id nunc interdum feugiat. Sed" />
	<customer  id="125" name="Ariana" password="MVL35KPS9SU" email="vulputate@conubianostraper.com" company="Vel Turpis Aliquam LLC" address="178-4440 Posuere Av." city="Sant'Angelo a Fasanella" postalCode="520405" country="Niue" phone="(309) 598-7690" fax="(544) 167-7216" registerdate="2014-09-30 11:09:15" logindate="2014-04-08 04:04:43" comment="mollis. Duis sit amet diam eu dolor egestas rhoncus. Proin nisl sem, consequat nec, mollis vitae, posuere at, velit. Cras lorem lorem, luctus ut, pellentesque eget, dictum placerat, augue. Sed molestie. Sed id risus quis diam luctus lobortis. Class aptent taciti sociosqu ad litora torquent per conubia nostra, per inceptos hymenaeos. Mauris ut quam vel" />
	<customer  id="126" name="Amethyst" password="NDF14NNM6AN" email="neque@tortoratrisus.org" company="Nec Tempus Inc." address="6991 Molestie Rd." city="Bay Roberts" postalCode="83260" country="Burkina Faso" phone="(422) 278-6353" fax="(114) 383-0561" registerdate="2014-03-08 03:03:54" logindate="2015-05-16 08:05:06" comment="Curabitur consequat, lectus sit amet luctus vulputate, nisi sem semper erat, in consectetuer ipsum nunc id enim. Curabitur massa. Vestibulum accumsan neque et nunc. Quisque ornare tortor at risus. Nunc ac sem ut dolor dapibus gravida. Aliquam tincidunt, nunc ac mattis ornare, lectus ante dictum mi, ac mattis velit justo nec ante. Maecenas mi felis, adipiscing fringilla, porttitor vulputate, posuere vulputate, lacus. Cras interdum. Nunc sollicitudin commodo ipsum. Suspendisse non leo. Vivamus nibh dolor, nonummy ac, feugiat non, lobortis quis, pede. Suspendisse dui. Fusce diam nunc, ullamcorper eu, euismod ac, fermentum" />
	<customer  id="127" name="Amy" password="HCT61WKW5WI" email="ac@Namligulaelit.com" company="In Dolor Foundation" address="Ap #886-6573 In Avenue" city="Forgaria nel Friuli" postalCode="7746NL" country="Australia" phone="(752) 319-3677" fax="(908) 742-1713" registerdate="2013-11-06 07:11:10" logindate="2015-02-15 12:02:50" comment="eleifend egestas. Sed pharetra, felis eget varius ultrices, mauris ipsum porta elit, a feugiat tellus lorem eu metus. In lorem. Donec elementum, lorem ut aliquam iaculis, lacus pede sagittis augue, eu tempor erat neque non quam. Pellentesque habitant morbi tristique senectus et netus et malesuada fames ac turpis egestas. Aliquam fringilla cursus purus. Nullam scelerisque neque sed sem egestas blandit. Nam nulla magna, malesuada vel, convallis in, cursus et, eros. Proin ultrices. Duis volutpat nunc sit amet metus. Aliquam erat volutpat. Nulla facilisis. Suspendisse commodo tincidunt nibh. Phasellus" />
	<customer  id="128" name="Carson" password="AEW86DNQ6NM" email="consectetuer.adipiscing.elit@adipiscingelitAliquam.com" company="Nec Inc." address="P.O. Box 545, 920 Luctus Avenue" city="Grado" postalCode="798363" country="Madagascar" phone="(746) 189-6913" fax="(642) 776-7003" registerdate="2014-12-02 12:12:56" logindate="2014-04-24 09:04:46" comment="nibh. Phasellus nulla. Integer vulputate, risus a ultricies adipiscing, enim mi tempor lorem, eget mollis lectus pede et risus. Quisque libero lacus, varius et, euismod et, commodo at, libero. Morbi accumsan laoreet ipsum. Curabitur consequat, lectus sit amet luctus vulputate, nisi sem semper erat, in consectetuer ipsum nunc id enim. Curabitur massa. Vestibulum accumsan neque et nunc. Quisque ornare tortor at risus. Nunc ac sem ut dolor dapibus gravida. Aliquam tincidunt, nunc ac mattis ornare, lectus ante dictum" />
	<customer  id="129" name="Bernard" password="PZP91FEN8UZ" email="Nulla.aliquet@liberoDonec.org" company="Dapibus Quam Limited" address="P.O. Box 341, 9015 Dictum St." city="Hatfield" postalCode="S4 8FE" country="Benin" phone="(315) 174-9750" fax="(736) 501-4802" registerdate="2014-02-20 07:02:07" logindate="2013-11-28 12:11:33" comment="interdum feugiat. Sed nec metus facilisis lorem tristique aliquet. Phasellus fermentum convallis ligula. Donec luctus aliquet odio. Etiam ligula tortor, dictum eu, placerat eget, venenatis a, magna. Lorem ipsum dolor sit amet, consectetuer adipiscing elit. Etiam laoreet, libero et tristique pellentesque, tellus sem mollis dui, in sodales elit erat vitae risus. Duis a mi fringilla mi lacinia mattis. Integer eu lacus. Quisque imperdiet, erat nonummy ultricies ornare, elit elit fermentum risus, at fringilla purus mauris a nunc. In at pede. Cras vulputate velit eu" />
	<customer  id="130" name="Chadwick" password="NCS33HYQ5ZP" email="Cum@arcu.org" company="Nunc Associates" address="760-2419 Commodo St." city="Werder" postalCode="0922SA" country="Korea, South" phone="(346) 179-4956" fax="(179) 238-4193" registerdate="2013-11-11 07:11:50" logindate="2014-11-28 06:11:11" comment="Nunc ut erat. Sed nunc est, mollis non, cursus non, egestas a, dui. Cras pellentesque. Sed dictum. Proin eget odio. Aliquam vulputate ullamcorper magna. Sed eu eros. Nam consequat dolor vitae dolor. Donec fringilla. Donec feugiat metus sit amet ante. Vivamus non lorem vitae odio sagittis semper. Nam tempor diam dictum sapien. Aenean massa. Integer vitae nibh. Donec est mauris, rhoncus id, mollis nec, cursus a, enim. Suspendisse aliquet, sem ut cursus" />
	<customer  id="131" name="Tanner" password="IVY02LMX2XB" email="lectus.pede.et@ornare.net" company="Mi Enim Company" address="Ap #383-7236 Sed Street" city="Heusweiler" postalCode="64056" country="China" phone="(611) 858-8554" fax="(331) 413-7913" registerdate="2015-07-13 07:07:04" logindate="2014-04-02 08:04:13" comment="Donec consectetuer mauris id sapien. Cras dolor dolor, tempus non, lacinia at, iaculis quis, pede. Praesent eu dui. Cum sociis natoque penatibus et magnis dis parturient montes, nascetur ridiculus mus. Aenean eget magna. Suspendisse tristique neque venenatis lacus. Etiam bibendum fermentum metus. Aenean sed pede nec ante blandit viverra. Donec tempus, lorem fringilla ornare placerat, orci lacus vestibulum lorem, sit amet ultricies sem" />
	<customer  id="132" name="Ocean" password="ZQU25JOI0PJ" email="eu@Aliquamauctor.com" company="A Scelerisque Sed Company" address="P.O. Box 727, 5968 Senectus Rd." city="Guysborough" postalCode="64028" country="Yemen" phone="(677) 727-1336" fax="(265) 938-0228" registerdate="2014-08-20 12:08:14" logindate="2015-02-17 09:02:36" comment="porttitor interdum. Sed auctor odio a purus. Duis elementum, dui quis accumsan convallis, ante lectus convallis est, vitae sodales nisi magna sed dui. Fusce aliquam, enim nec tempus scelerisque, lorem ipsum sodales purus, in molestie tortor nibh sit amet orci. Ut sagittis lobortis mauris. Suspendisse aliquet molestie tellus. Aenean egestas hendrerit neque. In ornare sagittis felis. Donec tempor, est ac mattis semper, dui lectus rutrum urna, nec luctus felis purus ac tellus. Suspendisse sed dolor. Fusce mi lorem, vehicula et, rutrum eu, ultrices sit amet, risus." />
	<customer  id="133" name="Charissa" password="WZP48FJG7AK" email="ac.feugiat.non@sapiencursus.co.uk" company="Porta Elit Limited" address="511-9776 Eleifend Road" city="Saint-Mard" postalCode="06-862" country="Syria" phone="(860) 232-9133" fax="(805) 983-4134" registerdate="2014-07-09 03:07:02" logindate="2014-09-01 01:09:08" comment="id, blandit at, nisi. Cum sociis natoque penatibus et magnis dis parturient montes, nascetur ridiculus mus. Proin vel nisl. Quisque fringilla euismod enim. Etiam gravida molestie arcu. Sed eu nibh vulputate mauris sagittis placerat. Cras dictum ultricies ligula. Nullam enim. Sed nulla ante, iaculis nec, eleifend non, dapibus rutrum, justo. Praesent luctus. Curabitur egestas nunc sed libero. Proin sed turpis nec mauris blandit mattis. Cras eget nisi dictum augue malesuada malesuada. Integer id magna et ipsum cursus vestibulum. Mauris magna. Duis dignissim tempor arcu. Vestibulum ut eros non enim commodo hendrerit. Donec porttitor tellus non magna. Nam ligula elit," />
	<customer  id="134" name="Nayda" password="YVR98SBN3MD" email="amet@aduiCras.co.uk" company="Sit Amet Incorporated" address="8777 Nec, Rd." city="Meix-Devant-Virton" postalCode="92815" country="French Southern Territories" phone="(998) 714-0859" fax="(263) 756-6517" registerdate="2013-09-15 12:09:00" logindate="2014-05-04 03:05:00" comment="lobortis ultrices. Vivamus rhoncus. Donec est. Nunc ullamcorper, velit in aliquet lobortis, nisi nibh lacinia orci, consectetuer euismod est arcu ac orci. Ut semper pretium neque. Morbi quis urna. Nunc quis arcu vel quam dignissim pharetra. Nam ac nulla. In tincidunt congue turpis. In condimentum. Donec at arcu. Vestibulum ante ipsum primis in faucibus orci luctus et ultrices posuere cubilia Curae Donec tincidunt. Donec" />
	<customer  id="135" name="Caldwell" password="USZ29UUE0KB" email="euismod.urna.Nullam@dolorquamelementum.net" company="Proin Dolor Corp." address="693-2290 Congue. St." city="Hulst" postalCode="22628" country="Trinidad and Tobago" phone="(292) 284-6756" fax="(971) 363-6206" registerdate="2014-12-16 09:12:01" logindate="2014-12-07 11:12:36" comment="vulputate eu, odio. Phasellus at augue id ante dictum cursus. Nunc mauris elit, dictum eu, eleifend nec, malesuada ut, sem. Nulla interdum. Curabitur dictum. Phasellus in felis. Nulla tempor augue ac ipsum. Phasellus vitae mauris sit amet lorem semper auctor. Mauris vel turpis. Aliquam adipiscing lobortis risus. In mi pede, nonummy ut, molestie in, tempus eu, ligula. Aenean euismod mauris eu elit. Nulla facilisi. Sed neque. Sed eget lacus. Mauris non dui nec urna suscipit nonummy. Fusce fermentum fermentum arcu. Vestibulum ante ipsum primis in faucibus orci luctus et ultrices posuere cubilia Curae Phasellus ornare. Fusce mollis. Duis sit" />
	<customer  id="136" name="Cheyenne" password="SOU11VJQ2KZ" email="Vestibulum.accumsan.neque@Fusce.edu" company="Condimentum Limited" address="386-3401 In Street" city="Wommelgem" postalCode="4596HP" country="Bosnia and Herzegovina" phone="(505) 479-3398" fax="(641) 192-1005" registerdate="2015-08-21 07:08:18" logindate="2014-12-25 03:12:13" comment="semper, dui lectus rutrum urna, nec luctus felis purus ac tellus. Suspendisse sed dolor. Fusce mi lorem, vehicula et, rutrum eu, ultrices sit amet, risus. Donec nibh enim, gravida sit amet, dapibus id, blandit at, nisi. Cum sociis natoque penatibus et magnis dis parturient montes, nascetur ridiculus mus. Proin vel nisl. Quisque fringilla euismod enim. Etiam gravida molestie arcu. Sed eu nibh vulputate mauris sagittis placerat. Cras dictum ultricies ligula. Nullam enim. Sed nulla ante, iaculis nec, eleifend non, dapibus rutrum, justo. Praesent luctus. Curabitur egestas nunc sed libero. Proin" />
	<customer  id="137" name="Marah" password="GPW37IRB7NR" email="vel.pede.blandit@ametante.com" company="Magna Malesuada Vel Corporation" address="Ap #328-3533 Duis Road" city="Branchon" postalCode="39147" country="Djibouti" phone="(960) 851-4326" fax="(484) 520-4508" registerdate="2015-03-14 02:03:44" logindate="2015-03-28 11:03:04" comment="purus gravida sagittis. Duis gravida. Praesent eu nulla at sem molestie sodales. Mauris blandit enim consequat purus. Maecenas libero est, congue a, aliquet vel, vulputate eu, odio. Phasellus at augue id ante dictum cursus. Nunc mauris elit, dictum eu, eleifend nec, malesuada ut, sem. Nulla interdum. Curabitur dictum. Phasellus in felis." />
	<customer  id="138" name="Paki" password="QXQ32HBB0PT" email="enim.consequat@venenatislacusEtiam.net" company="Felis Industries" address="931-1977 Rhoncus. St." city="Waiblingen" postalCode="73512" country="Burundi" phone="(724) 455-4847" fax="(293) 350-7168" registerdate="2014-01-28 06:01:10" logindate="2013-10-12 01:10:01" comment="magna nec quam. Curabitur vel lectus. Cum sociis natoque penatibus et magnis dis parturient montes, nascetur ridiculus mus. Donec dignissim magna a tortor. Nunc commodo auctor velit. Aliquam nisl. Nulla eu neque pellentesque massa lobortis ultrices. Vivamus rhoncus. Donec est. Nunc ullamcorper, velit in aliquet lobortis, nisi nibh lacinia orci, consectetuer euismod est arcu ac orci. Ut semper pretium neque. Morbi quis urna. Nunc quis arcu vel quam dignissim pharetra. Nam ac nulla. In tincidunt congue turpis. In condimentum. Donec at arcu. Vestibulum ante ipsum" />
	<customer  id="139" name="Yvette" password="UPC65DUA2SR" email="Donec.consectetuer@sedtortor.ca" company="Auctor Institute" address="P.O. Box 752, 1077 Erat, Road" city="Ambresin" postalCode="6551" country="Laos" phone="(792) 213-8688" fax="(484) 623-3223" registerdate="2015-05-14 03:05:35" logindate="2013-11-30 09:11:11" comment="ornare, libero at auctor ullamcorper, nisl arcu iaculis enim, sit amet ornare lectus justo eu arcu. Morbi sit amet massa. Quisque porttitor eros nec tellus. Nunc lectus pede, ultrices a, auctor non, feugiat nec, diam. Duis mi enim, condimentum eget, volutpat ornare, facilisis eget, ipsum. Donec sollicitudin adipiscing ligula. Aenean gravida nunc sed pede. Cum sociis natoque penatibus et magnis dis parturient montes, nascetur ridiculus mus. Proin vel arcu eu odio tristique pharetra. Quisque ac" />
	<customer  id="140" name="Amaya" password="WSQ56ZXL3AE" email="at.arcu.Vestibulum@commodoipsum.co.uk" company="Sed Libero Proin Institute" address="P.O. Box 882, 2466 Sed Rd." city="Moignelee" postalCode="11101" country="Zimbabwe" phone="(544) 274-7614" fax="(511) 355-5235" registerdate="2015-01-01 10:01:38" logindate="2014-04-03 07:04:23" comment="litora torquent per conubia nostra, per inceptos hymenaeos. Mauris ut quam vel sapien imperdiet ornare. In faucibus. Morbi vehicula. Pellentesque tincidunt tempus risus. Donec egestas. Duis ac arcu. Nunc mauris. Morbi non sapien molestie orci tincidunt adipiscing. Mauris molestie pharetra nibh. Aliquam ornare, libero at auctor ullamcorper, nisl arcu iaculis enim, sit amet ornare lectus justo eu arcu. Morbi sit amet massa. Quisque porttitor eros nec tellus. Nunc lectus pede, ultrices a, auctor non, feugiat nec, diam. Duis mi enim, condimentum eget, volutpat ornare, facilisis eget, ipsum. Donec sollicitudin adipiscing" />
	<customer  id="141" name="Philip" password="CCG49PSF7JB" email="ultricies.dignissim@noncursus.co.uk" company="Mauris Suspendisse Aliquet Consulting" address="5876 Commodo Ave" city="Luttre" postalCode="78216" country="Liberia" phone="(224) 738-0103" fax="(375) 905-7025" registerdate="2013-11-28 08:11:44" logindate="2014-01-13 09:01:41" comment="et ipsum cursus vestibulum. Mauris magna. Duis dignissim tempor arcu. Vestibulum ut eros non enim commodo hendrerit. Donec porttitor tellus non magna. Nam ligula elit, pretium et, rutrum non, hendrerit id, ante. Nunc mauris sapien, cursus in, hendrerit consectetuer, cursus et, magna. Praesent interdum ligula eu enim. Etiam imperdiet dictum magna. Ut tincidunt orci quis lectus. Nullam suscipit, est ac facilisis facilisis, magna tellus faucibus leo, in lobortis tellus justo sit amet nulla. Donec non justo. Proin non massa" />
	<customer  id="142" name="Jermaine" password="MBS64NQT1YZ" email="aliquam.iaculis.lacus@felis.net" company="Sed Leo Cras Foundation" address="690-1142 Vel, Road" city="Aurora" postalCode="18637-584" country="Ukraine" phone="(398) 869-4943" fax="(421) 147-4859" registerdate="2014-03-17 01:03:26" logindate="2014-10-01 09:10:52" comment="Quisque varius. Nam porttitor scelerisque neque. Nullam nisl. Maecenas malesuada fringilla est. Mauris eu turpis. Nulla aliquet. Proin velit. Sed malesuada augue ut lacus. Nulla tincidunt, neque vitae semper egestas, urna justo faucibus lectus, a sollicitudin orci sem eget massa. Suspendisse eleifend. Cras sed leo. Cras vehicula aliquet libero. Integer in magna. Phasellus dolor elit," />
	<customer  id="143" name="Ivory" password="GZC64NVH4RF" email="risus@nunc.com" company="Id Sapien Inc." address="1549 Malesuada Ave" city="Montbéliard" postalCode="42887" country="Hungary" phone="(591) 755-1005" fax="(890) 222-0536" registerdate="2013-10-11 08:10:53" logindate="2014-01-21 04:01:28" comment="blandit enim consequat purus. Maecenas libero est, congue a, aliquet vel, vulputate eu, odio. Phasellus at augue id ante dictum cursus. Nunc mauris elit, dictum eu, eleifend nec, malesuada ut, sem. Nulla interdum. Curabitur dictum. Phasellus in felis. Nulla tempor augue ac ipsum. Phasellus vitae mauris sit amet lorem semper auctor. Mauris" />
	<customer  id="144" name="Maxwell" password="RGW75PUX5KD" email="neque@sitamet.ca" company="Morbi LLP" address="P.O. Box 733, 7773 Dolor Street" city="Tregaron" postalCode="88848" country="Greenland" phone="(709) 467-7095" fax="(182) 923-9862" registerdate="2014-02-25 08:02:45" logindate="2014-11-20 07:11:17" comment="amet luctus vulputate, nisi sem semper erat, in consectetuer ipsum nunc id enim. Curabitur massa. Vestibulum accumsan neque et nunc. Quisque ornare tortor at risus. Nunc ac sem ut dolor dapibus gravida. Aliquam tincidunt, nunc ac mattis ornare, lectus ante dictum mi, ac mattis velit justo nec ante. Maecenas mi felis, adipiscing fringilla, porttitor vulputate, posuere vulputate, lacus. Cras interdum. Nunc sollicitudin commodo ipsum. Suspendisse non leo. Vivamus nibh dolor, nonummy ac, feugiat" />
	<customer  id="145" name="Patricia" password="WVZ63VAU9NX" email="malesuada.vel@ipsumleoelementum.ca" company="Adipiscing Associates" address="Ap #438-6008 Nulla. Av." city="Landenne" postalCode="1655" country="Syria" phone="(236) 427-7849" fax="(658) 709-8434" registerdate="2014-08-07 10:08:43" logindate="2015-03-08 07:03:09" comment="vitae aliquam eros turpis non enim. Mauris quis turpis vitae purus gravida sagittis. Duis gravida. Praesent eu nulla at sem molestie sodales. Mauris blandit enim consequat purus. Maecenas libero est, congue a, aliquet vel, vulputate eu, odio. Phasellus at augue id ante dictum cursus. Nunc mauris elit, dictum eu, eleifend nec, malesuada ut, sem. Nulla interdum. Curabitur dictum. Phasellus in felis. Nulla tempor augue ac" />
	<customer  id="146" name="Lucian" password="LUC69SFD0PC" email="felis@nequevitae.ca" company="Mi Fringilla Mi LLC" address="2130 Nulla. Avenue" city="Roermond" postalCode="5716" country="Swaziland" phone="(753) 367-1937" fax="(888) 182-7425" registerdate="2014-01-30 07:01:29" logindate="2015-05-13 12:05:52" comment="Vivamus nisi. Mauris nulla. Integer urna. Vivamus molestie dapibus ligula. Aliquam erat volutpat. Nulla dignissim. Maecenas ornare egestas ligula. Nullam feugiat placerat velit. Quisque varius. Nam porttitor scelerisque neque. Nullam nisl. Maecenas malesuada fringilla est. Mauris eu turpis. Nulla aliquet. Proin velit. Sed malesuada augue ut lacus. Nulla tincidunt, neque vitae semper egestas, urna justo faucibus lectus, a sollicitudin orci sem eget massa. Suspendisse eleifend. Cras sed leo. Cras vehicula aliquet libero. Integer in magna. Phasellus dolor elit, pellentesque" />
	<customer  id="147" name="Elvis" password="QEC50QPG4SZ" email="dui.Cum.sociis@ultricies.edu" company="Elit Erat Corporation" address="P.O. Box 193, 8077 Sed Avenue" city="Paisley" postalCode="6700" country="Egypt" phone="(355) 418-0426" fax="(264) 187-9846" registerdate="2014-03-30 09:03:42" logindate="2015-06-11 11:06:26" comment="Nunc mauris. Morbi non sapien molestie orci tincidunt adipiscing. Mauris molestie pharetra nibh. Aliquam ornare, libero at auctor ullamcorper, nisl arcu iaculis enim, sit amet ornare lectus justo eu arcu. Morbi sit amet massa. Quisque porttitor eros nec tellus. Nunc lectus pede, ultrices a, auctor non, feugiat nec, diam. Duis mi enim, condimentum eget, volutpat ornare, facilisis eget, ipsum. Donec sollicitudin adipiscing ligula. Aenean gravida nunc sed pede. Cum sociis natoque penatibus et magnis dis parturient montes, nascetur" />
	<customer  id="148" name="Hakeem" password="LNG26YPS7CK" email="elit.pretium@loremvehiculaet.com" company="Ante Maecenas Mi Corp." address="1708 Non Rd." city="L'Hospitalet de Llobregat" postalCode="OI1 3OT" country="Virgin Islands, British" phone="(111) 102-7092" fax="(868) 634-6272" registerdate="2014-06-17 01:06:52" logindate="2013-09-10 12:09:15" comment="felis, adipiscing fringilla, porttitor vulputate, posuere vulputate, lacus. Cras interdum. Nunc sollicitudin commodo ipsum. Suspendisse non leo. Vivamus nibh dolor, nonummy ac, feugiat non, lobortis quis, pede. Suspendisse dui. Fusce diam nunc, ullamcorper eu, euismod ac, fermentum vel, mauris. Integer sem elit, pharetra ut, pharetra sed, hendrerit a, arcu. Sed et libero. Proin mi. Aliquam gravida mauris ut mi. Duis risus odio, auctor vitae, aliquet nec, imperdiet nec, leo. Morbi neque tellus, imperdiet non, vestibulum nec, euismod in, dolor. Fusce feugiat. Lorem ipsum dolor sit amet, consectetuer adipiscing elit. Aliquam auctor, velit eget laoreet posuere, enim nisl elementum purus," />
	<customer  id="149" name="Devin" password="GBM25IPR2DQ" email="feugiat@condimentumDonecat.org" company="Lobortis Ltd" address="825-2509 Accumsan St." city="Culemborg" postalCode="41034" country="Honduras" phone="(215) 451-3323" fax="(647) 517-5170" registerdate="2013-10-29 12:10:31" logindate="2014-03-04 02:03:26" comment="non lorem vitae odio sagittis semper. Nam tempor diam dictum sapien. Aenean massa. Integer vitae nibh. Donec est mauris, rhoncus id, mollis nec, cursus a, enim. Suspendisse aliquet, sem ut cursus luctus, ipsum leo elementum sem, vitae aliquam eros turpis non enim. Mauris quis turpis vitae purus gravida sagittis. Duis gravida. Praesent eu nulla at sem molestie sodales. Mauris blandit enim consequat purus. Maecenas libero est, congue a, aliquet vel, vulputate eu, odio. Phasellus at augue id ante dictum cursus. Nunc mauris elit, dictum eu, eleifend nec," />
	<customer  id="150" name="Zenaida" password="PHO36ZMC7ZP" email="vitae.nibh.Donec@vitae.com" company="Tincidunt Nibh Phasellus Industries" address="Ap #177-1750 Consectetuer Av." city="Toruń" postalCode="63272" country="Guinea-Bissau" phone="(244) 186-7917" fax="(843) 890-7378" registerdate="2015-03-04 06:03:51" logindate="2014-03-26 05:03:47" comment="augue malesuada malesuada. Integer id magna et ipsum cursus vestibulum. Mauris magna. Duis dignissim tempor arcu. Vestibulum ut eros non enim commodo hendrerit. Donec porttitor tellus non magna. Nam ligula elit, pretium et, rutrum non, hendrerit id, ante. Nunc mauris sapien, cursus in, hendrerit consectetuer, cursus et, magna. Praesent interdum ligula eu enim. Etiam imperdiet dictum" />
	<customer  id="151" name="Hillary" password="HBH10YJA9IR" email="penatibus.et.magnis@Vivamuseuismod.edu" company="Mi Pede Nonummy LLC" address="224-1647 Hendrerit Rd." city="Oderzo" postalCode="VX72 1WT" country="Swaziland" phone="(509) 567-3233" fax="(869) 524-6067" registerdate="2015-07-17 07:07:55" logindate="2014-04-27 06:04:49" comment="fringilla. Donec feugiat metus sit amet ante. Vivamus non lorem vitae odio sagittis semper. Nam tempor diam dictum sapien. Aenean massa. Integer vitae nibh. Donec est mauris, rhoncus id, mollis nec, cursus a, enim. Suspendisse aliquet, sem ut cursus luctus, ipsum leo elementum sem, vitae aliquam eros turpis non enim. Mauris quis turpis vitae purus gravida sagittis. Duis gravida. Praesent eu nulla at sem" />
	<customer  id="152" name="Malcolm" password="RDJ42NVT2MN" email="at@diamProin.com" company="Metus Vitae Corp." address="372-8366 Vestibulum Rd." city="São José dos Pinhais" postalCode="255905" country="Lithuania" phone="(425) 529-5903" fax="(106) 258-8225" registerdate="2014-02-06 07:02:07" logindate="2014-06-25 06:06:14" comment="Mauris non dui nec urna suscipit nonummy. Fusce fermentum fermentum arcu. Vestibulum ante ipsum primis in faucibus orci luctus et ultrices posuere cubilia Curae Phasellus ornare. Fusce mollis. Duis sit amet diam eu dolor egestas rhoncus. Proin nisl sem, consequat nec, mollis vitae, posuere at, velit. Cras lorem lorem, luctus ut, pellentesque eget, dictum placerat, augue. Sed molestie. Sed id risus quis diam luctus lobortis. Class aptent taciti sociosqu ad litora torquent per conubia nostra, per inceptos hymenaeos. Mauris" />
	<customer  id="153" name="Joy" password="ESH44MJB4BN" email="vel@malesuada.ca" company="Cursus LLC" address="124-4018 Fermentum Rd." city="Nederokkerzeel" postalCode="17129" country="Panama" phone="(391) 652-6612" fax="(202) 314-7269" registerdate="2015-03-24 11:03:52" logindate="2014-10-17 10:10:01" comment="sodales purus, in molestie tortor nibh sit amet orci. Ut sagittis lobortis mauris. Suspendisse aliquet molestie tellus. Aenean egestas hendrerit neque. In ornare sagittis felis. Donec tempor, est ac mattis semper, dui lectus rutrum urna, nec luctus felis purus ac tellus. Suspendisse sed dolor. Fusce mi lorem, vehicula et, rutrum eu, ultrices sit amet, risus. Donec nibh enim, gravida sit amet, dapibus" />
	<customer  id="154" name="Meghan" password="MCR99MDN6VB" email="ante.Vivamus@turpis.net" company="Molestie Sodales Institute" address="254-5129 Ut, Rd." city="Bozeman" postalCode="5803" country="Niger" phone="(293) 510-3848" fax="(444) 899-9791" registerdate="2015-07-22 03:07:48" logindate="2014-07-22 11:07:06" comment="et, rutrum non, hendrerit id, ante. Nunc mauris sapien, cursus in, hendrerit consectetuer, cursus et, magna. Praesent interdum ligula eu enim. Etiam imperdiet dictum magna. Ut tincidunt orci quis lectus. Nullam suscipit, est ac facilisis facilisis, magna tellus faucibus leo, in lobortis tellus justo sit amet nulla. Donec non justo. Proin non massa non ante bibendum ullamcorper. Duis cursus, diam at pretium aliquet, metus urna convallis erat, eget" />
	<customer  id="155" name="Leah" password="KUM17EOL4MS" email="Nunc.lectus@tempusmauris.ca" company="Risus Nulla Eget Company" address="P.O. Box 535, 8388 Augue Av." city="Cervinara" postalCode="804867" country="Nigeria" phone="(274) 424-1828" fax="(492) 202-4269" registerdate="2014-05-11 12:05:16" logindate="2015-03-14 06:03:47" comment="Class aptent taciti sociosqu ad litora torquent per conubia nostra, per inceptos hymenaeos. Mauris ut quam vel sapien imperdiet ornare. In faucibus. Morbi vehicula. Pellentesque tincidunt tempus risus. Donec egestas. Duis ac arcu. Nunc mauris. Morbi non sapien molestie orci tincidunt adipiscing. Mauris molestie pharetra nibh. Aliquam ornare, libero at auctor ullamcorper, nisl arcu iaculis enim, sit amet ornare lectus justo eu arcu. Morbi sit amet" />
	<customer  id="156" name="Cecilia" password="GWF74NAU6OC" email="turpis.non@elit.ca" company="Erat Industries" address="4494 Gravida St." city="Bangalore" postalCode="8033" country="Kuwait" phone="(240) 302-8489" fax="(572) 510-3321" registerdate="2014-04-02 12:04:02" logindate="2015-06-21 12:06:36" comment="fermentum risus, at fringilla purus mauris a nunc. In at pede. Cras vulputate velit eu sem. Pellentesque ut ipsum ac mi eleifend egestas. Sed pharetra, felis eget varius ultrices, mauris ipsum porta elit, a feugiat tellus lorem eu metus. In lorem. Donec elementum, lorem ut aliquam iaculis, lacus pede sagittis augue, eu tempor erat neque non quam. Pellentesque habitant morbi tristique senectus" />
	<customer  id="157" name="Dennis" password="AQB47ODG1AW" email="In@nisiMauris.edu" company="Ac Institute" address="P.O. Box 922, 1550 Fusce St." city="Anchorage" postalCode="94820" country="Korea, North" phone="(972) 294-5628" fax="(836) 222-9466" registerdate="2015-08-22 05:08:13" logindate="2014-12-22 06:12:48" comment="vitae semper egestas, urna justo faucibus lectus, a sollicitudin orci sem eget massa. Suspendisse eleifend. Cras sed leo. Cras vehicula aliquet libero. Integer in magna. Phasellus dolor elit, pellentesque a, facilisis non, bibendum sed, est. Nunc laoreet lectus quis massa. Mauris vestibulum, neque sed dictum eleifend, nunc risus varius orci, in consequat enim diam vel arcu. Curabitur ut odio vel est tempor bibendum. Donec felis orci, adipiscing non, luctus sit amet, faucibus ut, nulla. Cras eu tellus eu augue porttitor interdum. Sed auctor odio a purus. Duis elementum, dui quis accumsan convallis, ante lectus convallis est," />
	<customer  id="158" name="Uta" password="TUW50LIY1JJ" email="vestibulum.massa@placeratCrasdictum.net" company="Ultrices Ltd" address="1435 Aliquam Rd." city="Sale" postalCode="5948" country="Lesotho" phone="(877) 574-8692" fax="(158) 952-9973" registerdate="2015-04-07 11:04:59" logindate="2015-03-11 10:03:09" comment="facilisis lorem tristique aliquet. Phasellus fermentum convallis ligula. Donec luctus aliquet odio. Etiam ligula tortor, dictum eu, placerat eget, venenatis a, magna. Lorem ipsum dolor sit amet, consectetuer adipiscing elit. Etiam laoreet, libero et tristique pellentesque, tellus sem mollis dui, in sodales elit erat vitae risus. Duis a mi fringilla" />
	<customer  id="159" name="Rafael" password="MNP56ZCN6XQ" email="egestas.blandit@facilisisfacilisis.net" company="Adipiscing Fringilla Porttitor Company" address="505-9282 Ac Rd." city="Episcopia" postalCode="04891" country="Congo (Brazzaville)" phone="(533) 232-7154" fax="(125) 176-7948" registerdate="2015-06-30 09:06:35" logindate="2014-03-03 07:03:46" comment="gravida molestie arcu. Sed eu nibh vulputate mauris sagittis placerat. Cras dictum ultricies ligula. Nullam enim. Sed nulla ante, iaculis nec, eleifend non, dapibus rutrum, justo. Praesent luctus. Curabitur egestas nunc sed libero. Proin sed turpis nec mauris blandit mattis. Cras eget nisi dictum augue malesuada malesuada. Integer id magna et ipsum cursus" />
	<customer  id="160" name="Cassandra" password="UMC22YIP0WL" email="iaculis.enim.sit@auguescelerisquemollis.net" company="Pellentesque Tellus Sem Corp." address="P.O. Box 570, 9543 Etiam St." city="Limena" postalCode="01-854" country="Croatia" phone="(945) 171-7798" fax="(794) 249-9353" registerdate="2014-01-05 02:01:24" logindate="2015-05-23 12:05:32" comment="orci, consectetuer euismod est arcu ac orci. Ut semper pretium neque. Morbi quis urna. Nunc quis arcu vel quam dignissim pharetra. Nam ac nulla. In tincidunt congue turpis. In condimentum. Donec at arcu. Vestibulum ante ipsum primis in faucibus orci luctus et ultrices posuere cubilia Curae Donec tincidunt. Donec vitae erat vel pede blandit congue. In scelerisque scelerisque dui. Suspendisse ac metus vitae velit egestas lacinia. Sed congue, elit sed consequat auctor, nunc nulla vulputate dui, nec tempus mauris erat eget ipsum. Suspendisse sagittis. Nullam vitae diam. Proin dolor. Nulla semper" />
	<customer  id="161" name="Jacqueline" password="OVF54XVZ0IJ" email="nec.enim@malesuadafames.org" company="Sed Et Ltd" address="203-337 Lacinia. Street" city="Raipur" postalCode="C2L 7T2" country="China" phone="(817) 426-7077" fax="(520) 779-4768" registerdate="2015-05-31 09:05:23" logindate="2014-03-31 08:03:27" comment="pede et risus. Quisque libero lacus, varius et, euismod et, commodo at, libero. Morbi accumsan laoreet ipsum. Curabitur consequat, lectus sit amet luctus vulputate, nisi sem semper erat, in consectetuer ipsum nunc id enim. Curabitur massa. Vestibulum accumsan neque et nunc. Quisque ornare tortor at risus. Nunc ac sem ut dolor dapibus gravida. Aliquam tincidunt," />
	<customer  id="162" name="Nolan" password="SDV31YKR1LD" email="Fusce@pretiumneque.net" company="Suscipit Company" address="Ap #887-9283 Arcu. Avenue" city="Kumluca" postalCode="319050" country="Uzbekistan" phone="(610) 380-5419" fax="(182) 405-0569" registerdate="2014-03-14 08:03:31" logindate="2014-09-17 09:09:06" comment="pretium aliquet, metus urna convallis erat, eget tincidunt dui augue eu tellus. Phasellus elit pede, malesuada vel, venenatis vel, faucibus id, libero. Donec consectetuer mauris id sapien. Cras dolor dolor, tempus non, lacinia at, iaculis quis, pede. Praesent eu dui. Cum sociis natoque penatibus et magnis dis parturient montes, nascetur ridiculus mus. Aenean eget magna. Suspendisse tristique neque venenatis lacus. Etiam bibendum fermentum metus. Aenean sed pede nec ante blandit viverra. Donec tempus, lorem fringilla ornare placerat, orci lacus vestibulum lorem, sit amet ultricies sem magna nec" />
	<customer  id="163" name="Urielle" password="YZN57LFH3SG" email="nec@habitantmorbitristique.org" company="Vitae Nibh Company" address="Ap #765-4172 Sem Avenue" city="Pontarlier" postalCode="6393CB" country="Australia" phone="(983) 553-9843" fax="(564) 324-3188" registerdate="2014-01-19 04:01:02" logindate="2013-09-29 02:09:26" comment="vehicula aliquet libero. Integer in magna. Phasellus dolor elit, pellentesque a, facilisis non, bibendum sed, est. Nunc laoreet lectus quis massa. Mauris vestibulum, neque sed dictum eleifend, nunc risus varius orci, in consequat enim diam vel arcu. Curabitur ut odio vel est tempor bibendum. Donec felis orci, adipiscing non, luctus sit amet, faucibus ut, nulla. Cras eu tellus eu augue porttitor interdum. Sed auctor odio a purus. Duis elementum, dui quis accumsan convallis, ante lectus convallis est, vitae sodales nisi magna sed dui. Fusce aliquam," />
	<customer  id="164" name="Cheryl" password="AAM23PXT6KZ" email="metus.eu@tristiquealiquet.com" company="Vitae Odio Sagittis Foundation" address="847 Amet Ave" city="Mussy-la-Ville" postalCode="8133" country="Central African Republic" phone="(716) 150-6392" fax="(929) 495-9244" registerdate="2014-06-10 06:06:22" logindate="2015-01-27 03:01:03" comment="libero. Integer in magna. Phasellus dolor elit, pellentesque a, facilisis non, bibendum sed, est. Nunc laoreet lectus quis massa. Mauris vestibulum, neque sed dictum eleifend, nunc risus varius orci, in consequat enim diam vel arcu. Curabitur ut odio vel est tempor bibendum. Donec felis orci, adipiscing non, luctus sit amet, faucibus ut, nulla. Cras eu tellus eu augue porttitor interdum. Sed auctor odio a purus. Duis elementum, dui quis accumsan convallis, ante" />
	<customer  id="165" name="Chelsea" password="XQF03ICS3OI" email="senectus.et.netus@tortorNunc.co.uk" company="Nascetur Ridiculus LLP" address="8264 Vitae St." city="Selva di Cadore" postalCode="25480" country="Anguilla" phone="(844) 469-0863" fax="(655) 154-1544" registerdate="2014-06-04 12:06:26" logindate="2014-02-01 10:02:41" comment="Nam tempor diam dictum sapien. Aenean massa. Integer vitae nibh. Donec est mauris, rhoncus id, mollis nec, cursus a, enim. Suspendisse aliquet, sem ut cursus luctus, ipsum leo elementum sem, vitae aliquam eros turpis non enim. Mauris quis turpis vitae purus gravida sagittis. Duis gravida. Praesent eu nulla at sem molestie sodales. Mauris blandit enim consequat purus. Maecenas libero est, congue a, aliquet vel, vulputate" />
	<customer  id="166" name="Kadeem" password="CQK38NTQ3JV" email="Fusce.dolor.quam@nibh.co.uk" company="Arcu Vestibulum Company" address="2529 Nec Road" city="Carson City" postalCode="5200" country="Brunei" phone="(266) 408-9327" fax="(535) 766-3495" registerdate="2015-04-06 03:04:11" logindate="2013-10-08 03:10:54" comment="ut, nulla. Cras eu tellus eu augue porttitor interdum. Sed auctor odio a purus. Duis elementum, dui quis accumsan convallis, ante lectus convallis est, vitae sodales nisi magna sed dui. Fusce aliquam, enim nec tempus scelerisque, lorem ipsum sodales purus, in molestie tortor nibh sit amet orci. Ut sagittis lobortis mauris. Suspendisse aliquet molestie tellus. Aenean egestas hendrerit neque. In ornare sagittis felis. Donec tempor, est ac mattis semper, dui lectus rutrum urna, nec luctus felis purus ac tellus. Suspendisse sed dolor. Fusce mi lorem, vehicula et, rutrum eu, ultrices sit amet, risus." />
	<customer  id="167" name="Emma" password="ZQG28TBP7IS" email="felis@Donecat.net" company="Justo Praesent Corp." address="P.O. Box 599, 8223 Donec Avenue" city="Santa Caterina Villarmosa" postalCode="3032NY" country="Togo" phone="(188) 516-6744" fax="(308) 133-7022" registerdate="2015-04-07 05:04:28" logindate="2013-11-15 12:11:36" comment="mattis velit justo nec ante. Maecenas mi felis, adipiscing fringilla, porttitor vulputate, posuere vulputate, lacus. Cras interdum. Nunc sollicitudin commodo ipsum. Suspendisse non leo. Vivamus nibh dolor, nonummy ac, feugiat non, lobortis quis, pede. Suspendisse dui. Fusce diam nunc, ullamcorper eu, euismod ac, fermentum vel, mauris. Integer sem elit, pharetra ut, pharetra sed, hendrerit" />
	<customer  id="168" name="Isabella" password="FEU50BWW3VF" email="tellus.non@euduiCum.edu" company="Eros PC" address="P.O. Box 801, 5449 Orci. Road" city="Darıca" postalCode="F4 4DK" country="Portugal" phone="(209) 476-4813" fax="(644) 958-7376" registerdate="2013-09-28 11:09:12" logindate="2014-05-27 03:05:46" comment="lobortis mauris. Suspendisse aliquet molestie tellus. Aenean egestas hendrerit neque. In ornare sagittis felis. Donec tempor, est ac mattis semper, dui lectus rutrum urna, nec luctus felis purus ac tellus. Suspendisse sed dolor. Fusce mi lorem, vehicula et, rutrum eu, ultrices sit amet, risus. Donec nibh enim, gravida sit amet, dapibus id, blandit at, nisi. Cum sociis natoque penatibus et magnis dis parturient montes, nascetur ridiculus mus. Proin vel nisl. Quisque fringilla euismod enim. Etiam gravida molestie arcu. Sed eu nibh vulputate mauris sagittis placerat. Cras dictum ultricies ligula. Nullam enim." />
	<customer  id="169" name="Savannah" password="VWH04XLN1TU" email="iaculis.nec.eleifend@et.co.uk" company="Purus PC" address="8265 Non Avenue" city="New Glasgow" postalCode="08837" country="Ecuador" phone="(590) 384-2714" fax="(573) 161-6149" registerdate="2014-03-21 02:03:05" logindate="2015-02-13 10:02:37" comment="turpis. Nulla aliquet. Proin velit. Sed malesuada augue ut lacus. Nulla tincidunt, neque vitae semper egestas, urna justo faucibus lectus, a sollicitudin orci sem eget massa. Suspendisse eleifend. Cras sed leo. Cras vehicula aliquet libero. Integer in magna. Phasellus dolor elit, pellentesque a, facilisis non, bibendum sed, est. Nunc laoreet lectus quis massa. Mauris vestibulum, neque sed dictum eleifend, nunc risus varius orci, in consequat" />
	<customer  id="170" name="Hayley" password="RWK70HPX6TG" email="at@Vestibulum.co.uk" company="Consectetuer Adipiscing Elit Inc." address="Ap #204-1063 Metus Rd." city="Carleton" postalCode="93113" country="Curaçao" phone="(905) 735-8097" fax="(485) 588-4854" registerdate="2015-07-01 09:07:43" logindate="2014-07-07 02:07:46" comment="odio. Aliquam vulputate ullamcorper magna. Sed eu eros. Nam consequat dolor vitae dolor. Donec fringilla. Donec feugiat metus sit amet ante. Vivamus non lorem vitae odio sagittis semper. Nam tempor diam dictum sapien. Aenean massa. Integer vitae nibh. Donec est mauris, rhoncus id, mollis nec, cursus a, enim. Suspendisse aliquet, sem ut cursus luctus, ipsum leo elementum sem, vitae aliquam eros turpis non enim. Mauris quis turpis vitae purus gravida sagittis. Duis gravida. Praesent eu nulla at sem molestie sodales." />
	<customer  id="171" name="Serina" password="PSG73QSE9KH" email="sagittis@Donecest.net" company="Dui Suspendisse Ac Corporation" address="Ap #825-4264 Sed Road" city="Champorcher" postalCode="978451" country="Curaçao" phone="(427) 262-5759" fax="(409) 153-7009" registerdate="2015-08-02 02:08:50" logindate="2015-01-23 09:01:52" comment="Nunc laoreet lectus quis massa. Mauris vestibulum, neque sed dictum eleifend, nunc risus varius orci, in consequat enim diam vel arcu. Curabitur ut odio vel est tempor bibendum. Donec felis orci, adipiscing non, luctus sit amet, faucibus ut, nulla. Cras eu tellus eu augue porttitor interdum. Sed auctor odio a purus. Duis elementum, dui quis accumsan convallis, ante lectus convallis est, vitae sodales nisi magna sed dui. Fusce aliquam, enim nec tempus scelerisque, lorem ipsum sodales purus, in molestie tortor nibh sit amet orci. Ut sagittis lobortis mauris. Suspendisse aliquet molestie tellus. Aenean egestas hendrerit neque. In ornare" />
	<customer  id="172" name="Uriah" password="ZTU60UKV2WC" email="nec.cursus.a@Donecsollicitudinadipiscing.com" company="Sed Sem Egestas Foundation" address="P.O. Box 129, 1556 Dolor, Rd." city="Verdun" postalCode="01-225" country="Tokelau" phone="(163) 107-9963" fax="(870) 161-3355" registerdate="2014-06-28 07:06:32" logindate="2014-11-09 12:11:15" comment="scelerisque neque sed sem egestas blandit. Nam nulla magna, malesuada vel, convallis in, cursus et, eros. Proin ultrices. Duis volutpat nunc sit amet metus. Aliquam erat volutpat. Nulla facilisis. Suspendisse commodo tincidunt nibh. Phasellus nulla. Integer vulputate, risus a ultricies adipiscing, enim mi tempor lorem, eget mollis lectus pede et risus. Quisque libero lacus, varius et, euismod et, commodo at, libero. Morbi accumsan laoreet ipsum. Curabitur consequat, lectus sit amet luctus vulputate, nisi sem semper erat, in consectetuer ipsum nunc id enim. Curabitur massa. Vestibulum accumsan neque et nunc. Quisque ornare tortor at risus. Nunc ac sem" />
	<customer  id="173" name="Hayes" password="GPY45FWR6JN" email="faucibus.orci.luctus@Donec.co.uk" company="Et Consulting" address="413-2763 Eget, St." city="Burcht" postalCode="2832" country="Dominican Republic" phone="(617) 179-8569" fax="(693) 934-8784" registerdate="2014-01-12 03:01:10" logindate="2013-10-08 08:10:04" comment="habitant morbi tristique senectus et netus et malesuada fames ac turpis egestas. Fusce aliquet magna a neque. Nullam ut nisi a odio semper cursus. Integer mollis. Integer tincidunt aliquam arcu. Aliquam ultrices iaculis odio. Nam interdum enim non nisi. Aenean eget metus. In nec orci. Donec nibh. Quisque nonummy ipsum non arcu. Vivamus sit amet risus. Donec egestas. Aliquam" />
	<customer  id="174" name="Logan" password="RVU59UKX5WU" email="hendrerit@laciniaat.co.uk" company="Placerat Augue Sed Consulting" address="1208 Mauris Road" city="Pointe-aux-Trembles" postalCode="93-984" country="Jamaica" phone="(778) 649-7709" fax="(818) 832-0764" registerdate="2014-12-14 01:12:18" logindate="2013-09-08 10:09:19" comment="fermentum arcu. Vestibulum ante ipsum primis in faucibus orci luctus et ultrices posuere cubilia Curae Phasellus ornare. Fusce mollis. Duis sit amet diam eu dolor egestas rhoncus. Proin nisl sem, consequat nec, mollis vitae, posuere at, velit. Cras lorem lorem, luctus ut, pellentesque eget, dictum placerat, augue. Sed molestie. Sed id risus quis diam luctus lobortis. Class aptent taciti sociosqu ad litora torquent per conubia nostra, per inceptos hymenaeos. Mauris ut quam vel sapien imperdiet ornare. In faucibus. Morbi vehicula. Pellentesque tincidunt tempus risus. Donec egestas. Duis ac arcu. Nunc mauris. Morbi non sapien molestie orci tincidunt adipiscing. Mauris molestie" />
	<customer  id="175" name="Eagan" password="FDT29QHR5FF" email="In@adipiscing.com" company="Sem Ut PC" address="P.O. Box 326, 3611 Purus. Road" city="Varna/Vahrn" postalCode="78643-856" country="Mayotte" phone="(131) 437-5453" fax="(125) 301-3009" registerdate="2015-02-16 07:02:49" logindate="2014-01-07 08:01:35" comment="In tincidunt congue turpis. In condimentum. Donec at arcu. Vestibulum ante ipsum primis in faucibus orci luctus et ultrices posuere cubilia Curae Donec tincidunt. Donec vitae erat vel pede blandit congue. In scelerisque scelerisque dui. Suspendisse ac metus vitae velit egestas lacinia. Sed congue, elit sed consequat auctor, nunc nulla vulputate dui, nec tempus mauris erat eget ipsum. Suspendisse sagittis. Nullam vitae diam. Proin dolor. Nulla semper tellus id nunc interdum feugiat. Sed nec metus facilisis lorem tristique aliquet. Phasellus fermentum convallis ligula. Donec luctus aliquet odio. Etiam ligula tortor, dictum eu, placerat eget," />
	<customer  id="176" name="Raya" password="FMQ92HBC6PE" email="risus@Sednullaante.edu" company="Magna A Limited" address="4108 Rutrum. Av." city="Leuze" postalCode="26753" country="Saint Helena, Ascension and Tristan da Cunha" phone="(528) 787-2729" fax="(560) 265-8351" registerdate="2014-08-18 09:08:53" logindate="2013-09-16 10:09:12" comment="iaculis enim, sit amet ornare lectus justo eu arcu. Morbi sit amet massa. Quisque porttitor eros nec tellus. Nunc lectus pede, ultrices a, auctor non, feugiat nec, diam. Duis mi enim, condimentum eget, volutpat ornare, facilisis eget, ipsum. Donec sollicitudin adipiscing ligula. Aenean gravida nunc sed pede. Cum sociis natoque penatibus et magnis dis parturient montes, nascetur ridiculus mus. Proin vel arcu eu odio tristique pharetra. Quisque ac libero nec ligula consectetuer rhoncus. Nullam velit dui, semper et, lacinia" />
	<customer  id="177" name="Kevin" password="VIG55UYF3IT" email="vitae@Suspendissealiquetmolestie.com" company="Lorem Eu Metus Institute" address="818-880 Erat. Ave" city="Fusignano" postalCode="8745" country="Afghanistan" phone="(689) 913-1070" fax="(234) 157-7217" registerdate="2014-01-01 10:01:51" logindate="2014-05-24 07:05:56" comment="justo nec ante. Maecenas mi felis, adipiscing fringilla, porttitor vulputate, posuere vulputate, lacus. Cras interdum. Nunc sollicitudin commodo ipsum. Suspendisse non leo. Vivamus nibh dolor, nonummy ac, feugiat non, lobortis quis, pede. Suspendisse dui. Fusce diam nunc, ullamcorper eu, euismod ac, fermentum vel, mauris. Integer sem elit, pharetra ut, pharetra sed, hendrerit a, arcu. Sed et libero. Proin mi. Aliquam gravida mauris ut mi. Duis risus odio, auctor vitae, aliquet nec, imperdiet nec, leo. Morbi neque tellus, imperdiet non, vestibulum nec," />
	<customer  id="178" name="Dale" password="NOA98SJO1WW" email="Ut.nec@PhasellusnullaInteger.com" company="Aptent Taciti Sociosqu PC" address="Ap #716-8220 Ut, Av." city="Porpetto" postalCode="5767" country="Ukraine" phone="(504) 484-0058" fax="(890) 537-1125" registerdate="2015-05-10 08:05:56" logindate="2015-07-09 04:07:18" comment="dui. Fusce aliquam, enim nec tempus scelerisque, lorem ipsum sodales purus, in molestie tortor nibh sit amet orci. Ut sagittis lobortis mauris. Suspendisse aliquet molestie tellus. Aenean egestas hendrerit neque. In ornare sagittis felis. Donec tempor, est ac mattis semper, dui lectus rutrum urna, nec luctus felis purus ac tellus. Suspendisse sed dolor. Fusce mi lorem, vehicula et, rutrum eu, ultrices sit amet," />
	<customer  id="179" name="Macaulay" password="HVM85BPM7LK" email="dapibus@Cras.org" company="Eros Proin Ultrices LLC" address="986-5471 Velit Av." city="Dietzenbach" postalCode="05956" country="Colombia" phone="(439) 721-1499" fax="(906) 620-6215" registerdate="2015-04-06 12:04:30" logindate="2014-07-29 08:07:18" comment="lobortis risus. In mi pede, nonummy ut, molestie in, tempus eu, ligula. Aenean euismod mauris eu elit. Nulla facilisi. Sed neque. Sed eget lacus. Mauris non dui nec urna suscipit nonummy. Fusce fermentum fermentum arcu. Vestibulum ante ipsum primis in faucibus orci luctus et ultrices posuere cubilia Curae Phasellus ornare. Fusce mollis. Duis sit amet diam eu dolor egestas rhoncus. Proin nisl sem, consequat nec, mollis vitae, posuere at, velit. Cras lorem lorem, luctus ut, pellentesque eget, dictum placerat, augue." />
	<customer  id="180" name="Demetria" password="FAH40TYJ3IA" email="diam@Ut.ca" company="Felis Donec Tempor LLC" address="9445 Donec Rd." city="Valda" postalCode="472321" country="Saudi Arabia" phone="(926) 130-0030" fax="(257) 306-4898" registerdate="2013-10-18 04:10:15" logindate="2015-06-27 02:06:12" comment="non, lobortis quis, pede. Suspendisse dui. Fusce diam nunc, ullamcorper eu, euismod ac, fermentum vel, mauris. Integer sem elit, pharetra ut, pharetra sed, hendrerit a, arcu. Sed et libero. Proin mi. Aliquam gravida mauris ut mi. Duis risus odio, auctor vitae, aliquet nec, imperdiet nec, leo. Morbi neque tellus, imperdiet non, vestibulum nec, euismod in, dolor. Fusce feugiat. Lorem ipsum dolor sit amet, consectetuer adipiscing elit. Aliquam" />
	<customer  id="181" name="Montana" password="PDW31RWP0ON" email="massa.lobortis@libero.net" company="Non Corporation" address="P.O. Box 789, 6503 Mauris, Road" city="Saint-Médard-en-Jalles" postalCode="84865" country="Uganda" phone="(276) 302-9619" fax="(994) 666-0881" registerdate="2015-03-28 12:03:03" logindate="2014-09-26 07:09:16" comment="ipsum primis in faucibus orci luctus et ultrices posuere cubilia Curae Phasellus ornare. Fusce mollis. Duis sit amet diam eu dolor egestas rhoncus. Proin nisl sem, consequat nec, mollis vitae, posuere at, velit. Cras lorem lorem, luctus ut, pellentesque eget, dictum placerat, augue. Sed molestie. Sed id risus quis diam luctus lobortis. Class aptent taciti sociosqu ad litora torquent per conubia nostra," />
	<customer  id="182" name="Wallace" password="LGU22EZG9LJ" email="sed.turpis@ametfaucibus.edu" company="Magnis Dis Ltd" address="Ap #332-8562 Proin Avenue" city="Siegendorf" postalCode="22675" country="Lebanon" phone="(996) 862-3547" fax="(743) 717-8474" registerdate="2015-04-26 09:04:46" logindate="2015-05-18 12:05:53" comment="tempor arcu. Vestibulum ut eros non enim commodo hendrerit. Donec porttitor tellus non magna. Nam ligula elit, pretium et, rutrum non, hendrerit id, ante. Nunc mauris sapien, cursus in, hendrerit consectetuer, cursus et, magna. Praesent interdum ligula eu enim. Etiam imperdiet dictum magna. Ut tincidunt orci quis lectus. Nullam suscipit, est ac facilisis facilisis, magna tellus faucibus leo, in lobortis tellus justo sit amet nulla. Donec non justo. Proin non massa non ante bibendum ullamcorper. Duis cursus, diam at pretium aliquet, metus urna convallis erat, eget tincidunt dui augue eu tellus. Phasellus elit" />
	<customer  id="183" name="Tana" password="UXF30FSY8PX" email="aliquet.sem@commodoauctorvelit.co.uk" company="Auctor Velit Institute" address="P.O. Box 759, 4935 Ac Av." city="Tracadie-Shelia" postalCode="10080-483" country="Virgin Islands, British" phone="(888) 471-1954" fax="(577) 340-6852" registerdate="2014-12-19 02:12:47" logindate="2014-10-14 08:10:04" comment="felis purus ac tellus. Suspendisse sed dolor. Fusce mi lorem, vehicula et, rutrum eu, ultrices sit amet, risus. Donec nibh enim, gravida sit amet, dapibus id, blandit at, nisi. Cum sociis natoque penatibus et magnis dis parturient montes, nascetur ridiculus mus. Proin vel nisl. Quisque fringilla euismod enim. Etiam gravida molestie arcu. Sed eu nibh vulputate mauris sagittis placerat. Cras dictum ultricies ligula. Nullam enim. Sed nulla ante, iaculis nec, eleifend non, dapibus rutrum, justo. Praesent luctus. Curabitur egestas nunc sed libero. Proin sed turpis nec mauris blandit mattis. Cras eget nisi dictum augue malesuada malesuada. Integer id magna" />
	<customer  id="184" name="Myra" password="IBG56QQW1UZ" email="nec@pretium.com" company="Iaculis Nec Corporation" address="Ap #717-4748 Vulputate, Rd." city="Pallavaram" postalCode="V2Y 8L5" country="Panama" phone="(610) 696-3242" fax="(488) 662-2676" registerdate="2015-04-07 06:04:09" logindate="2014-06-12 10:06:31" comment="morbi tristique senectus et netus et malesuada fames ac turpis egestas. Aliquam fringilla cursus purus. Nullam scelerisque neque sed sem egestas blandit. Nam nulla magna, malesuada vel, convallis in, cursus et, eros. Proin ultrices. Duis volutpat nunc sit amet metus. Aliquam erat volutpat. Nulla facilisis. Suspendisse commodo tincidunt nibh. Phasellus nulla. Integer vulputate," />
	<customer  id="185" name="Alexis" password="NSB37LBB8XQ" email="Cras.eu@pellentesque.edu" company="Varius Ultrices Associates" address="Ap #245-2826 Ornare Street" city="Dunbar" postalCode="708315" country="Czech Republic" phone="(982) 758-3863" fax="(912) 144-1334" registerdate="2014-09-05 02:09:42" logindate="2014-01-15 04:01:50" comment="ullamcorper viverra. Maecenas iaculis aliquet diam. Sed diam lorem, auctor quis, tristique ac, eleifend vitae, erat. Vivamus nisi. Mauris nulla. Integer urna. Vivamus molestie dapibus ligula. Aliquam erat volutpat. Nulla dignissim. Maecenas ornare egestas ligula. Nullam feugiat placerat velit. Quisque varius. Nam porttitor scelerisque neque. Nullam nisl. Maecenas malesuada fringilla est. Mauris eu turpis. Nulla aliquet. Proin velit. Sed malesuada augue ut lacus. Nulla tincidunt, neque vitae semper egestas, urna justo faucibus lectus, a sollicitudin orci sem eget massa. Suspendisse eleifend. Cras sed leo. Cras vehicula aliquet libero. Integer in magna. Phasellus dolor elit, pellentesque a, facilisis" />
	<customer  id="186" name="Owen" password="DWE79XRT2YR" email="ultricies@elementum.co.uk" company="Natoque Associates" address="Ap #142-4702 Faucibus. St." city="Gosnells" postalCode="756118" country="Samoa" phone="(733) 824-6529" fax="(840) 852-0191" registerdate="2015-05-25 06:05:20" logindate="2014-10-09 10:10:13" comment="ornare placerat, orci lacus vestibulum lorem, sit amet ultricies sem magna nec quam. Curabitur vel lectus. Cum sociis natoque penatibus et magnis dis parturient montes, nascetur ridiculus mus. Donec dignissim magna a tortor. Nunc commodo auctor velit. Aliquam nisl. Nulla eu neque pellentesque massa lobortis ultrices. Vivamus rhoncus. Donec est. Nunc ullamcorper, velit in aliquet lobortis, nisi nibh lacinia orci, consectetuer euismod est arcu ac orci. Ut semper pretium neque. Morbi quis urna. Nunc quis arcu vel quam dignissim pharetra. Nam ac nulla. In tincidunt congue turpis. In condimentum." />
	<customer  id="187" name="Beverly" password="ZBI15EKV6XX" email="Mauris.magna.Duis@cubiliaCurae.com" company="Lectus Nullam Consulting" address="3063 Ante Road" city="Te Awamutu" postalCode="71618" country="United States Minor Outlying Islands" phone="(845) 446-3951" fax="(536) 316-6825" registerdate="2014-12-13 08:12:20" logindate="2015-02-23 12:02:10" comment="amet risus. Donec egestas. Aliquam nec enim. Nunc ut erat. Sed nunc est, mollis non, cursus non, egestas a, dui. Cras pellentesque. Sed dictum. Proin eget odio. Aliquam vulputate ullamcorper magna. Sed eu eros. Nam consequat dolor vitae dolor. Donec fringilla. Donec feugiat metus sit amet ante. Vivamus non lorem vitae odio sagittis semper. Nam tempor diam dictum sapien. Aenean massa. Integer vitae nibh. Donec est mauris, rhoncus id, mollis nec, cursus a, enim. Suspendisse aliquet, sem ut cursus luctus, ipsum leo elementum sem, vitae aliquam eros turpis non enim. Mauris quis turpis vitae purus gravida" />
	<customer  id="188" name="Dorian" password="AXK74RIM6YN" email="mi@Sed.edu" company="Mollis Corporation" address="310-9307 Duis St." city="Nieuwkapelle" postalCode="4901TD" country="Belarus" phone="(851) 167-9875" fax="(696) 804-3825" registerdate="2014-10-23 06:10:11" logindate="2014-11-21 09:11:19" comment="nulla. Integer urna. Vivamus molestie dapibus ligula. Aliquam erat volutpat. Nulla dignissim. Maecenas ornare egestas ligula. Nullam feugiat placerat velit. Quisque varius. Nam porttitor scelerisque neque. Nullam nisl. Maecenas malesuada fringilla est. Mauris eu turpis. Nulla aliquet. Proin velit. Sed malesuada augue ut lacus. Nulla tincidunt, neque vitae semper egestas, urna justo faucibus lectus, a sollicitudin orci sem eget massa. Suspendisse eleifend. Cras sed leo. Cras vehicula aliquet libero. Integer in magna. Phasellus" />
	<customer  id="189" name="Halee" password="CPV23MSX6GU" email="ac.tellus.Suspendisse@malesuada.net" company="A Ltd" address="Ap #113-610 In Rd." city="Edmundston" postalCode="85451" country="Jordan" phone="(564) 226-7950" fax="(792) 737-9503" registerdate="2014-11-10 07:11:44" logindate="2015-01-14 10:01:19" comment="erat nonummy ultricies ornare, elit elit fermentum risus, at fringilla purus mauris a nunc. In at pede. Cras vulputate velit eu sem. Pellentesque ut ipsum ac mi eleifend egestas. Sed pharetra, felis eget varius ultrices, mauris ipsum porta elit, a feugiat tellus lorem eu metus. In lorem. Donec elementum, lorem ut aliquam iaculis, lacus pede sagittis augue, eu tempor erat neque non quam. Pellentesque habitant morbi tristique senectus et netus et malesuada fames ac turpis egestas. Aliquam fringilla cursus purus. Nullam scelerisque neque sed sem egestas blandit. Nam nulla magna, malesuada vel," />
	<customer  id="190" name="Tanisha" password="FSX19BGT1BZ" email="vehicula@massa.co.uk" company="Vehicula LLP" address="P.O. Box 107, 4142 Consectetuer Street" city="Gaasbeek" postalCode="6263" country="Slovenia" phone="(358) 409-5683" fax="(588) 362-8393" registerdate="2014-07-18 05:07:11" logindate="2015-08-10 11:08:50" comment="quis lectus. Nullam suscipit, est ac facilisis facilisis, magna tellus faucibus leo, in lobortis tellus justo sit amet nulla. Donec non justo. Proin non massa non ante bibendum ullamcorper. Duis cursus, diam at pretium aliquet, metus urna convallis erat, eget tincidunt dui augue eu tellus. Phasellus elit pede, malesuada vel, venenatis vel, faucibus id, libero. Donec consectetuer mauris id sapien. Cras dolor dolor, tempus non, lacinia at, iaculis quis, pede. Praesent eu dui. Cum sociis natoque penatibus et magnis dis parturient montes, nascetur ridiculus mus. Aenean eget magna. Suspendisse tristique neque venenatis lacus. Etiam bibendum fermentum metus. Aenean sed pede" />
	<customer  id="191" name="Jillian" password="EWI05AYI7WY" email="Vivamus.molestie.dapibus@Etiamvestibulum.com" company="Nascetur Consulting" address="121-3792 Mauris Avenue" city="Santo Stefano Quisquina" postalCode="11700" country="Brazil" phone="(185) 337-0787" fax="(454) 990-3057" registerdate="2014-05-13 04:05:22" logindate="2014-12-22 09:12:52" comment="lacus. Cras interdum. Nunc sollicitudin commodo ipsum. Suspendisse non leo. Vivamus nibh dolor, nonummy ac, feugiat non, lobortis quis, pede. Suspendisse dui. Fusce diam nunc, ullamcorper eu, euismod ac, fermentum vel, mauris. Integer sem elit, pharetra ut, pharetra sed, hendrerit a, arcu. Sed et libero. Proin mi. Aliquam gravida mauris ut" />
	<customer  id="192" name="Priscilla" password="EUG50YSY6EF" email="egestas.lacinia@massaQuisqueporttitor.com" company="Mi Lacinia Mattis Foundation" address="199-3524 Dui St." city="Akola" postalCode="50118" country="Nicaragua" phone="(817) 831-6213" fax="(531) 223-8063" registerdate="2014-06-17 06:06:46" logindate="2014-03-29 10:03:18" comment="ornare. Fusce mollis. Duis sit amet diam eu dolor egestas rhoncus. Proin nisl sem, consequat nec, mollis vitae, posuere at, velit. Cras lorem lorem, luctus ut, pellentesque eget, dictum placerat, augue. Sed molestie. Sed id risus quis diam luctus lobortis. Class aptent taciti sociosqu ad litora torquent per conubia nostra, per inceptos hymenaeos. Mauris ut quam vel sapien imperdiet ornare. In faucibus. Morbi vehicula. Pellentesque tincidunt tempus risus. Donec egestas. Duis ac arcu. Nunc mauris. Morbi non sapien molestie orci tincidunt adipiscing. Mauris molestie pharetra nibh. Aliquam ornare, libero at" />
	<customer  id="193" name="Marah" password="GNG02IKX0JQ" email="arcu.Sed@mi.ca" company="Ut Tincidunt Industries" address="920 At Ave" city="Fallo" postalCode="706409" country="Uganda" phone="(373) 759-5188" fax="(781) 715-8826" registerdate="2013-12-16 09:12:45" logindate="2014-12-03 07:12:50" comment="felis purus ac tellus. Suspendisse sed dolor. Fusce mi lorem, vehicula et, rutrum eu, ultrices sit amet, risus. Donec nibh enim, gravida sit amet, dapibus id, blandit at, nisi. Cum sociis natoque penatibus et magnis dis parturient montes, nascetur ridiculus mus. Proin vel nisl. Quisque fringilla euismod enim. Etiam gravida molestie arcu. Sed eu nibh vulputate mauris sagittis placerat. Cras dictum ultricies ligula. Nullam enim. Sed nulla ante, iaculis nec, eleifend non, dapibus rutrum, justo. Praesent luctus. Curabitur egestas nunc sed libero. Proin sed turpis nec mauris blandit mattis. Cras eget nisi dictum augue malesuada malesuada. Integer" />
	<customer  id="194" name="Boris" password="YHE85ZVH2GH" email="pede.ultrices@sagittis.org" company="Dolor Sit Amet LLP" address="Ap #863-515 Aliquam St." city="Brunn am Gebirge" postalCode="5466" country="Korea, South" phone="(480) 843-8136" fax="(645) 613-1778" registerdate="2014-10-21 10:10:17" logindate="2014-08-19 04:08:41" comment="purus. Maecenas libero est, congue a, aliquet vel, vulputate eu, odio. Phasellus at augue id ante dictum cursus. Nunc mauris elit, dictum eu, eleifend nec, malesuada ut, sem. Nulla interdum. Curabitur dictum. Phasellus in felis. Nulla tempor augue ac ipsum. Phasellus vitae mauris sit amet lorem semper auctor. Mauris vel turpis. Aliquam adipiscing lobortis risus. In mi pede, nonummy ut, molestie in, tempus eu, ligula. Aenean euismod mauris eu elit. Nulla facilisi. Sed neque. Sed eget lacus." />
	<customer  id="195" name="Fleur" password="QAK87LNQ5FK" email="urna@anunc.ca" company="Nullam Associates" address="P.O. Box 338, 8340 Scelerisque St." city="Pereto" postalCode="X5J 2V4" country="Australia" phone="(171) 292-4515" fax="(532) 719-4408" registerdate="2015-06-08 02:06:35" logindate="2014-06-30 09:06:51" comment="viverra. Donec tempus, lorem fringilla ornare placerat, orci lacus vestibulum lorem, sit amet ultricies sem magna nec quam. Curabitur vel lectus. Cum sociis natoque penatibus et magnis dis parturient montes, nascetur ridiculus mus. Donec dignissim magna a tortor. Nunc commodo auctor velit. Aliquam nisl. Nulla eu neque pellentesque massa lobortis ultrices. Vivamus rhoncus. Donec est. Nunc ullamcorper, velit in aliquet lobortis, nisi nibh lacinia orci," />
	<customer  id="196" name="Maggie" password="SQA09WVA2GU" email="netus.et@facilisi.co.uk" company="Pellentesque Ultricies Dignissim LLC" address="9747 Odio Rd." city="Carson City" postalCode="19461" country="Canada" phone="(981) 655-0332" fax="(462) 401-5345" registerdate="2014-08-02 02:08:29" logindate="2015-01-30 04:01:14" comment="sapien, cursus in, hendrerit consectetuer, cursus et, magna. Praesent interdum ligula eu enim. Etiam imperdiet dictum magna. Ut tincidunt orci quis lectus. Nullam suscipit, est ac facilisis facilisis, magna tellus faucibus leo, in lobortis tellus justo sit amet nulla. Donec non justo. Proin non massa non ante bibendum ullamcorper. Duis cursus, diam" />
	<customer  id="197" name="Yoko" password="ARP15JZM3SQ" email="Quisque.ac.libero@Praesentinterdumligula.org" company="Interdum Ligula Eu Consulting" address="262-653 Donec Rd." city="Gelsenkirchen" postalCode="3419PD" country="British Indian Ocean Territory" phone="(324) 308-0675" fax="(630) 547-0685" registerdate="2013-10-29 04:10:43" logindate="2013-10-24 02:10:28" comment="velit. Aliquam nisl. Nulla eu neque pellentesque massa lobortis ultrices. Vivamus rhoncus. Donec est. Nunc ullamcorper, velit in aliquet lobortis, nisi nibh lacinia orci, consectetuer euismod est arcu ac orci. Ut semper pretium neque. Morbi quis urna. Nunc quis arcu vel quam dignissim pharetra. Nam ac nulla. In tincidunt congue turpis. In condimentum. Donec at arcu. Vestibulum ante ipsum primis in faucibus orci luctus et ultrices posuere cubilia Curae Donec tincidunt. Donec vitae erat vel pede blandit congue. In scelerisque scelerisque dui. Suspendisse ac metus vitae velit egestas lacinia. Sed congue, elit sed consequat" />
	<customer  id="198" name="Aline" password="ZMR63AMS7IL" email="faucibus.orci@iaculisquis.ca" company="Nonummy Inc." address="1253 Penatibus Avenue" city="Klabbeek" postalCode="18153-357" country="Northern Mariana Islands" phone="(130) 169-9627" fax="(537) 212-9778" registerdate="2015-06-18 12:06:48" logindate="2015-03-10 12:03:52" comment="sit amet, faucibus ut, nulla. Cras eu tellus eu augue porttitor interdum. Sed auctor odio a purus. Duis elementum, dui quis accumsan convallis, ante lectus convallis est, vitae sodales nisi magna sed dui. Fusce aliquam, enim nec tempus scelerisque, lorem ipsum sodales purus, in molestie tortor nibh sit amet orci. Ut sagittis" />
	<customer  id="199" name="Cairo" password="AIA97WSY5NE" email="est.mollis.non@In.co.uk" company="Auctor Foundation" address="Ap #415-5217 Nascetur Road" city="Millet" postalCode="P1F 2XH" country="Congo (Brazzaville)" phone="(533) 875-5899" fax="(426) 569-8979" registerdate="2013-09-24 12:09:13" logindate="2015-02-12 11:02:36" comment="Suspendisse ac metus vitae velit egestas lacinia. Sed congue, elit sed consequat auctor, nunc nulla vulputate dui, nec tempus mauris erat eget ipsum. Suspendisse sagittis. Nullam vitae diam. Proin dolor. Nulla semper tellus id nunc interdum feugiat. Sed nec metus facilisis lorem tristique aliquet. Phasellus fermentum convallis ligula. Donec luctus aliquet odio. Etiam ligula tortor, dictum eu, placerat eget, venenatis a, magna." />
	<customer  id="200" name="Tara" password="PKG78BNS5WJ" email="felis@quamvel.ca" company="Malesuada Corp." address="319-7748 Tristique St." city="Bourlers" postalCode="9878" country="New Zealand" phone="(976) 776-6206" fax="(861) 170-5387" registerdate="2014-06-03 03:06:21" logindate="2014-10-26 10:10:45" comment="velit. Quisque varius. Nam porttitor scelerisque neque. Nullam nisl. Maecenas malesuada fringilla est. Mauris eu turpis. Nulla aliquet. Proin velit. Sed malesuada augue ut lacus. Nulla tincidunt, neque vitae semper egestas, urna justo faucibus lectus, a sollicitudin orci sem eget massa. Suspendisse eleifend. Cras sed leo. Cras vehicula aliquet libero. Integer in magna. Phasellus dolor elit, pellentesque a, facilisis non, bibendum sed, est. Nunc laoreet lectus quis massa. Mauris" />
	<customer  id="201" name="Bernard" password="GOX04CRP0NK" email="massa.Vestibulum@mollisInteger.edu" company="Quis LLC" address="Ap #441-1056 Massa. Ave" city="Uitkerke" postalCode="32542" country="Sint Maarten" phone="(872) 881-9269" fax="(770) 653-7983" registerdate="2014-02-15 04:02:44" logindate="2015-06-01 09:06:34" comment="hymenaeos. Mauris ut quam vel sapien imperdiet ornare. In faucibus. Morbi vehicula. Pellentesque tincidunt tempus risus. Donec egestas. Duis ac arcu. Nunc mauris. Morbi non sapien molestie orci tincidunt adipiscing. Mauris molestie pharetra nibh. Aliquam ornare, libero at auctor ullamcorper, nisl arcu iaculis enim, sit amet ornare lectus justo eu arcu. Morbi sit amet massa. Quisque porttitor eros nec tellus. Nunc lectus pede, ultrices" />
	<customer  id="202" name="Mary" password="QET94XIL6LP" email="Proin@nulla.co.uk" company="Non Consulting" address="P.O. Box 902, 4726 Metus Rd." city="Fl�nu" postalCode="24844" country="Christmas Island" phone="(322) 898-6386" fax="(589) 266-8554" registerdate="2015-06-23 09:06:13" logindate="2015-04-10 01:04:33" comment="ridiculus mus. Proin vel arcu eu odio tristique pharetra. Quisque ac libero nec ligula consectetuer rhoncus. Nullam velit dui, semper et, lacinia vitae, sodales at, velit. Pellentesque ultricies dignissim lacus. Aliquam rutrum lorem ac risus. Morbi metus. Vivamus euismod urna. Nullam lobortis quam a felis ullamcorper viverra. Maecenas iaculis aliquet diam. Sed diam lorem, auctor quis, tristique ac, eleifend vitae, erat. Vivamus nisi. Mauris nulla. Integer urna. Vivamus molestie dapibus ligula. Aliquam erat volutpat. Nulla dignissim. Maecenas ornare egestas ligula. Nullam feugiat placerat velit. Quisque" />
	<customer  id="203" name="Ella" password="FTA77HJB7RA" email="Duis.dignissim@dignissimMaecenas.ca" company="Enim Condimentum Eget Corp." address="528-3917 Cursus Road" city="Hoogstraten" postalCode="51308" country="Nepal" phone="(610) 261-9275" fax="(998) 119-1337" registerdate="2014-08-07 09:08:05" logindate="2014-09-24 04:09:03" comment="pede. Praesent eu dui. Cum sociis natoque penatibus et magnis dis parturient montes, nascetur ridiculus mus. Aenean eget magna. Suspendisse tristique neque venenatis lacus. Etiam bibendum fermentum metus. Aenean sed pede nec ante blandit viverra. Donec tempus, lorem fringilla ornare placerat, orci lacus vestibulum lorem, sit amet ultricies sem magna" />
	<customer  id="204" name="Eve" password="NKA31KLD0CD" email="Phasellus.elit.pede@cursus.com" company="Sociis Natoque Penatibus Institute" address="P.O. Box 686, 559 Eros. St." city="Zwolle" postalCode="SI08 9PW" country="Finland" phone="(689) 771-0511" fax="(295) 672-4429" registerdate="2014-01-07 09:01:12" logindate="2014-12-03 07:12:47" comment="porttitor tellus non magna. Nam ligula elit, pretium et, rutrum non, hendrerit id, ante. Nunc mauris sapien, cursus in, hendrerit consectetuer, cursus et, magna. Praesent interdum ligula eu enim. Etiam imperdiet dictum magna. Ut tincidunt orci quis lectus. Nullam suscipit, est ac facilisis facilisis, magna tellus faucibus leo, in lobortis tellus justo sit amet nulla. Donec non justo. Proin non massa non ante bibendum ullamcorper. Duis cursus, diam at pretium aliquet," />
	<customer  id="205" name="Alexandra" password="QZA13PXW2BZ" email="ante.Maecenas@hendreritDonec.org" company="Non Sollicitudin A Incorporated" address="999-2647 Non Av." city="Sikar" postalCode="Y8K 9W2" country="Vanuatu" phone="(776) 527-8398" fax="(830) 538-9105" registerdate="2014-01-02 10:01:26" logindate="2014-12-30 04:12:08" comment="semper et, lacinia vitae, sodales at, velit. Pellentesque ultricies dignissim lacus. Aliquam rutrum lorem ac risus. Morbi metus. Vivamus euismod urna. Nullam lobortis quam a felis ullamcorper viverra. Maecenas iaculis aliquet diam. Sed diam lorem, auctor quis, tristique ac, eleifend vitae, erat. Vivamus nisi. Mauris nulla. Integer urna. Vivamus molestie dapibus ligula. Aliquam erat volutpat. Nulla dignissim. Maecenas ornare egestas ligula. Nullam feugiat placerat velit. Quisque varius. Nam porttitor scelerisque neque. Nullam nisl. Maecenas malesuada fringilla est. Mauris eu turpis. Nulla" />
	<customer  id="206" name="Kylynn" password="HYE09NJH7ZZ" email="pede.nonummy.ut@turpis.org" company="Proin Corporation" address="Ap #896-4946 Sed Rd." city="Épinal" postalCode="11833-390" country="Lebanon" phone="(764) 878-8202" fax="(679) 123-4027" registerdate="2014-03-26 10:03:50" logindate="2014-10-02 01:10:38" comment="sagittis placerat. Cras dictum ultricies ligula. Nullam enim. Sed nulla ante, iaculis nec, eleifend non, dapibus rutrum, justo. Praesent luctus. Curabitur egestas nunc sed libero. Proin sed turpis nec mauris blandit mattis. Cras eget nisi dictum augue malesuada malesuada. Integer id magna et ipsum cursus vestibulum. Mauris magna. Duis dignissim tempor arcu. Vestibulum ut eros non enim commodo hendrerit. Donec porttitor tellus non magna. Nam ligula elit, pretium et, rutrum non, hendrerit id, ante." />
	<customer  id="207" name="Amena" password="UQI99NTL1YH" email="tellus.non.magna@feugiatplaceratvelit.co.uk" company="Mauris Foundation" address="8372 Dolor Avenue" city="Rueil-Malmaison" postalCode="291051" country="Montenegro" phone="(523) 730-7202" fax="(334) 676-7512" registerdate="2014-12-12 03:12:22" logindate="2014-05-01 12:05:54" comment="Cras lorem lorem, luctus ut, pellentesque eget, dictum placerat, augue. Sed molestie. Sed id risus quis diam luctus lobortis. Class aptent taciti sociosqu ad litora torquent per conubia nostra, per inceptos hymenaeos. Mauris ut quam vel sapien imperdiet ornare. In faucibus. Morbi vehicula. Pellentesque tincidunt tempus risus. Donec egestas. Duis ac arcu. Nunc mauris. Morbi non sapien molestie orci tincidunt adipiscing. Mauris molestie pharetra nibh. Aliquam ornare, libero at auctor ullamcorper, nisl arcu iaculis enim, sit" />
	<customer  id="208" name="Hedy" password="WYV89MBB5JF" email="dignissim.lacus.Aliquam@laciniaat.edu" company="Nisi LLP" address="380-9988 Nec, Street" city="Pietrarubbia" postalCode="71003" country="Antigua and Barbuda" phone="(977) 583-9462" fax="(540) 639-1139" registerdate="2013-10-01 06:10:35" logindate="2014-12-07 02:12:14" comment="iaculis quis, pede. Praesent eu dui. Cum sociis natoque penatibus et magnis dis parturient montes, nascetur ridiculus mus. Aenean eget magna. Suspendisse tristique neque venenatis lacus. Etiam bibendum fermentum metus. Aenean sed pede nec ante blandit viverra. Donec tempus, lorem fringilla ornare placerat, orci lacus vestibulum lorem, sit amet ultricies sem magna nec quam. Curabitur vel lectus. Cum sociis natoque penatibus et magnis dis parturient montes, nascetur ridiculus mus. Donec dignissim magna a" />
	<customer  id="209" name="Eric" password="COC76DMX4JP" email="Proin.dolor@elitAliquam.org" company="Leo Cras Vehicula Foundation" address="3738 Laoreet St." city="Chatillon" postalCode="165643" country="Macao" phone="(482) 463-1406" fax="(154) 795-6937" registerdate="2015-02-12 09:02:35" logindate="2014-11-24 03:11:29" comment="justo nec ante. Maecenas mi felis, adipiscing fringilla, porttitor vulputate, posuere vulputate, lacus. Cras interdum. Nunc sollicitudin commodo ipsum. Suspendisse non leo. Vivamus nibh dolor, nonummy ac, feugiat non, lobortis quis, pede. Suspendisse dui. Fusce diam nunc, ullamcorper eu, euismod ac, fermentum vel, mauris. Integer sem elit, pharetra ut, pharetra sed, hendrerit a, arcu. Sed et libero. Proin mi. Aliquam gravida mauris ut mi. Duis risus odio, auctor vitae," />
	<customer  id="210" name="Xanthus" password="TCK62NON3NW" email="lobortis.augue@imperdieterat.net" company="Praesent LLP" address="9984 Aenean Ave" city="Kansas City" postalCode="2347" country="Korea, North" phone="(674) 985-5795" fax="(582) 266-4693" registerdate="2014-04-06 03:04:50" logindate="2014-05-21 05:05:12" comment="facilisis facilisis, magna tellus faucibus leo, in lobortis tellus justo sit amet nulla. Donec non justo. Proin non massa non ante bibendum ullamcorper. Duis cursus, diam at pretium aliquet, metus urna convallis erat, eget tincidunt dui augue eu tellus. Phasellus elit pede, malesuada vel, venenatis vel, faucibus id, libero. Donec consectetuer mauris id" />
	<customer  id="211" name="Joshua" password="ZRL79EAX4MN" email="vel@feugiatLorem.co.uk" company="Magna Nam Ligula Corp." address="564-1308 Nonummy Avenue" city="Malle" postalCode="86934-198" country="Gabon" phone="(281) 940-2273" fax="(597) 439-0723" registerdate="2015-08-03 06:08:04" logindate="2014-03-02 02:03:04" comment="habitant morbi tristique senectus et netus et malesuada fames ac turpis egestas. Fusce aliquet magna a neque. Nullam ut nisi a odio semper cursus. Integer mollis. Integer tincidunt aliquam arcu. Aliquam ultrices iaculis odio. Nam interdum enim non nisi. Aenean eget metus. In nec orci. Donec nibh. Quisque nonummy ipsum non arcu. Vivamus sit amet risus. Donec egestas. Aliquam nec enim. Nunc ut erat. Sed nunc est, mollis non, cursus non, egestas a, dui. Cras pellentesque. Sed dictum. Proin eget odio. Aliquam vulputate ullamcorper magna. Sed eu eros. Nam consequat dolor vitae dolor. Donec fringilla. Donec feugiat metus sit" />
	<customer  id="212" name="Illana" password="KFC07KVG6DT" email="ornare.lectus@Seddiam.co.uk" company="Aliquam Rutrum Lorem Industries" address="578-5861 At Rd." city="Balfour" postalCode="29313" country="French Guiana" phone="(908) 275-8601" fax="(691) 185-7647" registerdate="2015-06-15 03:06:13" logindate="2015-07-29 04:07:46" comment="libero lacus, varius et, euismod et, commodo at, libero. Morbi accumsan laoreet ipsum. Curabitur consequat, lectus sit amet luctus vulputate, nisi sem semper erat, in consectetuer ipsum nunc id enim. Curabitur massa. Vestibulum accumsan neque et nunc. Quisque ornare tortor at risus. Nunc ac sem ut dolor dapibus gravida. Aliquam tincidunt, nunc ac mattis ornare, lectus ante dictum mi, ac mattis velit justo nec ante. Maecenas mi felis, adipiscing fringilla, porttitor vulputate, posuere vulputate, lacus. Cras interdum. Nunc sollicitudin commodo ipsum. Suspendisse non leo. Vivamus nibh dolor, nonummy ac, feugiat non, lobortis quis, pede. Suspendisse dui. Fusce" />
	<customer  id="213" name="Uta" password="FVL73LZP8LK" email="Donec.nibh@Quisque.ca" company="Nullam Feugiat Industries" address="2498 Consectetuer, Avenue" city="Musselburgh" postalCode="50853" country="Falkland Islands" phone="(193) 889-7593" fax="(103) 266-5252" registerdate="2013-10-14 12:10:45" logindate="2014-05-31 08:05:16" comment="pede ac urna. Ut tincidunt vehicula risus. Nulla eget metus eu erat semper rutrum. Fusce dolor quam, elementum at, egestas a, scelerisque sed, sapien. Nunc pulvinar arcu et pede. Nunc sed orci lobortis augue scelerisque mollis. Phasellus libero mauris, aliquam eu, accumsan sed, facilisis vitae, orci. Phasellus dapibus quam quis diam. Pellentesque habitant morbi tristique senectus et netus et malesuada fames ac turpis egestas. Fusce aliquet magna a neque. Nullam ut nisi a odio semper cursus. Integer mollis. Integer tincidunt aliquam arcu. Aliquam" />
	<customer  id="214" name="Trevor" password="XCL31OKM6AM" email="nec.luctus.felis@scelerisquemollisPhasellus.net" company="Pellentesque A Foundation" address="101-2745 Lobortis St." city="Horsham" postalCode="83007" country="Ukraine" phone="(846) 767-6764" fax="(944) 795-7884" registerdate="2014-07-20 04:07:48" logindate="2014-09-24 05:09:28" comment="Aenean euismod mauris eu elit. Nulla facilisi. Sed neque. Sed eget lacus. Mauris non dui nec urna suscipit nonummy. Fusce fermentum fermentum arcu. Vestibulum ante ipsum primis in faucibus orci luctus et ultrices posuere cubilia Curae Phasellus ornare. Fusce mollis. Duis sit amet diam eu dolor egestas rhoncus. Proin nisl sem," />
	<customer  id="215" name="Aubrey" password="RDV24AXM8MU" email="ligula@nibh.org" company="Ac Turpis Incorporated" address="P.O. Box 833, 7978 Dui. St." city="Ostellato" postalCode="64-685" country="Burundi" phone="(467) 979-2546" fax="(301) 799-4308" registerdate="2014-01-15 09:01:56" logindate="2013-09-23 08:09:52" comment="fames ac turpis egestas. Aliquam fringilla cursus purus. Nullam scelerisque neque sed sem egestas blandit. Nam nulla magna, malesuada vel, convallis in, cursus et, eros. Proin ultrices. Duis volutpat nunc sit amet metus. Aliquam erat volutpat. Nulla facilisis. Suspendisse commodo tincidunt nibh. Phasellus nulla. Integer vulputate, risus a ultricies adipiscing, enim mi tempor lorem, eget mollis lectus pede et risus. Quisque libero lacus, varius et, euismod et, commodo at, libero. Morbi accumsan laoreet" />
	<customer  id="216" name="Hashim" password="CWP74FDJ3UA" email="eu@rutrumjusto.com" company="Egestas Duis Associates" address="Ap #272-7601 Nulla Rd." city="Lint" postalCode="N1Y 4S8" country="Oman" phone="(806) 986-9185" fax="(887) 935-8227" registerdate="2014-01-13 05:01:26" logindate="2014-05-31 07:05:56" comment="metus. In nec orci. Donec nibh. Quisque nonummy ipsum non arcu. Vivamus sit amet risus. Donec egestas. Aliquam nec enim. Nunc ut erat. Sed nunc est, mollis non, cursus non, egestas a, dui. Cras pellentesque. Sed dictum. Proin eget odio. Aliquam vulputate ullamcorper magna. Sed eu eros. Nam consequat dolor vitae dolor. Donec" />
	<customer  id="217" name="Mara" password="WXG44WDZ5JC" email="nonummy.ultricies.ornare@CurabiturdictumPhasellus.net" company="Malesuada Fames Ac Industries" address="8063 Posuere Street" city="Weymouth" postalCode="7537" country="Hungary" phone="(146) 835-1614" fax="(685) 485-6735" registerdate="2014-12-16 05:12:02" logindate="2014-08-09 03:08:23" comment="massa. Integer vitae nibh. Donec est mauris, rhoncus id, mollis nec, cursus a, enim. Suspendisse aliquet, sem ut cursus luctus, ipsum leo elementum sem, vitae aliquam eros turpis non enim. Mauris quis turpis vitae purus gravida sagittis. Duis gravida. Praesent eu nulla at sem molestie sodales. Mauris blandit enim consequat purus. Maecenas libero est, congue a, aliquet vel, vulputate eu, odio. Phasellus at augue id ante dictum cursus. Nunc mauris elit, dictum eu, eleifend nec, malesuada ut, sem. Nulla interdum. Curabitur dictum. Phasellus in felis. Nulla tempor augue ac ipsum. Phasellus vitae mauris sit amet lorem semper" />
	<customer  id="218" name="Owen" password="BCQ08YMT0WX" email="tellus.Suspendisse.sed@semper.com" company="Bibendum Ullamcorper Inc." address="P.O. Box 217, 4508 Vitae, Rd." city="Bharuch" postalCode="31-605" country="Ethiopia" phone="(605) 947-6864" fax="(503) 463-0874" registerdate="2015-02-19 01:02:04" logindate="2013-10-02 02:10:04" comment="tempus non, lacinia at, iaculis quis, pede. Praesent eu dui. Cum sociis natoque penatibus et magnis dis parturient montes, nascetur ridiculus mus. Aenean eget magna. Suspendisse tristique neque venenatis lacus. Etiam bibendum fermentum metus. Aenean sed pede nec ante blandit viverra. Donec tempus, lorem fringilla ornare placerat, orci lacus vestibulum lorem, sit amet ultricies sem magna nec quam. Curabitur vel lectus. Cum sociis natoque penatibus et magnis dis parturient montes, nascetur ridiculus mus. Donec dignissim magna a tortor. Nunc commodo auctor velit. Aliquam nisl. Nulla eu neque pellentesque massa lobortis ultrices. Vivamus rhoncus." />
	<customer  id="219" name="Blake" password="VFK03LLH8PC" email="auctor.odio@pede.org" company="Duis Risus Odio Ltd" address="3382 Nibh. Avenue" city="Courcelles" postalCode="6459" country="Tokelau" phone="(408) 626-5140" fax="(486) 158-1588" registerdate="2014-07-26 08:07:24" logindate="2014-10-19 06:10:37" comment="justo. Praesent luctus. Curabitur egestas nunc sed libero. Proin sed turpis nec mauris blandit mattis. Cras eget nisi dictum augue malesuada malesuada. Integer id magna et ipsum cursus vestibulum. Mauris magna. Duis dignissim tempor arcu. Vestibulum ut eros non enim commodo hendrerit. Donec porttitor tellus non magna. Nam ligula elit, pretium et, rutrum non, hendrerit id, ante. Nunc mauris sapien, cursus in, hendrerit consectetuer, cursus et, magna. Praesent interdum ligula eu enim. Etiam imperdiet dictum" />
	<customer  id="220" name="Mariko" password="PJN36TDN7JS" email="laoreet.libero@consequatlectus.edu" company="Phasellus Incorporated" address="Ap #899-6518 Facilisis, St." city="Dallas" postalCode="50613" country="Czech Republic" phone="(560) 698-9420" fax="(274) 976-8766" registerdate="2014-08-01 05:08:13" logindate="2013-11-04 11:11:55" comment="In scelerisque scelerisque dui. Suspendisse ac metus vitae velit egestas lacinia. Sed congue, elit sed consequat auctor, nunc nulla vulputate dui, nec tempus mauris erat eget ipsum. Suspendisse sagittis. Nullam vitae diam. Proin dolor. Nulla semper tellus id nunc interdum feugiat. Sed nec metus facilisis lorem tristique aliquet. Phasellus fermentum convallis ligula. Donec luctus aliquet odio. Etiam ligula tortor, dictum eu, placerat eget, venenatis a, magna. Lorem ipsum dolor sit amet, consectetuer adipiscing elit. Etiam laoreet, libero et tristique pellentesque, tellus sem mollis dui, in" />
	<customer  id="221" name="Stacy" password="CEY71KIA1GJ" email="porttitor.tellus@NullafacilisiSed.co.uk" company="Ante Dictum Cursus Corp." address="P.O. Box 522, 3955 Mattis Rd." city="Magdeburg" postalCode="3627" country="Burundi" phone="(687) 746-4598" fax="(319) 645-2906" registerdate="2014-05-07 03:05:28" logindate="2015-07-09 02:07:46" comment="laoreet lectus quis massa. Mauris vestibulum, neque sed dictum eleifend, nunc risus varius orci, in consequat enim diam vel arcu. Curabitur ut odio vel est tempor bibendum. Donec felis orci, adipiscing non, luctus sit amet, faucibus ut, nulla. Cras eu tellus eu augue porttitor interdum. Sed auctor odio a purus. Duis elementum, dui quis accumsan convallis, ante lectus convallis est, vitae sodales nisi magna sed dui. Fusce aliquam, enim nec tempus" />
	<customer  id="222" name="Wade" password="ASA44YRV9NF" email="lorem.ut@Integerid.edu" company="In Mi Pede Institute" address="926-2373 Non, St." city="Linkebeek" postalCode="6154" country="Canada" phone="(749) 430-2191" fax="(733) 355-0087" registerdate="2014-07-07 06:07:27" logindate="2013-09-01 05:09:44" comment="ac, eleifend vitae, erat. Vivamus nisi. Mauris nulla. Integer urna. Vivamus molestie dapibus ligula. Aliquam erat volutpat. Nulla dignissim. Maecenas ornare egestas ligula. Nullam feugiat placerat velit. Quisque varius. Nam porttitor scelerisque neque. Nullam nisl. Maecenas malesuada fringilla est. Mauris eu turpis. Nulla aliquet. Proin velit. Sed malesuada augue ut lacus. Nulla tincidunt, neque vitae semper egestas, urna justo faucibus lectus, a sollicitudin orci sem eget massa. Suspendisse eleifend. Cras sed leo. Cras vehicula aliquet libero. Integer in magna. Phasellus dolor elit, pellentesque a, facilisis non, bibendum sed, est. Nunc laoreet lectus quis massa. Mauris vestibulum, neque sed dictum eleifend," />
	<customer  id="223" name="Tyler" password="NET28QPN9RZ" email="vulputate.velit.eu@nectempusmauris.co.uk" company="Enim Sit Company" address="658-8079 Natoque Av." city="Meugliano" postalCode="7005" country="Senegal" phone="(408) 951-2458" fax="(780) 676-7286" registerdate="2015-03-05 04:03:10" logindate="2014-06-02 06:06:55" comment="pede. Praesent eu dui. Cum sociis natoque penatibus et magnis dis parturient montes, nascetur ridiculus mus. Aenean eget magna. Suspendisse tristique neque venenatis lacus. Etiam bibendum fermentum metus. Aenean sed pede nec ante blandit viverra. Donec tempus, lorem fringilla ornare placerat, orci lacus vestibulum lorem, sit amet ultricies sem magna nec quam. Curabitur vel lectus. Cum sociis natoque penatibus et magnis dis parturient montes, nascetur ridiculus mus. Donec dignissim magna a tortor. Nunc commodo auctor velit. Aliquam nisl." />
	<customer  id="224" name="Charity" password="KBL06QSS2BG" email="Duis.sit@Etiamligula.com" company="Non Nisi Aenean Corp." address="Ap #723-4836 Donec St." city="Buken" postalCode="219311" country="Netherlands" phone="(340) 444-0931" fax="(413) 538-7179" registerdate="2015-07-16 11:07:13" logindate="2015-07-15 07:07:50" comment="ultrices posuere cubilia Curae Donec tincidunt. Donec vitae erat vel pede blandit congue. In scelerisque scelerisque dui. Suspendisse ac metus vitae velit egestas lacinia. Sed congue, elit sed consequat auctor, nunc nulla vulputate dui, nec tempus mauris erat eget ipsum. Suspendisse sagittis. Nullam vitae diam. Proin dolor. Nulla semper tellus id nunc interdum feugiat. Sed nec metus facilisis lorem tristique aliquet. Phasellus fermentum convallis ligula. Donec luctus aliquet odio. Etiam ligula tortor, dictum" />
	<customer  id="225" name="Oprah" password="SMG69MRB3AN" email="scelerisque@et.co.uk" company="Dolor Vitae Institute" address="857-4598 Pede St." city="Palmerston" postalCode="307999" country="Dominican Republic" phone="(304) 657-1325" fax="(605) 400-0010" registerdate="2015-03-17 08:03:03" logindate="2014-06-14 07:06:57" comment="ante. Nunc mauris sapien, cursus in, hendrerit consectetuer, cursus et, magna. Praesent interdum ligula eu enim. Etiam imperdiet dictum magna. Ut tincidunt orci quis lectus. Nullam suscipit, est ac facilisis facilisis, magna tellus faucibus leo, in lobortis tellus justo sit amet nulla. Donec non justo. Proin non massa non ante bibendum ullamcorper. Duis cursus, diam at pretium aliquet, metus urna convallis erat, eget tincidunt dui augue eu tellus. Phasellus elit pede, malesuada vel, venenatis vel, faucibus" />
	<customer  id="226" name="Melinda" password="LKJ72KJL2DG" email="at.velit.Cras@ligulaAenean.com" company="Risus In Corp." address="2375 Adipiscing Rd." city="Cicagna" postalCode="3784" country="Indonesia" phone="(673) 517-1629" fax="(389) 203-0189" registerdate="2014-10-04 12:10:03" logindate="2014-08-19 09:08:04" comment="sollicitudin adipiscing ligula. Aenean gravida nunc sed pede. Cum sociis natoque penatibus et magnis dis parturient montes, nascetur ridiculus mus. Proin vel arcu eu odio tristique pharetra. Quisque ac libero nec ligula consectetuer rhoncus. Nullam velit dui, semper et, lacinia vitae, sodales at, velit. Pellentesque ultricies dignissim lacus. Aliquam rutrum lorem ac risus. Morbi metus." />
	<customer  id="227" name="Kirsten" password="BIH50XQO0KU" email="dapibus.rutrum.justo@enimsit.org" company="Nunc LLC" address="P.O. Box 301, 3315 Scelerisque St." city="Sint-Gillis-bij-Dendermonde" postalCode="40169" country="French Southern Territories" phone="(453) 282-3010" fax="(386) 485-7445" registerdate="2013-10-26 04:10:50" logindate="2014-03-29 06:03:22" comment="penatibus et magnis dis parturient montes, nascetur ridiculus mus. Aenean eget magna. Suspendisse tristique neque venenatis lacus. Etiam bibendum fermentum metus. Aenean sed pede nec ante blandit viverra. Donec tempus, lorem fringilla ornare placerat, orci lacus vestibulum lorem, sit amet ultricies sem magna nec quam. Curabitur vel lectus. Cum sociis natoque penatibus et magnis dis parturient montes, nascetur ridiculus mus. Donec dignissim magna a tortor. Nunc commodo auctor velit. Aliquam nisl. Nulla eu neque pellentesque massa lobortis ultrices. Vivamus rhoncus. Donec est. Nunc" />
	<customer  id="228" name="Mallory" password="HGI09YDZ7NY" email="iaculis.enim@senectusetnetus.edu" company="Sodales Consulting" address="P.O. Box 404, 2444 Quam Road" city="Osogbo" postalCode="67803" country="Luxembourg" phone="(821) 838-6536" fax="(666) 462-6062" registerdate="2014-11-14 06:11:32" logindate="2014-11-28 01:11:31" comment="Praesent eu nulla at sem molestie sodales. Mauris blandit enim consequat purus. Maecenas libero est, congue a, aliquet vel, vulputate eu, odio. Phasellus at augue id ante dictum cursus. Nunc mauris elit, dictum eu, eleifend nec, malesuada ut, sem. Nulla interdum. Curabitur dictum. Phasellus in felis. Nulla tempor augue ac ipsum. Phasellus vitae mauris sit amet lorem semper auctor. Mauris vel turpis. Aliquam adipiscing lobortis risus. In mi pede, nonummy ut, molestie in, tempus eu, ligula. Aenean euismod mauris eu elit. Nulla facilisi. Sed" />
	<customer  id="229" name="Lillian" password="CWJ69GZK3KE" email="nunc.sed.pede@Integeraliquam.org" company="Molestie Associates" address="Ap #458-7083 Non St." city="Beverley" postalCode="00422" country="Chile" phone="(114) 771-9896" fax="(991) 430-1550" registerdate="2013-10-03 01:10:29" logindate="2014-12-11 11:12:16" comment="malesuada fames ac turpis egestas. Fusce aliquet magna a neque. Nullam ut nisi a odio semper cursus. Integer mollis. Integer tincidunt aliquam arcu. Aliquam ultrices iaculis odio. Nam interdum enim non nisi. Aenean eget metus. In nec orci. Donec nibh. Quisque nonummy ipsum non arcu. Vivamus sit amet risus. Donec egestas. Aliquam nec enim. Nunc ut erat. Sed nunc est, mollis non, cursus non, egestas a, dui. Cras pellentesque. Sed dictum. Proin eget odio. Aliquam vulputate ullamcorper magna. Sed eu eros. Nam consequat dolor vitae" />
	<customer  id="230" name="Lucian" password="ETE18KGV8KG" email="est@cursusluctus.edu" company="Leo Morbi Limited" address="P.O. Box 516, 3968 Dolor Street" city="Brucargo" postalCode="1820" country="Saint Kitts and Nevis" phone="(967) 899-0775" fax="(228) 103-7556" registerdate="2014-05-08 11:05:45" logindate="2013-09-08 01:09:43" comment="dictum augue malesuada malesuada. Integer id magna et ipsum cursus vestibulum. Mauris magna. Duis dignissim tempor arcu. Vestibulum ut eros non enim commodo hendrerit. Donec porttitor tellus non magna. Nam ligula elit, pretium et, rutrum non, hendrerit id, ante. Nunc mauris sapien, cursus in, hendrerit consectetuer, cursus et, magna. Praesent interdum" />
	<customer  id="231" name="Chaney" password="FOO51RBN2FP" email="lectus@acorci.com" company="Aliquam LLP" address="632-1927 Sed Street" city="Bharuch" postalCode="5933" country="Saint Vincent and The Grenadines" phone="(625) 383-4367" fax="(484) 563-5888" registerdate="2015-01-10 11:01:43" logindate="2014-10-10 12:10:35" comment="eu, odio. Phasellus at augue id ante dictum cursus. Nunc mauris elit, dictum eu, eleifend nec, malesuada ut, sem. Nulla interdum. Curabitur dictum. Phasellus in felis. Nulla tempor augue ac ipsum. Phasellus vitae mauris sit amet lorem semper auctor. Mauris vel turpis. Aliquam adipiscing lobortis risus. In mi pede, nonummy ut, molestie in, tempus eu, ligula. Aenean euismod mauris eu elit." />
	<customer  id="232" name="Jakeem" password="FRH35ILS6AX" email="enim.Sed@Sed.edu" company="Ante Foundation" address="789-3740 Tincidunt. Rd." city="Terme" postalCode="00401" country="French Polynesia" phone="(171) 586-2733" fax="(567) 369-8276" registerdate="2014-04-29 11:04:32" logindate="2014-05-09 04:05:10" comment="a purus. Duis elementum, dui quis accumsan convallis, ante lectus convallis est, vitae sodales nisi magna sed dui. Fusce aliquam, enim nec tempus scelerisque, lorem ipsum sodales purus, in molestie tortor nibh sit amet orci. Ut sagittis lobortis mauris. Suspendisse aliquet molestie tellus. Aenean egestas hendrerit neque. In ornare sagittis felis." />
	<customer  id="233" name="Keegan" password="KWC73ABU8IT" email="vitae.aliquet.nec@justo.ca" company="Sit PC" address="Ap #681-6074 Sem Rd." city="Cairo Montenotte" postalCode="8826" country="Samoa" phone="(784) 749-8256" fax="(936) 181-0543" registerdate="2013-08-28 08:08:41" logindate="2013-09-10 08:09:27" comment="aliquam iaculis, lacus pede sagittis augue, eu tempor erat neque non quam. Pellentesque habitant morbi tristique senectus et netus et malesuada fames ac turpis egestas. Aliquam fringilla cursus purus. Nullam scelerisque neque sed sem egestas blandit. Nam nulla magna, malesuada vel, convallis in, cursus et, eros. Proin ultrices. Duis volutpat nunc sit amet metus. Aliquam erat volutpat. Nulla facilisis. Suspendisse commodo tincidunt nibh. Phasellus nulla. Integer vulputate, risus a ultricies adipiscing, enim mi tempor lorem, eget mollis lectus pede et risus. Quisque" />
	<customer  id="234" name="Yen" password="ION78TQK1ZV" email="a@tincidunt.edu" company="A Company" address="Ap #835-3233 Erat Rd." city="Galbiate" postalCode="72023-558" country="Myanmar" phone="(141) 573-1640" fax="(248) 238-9961" registerdate="2015-08-19 09:08:05" logindate="2013-12-30 01:12:14" comment="lacus. Etiam bibendum fermentum metus. Aenean sed pede nec ante blandit viverra. Donec tempus, lorem fringilla ornare placerat, orci lacus vestibulum lorem, sit amet ultricies sem magna nec quam. Curabitur vel lectus. Cum sociis natoque penatibus et magnis dis parturient montes, nascetur ridiculus mus. Donec dignissim magna a tortor. Nunc" />
	<customer  id="235" name="Jennifer" password="IFR72ABO9VP" email="faucibus@ipsum.ca" company="Ut Quam Vel Associates" address="9243 Consequat St." city="Noicattaro" postalCode="41617" country="Germany" phone="(379) 651-1282" fax="(239) 383-1048" registerdate="2015-07-14 07:07:45" logindate="2014-07-27 02:07:14" comment="nec ante. Maecenas mi felis, adipiscing fringilla, porttitor vulputate, posuere vulputate, lacus. Cras interdum. Nunc sollicitudin commodo ipsum. Suspendisse non leo. Vivamus nibh dolor, nonummy ac, feugiat non, lobortis quis, pede. Suspendisse dui. Fusce diam nunc, ullamcorper eu, euismod ac, fermentum vel, mauris. Integer sem elit, pharetra ut, pharetra sed, hendrerit a, arcu. Sed et libero." />
	<customer  id="236" name="Mia" password="NQO45REE7RX" email="eu.odio@vel.org" company="Quis Urna Nunc Company" address="P.O. Box 777, 6349 Curabitur Street" city="Bitterfeld-Wolfen" postalCode="91546" country="Congo (Brazzaville)" phone="(122) 489-3734" fax="(592) 508-8895" registerdate="2013-09-25 04:09:53" logindate="2015-01-27 05:01:11" comment="urna suscipit nonummy. Fusce fermentum fermentum arcu. Vestibulum ante ipsum primis in faucibus orci luctus et ultrices posuere cubilia Curae Phasellus ornare. Fusce mollis. Duis sit amet diam eu dolor egestas rhoncus. Proin nisl sem, consequat nec, mollis vitae, posuere at, velit. Cras lorem lorem, luctus ut, pellentesque eget, dictum placerat, augue. Sed molestie. Sed id risus quis diam luctus lobortis. Class aptent taciti sociosqu ad litora torquent per conubia nostra, per inceptos hymenaeos. Mauris ut quam vel sapien imperdiet ornare. In faucibus." />
	<customer  id="237" name="Colby" password="YEM36UUE5CD" email="erat@Donec.net" company="Primis Foundation" address="558-6326 Quis St." city="Tracadie-Shelia" postalCode="21479" country="Guernsey" phone="(960) 423-7563" fax="(854) 960-4054" registerdate="2013-10-28 09:10:24" logindate="2015-06-19 04:06:48" comment="a ultricies adipiscing, enim mi tempor lorem, eget mollis lectus pede et risus. Quisque libero lacus, varius et, euismod et, commodo at, libero. Morbi accumsan laoreet ipsum. Curabitur consequat, lectus sit amet luctus vulputate, nisi sem semper erat, in consectetuer ipsum nunc id enim. Curabitur massa. Vestibulum accumsan neque et nunc. Quisque ornare tortor at risus. Nunc ac sem ut dolor dapibus gravida. Aliquam tincidunt, nunc ac mattis ornare, lectus ante dictum mi, ac mattis velit justo nec ante. Maecenas mi" />
	<customer  id="238" name="Amos" password="OGN32GJM0AK" email="adipiscing@cursusinhendrerit.org" company="Velit Sed PC" address="647 Massa. Av." city="Paal" postalCode="28613" country="Uruguay" phone="(434) 394-1090" fax="(484) 333-7775" registerdate="2015-02-19 06:02:50" logindate="2015-05-28 04:05:19" comment="ornare. In faucibus. Morbi vehicula. Pellentesque tincidunt tempus risus. Donec egestas. Duis ac arcu. Nunc mauris. Morbi non sapien molestie orci tincidunt adipiscing. Mauris molestie pharetra nibh. Aliquam ornare, libero at auctor ullamcorper, nisl arcu iaculis enim, sit amet ornare lectus justo eu arcu. Morbi sit amet massa. Quisque porttitor eros nec tellus." />
	<customer  id="239" name="Aphrodite" password="WJY48UMD1YS" email="quis.accumsan.convallis@luctussitamet.org" company="Pulvinar Arcu Consulting" address="Ap #363-8006 Mauris Street" city="Rulles" postalCode="2812" country="Greenland" phone="(619) 600-2023" fax="(507) 543-2009" registerdate="2013-09-17 02:09:56" logindate="2013-11-26 02:11:12" comment="massa. Quisque porttitor eros nec tellus. Nunc lectus pede, ultrices a, auctor non, feugiat nec, diam. Duis mi enim, condimentum eget, volutpat ornare, facilisis eget, ipsum. Donec sollicitudin adipiscing ligula. Aenean gravida nunc sed pede. Cum sociis natoque penatibus et magnis dis parturient montes, nascetur ridiculus mus. Proin vel arcu eu odio tristique pharetra. Quisque ac libero nec ligula consectetuer rhoncus. Nullam velit dui, semper et, lacinia vitae, sodales at, velit. Pellentesque ultricies dignissim lacus. Aliquam rutrum lorem ac risus. Morbi metus. Vivamus euismod urna. Nullam lobortis quam a felis ullamcorper viverra. Maecenas iaculis" />
	<customer  id="240" name="Christine" password="OUS93SCO3LQ" email="Nam@convallisante.edu" company="Quisque Industries" address="P.O. Box 250, 5478 Donec Road" city="Pisa" postalCode="5120KJ" country="Venezuela" phone="(366) 978-6225" fax="(248) 972-1275" registerdate="2015-06-17 04:06:06" logindate="2015-05-08 04:05:33" comment="convallis in, cursus et, eros. Proin ultrices. Duis volutpat nunc sit amet metus. Aliquam erat volutpat. Nulla facilisis. Suspendisse commodo tincidunt nibh. Phasellus nulla. Integer vulputate, risus a ultricies adipiscing, enim mi tempor lorem, eget mollis lectus pede et risus. Quisque libero lacus, varius et, euismod et, commodo at, libero. Morbi accumsan" />
	<customer  id="241" name="Stuart" password="AHL69BTJ7RH" email="Etiam.imperdiet.dictum@dolorsitamet.edu" company="Mollis Dui Limited" address="P.O. Box 383, 8189 Turpis Rd." city="Olivola" postalCode="8500WR" country="Bolivia" phone="(211) 337-7947" fax="(404) 984-3256" registerdate="2015-06-08 02:06:14" logindate="2014-12-11 08:12:12" comment="libero nec ligula consectetuer rhoncus. Nullam velit dui, semper et, lacinia vitae, sodales at, velit. Pellentesque ultricies dignissim lacus. Aliquam rutrum lorem ac risus. Morbi metus. Vivamus euismod urna. Nullam lobortis quam a felis ullamcorper viverra. Maecenas iaculis aliquet diam. Sed diam lorem, auctor quis, tristique ac, eleifend vitae, erat. Vivamus nisi. Mauris nulla. Integer urna. Vivamus molestie dapibus ligula. Aliquam erat volutpat. Nulla dignissim. Maecenas ornare egestas ligula. Nullam feugiat placerat velit. Quisque varius. Nam" />
	<customer  id="242" name="Melissa" password="CYS53XOE8CT" email="Duis@orci.net" company="Donec Tempus Lorem Industries" address="P.O. Box 508, 6823 Nullam Avenue" city="Bridge of Allan" postalCode="9850" country="Venezuela" phone="(407) 824-4287" fax="(684) 626-9893" registerdate="2013-09-18 06:09:45" logindate="2014-10-23 05:10:31" comment="ac mattis semper, dui lectus rutrum urna, nec luctus felis purus ac tellus. Suspendisse sed dolor. Fusce mi lorem, vehicula et, rutrum eu, ultrices sit amet, risus. Donec nibh enim, gravida sit amet, dapibus id, blandit at, nisi. Cum sociis natoque penatibus et magnis dis parturient montes, nascetur ridiculus mus. Proin vel nisl. Quisque fringilla euismod enim. Etiam gravida molestie arcu. Sed eu nibh vulputate mauris sagittis placerat. Cras dictum ultricies ligula. Nullam enim. Sed nulla ante, iaculis nec, eleifend" />
	<customer  id="243" name="Orla" password="VLP26MPJ1BF" email="enim.diam@et.co.uk" company="Libero Integer Consulting" address="506-990 Neque. Road" city="Kędzierzyn-Koźle" postalCode="323635" country="Yemen" phone="(899) 129-2083" fax="(921) 888-4507" registerdate="2014-05-27 12:05:40" logindate="2014-08-18 12:08:32" comment="nulla vulputate dui, nec tempus mauris erat eget ipsum. Suspendisse sagittis. Nullam vitae diam. Proin dolor. Nulla semper tellus id nunc interdum feugiat. Sed nec metus facilisis lorem tristique aliquet. Phasellus fermentum convallis ligula. Donec luctus aliquet odio. Etiam ligula tortor, dictum eu, placerat eget, venenatis a, magna. Lorem ipsum dolor sit amet, consectetuer adipiscing elit. Etiam laoreet, libero et tristique pellentesque, tellus sem mollis dui, in sodales elit erat vitae risus. Duis a mi fringilla mi lacinia mattis. Integer eu lacus. Quisque imperdiet, erat nonummy ultricies" />
	<customer  id="244" name="Veronica" password="XAB52MJW2GG" email="eleifend.vitae@molestie.ca" company="Ipsum Curabitur Consequat Limited" address="Ap #279-9715 Orci. Ave" city="Dave" postalCode="518180" country="Nigeria" phone="(818) 964-0383" fax="(608) 475-6434" registerdate="2014-10-08 02:10:35" logindate="2014-12-27 07:12:55" comment="penatibus et magnis dis parturient montes, nascetur ridiculus mus. Donec dignissim magna a tortor. Nunc commodo auctor velit. Aliquam nisl. Nulla eu neque pellentesque massa lobortis ultrices. Vivamus rhoncus. Donec est. Nunc ullamcorper, velit in aliquet lobortis, nisi nibh lacinia orci, consectetuer euismod est arcu ac orci. Ut semper pretium neque. Morbi quis urna. Nunc quis arcu vel quam dignissim pharetra. Nam ac nulla. In tincidunt congue turpis." />
	<customer  id="245" name="Ivana" password="YPT39MUH8DF" email="purus@velmaurisInteger.org" company="Nulla Company" address="P.O. Box 213, 2873 Blandit St." city="Huntly" postalCode="00805" country="Mauritius" phone="(750) 129-8582" fax="(554) 387-7824" registerdate="2014-09-28 11:09:44" logindate="2015-02-08 08:02:06" comment="erat semper rutrum. Fusce dolor quam, elementum at, egestas a, scelerisque sed, sapien. Nunc pulvinar arcu et pede. Nunc sed orci lobortis augue scelerisque mollis. Phasellus libero mauris, aliquam eu, accumsan sed, facilisis vitae, orci. Phasellus dapibus quam quis diam. Pellentesque habitant morbi tristique senectus et netus et malesuada fames ac turpis egestas. Fusce aliquet magna a neque. Nullam ut nisi a odio semper cursus. Integer mollis. Integer tincidunt aliquam arcu. Aliquam ultrices iaculis odio. Nam interdum enim non nisi. Aenean eget metus." />
	<customer  id="246" name="Kadeem" password="AFC59WKW0HU" email="sit.amet@Namporttitor.com" company="Phasellus In PC" address="5759 Maecenas St." city="North Vancouver" postalCode="99460" country="Bosnia and Herzegovina" phone="(675) 922-0116" fax="(998) 205-2988" registerdate="2015-02-27 05:02:12" logindate="2014-08-08 08:08:14" comment="a nunc. In at pede. Cras vulputate velit eu sem. Pellentesque ut ipsum ac mi eleifend egestas. Sed pharetra, felis eget varius ultrices, mauris ipsum porta elit, a feugiat tellus lorem eu metus. In lorem. Donec elementum, lorem ut aliquam iaculis, lacus pede sagittis augue, eu tempor erat neque non quam. Pellentesque habitant morbi tristique senectus et netus et malesuada fames ac turpis egestas. Aliquam fringilla cursus purus. Nullam scelerisque neque sed sem egestas blandit. Nam nulla magna, malesuada" />
	<customer  id="247" name="Galvin" password="KHR83XUT2VZ" email="arcu.Sed.eu@semper.com" company="Tristique Senectus Institute" address="8112 Maecenas Rd." city="Ragnies" postalCode="2102" country="Namibia" phone="(869) 426-8900" fax="(119) 939-1746" registerdate="2015-04-16 02:04:58" logindate="2014-02-20 11:02:13" comment="magna. Cras convallis convallis dolor. Quisque tincidunt pede ac urna. Ut tincidunt vehicula risus. Nulla eget metus eu erat semper rutrum. Fusce dolor quam, elementum at, egestas a, scelerisque sed, sapien. Nunc pulvinar arcu et pede. Nunc sed orci lobortis augue scelerisque mollis. Phasellus libero mauris, aliquam eu, accumsan sed, facilisis vitae, orci. Phasellus dapibus quam quis diam. Pellentesque habitant morbi tristique senectus et netus et malesuada fames ac" />
	<customer  id="248" name="Craig" password="XHO41MUO8DW" email="Phasellus.elit.pede@elementumlorem.net" company="Congue Consulting" address="Ap #586-4700 Diam St." city="Geertruidenberg" postalCode="51406" country="Sri Lanka" phone="(549) 734-0058" fax="(923) 463-2225" registerdate="2015-05-08 04:05:59" logindate="2013-10-30 11:10:10" comment="Donec sollicitudin adipiscing ligula. Aenean gravida nunc sed pede. Cum sociis natoque penatibus et magnis dis parturient montes, nascetur ridiculus mus. Proin vel arcu eu odio tristique pharetra. Quisque ac libero nec ligula consectetuer rhoncus. Nullam velit dui, semper et, lacinia vitae, sodales at, velit. Pellentesque ultricies dignissim lacus. Aliquam rutrum lorem ac" />
	<customer  id="249" name="Felix" password="RMK70SZK9XP" email="aliquam.arcu.Aliquam@tellusSuspendissesed.ca" company="Morbi Quis Corporation" address="322-2607 Nam Rd." city="Terrance" postalCode="3109" country="Svalbard and Jan Mayen Islands" phone="(419) 328-7946" fax="(460) 988-4208" registerdate="2014-02-06 01:02:23" logindate="2014-08-07 12:08:52" comment="dis parturient montes, nascetur ridiculus mus. Aenean eget magna. Suspendisse tristique neque venenatis lacus. Etiam bibendum fermentum metus. Aenean sed pede nec ante blandit viverra. Donec tempus, lorem fringilla ornare placerat, orci lacus vestibulum lorem, sit amet ultricies sem magna nec quam. Curabitur vel lectus. Cum sociis natoque penatibus et magnis dis parturient montes, nascetur" />
	<customer  id="250" name="Rose" password="VOI11SPA2HC" email="sem@In.ca" company="Placerat Company" address="P.O. Box 150, 657 Euismod Av." city="Dehradun" postalCode="67584" country="Suriname" phone="(163) 223-3306" fax="(601) 915-2409" registerdate="2015-06-11 10:06:23" logindate="2014-09-25 08:09:36" comment="eu enim. Etiam imperdiet dictum magna. Ut tincidunt orci quis lectus. Nullam suscipit, est ac facilisis facilisis, magna tellus faucibus leo, in lobortis tellus justo sit amet nulla. Donec non justo. Proin non massa non ante bibendum ullamcorper. Duis cursus, diam at pretium aliquet, metus urna convallis erat, eget tincidunt dui augue eu tellus. Phasellus elit pede, malesuada vel, venenatis vel, faucibus id, libero. Donec consectetuer mauris id sapien. Cras dolor dolor, tempus non, lacinia at," />
	<customer  id="251" name="Irene" password="VWD06WDC2ZX" email="nibh.Aliquam@enim.co.uk" company="Etiam Imperdiet LLP" address="6198 Feugiat St." city="Pocatello" postalCode="81-391" country="Belarus" phone="(350) 895-1805" fax="(508) 781-9404" registerdate="2013-10-16 06:10:35" logindate="2013-10-28 11:10:32" comment="luctus sit amet, faucibus ut, nulla. Cras eu tellus eu augue porttitor interdum. Sed auctor odio a purus. Duis elementum, dui quis accumsan convallis, ante lectus convallis est, vitae sodales nisi magna sed dui. Fusce aliquam, enim nec tempus scelerisque, lorem ipsum sodales purus, in molestie tortor nibh sit amet orci. Ut sagittis lobortis mauris. Suspendisse aliquet molestie tellus. Aenean egestas hendrerit" />
	<customer  id="252" name="Isaiah" password="CUJ02NQG4BR" email="et.commodo.at@diamProindolor.co.uk" company="Dolor Institute" address="711-9423 Phasellus Avenue" city="Dingwall" postalCode="09955" country="Saint Pierre and Miquelon" phone="(133) 717-7670" fax="(514) 633-5402" registerdate="2014-12-16 01:12:39" logindate="2014-11-23 01:11:35" comment="et malesuada fames ac turpis egestas. Aliquam fringilla cursus purus. Nullam scelerisque neque sed sem egestas blandit. Nam nulla magna, malesuada vel, convallis in, cursus et, eros. Proin ultrices. Duis volutpat nunc sit amet metus. Aliquam erat volutpat. Nulla facilisis. Suspendisse commodo tincidunt nibh. Phasellus nulla. Integer vulputate, risus a ultricies" />
	<customer  id="253" name="Jaime" password="RNJ23AYA7JU" email="vitae.diam@feugiat.co.uk" company="Diam Inc." address="P.O. Box 941, 1292 Dolor Av." city="Dilbeek" postalCode="67145-952" country="Syria" phone="(858) 315-8271" fax="(709) 894-0666" registerdate="2015-05-15 03:05:40" logindate="2014-07-16 09:07:44" comment="Maecenas mi felis, adipiscing fringilla, porttitor vulputate, posuere vulputate, lacus. Cras interdum. Nunc sollicitudin commodo ipsum. Suspendisse non leo. Vivamus nibh dolor, nonummy ac, feugiat non, lobortis quis, pede. Suspendisse dui. Fusce diam nunc, ullamcorper eu, euismod ac, fermentum vel, mauris. Integer sem elit, pharetra ut, pharetra sed, hendrerit a, arcu. Sed et libero. Proin mi. Aliquam gravida mauris ut mi. Duis risus odio, auctor vitae," />
	<customer  id="254" name="Justine" password="PSC02SNQ4TP" email="Sed@eueleifend.com" company="Ipsum Cursus Corporation" address="199-2043 Sit St." city="VTM" postalCode="49581" country="Ukraine" phone="(776) 864-9830" fax="(620) 953-0898" registerdate="2014-10-21 09:10:55" logindate="2014-05-07 01:05:21" comment="mollis. Integer tincidunt aliquam arcu. Aliquam ultrices iaculis odio. Nam interdum enim non nisi. Aenean eget metus. In nec orci. Donec nibh. Quisque nonummy ipsum non arcu. Vivamus sit amet risus. Donec egestas. Aliquam nec enim. Nunc ut erat. Sed nunc est, mollis non, cursus non, egestas a, dui. Cras pellentesque. Sed dictum. Proin eget odio. Aliquam vulputate ullamcorper magna. Sed eu eros. Nam consequat dolor vitae dolor. Donec fringilla. Donec feugiat metus sit amet ante. Vivamus non lorem vitae odio sagittis semper. Nam tempor diam dictum sapien. Aenean massa. Integer vitae" />
	<customer  id="255" name="Taylor" password="QOF66OKL2XV" email="eu.odio@urnaNullamlobortis.edu" company="Ipsum Dolor Company" address="707-5708 Donec St." city="Poitiers" postalCode="07720" country="Palestine, State of" phone="(866) 128-3848" fax="(100) 716-7189" registerdate="2015-06-28 12:06:01" logindate="2014-07-28 04:07:25" comment="per inceptos hymenaeos. Mauris ut quam vel sapien imperdiet ornare. In faucibus. Morbi vehicula. Pellentesque tincidunt tempus risus. Donec egestas. Duis ac arcu. Nunc mauris. Morbi non sapien molestie orci tincidunt adipiscing. Mauris molestie pharetra nibh. Aliquam ornare, libero at auctor ullamcorper, nisl arcu iaculis enim, sit amet ornare lectus justo eu arcu. Morbi sit amet massa. Quisque" />
	<customer  id="256" name="Holmes" password="WBR54WOL7CY" email="penatibus.et.magnis@quisurna.net" company="In PC" address="P.O. Box 112, 7161 Aliquet Rd." city="Herdersem" postalCode="8814" country="Estonia" phone="(527) 475-8970" fax="(200) 768-2304" registerdate="2015-01-15 09:01:39" logindate="2014-01-15 06:01:51" comment="egestas ligula. Nullam feugiat placerat velit. Quisque varius. Nam porttitor scelerisque neque. Nullam nisl. Maecenas malesuada fringilla est. Mauris eu turpis. Nulla aliquet. Proin velit. Sed malesuada augue ut lacus. Nulla tincidunt, neque vitae semper egestas, urna justo faucibus lectus, a sollicitudin orci sem eget massa. Suspendisse eleifend. Cras sed leo. Cras vehicula aliquet libero. Integer in magna. Phasellus dolor elit, pellentesque a, facilisis non, bibendum sed, est. Nunc" />
	<customer  id="257" name="Emily" password="ZSI53KVH9UJ" email="mus.Proin.vel@eros.edu" company="Ac Metus Vitae Foundation" address="P.O. Box 755, 7276 Mattis Road" city="Satriano di Lucania" postalCode="96883" country="Italy" phone="(818) 393-1848" fax="(503) 170-1786" registerdate="2015-05-26 01:05:28" logindate="2014-12-24 02:12:09" comment="quam quis diam. Pellentesque habitant morbi tristique senectus et netus et malesuada fames ac turpis egestas. Fusce aliquet magna a neque. Nullam ut nisi a odio semper cursus. Integer mollis. Integer tincidunt aliquam arcu. Aliquam ultrices iaculis odio. Nam interdum enim non nisi. Aenean eget metus. In nec orci. Donec nibh." />
	<customer  id="258" name="Dane" password="EMC93YED5AA" email="lacinia.mattis.Integer@nonummyipsumnon.co.uk" company="Luctus Sit Amet Company" address="P.O. Box 575, 6567 Rutrum St." city="Albany" postalCode="G6H 6V0" country="Vanuatu" phone="(371) 420-4652" fax="(167) 500-4130" registerdate="2015-05-13 03:05:37" logindate="2015-05-15 01:05:24" comment="Sed eu nibh vulputate mauris sagittis placerat. Cras dictum ultricies ligula. Nullam enim. Sed nulla ante, iaculis nec, eleifend non, dapibus rutrum, justo. Praesent luctus. Curabitur egestas nunc sed libero. Proin sed turpis nec mauris blandit mattis. Cras eget nisi dictum augue malesuada malesuada. Integer id magna et ipsum cursus vestibulum. Mauris magna. Duis dignissim tempor arcu. Vestibulum ut eros non enim commodo hendrerit. Donec porttitor tellus non magna. Nam ligula elit, pretium et, rutrum non, hendrerit id, ante. Nunc mauris sapien, cursus in, hendrerit consectetuer, cursus et, magna. Praesent interdum" />
	<customer  id="259" name="Noelani" password="QBS49HES2OS" email="porttitor@tortor.ca" company="Proin Eget Odio Ltd" address="P.O. Box 144, 3829 In St." city="Pitt Meadows" postalCode="924867" country="Cayman Islands" phone="(709) 659-5814" fax="(359) 358-1534" registerdate="2014-04-12 05:04:36" logindate="2014-06-16 08:06:49" comment="amet, consectetuer adipiscing elit. Etiam laoreet, libero et tristique pellentesque, tellus sem mollis dui, in sodales elit erat vitae risus. Duis a mi fringilla mi lacinia mattis. Integer eu lacus. Quisque imperdiet, erat nonummy ultricies ornare, elit elit fermentum risus, at fringilla purus mauris a nunc. In at pede. Cras vulputate velit eu sem. Pellentesque ut ipsum ac mi eleifend egestas. Sed pharetra, felis eget varius ultrices, mauris ipsum porta elit, a feugiat tellus lorem eu metus. In lorem. Donec elementum, lorem ut aliquam iaculis, lacus pede sagittis augue, eu tempor erat neque" />
	<customer  id="260" name="Fitzgerald" password="TRT99GIX0GV" email="iaculis.aliquet.diam@maurisanunc.net" company="Nonummy LLP" address="Ap #823-2030 Id, St." city="Bury St. Edmunds" postalCode="21426" country="Cayman Islands" phone="(925) 657-5039" fax="(961) 798-4661" registerdate="2013-08-28 09:08:06" logindate="2014-09-10 02:09:54" comment="tempus non, lacinia at, iaculis quis, pede. Praesent eu dui. Cum sociis natoque penatibus et magnis dis parturient montes, nascetur ridiculus mus. Aenean eget magna. Suspendisse tristique neque venenatis lacus. Etiam bibendum fermentum metus. Aenean sed pede nec ante blandit viverra. Donec tempus, lorem fringilla ornare placerat, orci lacus vestibulum lorem, sit amet ultricies sem" />
	<customer  id="261" name="Shoshana" password="BCA28UMB3KC" email="vitae@ultricies.com" company="Elit Dictum Institute" address="2038 Gravida Avenue" city="Hildesheim" postalCode="914059" country="Wallis and Futuna" phone="(474) 768-7477" fax="(959) 410-1519" registerdate="2014-02-23 07:02:01" logindate="2014-08-15 03:08:19" comment="Pellentesque ut ipsum ac mi eleifend egestas. Sed pharetra, felis eget varius ultrices, mauris ipsum porta elit, a feugiat tellus lorem eu metus. In lorem. Donec elementum, lorem ut aliquam iaculis, lacus pede sagittis augue, eu tempor erat neque non quam. Pellentesque habitant morbi tristique senectus et netus et malesuada fames ac turpis egestas. Aliquam fringilla cursus purus. Nullam scelerisque neque sed sem egestas blandit. Nam nulla magna, malesuada vel, convallis in, cursus et, eros. Proin ultrices. Duis volutpat nunc sit amet metus. Aliquam erat" />
	<customer  id="262" name="Kelly" password="CZI75YRL6BY" email="blandit.enim.consequat@odio.edu" company="Vel LLC" address="331-5491 Mauris St." city="Hamilton" postalCode="E6G 1Y0" country="South Africa" phone="(440) 772-4977" fax="(390) 172-4670" registerdate="2015-03-06 12:03:56" logindate="2014-03-06 05:03:44" comment="gravida. Praesent eu nulla at sem molestie sodales. Mauris blandit enim consequat purus. Maecenas libero est, congue a, aliquet vel, vulputate eu, odio. Phasellus at augue id ante dictum cursus. Nunc mauris elit, dictum eu, eleifend nec, malesuada ut, sem. Nulla interdum. Curabitur dictum. Phasellus in felis. Nulla tempor augue ac ipsum. Phasellus vitae mauris sit amet lorem semper" />
	<customer  id="263" name="Ava" password="MKT89NGP3EX" email="In.scelerisque@Integer.co.uk" company="Sociis Natoque Penatibus LLP" address="Ap #867-6280 Dui St." city="Pollein" postalCode="20908" country="Cook Islands" phone="(269) 755-2209" fax="(795) 950-9143" registerdate="2014-02-23 06:02:34" logindate="2014-09-19 03:09:31" comment="odio. Etiam ligula tortor, dictum eu, placerat eget, venenatis a, magna. Lorem ipsum dolor sit amet, consectetuer adipiscing elit. Etiam laoreet, libero et tristique pellentesque, tellus sem mollis dui, in sodales elit erat vitae risus. Duis a mi fringilla mi lacinia mattis. Integer eu lacus. Quisque imperdiet, erat nonummy ultricies ornare, elit elit" />
	<customer  id="264" name="Tyrone" password="LAQ64KKD9ML" email="Praesent.luctus.Curabitur@Nullam.edu" company="Duis Ac Arcu Inc." address="8491 Malesuada. Road" city="San Fratello" postalCode="D07 8WX" country="Somalia" phone="(579) 355-1970" fax="(600) 530-5693" registerdate="2013-09-06 11:09:33" logindate="2014-12-07 09:12:59" comment="erat vel pede blandit congue. In scelerisque scelerisque dui. Suspendisse ac metus vitae velit egestas lacinia. Sed congue, elit sed consequat auctor, nunc nulla vulputate dui, nec tempus mauris erat eget ipsum. Suspendisse sagittis. Nullam vitae diam. Proin dolor. Nulla semper tellus id nunc interdum feugiat. Sed nec metus facilisis lorem tristique aliquet. Phasellus fermentum convallis ligula. Donec luctus aliquet odio. Etiam ligula tortor, dictum eu, placerat eget, venenatis a, magna. Lorem ipsum dolor sit amet, consectetuer adipiscing" />
	<customer  id="265" name="Clio" password="EBD74GAY8VY" email="elit@ipsumprimisin.com" company="Metus Associates" address="403-7644 Magna. Rd." city="Ammanford" postalCode="53598" country="Antarctica" phone="(563) 670-1308" fax="(762) 127-3440" registerdate="2014-06-28 11:06:34" logindate="2013-09-01 07:09:58" comment="lorem, luctus ut, pellentesque eget, dictum placerat, augue. Sed molestie. Sed id risus quis diam luctus lobortis. Class aptent taciti sociosqu ad litora torquent per conubia nostra, per inceptos hymenaeos. Mauris ut quam vel sapien imperdiet ornare. In faucibus. Morbi vehicula. Pellentesque tincidunt tempus risus. Donec egestas. Duis ac arcu. Nunc mauris. Morbi non sapien molestie orci tincidunt adipiscing. Mauris" />
	<customer  id="266" name="Alexander" password="KXY90GRT4SE" email="sapien.molestie.orci@adipiscingMaurismolestie.co.uk" company="Nam Porttitor LLP" address="Ap #159-8424 Mi. Ave" city="Bergisch Gladbach" postalCode="N6 6VB" country="Gambia" phone="(525) 381-1979" fax="(781) 220-5237" registerdate="2014-08-30 04:08:03" logindate="2014-03-19 04:03:01" comment="ullamcorper, velit in aliquet lobortis, nisi nibh lacinia orci, consectetuer euismod est arcu ac orci. Ut semper pretium neque. Morbi quis urna. Nunc quis arcu vel quam dignissim pharetra. Nam ac nulla. In tincidunt congue turpis. In condimentum. Donec at arcu. Vestibulum ante ipsum primis in faucibus orci luctus et ultrices posuere cubilia Curae" />
	<customer  id="267" name="Quinlan" password="GMM71NZH9UJ" email="amet@nisiMaurisnulla.co.uk" company="Ipsum Dolor Industries" address="602-9183 Cursus. St." city="Rhisnes" postalCode="V2M 7A8" country="Tajikistan" phone="(477) 414-2589" fax="(211) 861-3857" registerdate="2015-01-19 01:01:37" logindate="2014-04-02 06:04:17" comment="Phasellus nulla. Integer vulputate, risus a ultricies adipiscing, enim mi tempor lorem, eget mollis lectus pede et risus. Quisque libero lacus, varius et, euismod et, commodo at, libero. Morbi accumsan laoreet ipsum. Curabitur consequat, lectus sit amet luctus vulputate, nisi sem semper erat, in consectetuer ipsum nunc id enim. Curabitur massa. Vestibulum accumsan neque et nunc. Quisque ornare tortor at risus. Nunc ac sem ut dolor dapibus gravida. Aliquam tincidunt, nunc ac mattis ornare, lectus ante dictum" />
	<customer  id="268" name="Vielka" password="RRP33MWE7IH" email="Sed@semper.org" company="Venenatis A Magna Institute" address="626-8732 Et Road" city="Stavoren" postalCode="329487" country="Nauru" phone="(430) 148-2232" fax="(169) 812-2224" registerdate="2014-09-05 07:09:58" logindate="2015-06-09 05:06:27" comment="Suspendisse tristique neque venenatis lacus. Etiam bibendum fermentum metus. Aenean sed pede nec ante blandit viverra. Donec tempus, lorem fringilla ornare placerat, orci lacus vestibulum lorem, sit amet ultricies sem magna nec quam. Curabitur vel lectus. Cum sociis natoque penatibus et magnis dis parturient montes, nascetur ridiculus mus. Donec dignissim magna a tortor. Nunc commodo auctor velit. Aliquam nisl. Nulla eu neque pellentesque massa lobortis ultrices. Vivamus rhoncus. Donec est. Nunc ullamcorper, velit in aliquet lobortis, nisi nibh lacinia orci, consectetuer euismod est arcu ac orci. Ut semper pretium neque. Morbi quis urna. Nunc quis arcu vel quam dignissim pharetra." />
	<customer  id="269" name="Brenda" password="ETM21GQM9GV" email="risus.Nunc.ac@Phasellusdolor.co.uk" company="Ac Company" address="Ap #662-8812 Volutpat Av." city="Altamura" postalCode="88101" country="United States" phone="(260) 359-6824" fax="(705) 517-8418" registerdate="2014-01-01 10:01:26" logindate="2014-10-03 07:10:26" comment="Donec non justo. Proin non massa non ante bibendum ullamcorper. Duis cursus, diam at pretium aliquet, metus urna convallis erat, eget tincidunt dui augue eu tellus. Phasellus elit pede, malesuada vel, venenatis vel, faucibus id, libero. Donec consectetuer mauris id sapien. Cras dolor dolor, tempus non, lacinia at, iaculis quis, pede. Praesent eu dui. Cum sociis natoque penatibus et magnis dis parturient montes, nascetur ridiculus mus. Aenean eget magna. Suspendisse tristique neque venenatis lacus. Etiam bibendum fermentum metus. Aenean sed pede" />
	<customer  id="270" name="Yolanda" password="JOW57RVP5FZ" email="faucibus.lectus@seddictum.edu" company="Sit Amet Risus Incorporated" address="860-7900 Proin Street" city="Rocca Santo Stefano" postalCode="95879-918" country="El Salvador" phone="(743) 668-6507" fax="(982) 448-0290" registerdate="2014-09-07 07:09:39" logindate="2014-01-30 03:01:29" comment="nulla. Integer urna. Vivamus molestie dapibus ligula. Aliquam erat volutpat. Nulla dignissim. Maecenas ornare egestas ligula. Nullam feugiat placerat velit. Quisque varius. Nam porttitor scelerisque neque. Nullam nisl. Maecenas malesuada fringilla est. Mauris eu turpis. Nulla aliquet. Proin velit. Sed malesuada augue ut lacus. Nulla tincidunt, neque vitae semper egestas, urna" />
	<customer  id="271" name="Shay" password="WBD55CAL3BB" email="et.eros.Proin@eueleifendnec.net" company="Convallis Erat Eget Limited" address="369-3769 At Avenue" city="Ife" postalCode="75380-092" country="Brunei" phone="(710) 514-5117" fax="(451) 611-7369" registerdate="2015-02-17 06:02:41" logindate="2014-03-06 02:03:38" comment="fermentum fermentum arcu. Vestibulum ante ipsum primis in faucibus orci luctus et ultrices posuere cubilia Curae Phasellus ornare. Fusce mollis. Duis sit amet diam eu dolor egestas rhoncus. Proin nisl sem, consequat nec, mollis vitae, posuere at, velit. Cras lorem lorem, luctus ut, pellentesque eget, dictum placerat, augue. Sed molestie. Sed id risus quis diam luctus lobortis. Class aptent taciti sociosqu" />
	<customer  id="272" name="Roary" password="KXV08NRT2LQ" email="lectus@actellus.edu" company="Bibendum Sed Company" address="894-2662 Condimentum. St." city="Varsenare" postalCode="7925" country="Honduras" phone="(759) 720-3764" fax="(994) 893-3756" registerdate="2014-04-19 10:04:59" logindate="2013-09-08 08:09:27" comment="nulla vulputate dui, nec tempus mauris erat eget ipsum. Suspendisse sagittis. Nullam vitae diam. Proin dolor. Nulla semper tellus id nunc interdum feugiat. Sed nec metus facilisis lorem tristique aliquet. Phasellus fermentum convallis ligula. Donec luctus aliquet odio. Etiam ligula tortor, dictum eu, placerat eget, venenatis a, magna. Lorem ipsum dolor sit amet, consectetuer adipiscing elit. Etiam laoreet, libero et" />
	<customer  id="273" name="Zelenia" password="MYX41FRV7ZB" email="non.sapien.molestie@malesuadaInteger.edu" company="Mauris Quis Turpis Ltd" address="Ap #208-427 Sed Av." city="Solihull" postalCode="16-812" country="Namibia" phone="(486) 864-3802" fax="(702) 370-3771" registerdate="2015-06-12 08:06:34" logindate="2014-08-01 01:08:14" comment="primis in faucibus orci luctus et ultrices posuere cubilia Curae Donec tincidunt. Donec vitae erat vel pede blandit congue. In scelerisque scelerisque dui. Suspendisse ac metus vitae velit egestas lacinia. Sed congue, elit sed consequat auctor, nunc nulla vulputate dui, nec tempus mauris erat eget ipsum. Suspendisse sagittis. Nullam vitae diam. Proin dolor. Nulla semper tellus id nunc interdum feugiat. Sed nec metus facilisis lorem tristique aliquet." />
	<customer  id="274" name="Minerva" password="SCF66CGN4BS" email="parturient@convalliserateget.com" company="Orci In Consequat Industries" address="1108 Proin St." city="Aguacaliente (San Francisco)" postalCode="68741-423" country="Montenegro" phone="(879) 283-7615" fax="(834) 193-5301" registerdate="2014-01-16 12:01:21" logindate="2015-05-25 06:05:27" comment="vehicula aliquet libero. Integer in magna. Phasellus dolor elit, pellentesque a, facilisis non, bibendum sed, est. Nunc laoreet lectus quis massa. Mauris vestibulum, neque sed dictum eleifend, nunc risus varius orci, in consequat enim diam vel arcu. Curabitur ut odio vel est tempor bibendum. Donec felis orci, adipiscing non, luctus sit amet, faucibus ut, nulla. Cras eu tellus eu augue porttitor interdum. Sed auctor odio a purus. Duis elementum, dui quis accumsan convallis, ante lectus convallis est, vitae sodales nisi magna sed dui. Fusce aliquam, enim nec tempus scelerisque, lorem ipsum" />
	<customer  id="275" name="Laith" password="XZP64OLY2BV" email="erat.in@fringillacursuspurus.net" company="Tempus Lorem Corp." address="P.O. Box 184, 7004 Dapibus Avenue" city="Nieuwenrode" postalCode="1236" country="Guinea" phone="(628) 446-7177" fax="(546) 895-3115" registerdate="2013-12-01 10:12:36" logindate="2015-05-05 12:05:42" comment="tellus. Suspendisse sed dolor. Fusce mi lorem, vehicula et, rutrum eu, ultrices sit amet, risus. Donec nibh enim, gravida sit amet, dapibus id, blandit at, nisi. Cum sociis natoque penatibus et magnis dis parturient montes, nascetur ridiculus mus. Proin vel nisl. Quisque fringilla euismod enim. Etiam gravida molestie arcu. Sed eu nibh vulputate mauris sagittis placerat. Cras dictum ultricies ligula. Nullam enim. Sed nulla ante," />
	<customer  id="276" name="Risa" password="SMR48YTI6MU" email="semper.et.lacinia@risus.edu" company="Mi Incorporated" address="2017 Pretium St." city="Châteauroux" postalCode="54-111" country="El Salvador" phone="(234) 101-2085" fax="(594) 671-6516" registerdate="2015-02-25 07:02:38" logindate="2013-11-28 10:11:58" comment="In mi pede, nonummy ut, molestie in, tempus eu, ligula. Aenean euismod mauris eu elit. Nulla facilisi. Sed neque. Sed eget lacus. Mauris non dui nec urna suscipit nonummy. Fusce fermentum fermentum arcu. Vestibulum ante ipsum primis in faucibus orci luctus et ultrices posuere cubilia Curae Phasellus ornare. Fusce mollis. Duis sit amet diam eu dolor egestas rhoncus. Proin nisl sem, consequat nec, mollis vitae, posuere at, velit. Cras lorem lorem, luctus ut, pellentesque eget, dictum placerat, augue. Sed molestie. Sed id risus quis diam luctus lobortis. Class aptent taciti sociosqu ad litora torquent per conubia nostra, per inceptos hymenaeos." />
	<customer  id="277" name="Jeanette" password="MAB22JLC3KW" email="amet.ultricies@tinciduntorci.net" company="Tortor Corporation" address="P.O. Box 728, 4925 Feugiat. St." city="Pabianice" postalCode="28027" country="Bolivia" phone="(427) 733-2157" fax="(817) 673-0658" registerdate="2015-07-30 12:07:11" logindate="2015-07-11 10:07:24" comment="et netus et malesuada fames ac turpis egestas. Fusce aliquet magna a neque. Nullam ut nisi a odio semper cursus. Integer mollis. Integer tincidunt aliquam arcu. Aliquam ultrices iaculis odio. Nam interdum enim non nisi. Aenean eget metus. In nec orci. Donec nibh. Quisque nonummy ipsum non arcu. Vivamus sit amet risus. Donec egestas. Aliquam nec enim. Nunc ut erat. Sed nunc est, mollis non, cursus non, egestas a, dui. Cras pellentesque. Sed dictum. Proin eget odio. Aliquam vulputate ullamcorper magna. Sed eu eros. Nam consequat dolor vitae dolor. Donec fringilla. Donec feugiat metus sit amet" />
	<customer  id="278" name="Amy" password="YEV22BKA4UI" email="Ut.tincidunt@sedduiFusce.com" company="Dictum Placerat Augue LLC" address="Ap #542-243 Sem Road" city="Dublin" postalCode="5530" country="South Georgia and The South Sandwich Islands" phone="(805) 660-1593" fax="(712) 598-1242" registerdate="2014-10-21 03:10:35" logindate="2014-11-25 03:11:42" comment="magnis dis parturient montes, nascetur ridiculus mus. Aenean eget magna. Suspendisse tristique neque venenatis lacus. Etiam bibendum fermentum metus. Aenean sed pede nec ante blandit viverra. Donec tempus, lorem fringilla ornare placerat, orci lacus vestibulum lorem, sit amet ultricies sem magna nec quam. Curabitur vel lectus. Cum sociis natoque penatibus et magnis dis parturient montes, nascetur ridiculus mus. Donec dignissim magna a tortor. Nunc commodo auctor velit. Aliquam nisl. Nulla eu" />
	<customer  id="279" name="Ivor" password="HQC30LPA4EA" email="Praesent@Nullamfeugiat.ca" company="Fusce Diam Nunc Corporation" address="Ap #401-7596 Scelerisque Ave" city="Caucaia" postalCode="5084FS" country="Monaco" phone="(630) 574-3927" fax="(717) 260-0327" registerdate="2013-10-10 12:10:03" logindate="2013-10-08 05:10:59" comment="eleifend non, dapibus rutrum, justo. Praesent luctus. Curabitur egestas nunc sed libero. Proin sed turpis nec mauris blandit mattis. Cras eget nisi dictum augue malesuada malesuada. Integer id magna et ipsum cursus vestibulum. Mauris magna. Duis dignissim tempor arcu. Vestibulum ut eros non enim commodo hendrerit. Donec porttitor tellus non magna. Nam ligula elit, pretium et, rutrum non, hendrerit id, ante. Nunc mauris sapien, cursus in, hendrerit consectetuer, cursus et, magna. Praesent interdum ligula eu enim. Etiam imperdiet dictum magna. Ut tincidunt orci quis lectus. Nullam suscipit, est ac facilisis facilisis, magna tellus faucibus leo, in lobortis tellus" />
	<customer  id="280" name="Debra" password="SHX12YFA2UA" email="consequat@Phasellusfermentum.org" company="Dictum Augue Inc." address="408-4200 Molestie Rd." city="Bracknell" postalCode="76-914" country="Iceland" phone="(728) 161-0573" fax="(724) 547-8590" registerdate="2014-09-03 02:09:41" logindate="2015-05-04 02:05:51" comment="felis. Donec tempor, est ac mattis semper, dui lectus rutrum urna, nec luctus felis purus ac tellus. Suspendisse sed dolor. Fusce mi lorem, vehicula et, rutrum eu, ultrices sit amet, risus. Donec nibh enim, gravida sit amet, dapibus id, blandit at, nisi. Cum sociis natoque penatibus et magnis dis parturient montes, nascetur ridiculus mus. Proin vel nisl. Quisque fringilla euismod enim. Etiam gravida molestie arcu. Sed eu nibh" />
	<customer  id="281" name="Damon" password="QPH85OCD2GT" email="Sed.nunc.est@tempordiam.co.uk" company="Et Associates" address="P.O. Box 176, 4416 Phasellus Street" city="Burnpur" postalCode="91-832" country="French Polynesia" phone="(539) 587-2315" fax="(261) 219-9525" registerdate="2014-07-07 12:07:39" logindate="2015-08-09 08:08:11" comment="aliquet vel, vulputate eu, odio. Phasellus at augue id ante dictum cursus. Nunc mauris elit, dictum eu, eleifend nec, malesuada ut, sem. Nulla interdum. Curabitur dictum. Phasellus in felis. Nulla tempor augue ac ipsum. Phasellus vitae mauris sit amet lorem semper auctor. Mauris vel turpis. Aliquam adipiscing lobortis risus. In mi pede, nonummy ut, molestie in, tempus eu, ligula. Aenean euismod mauris eu elit. Nulla facilisi. Sed neque. Sed eget lacus. Mauris non dui nec urna suscipit nonummy. Fusce fermentum fermentum arcu. Vestibulum ante ipsum primis in faucibus orci" />
	<customer  id="282" name="Whitney" password="QKU64RKM5FT" email="vel.turpis@vehiculaetrutrum.co.uk" company="At PC" address="9159 Laoreet Rd." city="Oban" postalCode="95527-897" country="Bonaire, Sint Eustatius and Saba" phone="(545) 349-4629" fax="(597) 574-1522" registerdate="2014-04-20 09:04:51" logindate="2015-05-20 07:05:12" comment="Suspendisse aliquet, sem ut cursus luctus, ipsum leo elementum sem, vitae aliquam eros turpis non enim. Mauris quis turpis vitae purus gravida sagittis. Duis gravida. Praesent eu nulla at sem molestie sodales. Mauris blandit enim consequat purus. Maecenas libero est, congue a, aliquet vel, vulputate eu, odio. Phasellus at augue id ante dictum cursus." />
	<customer  id="283" name="Axel" password="QUY44KPI0RS" email="nisl.arcu.iaculis@scelerisque.com" company="At Company" address="Ap #507-1578 Dolor Rd." city="Angoulême" postalCode="2121" country="Namibia" phone="(489) 485-9244" fax="(846) 998-6937" registerdate="2014-10-26 09:10:23" logindate="2015-07-15 10:07:25" comment="ultrices posuere cubilia Curae Phasellus ornare. Fusce mollis. Duis sit amet diam eu dolor egestas rhoncus. Proin nisl sem, consequat nec, mollis vitae, posuere at, velit. Cras lorem lorem, luctus ut, pellentesque eget, dictum placerat, augue. Sed molestie. Sed id risus quis diam luctus lobortis. Class aptent taciti sociosqu ad litora torquent per conubia nostra, per inceptos hymenaeos. Mauris ut quam vel sapien" />
	<customer  id="284" name="Mary" password="HOI31EQV7ZW" email="quis.pede.Suspendisse@vulputateposuere.co.uk" company="Vulputate Risus PC" address="Ap #580-1249 Aliquet St." city="Polcenigo" postalCode="19337" country="Mauritania" phone="(941) 647-5353" fax="(284) 383-6956" registerdate="2013-12-31 02:12:38" logindate="2014-11-02 08:11:49" comment="Aenean eget metus. In nec orci. Donec nibh. Quisque nonummy ipsum non arcu. Vivamus sit amet risus. Donec egestas. Aliquam nec enim. Nunc ut erat. Sed nunc est, mollis non, cursus non, egestas a, dui. Cras pellentesque. Sed dictum. Proin eget odio. Aliquam vulputate ullamcorper magna. Sed eu eros. Nam consequat dolor vitae dolor. Donec fringilla. Donec feugiat metus sit amet ante. Vivamus non lorem vitae odio sagittis semper. Nam tempor diam dictum sapien. Aenean massa. Integer vitae nibh. Donec est mauris, rhoncus id, mollis nec, cursus" />
	<customer  id="285" name="Aretha" password="BFB05DYM2QS" email="vestibulum@felisegetvarius.ca" company="Vitae LLC" address="Ap #114-5814 Ullamcorper Rd." city="Susegana" postalCode="8035" country="Turks and Caicos Islands" phone="(446) 391-3925" fax="(737) 805-1822" registerdate="2014-02-18 07:02:10" logindate="2014-04-08 03:04:28" comment="Integer vitae nibh. Donec est mauris, rhoncus id, mollis nec, cursus a, enim. Suspendisse aliquet, sem ut cursus luctus, ipsum leo elementum sem, vitae aliquam eros turpis non enim. Mauris quis turpis vitae purus gravida sagittis. Duis gravida. Praesent eu nulla at sem molestie sodales. Mauris blandit enim consequat purus. Maecenas libero est, congue a, aliquet vel, vulputate eu, odio. Phasellus at augue id ante dictum cursus. Nunc mauris elit, dictum eu, eleifend nec, malesuada ut, sem. Nulla interdum. Curabitur dictum. Phasellus in felis. Nulla tempor augue ac ipsum. Phasellus vitae mauris sit amet lorem semper auctor. Mauris vel" />
	<customer  id="286" name="Jena" password="EFQ14IGQ7SL" email="orci.lacus@velit.co.uk" company="Scelerisque Inc." address="P.O. Box 607, 6679 Aliquet, Avenue" city="Paradise" postalCode="34-319" country="Benin" phone="(121) 454-4113" fax="(241) 849-3482" registerdate="2014-05-16 06:05:15" logindate="2015-07-02 11:07:30" comment="sit amet ultricies sem magna nec quam. Curabitur vel lectus. Cum sociis natoque penatibus et magnis dis parturient montes, nascetur ridiculus mus. Donec dignissim magna a tortor. Nunc commodo auctor velit. Aliquam nisl. Nulla eu neque pellentesque massa lobortis ultrices. Vivamus rhoncus. Donec est. Nunc ullamcorper, velit in aliquet lobortis, nisi nibh lacinia orci, consectetuer euismod est arcu ac orci. Ut semper pretium neque. Morbi quis urna. Nunc quis arcu vel quam dignissim pharetra. Nam ac nulla. In tincidunt congue turpis. In condimentum. Donec at arcu. Vestibulum ante ipsum primis in faucibus orci luctus et ultrices" />
	<customer  id="287" name="Felicia" password="LQH40HXD9BK" email="ornare.placerat@non.ca" company="Quis Diam Luctus Ltd" address="Ap #675-9684 Auctor St." city="San Cesario di Lecce" postalCode="71653" country="Croatia" phone="(213) 421-6441" fax="(389) 142-6122" registerdate="2013-08-25 05:08:33" logindate="2014-01-31 02:01:47" comment="sapien. Aenean massa. Integer vitae nibh. Donec est mauris, rhoncus id, mollis nec, cursus a, enim. Suspendisse aliquet, sem ut cursus luctus, ipsum leo elementum sem, vitae aliquam eros turpis non enim. Mauris quis turpis vitae purus gravida sagittis. Duis gravida. Praesent eu nulla at sem molestie sodales. Mauris blandit enim consequat purus. Maecenas libero est, congue a, aliquet vel, vulputate eu, odio. Phasellus at augue id ante dictum cursus." />
	<customer  id="288" name="Channing" password="KAM88FHK9GE" email="eget@liberodui.co.uk" company="Lorem Lorem Foundation" address="Ap #905-1021 Sit Ave" city="Galmaarden" postalCode="08968" country="Antigua and Barbuda" phone="(912) 799-1306" fax="(296) 721-4018" registerdate="2014-09-15 07:09:48" logindate="2014-07-12 02:07:27" comment="purus gravida sagittis. Duis gravida. Praesent eu nulla at sem molestie sodales. Mauris blandit enim consequat purus. Maecenas libero est, congue a, aliquet vel, vulputate eu, odio. Phasellus at augue id ante dictum cursus. Nunc mauris elit, dictum eu, eleifend nec, malesuada ut, sem. Nulla interdum. Curabitur dictum. Phasellus in felis. Nulla tempor augue ac ipsum. Phasellus vitae mauris sit amet lorem semper auctor. Mauris vel turpis. Aliquam adipiscing lobortis risus. In mi pede, nonummy ut, molestie in, tempus eu, ligula." />
	<customer  id="289" name="Kasimir" password="YBG36BPJ4GW" email="cursus.Nunc@torquent.org" company="Nascetur Ridiculus Mus Ltd" address="3530 Dictum. Road" city="Mobile" postalCode="05098" country="Thailand" phone="(129) 369-5094" fax="(616) 235-8525" registerdate="2015-04-11 12:04:24" logindate="2014-01-31 06:01:28" comment="dictum placerat, augue. Sed molestie. Sed id risus quis diam luctus lobortis. Class aptent taciti sociosqu ad litora torquent per conubia nostra, per inceptos hymenaeos. Mauris ut quam vel sapien imperdiet ornare. In faucibus. Morbi vehicula. Pellentesque tincidunt tempus risus. Donec egestas. Duis ac arcu. Nunc mauris. Morbi non sapien molestie orci tincidunt adipiscing. Mauris molestie" />
	<customer  id="290" name="Dylan" password="IXN03KUM8NB" email="Phasellus@natoque.edu" company="Magnis Dis Parturient Inc." address="486-7285 Integer St." city="Montjovet" postalCode="M3N 7W0" country="Svalbard and Jan Mayen Islands" phone="(573) 450-2707" fax="(256) 237-5973" registerdate="2014-09-16 04:09:16" logindate="2013-12-25 01:12:47" comment="metus. In nec orci. Donec nibh. Quisque nonummy ipsum non arcu. Vivamus sit amet risus. Donec egestas. Aliquam nec enim. Nunc ut erat. Sed nunc est, mollis non, cursus non, egestas a, dui. Cras pellentesque. Sed dictum. Proin eget odio. Aliquam vulputate ullamcorper magna. Sed eu eros. Nam consequat dolor vitae dolor. Donec fringilla. Donec feugiat metus sit amet ante. Vivamus non lorem vitae odio sagittis semper. Nam tempor diam dictum sapien. Aenean massa. Integer vitae nibh. Donec est mauris, rhoncus id, mollis" />
	<customer  id="291" name="Russell" password="HHH62MRZ9GR" email="Etiam.ligula.tortor@eget.net" company="Morbi Quis Urna LLP" address="P.O. Box 605, 2174 Posuere Street" city="Wanferc�e-Baulet" postalCode="60300" country="Romania" phone="(713) 137-9795" fax="(118) 468-7433" registerdate="2015-03-27 12:03:41" logindate="2015-05-09 01:05:42" comment="dolor. Fusce mi lorem, vehicula et, rutrum eu, ultrices sit amet, risus. Donec nibh enim, gravida sit amet, dapibus id, blandit at, nisi. Cum sociis natoque penatibus et magnis dis parturient montes, nascetur ridiculus mus. Proin vel nisl. Quisque fringilla euismod enim. Etiam gravida molestie arcu. Sed eu nibh vulputate mauris sagittis placerat. Cras dictum ultricies ligula. Nullam enim. Sed nulla ante, iaculis nec, eleifend non, dapibus rutrum, justo. Praesent luctus. Curabitur egestas nunc sed libero. Proin sed turpis nec mauris blandit mattis. Cras eget nisi dictum augue malesuada malesuada. Integer" />
	<customer  id="292" name="Gemma" password="TGI36SPU1NU" email="fermentum@a.com" company="Quis Turpis Inc." address="Ap #512-1477 Quis St." city="Alacant" postalCode="2124" country="Malawi" phone="(612) 836-7897" fax="(199) 542-6743" registerdate="2013-11-10 07:11:10" logindate="2014-05-05 11:05:40" comment="augue eu tellus. Phasellus elit pede, malesuada vel, venenatis vel, faucibus id, libero. Donec consectetuer mauris id sapien. Cras dolor dolor, tempus non, lacinia at, iaculis quis, pede. Praesent eu dui. Cum sociis natoque penatibus et magnis dis parturient montes, nascetur ridiculus mus. Aenean eget magna. Suspendisse tristique neque venenatis lacus. Etiam bibendum fermentum metus. Aenean sed pede nec ante blandit viverra. Donec tempus, lorem fringilla" />
	<customer  id="293" name="Gloria" password="KSA00YDY5MY" email="ornare.egestas.ligula@viverra.co.uk" company="Ac Corp." address="811-543 Et Rd." city="Avigliano Umbro" postalCode="A6V 6R7" country="Tonga" phone="(767) 797-8939" fax="(837) 454-8600" registerdate="2014-05-02 09:05:58" logindate="2015-08-07 08:08:57" comment="montes, nascetur ridiculus mus. Donec dignissim magna a tortor. Nunc commodo auctor velit. Aliquam nisl. Nulla eu neque pellentesque massa lobortis ultrices. Vivamus rhoncus. Donec est. Nunc ullamcorper, velit in aliquet lobortis, nisi nibh lacinia orci, consectetuer euismod est arcu ac orci. Ut semper pretium neque. Morbi quis urna. Nunc quis arcu vel quam dignissim pharetra. Nam ac nulla. In tincidunt congue turpis. In condimentum. Donec at arcu. Vestibulum ante ipsum" />
	<customer  id="294" name="Branden" password="GLD05HJA5KJ" email="elit@ut.co.uk" company="Hendrerit A Arcu Associates" address="Ap #383-2435 Lorem. Ave" city="Bevagna" postalCode="R6L 0H3" country="Cayman Islands" phone="(946) 918-7172" fax="(537) 232-6793" registerdate="2015-05-31 08:05:36" logindate="2014-08-03 07:08:55" comment="ante, iaculis nec, eleifend non, dapibus rutrum, justo. Praesent luctus. Curabitur egestas nunc sed libero. Proin sed turpis nec mauris blandit mattis. Cras eget nisi dictum augue malesuada malesuada. Integer id magna et ipsum cursus vestibulum. Mauris magna. Duis dignissim tempor arcu. Vestibulum ut eros non enim commodo hendrerit. Donec porttitor tellus" />
	<customer  id="295" name="Frances" password="UCN51AOL0OF" email="Cras.sed.leo@malesuada.net" company="Molestie Sodales Mauris Company" address="P.O. Box 527, 2783 Pharetra. Rd." city="Paupisi" postalCode="XZ2W 2NI" country="Bouvet Island" phone="(257) 342-8774" fax="(986) 622-9744" registerdate="2014-09-12 07:09:29" logindate="2014-08-29 12:08:15" comment="accumsan laoreet ipsum. Curabitur consequat, lectus sit amet luctus vulputate, nisi sem semper erat, in consectetuer ipsum nunc id enim. Curabitur massa. Vestibulum accumsan neque et nunc. Quisque ornare tortor at risus. Nunc ac sem ut dolor dapibus gravida. Aliquam tincidunt, nunc ac mattis ornare, lectus ante dictum mi, ac mattis velit justo nec ante. Maecenas mi felis, adipiscing fringilla, porttitor vulputate, posuere vulputate, lacus. Cras interdum. Nunc sollicitudin commodo ipsum. Suspendisse non leo. Vivamus nibh dolor, nonummy ac, feugiat non, lobortis quis, pede. Suspendisse dui. Fusce diam nunc, ullamcorper eu, euismod ac, fermentum" />
	<customer  id="296" name="Carissa" password="RNP47INL2TZ" email="neque.venenatis@duilectus.com" company="Ac Turpis PC" address="P.O. Box 256, 5870 Vitae Ave" city="Tilly" postalCode="99633" country="Turkey" phone="(732) 796-5156" fax="(836) 456-0788" registerdate="2014-01-14 01:01:29" logindate="2014-08-13 08:08:12" comment="nec, cursus a, enim. Suspendisse aliquet, sem ut cursus luctus, ipsum leo elementum sem, vitae aliquam eros turpis non enim. Mauris quis turpis vitae purus gravida sagittis. Duis gravida. Praesent eu nulla at sem molestie sodales. Mauris blandit enim consequat purus. Maecenas libero est, congue a, aliquet vel, vulputate eu, odio. Phasellus at augue id ante dictum" />
	<customer  id="297" name="Hamish" password="PYS01ZVM2KM" email="enim.consequat@Inmipede.ca" company="Sit Amet Industries" address="3299 At Av." city="Gilly" postalCode="94870" country="Bahamas" phone="(495) 828-0399" fax="(526) 719-8471" registerdate="2015-01-05 04:01:45" logindate="2014-07-20 11:07:07" comment="Sed et libero. Proin mi. Aliquam gravida mauris ut mi. Duis risus odio, auctor vitae, aliquet nec, imperdiet nec, leo. Morbi neque tellus, imperdiet non, vestibulum nec, euismod in, dolor. Fusce feugiat. Lorem ipsum dolor sit amet, consectetuer adipiscing elit. Aliquam auctor, velit eget laoreet posuere, enim nisl elementum purus, accumsan interdum" />
	<customer  id="298" name="Lisandra" password="ROU00WUW3IZ" email="cursus@augueporttitorinterdum.ca" company="Nunc In Corp." address="P.O. Box 865, 336 Mus. St." city="Derby" postalCode="7725NB" country="Brunei" phone="(745) 842-8678" fax="(409) 161-9970" registerdate="2014-04-18 03:04:06" logindate="2014-07-19 03:07:41" comment="a, dui. Cras pellentesque. Sed dictum. Proin eget odio. Aliquam vulputate ullamcorper magna. Sed eu eros. Nam consequat dolor vitae dolor. Donec fringilla. Donec feugiat metus sit amet ante. Vivamus non lorem vitae odio sagittis semper. Nam tempor diam dictum sapien. Aenean massa. Integer vitae nibh. Donec est mauris, rhoncus id, mollis nec, cursus" />
	<customer  id="299" name="Ivana" password="RKP86HJU1BC" email="odio.vel@enimSuspendissealiquet.ca" company="Nec Malesuada Institute" address="8846 Ut Rd." city="Pietrarubbia" postalCode="508580" country="Bonaire, Sint Eustatius and Saba" phone="(801) 541-7847" fax="(293) 921-4169" registerdate="2014-12-30 01:12:06" logindate="2015-08-20 05:08:04" comment="sociis natoque penatibus et magnis dis parturient montes, nascetur ridiculus mus. Proin vel arcu eu odio tristique pharetra. Quisque ac libero nec ligula consectetuer rhoncus. Nullam velit dui, semper et, lacinia vitae, sodales at, velit. Pellentesque ultricies dignissim lacus. Aliquam rutrum lorem ac risus. Morbi metus. Vivamus euismod urna. Nullam lobortis quam a felis ullamcorper viverra. Maecenas iaculis aliquet diam. Sed diam lorem," />
	<customer  id="300" name="Brittany" password="NKR80EHN2EF" email="ipsum.Suspendisse@Nullamscelerisque.co.uk" company="Libero Mauris Aliquam Institute" address="956 Vestibulum Avenue" city="Hamilton" postalCode="1297NK" country="New Zealand" phone="(566) 599-3266" fax="(721) 908-8634" registerdate="2015-04-29 09:04:24" logindate="2014-09-03 08:09:04" comment="lorem eu metus. In lorem. Donec elementum, lorem ut aliquam iaculis, lacus pede sagittis augue, eu tempor erat neque non quam. Pellentesque habitant morbi tristique senectus et netus et malesuada fames ac turpis egestas. Aliquam fringilla cursus purus. Nullam scelerisque neque sed sem egestas blandit. Nam nulla magna, malesuada vel, convallis in, cursus et, eros. Proin ultrices. Duis volutpat nunc sit amet metus. Aliquam erat volutpat. Nulla facilisis. Suspendisse commodo tincidunt nibh. Phasellus nulla. Integer vulputate, risus a ultricies adipiscing, enim mi tempor lorem, eget mollis lectus pede et risus. Quisque libero lacus," />
	<customer  id="301" name="Vaughan" password="FKI64GOA9LO" email="varius@utmolestiein.ca" company="Nisi Aenean Limited" address="P.O. Box 833, 1263 Rutrum Av." city="Beez" postalCode="58474-161" country="New Zealand" phone="(530) 389-3086" fax="(478) 635-0648" registerdate="2014-03-08 05:03:07" logindate="2014-03-02 05:03:22" comment="eros non enim commodo hendrerit. Donec porttitor tellus non magna. Nam ligula elit, pretium et, rutrum non, hendrerit id, ante. Nunc mauris sapien, cursus in, hendrerit consectetuer, cursus et, magna. Praesent interdum ligula eu enim. Etiam imperdiet dictum magna. Ut tincidunt orci quis lectus. Nullam suscipit, est ac facilisis facilisis, magna tellus faucibus leo, in lobortis tellus justo sit amet nulla. Donec non justo. Proin non massa non ante bibendum ullamcorper. Duis cursus, diam" />
	<customer  id="302" name="Cairo" password="OLT07QEA1NO" email="parturient.montes.nascetur@venenatislacus.ca" company="Diam Inc." address="P.O. Box 326, 7861 Vel Rd." city="Halisahar" postalCode="56185" country="Dominican Republic" phone="(402) 165-5863" fax="(120) 532-8672" registerdate="2013-10-04 04:10:09" logindate="2014-03-27 07:03:10" comment="euismod enim. Etiam gravida molestie arcu. Sed eu nibh vulputate mauris sagittis placerat. Cras dictum ultricies ligula. Nullam enim. Sed nulla ante, iaculis nec, eleifend non, dapibus rutrum, justo. Praesent luctus. Curabitur egestas nunc sed libero. Proin sed turpis nec mauris blandit mattis. Cras eget nisi dictum augue malesuada malesuada. Integer id magna et ipsum cursus vestibulum. Mauris magna. Duis dignissim tempor arcu. Vestibulum ut eros non enim commodo hendrerit. Donec porttitor tellus non" />
	<customer  id="303" name="Angela" password="GLO35QLI2GJ" email="ultricies.dignissim@nunc.com" company="Diam At Ltd" address="P.O. Box 635, 4193 Lobortis Ave" city="Mackay" postalCode="70-852" country="Côte D'Ivoire (Ivory Coast)" phone="(472) 653-6456" fax="(389) 756-6985" registerdate="2015-06-18 05:06:31" logindate="2015-07-25 02:07:50" comment="ac mattis semper, dui lectus rutrum urna, nec luctus felis purus ac tellus. Suspendisse sed dolor. Fusce mi lorem, vehicula et, rutrum eu, ultrices sit amet, risus. Donec nibh enim, gravida sit amet, dapibus id, blandit at, nisi. Cum sociis natoque penatibus et magnis dis parturient montes, nascetur ridiculus mus. Proin vel nisl. Quisque fringilla euismod enim. Etiam gravida molestie arcu. Sed eu nibh vulputate mauris sagittis placerat. Cras dictum ultricies ligula. Nullam enim. Sed nulla ante, iaculis nec," />
	<customer  id="304" name="Peter" password="CTB64XMM5ML" email="Duis@mollisnec.edu" company="Donec Tempor PC" address="P.O. Box 226, 5904 Morbi St." city="Lauterach" postalCode="3282" country="Marshall Islands" phone="(238) 128-3967" fax="(487) 616-0715" registerdate="2015-08-17 07:08:42" logindate="2014-07-24 12:07:36" comment="non leo. Vivamus nibh dolor, nonummy ac, feugiat non, lobortis quis, pede. Suspendisse dui. Fusce diam nunc, ullamcorper eu, euismod ac, fermentum vel, mauris. Integer sem elit, pharetra ut, pharetra sed, hendrerit a, arcu. Sed et libero. Proin mi. Aliquam gravida mauris ut mi. Duis risus odio, auctor vitae, aliquet nec, imperdiet nec, leo. Morbi neque tellus, imperdiet non, vestibulum nec, euismod in, dolor. Fusce feugiat. Lorem ipsum dolor sit amet, consectetuer adipiscing elit. Aliquam auctor, velit eget laoreet posuere, enim nisl elementum purus, accumsan interdum libero dui" />
	<customer  id="305" name="Beverly" password="IHM20XVE0VY" email="taciti.sociosqu.ad@consectetuer.org" company="Lorem Vitae LLP" address="P.O. Box 634, 6008 Duis Ave" city="Leverkusen" postalCode="8202" country="Micronesia" phone="(252) 686-4092" fax="(169) 228-5593" registerdate="2015-02-21 05:02:13" logindate="2014-05-27 11:05:14" comment="dis parturient montes, nascetur ridiculus mus. Proin vel arcu eu odio tristique pharetra. Quisque ac libero nec ligula consectetuer rhoncus. Nullam velit dui, semper et, lacinia vitae, sodales at, velit. Pellentesque ultricies dignissim lacus. Aliquam rutrum lorem ac risus. Morbi metus. Vivamus euismod urna. Nullam lobortis quam a felis ullamcorper viverra. Maecenas iaculis aliquet diam. Sed diam lorem, auctor quis, tristique ac, eleifend" />
	<customer  id="306" name="Chadwick" password="UHN96QRA0OH" email="dolor@loremfringilla.co.uk" company="Laoreet PC" address="453-6389 Sit Rd." city="Surrey" postalCode="72810" country="Haiti" phone="(683) 226-1267" fax="(829) 398-7652" registerdate="2014-08-22 04:08:07" logindate="2014-06-08 07:06:49" comment="Aenean euismod mauris eu elit. Nulla facilisi. Sed neque. Sed eget lacus. Mauris non dui nec urna suscipit nonummy. Fusce fermentum fermentum arcu. Vestibulum ante ipsum primis in faucibus orci luctus et ultrices posuere cubilia Curae Phasellus ornare. Fusce mollis. Duis sit amet diam eu dolor egestas rhoncus. Proin nisl sem, consequat nec, mollis vitae, posuere at, velit. Cras lorem lorem, luctus ut, pellentesque eget, dictum placerat, augue. Sed molestie. Sed id risus quis diam luctus lobortis. Class aptent taciti sociosqu ad litora torquent per" />
	<customer  id="307" name="Diana" password="HJG54CSE5UX" email="in@arcuAliquam.org" company="Mauris Rhoncus Incorporated" address="248-2016 Primis Avenue" city="Kirkland" postalCode="23-637" country="Norway" phone="(151) 329-4109" fax="(331) 773-7183" registerdate="2015-08-06 01:08:09" logindate="2015-03-13 01:03:37" comment="tellus eu augue porttitor interdum. Sed auctor odio a purus. Duis elementum, dui quis accumsan convallis, ante lectus convallis est, vitae sodales nisi magna sed dui. Fusce aliquam, enim nec tempus scelerisque, lorem ipsum sodales purus, in molestie tortor nibh sit amet orci. Ut sagittis lobortis mauris. Suspendisse aliquet molestie tellus. Aenean egestas hendrerit" />
	<customer  id="308" name="Megan" password="VOB47NBN5LW" email="imperdiet@anteVivamus.co.uk" company="Donec Egestas Duis LLC" address="6584 Risus Street" city="Poznań" postalCode="6608XI" country="Romania" phone="(186) 891-3980" fax="(136) 868-5910" registerdate="2015-07-03 11:07:39" logindate="2014-02-08 09:02:08" comment="lobortis, nisi nibh lacinia orci, consectetuer euismod est arcu ac orci. Ut semper pretium neque. Morbi quis urna. Nunc quis arcu vel quam dignissim pharetra. Nam ac nulla. In tincidunt congue turpis. In condimentum. Donec at arcu. Vestibulum ante ipsum primis in faucibus orci luctus et ultrices posuere cubilia Curae Donec tincidunt. Donec vitae erat vel pede blandit congue. In scelerisque scelerisque dui. Suspendisse ac metus vitae velit egestas lacinia. Sed congue, elit sed consequat auctor, nunc nulla vulputate dui, nec tempus mauris erat eget ipsum. Suspendisse sagittis. Nullam vitae diam. Proin dolor. Nulla semper tellus id" />
	<customer  id="309" name="Sacha" password="GEC04GVZ2UO" email="malesuada@amet.org" company="Ridiculus Mus Proin PC" address="2595 Lectus. Road" city="Reims" postalCode="3715" country="Morocco" phone="(162) 654-4714" fax="(200) 340-1199" registerdate="2014-04-29 03:04:46" logindate="2014-01-03 06:01:14" comment="dui nec urna suscipit nonummy. Fusce fermentum fermentum arcu. Vestibulum ante ipsum primis in faucibus orci luctus et ultrices posuere cubilia Curae Phasellus ornare. Fusce mollis. Duis sit amet diam eu dolor egestas rhoncus. Proin nisl sem, consequat nec, mollis vitae, posuere at, velit. Cras lorem lorem, luctus ut, pellentesque eget, dictum placerat, augue. Sed molestie. Sed id risus quis diam luctus lobortis. Class aptent taciti sociosqu ad litora torquent per conubia nostra, per inceptos hymenaeos. Mauris ut quam vel sapien imperdiet ornare. In faucibus. Morbi vehicula." />
	<customer  id="310" name="Kato" password="BVS51TDI3KG" email="vel@at.net" company="Vivamus Nisi PC" address="402-2679 Aenean St." city="Gijzegem" postalCode="67408" country="Yemen" phone="(571) 693-4894" fax="(431) 668-9377" registerdate="2013-10-08 09:10:09" logindate="2014-02-23 09:02:31" comment="aliquet, sem ut cursus luctus, ipsum leo elementum sem, vitae aliquam eros turpis non enim. Mauris quis turpis vitae purus gravida sagittis. Duis gravida. Praesent eu nulla at sem molestie sodales. Mauris blandit enim consequat purus. Maecenas libero est, congue a, aliquet vel, vulputate eu, odio. Phasellus at augue id ante dictum cursus. Nunc mauris elit, dictum eu," />
	<customer  id="311" name="Ora" password="CJJ83AHX5EP" email="congue.turpis@Intinciduntcongue.com" company="At Velit Pellentesque Associates" address="P.O. Box 503, 8861 Lacus. Street" city="Hamm" postalCode="84091" country="Korea, South" phone="(185) 411-5137" fax="(332) 911-0674" registerdate="2013-10-09 12:10:07" logindate="2014-03-19 05:03:03" comment="ante dictum mi, ac mattis velit justo nec ante. Maecenas mi felis, adipiscing fringilla, porttitor vulputate, posuere vulputate, lacus. Cras interdum. Nunc sollicitudin commodo ipsum. Suspendisse non leo. Vivamus nibh dolor, nonummy ac, feugiat non, lobortis quis, pede. Suspendisse dui. Fusce diam nunc, ullamcorper eu, euismod ac, fermentum vel, mauris. Integer sem elit, pharetra ut, pharetra sed, hendrerit a, arcu. Sed et libero. Proin mi. Aliquam gravida mauris ut mi. Duis risus odio, auctor vitae, aliquet nec, imperdiet nec," />
	<customer  id="312" name="Martina" password="UNO04AYT6XC" email="fringilla.Donec.feugiat@laoreetipsum.org" company="Tristique Pharetra Corporation" address="535-5788 In Road" city="Harbour Grace" postalCode="5659" country="Papua New Guinea" phone="(197) 317-9740" fax="(460) 645-0598" registerdate="2015-07-09 07:07:09" logindate="2014-11-19 05:11:12" comment="lectus. Nullam suscipit, est ac facilisis facilisis, magna tellus faucibus leo, in lobortis tellus justo sit amet nulla. Donec non justo. Proin non massa non ante bibendum ullamcorper. Duis cursus, diam at pretium aliquet, metus urna convallis erat, eget tincidunt dui augue eu tellus. Phasellus elit pede, malesuada vel, venenatis vel, faucibus id, libero. Donec consectetuer mauris id sapien. Cras dolor dolor, tempus non, lacinia at, iaculis quis, pede. Praesent eu dui. Cum sociis natoque penatibus et magnis dis parturient montes, nascetur ridiculus mus. Aenean eget magna. Suspendisse tristique neque venenatis lacus. Etiam bibendum fermentum metus. Aenean sed pede" />
	<customer  id="313" name="Julie" password="UKC73ASZ6PN" email="fringilla.porttitor.vulputate@interdumNunc.co.uk" company="Magna Ut Foundation" address="P.O. Box 598, 4648 Luctus Avenue" city="Ávila" postalCode="59450" country="Tokelau" phone="(233) 965-3502" fax="(856) 849-4528" registerdate="2014-09-15 12:09:50" logindate="2013-11-10 11:11:16" comment="dictum sapien. Aenean massa. Integer vitae nibh. Donec est mauris, rhoncus id, mollis nec, cursus a, enim. Suspendisse aliquet, sem ut cursus luctus, ipsum leo elementum sem, vitae aliquam eros turpis non enim. Mauris quis turpis vitae purus gravida sagittis. Duis gravida. Praesent eu nulla at sem molestie sodales. Mauris blandit enim consequat purus. Maecenas libero est, congue a, aliquet vel," />
	<customer  id="314" name="Juliet" password="FXD00PJG8IR" email="faucibus.id@CrasinterdumNunc.com" company="Cursus Nunc Consulting" address="986-3903 Diam Rd." city="Spermalie" postalCode="8527" country="Cuba" phone="(995) 921-9050" fax="(268) 629-8021" registerdate="2015-04-24 12:04:13" logindate="2014-03-30 09:03:50" comment="fringilla. Donec feugiat metus sit amet ante. Vivamus non lorem vitae odio sagittis semper. Nam tempor diam dictum sapien. Aenean massa. Integer vitae nibh. Donec est mauris, rhoncus id, mollis nec, cursus a, enim. Suspendisse aliquet, sem ut cursus luctus, ipsum leo elementum sem, vitae aliquam eros turpis non enim. Mauris quis turpis vitae purus gravida sagittis. Duis gravida. Praesent eu nulla at sem molestie sodales. Mauris blandit enim consequat purus. Maecenas libero est," />
	<customer  id="315" name="Piper" password="IRG53IPB3WL" email="Sed.eu.nibh@mattisornarelectus.ca" company="Tellus Id Nunc Company" address="P.O. Box 192, 1325 Amet, Ave" city="M�rfelden-Walldorf" postalCode="98182" country="Russian Federation" phone="(897) 937-1387" fax="(304) 927-2468" registerdate="2015-07-26 02:07:15" logindate="2015-08-17 12:08:42" comment="odio. Nam interdum enim non nisi. Aenean eget metus. In nec orci. Donec nibh. Quisque nonummy ipsum non arcu. Vivamus sit amet risus. Donec egestas. Aliquam nec enim. Nunc ut erat. Sed nunc est, mollis non, cursus non, egestas a, dui. Cras pellentesque. Sed dictum. Proin eget odio. Aliquam vulputate ullamcorper magna. Sed eu eros. Nam consequat dolor vitae dolor. Donec fringilla. Donec feugiat metus sit amet ante. Vivamus non lorem vitae odio sagittis semper. Nam tempor diam dictum sapien. Aenean" />
	<customer  id="316" name="Sylvester" password="HZI14ZKW1LX" email="vestibulum.massa@estNunclaoreet.co.uk" company="Tempus Lorem Foundation" address="Ap #219-8729 Faucibus Road" city="Naninne" postalCode="11261" country="Greece" phone="(789) 301-0394" fax="(698) 126-4477" registerdate="2013-12-07 09:12:45" logindate="2014-06-28 02:06:39" comment="mollis non, cursus non, egestas a, dui. Cras pellentesque. Sed dictum. Proin eget odio. Aliquam vulputate ullamcorper magna. Sed eu eros. Nam consequat dolor vitae dolor. Donec fringilla. Donec feugiat metus sit amet ante. Vivamus non lorem vitae odio sagittis semper. Nam tempor diam dictum sapien. Aenean massa. Integer vitae nibh. Donec est mauris, rhoncus id, mollis nec, cursus a, enim. Suspendisse aliquet, sem ut cursus luctus, ipsum leo elementum sem, vitae aliquam" />
	<customer  id="317" name="Malcolm" password="MWM64YRB7IR" email="pretium.neque.Morbi@nislMaecenasmalesuada.com" company="Magna Phasellus Company" address="P.O. Box 910, 4849 Nulla Ave" city="Juiz de Fora" postalCode="0549HA" country="Nicaragua" phone="(166) 729-8588" fax="(757) 985-1325" registerdate="2015-01-26 10:01:07" logindate="2015-08-11 02:08:51" comment="Nam consequat dolor vitae dolor. Donec fringilla. Donec feugiat metus sit amet ante. Vivamus non lorem vitae odio sagittis semper. Nam tempor diam dictum sapien. Aenean massa. Integer vitae nibh. Donec est mauris, rhoncus id, mollis nec, cursus a, enim. Suspendisse aliquet, sem ut cursus luctus, ipsum leo elementum sem, vitae aliquam eros turpis non enim. Mauris quis turpis vitae purus" />
	<customer  id="318" name="Lacey" password="CYU72UJQ1ID" email="nonummy.Fusce@imperdiet.edu" company="Quam Company" address="283 Consequat Avenue" city="Anderlues" postalCode="96521-884" country="Anguilla" phone="(188) 605-9158" fax="(657) 617-5561" registerdate="2014-07-05 04:07:56" logindate="2015-06-21 07:06:32" comment="aliquam adipiscing lacus. Ut nec urna et arcu imperdiet ullamcorper. Duis at lacus. Quisque purus sapien, gravida non, sollicitudin a, malesuada id, erat. Etiam vestibulum massa rutrum magna. Cras convallis convallis dolor. Quisque tincidunt pede ac urna. Ut tincidunt vehicula risus. Nulla eget metus eu erat semper rutrum. Fusce dolor quam, elementum at, egestas a, scelerisque sed, sapien. Nunc pulvinar arcu et pede. Nunc sed orci lobortis augue scelerisque mollis. Phasellus libero mauris, aliquam eu, accumsan sed, facilisis vitae, orci. Phasellus dapibus quam quis diam. Pellentesque habitant morbi tristique senectus et" />
	<customer  id="319" name="Shelley" password="HYY04KWA5OA" email="Aliquam@adipiscing.co.uk" company="Auctor Industries" address="P.O. Box 893, 728 Dui. Rd." city="Rosenheim" postalCode="PV1D 9MI" country="Saint Barthélemy" phone="(103) 617-4893" fax="(866) 588-7251" registerdate="2014-10-09 05:10:54" logindate="2014-09-13 06:09:26" comment="nisi a odio semper cursus. Integer mollis. Integer tincidunt aliquam arcu. Aliquam ultrices iaculis odio. Nam interdum enim non nisi. Aenean eget metus. In nec orci. Donec nibh. Quisque nonummy ipsum non arcu. Vivamus sit amet risus. Donec egestas. Aliquam nec enim. Nunc ut erat. Sed nunc est, mollis non, cursus non, egestas a, dui. Cras pellentesque. Sed dictum. Proin eget odio. Aliquam vulputate ullamcorper magna. Sed eu eros. Nam consequat dolor vitae dolor. Donec fringilla. Donec" />
	<customer  id="320" name="Beck" password="YNH43QEB2OI" email="porta.elit.a@lectusrutrumurna.net" company="Curabitur Sed Tortor Inc." address="Ap #533-5114 Elit. Road" city="Palanzano" postalCode="10211" country="Tonga" phone="(572) 486-5036" fax="(531) 744-2202" registerdate="2015-03-03 09:03:19" logindate="2015-01-28 11:01:41" comment="Mauris blandit enim consequat purus. Maecenas libero est, congue a, aliquet vel, vulputate eu, odio. Phasellus at augue id ante dictum cursus. Nunc mauris elit, dictum eu, eleifend nec, malesuada ut, sem. Nulla interdum. Curabitur dictum. Phasellus in felis. Nulla tempor augue ac ipsum. Phasellus vitae mauris sit amet lorem semper auctor. Mauris vel turpis. Aliquam adipiscing lobortis risus. In mi pede, nonummy ut, molestie in, tempus eu, ligula. Aenean euismod" />
	<customer  id="321" name="Plato" password="VWT89GVD2XY" email="orci.in.consequat@aliquam.edu" company="Sit Associates" address="4199 Elementum Avenue" city="Birmingham" postalCode="8866" country="Hong Kong" phone="(854) 492-4467" fax="(219) 809-6374" registerdate="2014-12-29 10:12:16" logindate="2013-12-07 10:12:31" comment="magna. Suspendisse tristique neque venenatis lacus. Etiam bibendum fermentum metus. Aenean sed pede nec ante blandit viverra. Donec tempus, lorem fringilla ornare placerat, orci lacus vestibulum lorem, sit amet ultricies sem magna nec quam. Curabitur vel lectus. Cum sociis natoque penatibus et magnis dis parturient montes, nascetur ridiculus mus. Donec dignissim magna a tortor. Nunc commodo auctor velit. Aliquam nisl. Nulla eu neque pellentesque massa lobortis ultrices. Vivamus rhoncus. Donec est. Nunc" />
	<customer  id="322" name="Angelica" password="SDU94WKX5IV" email="lacinia@magna.net" company="Adipiscing Lobortis Corporation" address="594-5785 Euismod Rd." city="Ararat" postalCode="05702" country="United Kingdom (Great Britain)" phone="(140) 856-2230" fax="(681) 215-5712" registerdate="2015-04-03 10:04:29" logindate="2013-12-29 02:12:12" comment="arcu. Sed eu nibh vulputate mauris sagittis placerat. Cras dictum ultricies ligula. Nullam enim. Sed nulla ante, iaculis nec, eleifend non, dapibus rutrum, justo. Praesent luctus. Curabitur egestas nunc sed libero. Proin sed turpis nec mauris blandit mattis. Cras eget nisi dictum augue malesuada malesuada. Integer id magna et ipsum cursus vestibulum. Mauris magna. Duis dignissim tempor arcu. Vestibulum ut eros non enim commodo hendrerit. Donec porttitor tellus non magna. Nam ligula elit, pretium et, rutrum non, hendrerit id, ante. Nunc mauris sapien, cursus in," />
	<customer  id="323" name="Gareth" password="DPB91URD2WV" email="Aliquam.nec.enim@sociis.net" company="Libero PC" address="P.O. Box 184, 3411 Fringilla Street" city="Serrungarina" postalCode="5371" country="San Marino" phone="(250) 507-8184" fax="(370) 357-9845" registerdate="2014-05-30 07:05:08" logindate="2015-05-22 09:05:04" comment="Cum sociis natoque penatibus et magnis dis parturient montes, nascetur ridiculus mus. Proin vel arcu eu odio tristique pharetra. Quisque ac libero nec ligula consectetuer rhoncus. Nullam velit dui, semper et, lacinia vitae, sodales at, velit. Pellentesque ultricies dignissim lacus. Aliquam rutrum lorem ac risus. Morbi metus. Vivamus euismod urna. Nullam lobortis quam a felis ullamcorper viverra. Maecenas iaculis aliquet diam. Sed diam lorem, auctor quis, tristique ac, eleifend vitae, erat. Vivamus nisi. Mauris nulla. Integer urna. Vivamus molestie dapibus ligula. Aliquam erat volutpat. Nulla dignissim. Maecenas ornare egestas ligula. Nullam feugiat placerat velit. Quisque varius. Nam" />
	<customer  id="324" name="Fallon" password="JUT38LVM2YY" email="enim.Mauris@eunulla.org" company="Turpis Industries" address="P.O. Box 863, 7653 Eu Rd." city="Nieuwkerken-Waas" postalCode="11632" country="Sao Tome and Principe" phone="(320) 898-3008" fax="(478) 677-2536" registerdate="2015-04-29 05:04:45" logindate="2014-01-20 05:01:41" comment="at augue id ante dictum cursus. Nunc mauris elit, dictum eu, eleifend nec, malesuada ut, sem. Nulla interdum. Curabitur dictum. Phasellus in felis. Nulla tempor augue ac ipsum. Phasellus vitae mauris sit amet lorem semper auctor. Mauris vel turpis. Aliquam adipiscing lobortis risus. In mi pede, nonummy ut, molestie in, tempus eu, ligula. Aenean euismod mauris eu elit. Nulla facilisi. Sed neque. Sed eget lacus. Mauris non dui nec urna suscipit nonummy. Fusce fermentum fermentum arcu. Vestibulum ante ipsum primis in faucibus orci luctus et ultrices posuere cubilia Curae Phasellus ornare. Fusce mollis. Duis sit amet diam eu dolor" />
	<customer  id="325" name="Keely" password="DWM03XGV2XX" email="tempus.eu@loremipsumsodales.co.uk" company="Donec Company" address="P.O. Box 802, 7413 Nulla. Street" city="Trowbridge" postalCode="29749" country="Zimbabwe" phone="(525) 366-0220" fax="(734) 928-3420" registerdate="2014-07-05 01:07:59" logindate="2014-05-04 12:05:59" comment="vel arcu eu odio tristique pharetra. Quisque ac libero nec ligula consectetuer rhoncus. Nullam velit dui, semper et, lacinia vitae, sodales at, velit. Pellentesque ultricies dignissim lacus. Aliquam rutrum lorem ac risus. Morbi metus. Vivamus euismod urna. Nullam lobortis quam a felis ullamcorper viverra. Maecenas iaculis aliquet diam. Sed diam lorem, auctor quis," />
	<customer  id="326" name="Katelyn" password="IYI53SVJ5JF" email="rutrum@vitaealiquameros.com" company="Lacus Nulla Ltd" address="335-5989 Turpis St." city="Niterói" postalCode="21313" country="Timor-Leste" phone="(804) 882-9937" fax="(795) 778-7822" registerdate="2014-11-21 03:11:46" logindate="2014-08-31 11:08:20" comment="mi, ac mattis velit justo nec ante. Maecenas mi felis, adipiscing fringilla, porttitor vulputate, posuere vulputate, lacus. Cras interdum. Nunc sollicitudin commodo ipsum. Suspendisse non leo. Vivamus nibh dolor, nonummy ac, feugiat non, lobortis quis, pede. Suspendisse dui. Fusce diam nunc, ullamcorper eu, euismod ac, fermentum vel, mauris. Integer sem elit, pharetra ut, pharetra sed, hendrerit a, arcu. Sed et libero. Proin mi. Aliquam gravida mauris ut mi. Duis risus odio, auctor vitae, aliquet nec," />
	<customer  id="327" name="Celeste" password="MQM70KPF0KB" email="vestibulum.Mauris.magna@eleifend.co.uk" company="Iaculis Quis Pede Company" address="5517 Mattis. St." city="Eindhoven" postalCode="2196RY" country="Belarus" phone="(343) 713-8372" fax="(756) 436-6741" registerdate="2015-01-27 07:01:23" logindate="2014-04-26 02:04:16" comment="In condimentum. Donec at arcu. Vestibulum ante ipsum primis in faucibus orci luctus et ultrices posuere cubilia Curae Donec tincidunt. Donec vitae erat vel pede blandit congue. In scelerisque scelerisque dui. Suspendisse ac metus vitae velit egestas lacinia. Sed congue, elit sed consequat auctor, nunc nulla vulputate dui, nec tempus mauris erat eget ipsum. Suspendisse sagittis. Nullam vitae diam. Proin dolor. Nulla semper tellus id nunc interdum feugiat. Sed nec metus facilisis lorem tristique aliquet. Phasellus fermentum convallis ligula. Donec luctus aliquet odio. Etiam ligula tortor, dictum eu, placerat eget, venenatis a, magna. Lorem ipsum dolor sit amet," />
	<customer  id="328" name="Maile" password="JMR01FTQ3DK" email="rutrum.Fusce@rhoncus.net" company="Rutrum Non Hendrerit Associates" address="5032 Adipiscing Ave" city="Morena" postalCode="89616" country="Mali" phone="(186) 841-0787" fax="(380) 469-6780" registerdate="2015-01-23 12:01:53" logindate="2013-10-26 05:10:48" comment="ipsum sodales purus, in molestie tortor nibh sit amet orci. Ut sagittis lobortis mauris. Suspendisse aliquet molestie tellus. Aenean egestas hendrerit neque. In ornare sagittis felis. Donec tempor, est ac mattis semper, dui lectus rutrum urna, nec luctus felis purus ac tellus. Suspendisse sed dolor. Fusce mi lorem, vehicula et, rutrum eu, ultrices sit amet, risus. Donec nibh enim, gravida sit amet, dapibus id, blandit at, nisi. Cum sociis natoque penatibus et magnis dis parturient montes, nascetur ridiculus mus. Proin vel nisl. Quisque fringilla euismod enim. Etiam gravida molestie arcu. Sed" />
	<customer  id="329" name="Vladimir" password="KOR03HCB1PQ" email="enim.gravida.sit@lectus.com" company="Sapien Nunc Corporation" address="Ap #753-843 Non Road" city="Mottola" postalCode="2007" country="Paraguay" phone="(967) 168-5209" fax="(403) 761-5261" registerdate="2013-09-07 06:09:36" logindate="2015-03-03 07:03:30" comment="a, magna. Lorem ipsum dolor sit amet, consectetuer adipiscing elit. Etiam laoreet, libero et tristique pellentesque, tellus sem mollis dui, in sodales elit erat vitae risus. Duis a mi fringilla mi lacinia mattis. Integer eu lacus. Quisque imperdiet, erat nonummy ultricies ornare, elit elit fermentum risus, at fringilla purus mauris a nunc. In at pede. Cras vulputate velit eu sem. Pellentesque ut ipsum ac mi eleifend egestas. Sed pharetra, felis eget varius ultrices, mauris ipsum porta elit, a feugiat tellus lorem eu metus. In lorem. Donec elementum, lorem ut" />
	<customer  id="330" name="Janna" password="GJP38YUT9GL" email="lobortis.quam@ornarelectusjusto.org" company="Mauris Blandit Mattis Limited" address="3486 Nulla Road" city="Castlegar" postalCode="44088" country="Indonesia" phone="(887) 313-5682" fax="(817) 464-0429" registerdate="2014-02-22 12:02:02" logindate="2013-09-15 09:09:16" comment="quis lectus. Nullam suscipit, est ac facilisis facilisis, magna tellus faucibus leo, in lobortis tellus justo sit amet nulla. Donec non justo. Proin non massa non ante bibendum ullamcorper. Duis cursus, diam at pretium aliquet, metus urna convallis erat, eget tincidunt dui augue eu tellus. Phasellus elit pede, malesuada vel, venenatis vel, faucibus id, libero. Donec consectetuer mauris id sapien. Cras dolor dolor, tempus non, lacinia at, iaculis quis, pede. Praesent eu dui. Cum sociis natoque penatibus" />
	<customer  id="331" name="Callie" password="ZJQ33PTH3XV" email="massa@nibhvulputatemauris.co.uk" company="Euismod Corp." address="P.O. Box 741, 916 Cras St." city="Etobicoke" postalCode="45399" country="Bahamas" phone="(543) 729-9647" fax="(741) 625-1325" registerdate="2014-12-04 09:12:29" logindate="2013-11-27 02:11:04" comment="quis accumsan convallis, ante lectus convallis est, vitae sodales nisi magna sed dui. Fusce aliquam, enim nec tempus scelerisque, lorem ipsum sodales purus, in molestie tortor nibh sit amet orci. Ut sagittis lobortis mauris. Suspendisse aliquet molestie tellus. Aenean egestas hendrerit neque. In ornare sagittis felis. Donec tempor, est ac mattis semper," />
	<customer  id="332" name="Kamal" password="SEY83THI5AA" email="velit.dui.semper@arcu.org" company="Vitae Mauris Sit Company" address="P.O. Box 853, 8623 Iaculis St." city="Dieppe" postalCode="3271" country="Niger" phone="(647) 574-9155" fax="(608) 999-5106" registerdate="2013-10-17 08:10:09" logindate="2014-02-10 02:02:43" comment="lectus ante dictum mi, ac mattis velit justo nec ante. Maecenas mi felis, adipiscing fringilla, porttitor vulputate, posuere vulputate, lacus. Cras interdum. Nunc sollicitudin commodo ipsum. Suspendisse non leo. Vivamus nibh dolor, nonummy ac, feugiat non, lobortis quis, pede. Suspendisse dui. Fusce diam nunc, ullamcorper eu, euismod ac, fermentum vel, mauris. Integer sem elit, pharetra ut, pharetra sed, hendrerit a, arcu. Sed et libero. Proin" />
	<customer  id="333" name="Delilah" password="MZK61SLA9ZK" email="lacus.Quisque@temporarcu.com" company="A Neque Corp." address="Ap #276-5757 Proin Avenue" city="Macerata" postalCode="28143" country="Slovakia" phone="(278) 743-9968" fax="(237) 449-2648" registerdate="2014-09-10 04:09:39" logindate="2014-06-06 08:06:58" comment="interdum. Sed auctor odio a purus. Duis elementum, dui quis accumsan convallis, ante lectus convallis est, vitae sodales nisi magna sed dui. Fusce aliquam, enim nec tempus scelerisque, lorem ipsum sodales purus, in molestie tortor nibh sit amet orci. Ut sagittis lobortis mauris. Suspendisse aliquet molestie tellus. Aenean egestas hendrerit neque. In ornare sagittis felis. Donec tempor, est ac mattis semper, dui lectus rutrum urna, nec luctus felis purus ac tellus. Suspendisse" />
	<customer  id="334" name="Orson" password="LZW41LIC5EU" email="gravida.non@etultrices.ca" company="Curabitur Sed Inc." address="P.O. Box 573, 8336 Donec Ave" city="Monte Giberto" postalCode="07793" country="Tunisia" phone="(753) 307-3137" fax="(667) 806-7113" registerdate="2015-05-28 07:05:42" logindate="2014-12-10 05:12:14" comment="Mauris non dui nec urna suscipit nonummy. Fusce fermentum fermentum arcu. Vestibulum ante ipsum primis in faucibus orci luctus et ultrices posuere cubilia Curae Phasellus ornare. Fusce mollis. Duis sit amet diam eu dolor egestas rhoncus. Proin nisl sem, consequat nec, mollis vitae, posuere at, velit. Cras lorem lorem, luctus ut, pellentesque eget, dictum placerat, augue. Sed molestie. Sed id risus quis diam luctus lobortis. Class aptent taciti sociosqu ad litora torquent per conubia nostra, per inceptos" />
	<customer  id="335" name="Brianna" password="RQY57FQI0VF" email="commodo@sollicitudinorci.net" company="Convallis Consulting" address="7823 Euismod Road" city="Monceau-Imbrechies" postalCode="G5K 8E3" country="Poland" phone="(322) 198-0583" fax="(301) 151-5355" registerdate="2014-07-03 01:07:52" logindate="2015-05-14 06:05:58" comment="Suspendisse ac metus vitae velit egestas lacinia. Sed congue, elit sed consequat auctor, nunc nulla vulputate dui, nec tempus mauris erat eget ipsum. Suspendisse sagittis. Nullam vitae diam. Proin dolor. Nulla semper tellus id nunc interdum feugiat. Sed nec metus facilisis lorem tristique aliquet. Phasellus fermentum convallis ligula. Donec luctus aliquet odio. Etiam ligula tortor, dictum eu, placerat eget, venenatis a, magna. Lorem ipsum dolor sit amet, consectetuer adipiscing elit. Etiam laoreet, libero et tristique pellentesque, tellus sem mollis" />
	<customer  id="336" name="Isaac" password="EFB05TDP6SB" email="pellentesque.a.facilisis@hendreritconsectetuer.com" company="Imperdiet Ltd" address="741-2483 Eget Road" city="Sint-Gillis" postalCode="02733-832" country="Mongolia" phone="(237) 491-8905" fax="(491) 125-9443" registerdate="2014-01-30 07:01:46" logindate="2015-06-21 12:06:34" comment="molestie. Sed id risus quis diam luctus lobortis. Class aptent taciti sociosqu ad litora torquent per conubia nostra, per inceptos hymenaeos. Mauris ut quam vel sapien imperdiet ornare. In faucibus. Morbi vehicula. Pellentesque tincidunt tempus risus. Donec egestas. Duis ac arcu. Nunc mauris. Morbi non sapien molestie orci tincidunt adipiscing. Mauris molestie pharetra nibh. Aliquam ornare, libero at auctor ullamcorper, nisl arcu iaculis enim, sit amet ornare lectus" />
	<customer  id="337" name="Nichole" password="BCN90AIO0XX" email="penatibus.et@blandit.ca" company="Et Magnis Inc." address="749-1375 Amet Street" city="Lesve" postalCode="3400" country="Palau" phone="(491) 647-2328" fax="(102) 772-1525" registerdate="2015-01-03 08:01:56" logindate="2014-02-15 06:02:47" comment="ligula. Donec luctus aliquet odio. Etiam ligula tortor, dictum eu, placerat eget, venenatis a, magna. Lorem ipsum dolor sit amet, consectetuer adipiscing elit. Etiam laoreet, libero et tristique pellentesque, tellus sem mollis dui, in sodales elit erat vitae risus. Duis a mi fringilla mi lacinia mattis. Integer eu lacus. Quisque imperdiet, erat nonummy ultricies ornare, elit elit fermentum risus, at fringilla purus mauris a nunc. In at pede. Cras vulputate velit eu sem. Pellentesque ut ipsum ac mi eleifend egestas. Sed pharetra, felis eget varius ultrices, mauris ipsum porta elit, a feugiat tellus lorem eu metus. In" />
	<customer  id="338" name="Gannon" password="FMI15QGN5CB" email="lacus.Quisque@sedhendrerita.net" company="Ac Eleifend Vitae Associates" address="P.O. Box 518, 3252 Convallis Rd." city="Scarborough" postalCode="55791" country="Kyrgyzstan" phone="(852) 753-8964" fax="(460) 282-4800" registerdate="2015-05-26 09:05:57" logindate="2013-12-07 06:12:53" comment="Vivamus nisi. Mauris nulla. Integer urna. Vivamus molestie dapibus ligula. Aliquam erat volutpat. Nulla dignissim. Maecenas ornare egestas ligula. Nullam feugiat placerat velit. Quisque varius. Nam porttitor scelerisque neque. Nullam nisl. Maecenas malesuada fringilla est. Mauris eu turpis. Nulla aliquet. Proin velit. Sed malesuada augue ut lacus. Nulla tincidunt, neque vitae semper" />
	<customer  id="339" name="Lynn" password="RIO56NPB3AD" email="interdum.Curabitur@tempus.org" company="Diam Industries" address="P.O. Box 809, 9265 Malesuada Rd." city="Zamora" postalCode="911946" country="Azerbaijan" phone="(198) 989-6402" fax="(742) 585-2922" registerdate="2013-10-01 05:10:06" logindate="2013-09-16 10:09:54" comment="mauris id sapien. Cras dolor dolor, tempus non, lacinia at, iaculis quis, pede. Praesent eu dui. Cum sociis natoque penatibus et magnis dis parturient montes, nascetur ridiculus mus. Aenean eget magna. Suspendisse tristique neque venenatis lacus. Etiam bibendum fermentum metus. Aenean sed pede nec ante blandit viverra. Donec tempus, lorem fringilla ornare placerat, orci lacus vestibulum lorem, sit amet ultricies sem magna nec quam. Curabitur vel lectus. Cum sociis natoque penatibus et magnis dis parturient montes, nascetur ridiculus mus. Donec dignissim magna a tortor. Nunc commodo auctor velit. Aliquam nisl. Nulla eu neque pellentesque" />
	<customer  id="340" name="Carly" password="TAF79DBL6QY" email="dolor.dolor.tempus@mattisvelit.org" company="Dui Fusce Diam Ltd" address="P.O. Box 919, 2132 Primis St." city="Baie-d'Urf�" postalCode="21614" country="Isle of Man" phone="(348) 518-9853" fax="(936) 410-5550" registerdate="2014-01-21 06:01:53" logindate="2015-05-18 04:05:53" comment="cursus et, eros. Proin ultrices. Duis volutpat nunc sit amet metus. Aliquam erat volutpat. Nulla facilisis. Suspendisse commodo tincidunt nibh. Phasellus nulla. Integer vulputate, risus a ultricies adipiscing, enim mi tempor lorem, eget mollis lectus pede et risus. Quisque libero lacus, varius et, euismod et, commodo at, libero. Morbi accumsan laoreet ipsum. Curabitur consequat, lectus sit amet luctus vulputate, nisi sem semper erat, in consectetuer ipsum nunc id enim. Curabitur massa. Vestibulum accumsan neque et nunc. Quisque ornare tortor at risus. Nunc ac sem ut dolor dapibus gravida. Aliquam tincidunt, nunc ac mattis" />
	<customer  id="341" name="Shana" password="CED00DVR8KR" email="In.ornare@inmagna.net" company="Mauris Vel Corp." address="P.O. Box 294, 4532 Nonummy. Avenue" city="Gateshead" postalCode="41281" country="Niue" phone="(538) 415-8206" fax="(671) 285-5313" registerdate="2015-01-01 04:01:15" logindate="2013-11-03 11:11:44" comment="Nunc sed orci lobortis augue scelerisque mollis. Phasellus libero mauris, aliquam eu, accumsan sed, facilisis vitae, orci. Phasellus dapibus quam quis diam. Pellentesque habitant morbi tristique senectus et netus et malesuada fames ac turpis egestas. Fusce aliquet magna a neque. Nullam ut nisi a odio semper cursus. Integer mollis. Integer tincidunt aliquam arcu. Aliquam ultrices iaculis odio. Nam interdum enim non nisi. Aenean eget metus. In nec orci. Donec nibh. Quisque nonummy ipsum non arcu. Vivamus sit amet risus. Donec egestas. Aliquam" />
	<customer  id="342" name="Reed" password="RTG28ING7RU" email="eros.non.enim@convallis.co.uk" company="Et Rutrum Non Company" address="Ap #791-8880 Venenatis Avenue" city="Tarcento" postalCode="8769" country="Viet Nam" phone="(777) 675-6295" fax="(977) 217-0628" registerdate="2013-09-26 11:09:03" logindate="2014-07-08 07:07:58" comment="dui lectus rutrum urna, nec luctus felis purus ac tellus. Suspendisse sed dolor. Fusce mi lorem, vehicula et, rutrum eu, ultrices sit amet, risus. Donec nibh enim, gravida sit amet, dapibus id, blandit at, nisi. Cum sociis natoque penatibus et magnis dis parturient montes, nascetur ridiculus mus. Proin vel nisl. Quisque fringilla euismod enim. Etiam gravida molestie arcu. Sed eu nibh vulputate mauris sagittis placerat. Cras" />
	<customer  id="343" name="Eagan" password="NHM24XKW4JE" email="sollicitudin.orci.sem@pellentesque.co.uk" company="Suspendisse Dui Industries" address="P.O. Box 620, 6046 Eu Rd." city="Calestano" postalCode="66116" country="Mauritius" phone="(445) 804-4425" fax="(893) 574-7368" registerdate="2013-11-07 03:11:46" logindate="2014-09-09 06:09:21" comment="ac mi eleifend egestas. Sed pharetra, felis eget varius ultrices, mauris ipsum porta elit, a feugiat tellus lorem eu metus. In lorem. Donec elementum, lorem ut aliquam iaculis, lacus pede sagittis augue, eu tempor erat neque non quam. Pellentesque habitant morbi tristique senectus et netus et malesuada fames ac turpis egestas. Aliquam fringilla cursus purus. Nullam scelerisque neque sed sem egestas blandit. Nam nulla magna," />
	<customer  id="344" name="Chanda" password="TYM51WMB9KX" email="molestie.orci@elitafeugiat.edu" company="Ac Sem Incorporated" address="3588 Ligula. St." city="Reggio nell'Emilia" postalCode="3759" country="Austria" phone="(125) 979-9760" fax="(708) 891-4455" registerdate="2014-09-03 09:09:50" logindate="2015-01-08 07:01:56" comment="metus. Vivamus euismod urna. Nullam lobortis quam a felis ullamcorper viverra. Maecenas iaculis aliquet diam. Sed diam lorem, auctor quis, tristique ac, eleifend vitae, erat. Vivamus nisi. Mauris nulla. Integer urna. Vivamus molestie dapibus ligula. Aliquam erat volutpat. Nulla dignissim. Maecenas ornare egestas ligula. Nullam feugiat placerat velit. Quisque varius. Nam porttitor scelerisque neque. Nullam nisl. Maecenas malesuada fringilla est. Mauris eu turpis. Nulla aliquet. Proin velit. Sed malesuada augue ut lacus. Nulla tincidunt, neque vitae semper" />
	<customer  id="345" name="Demetria" password="VQJ46UQY2DP" email="non@nibhlacinia.com" company="Vehicula Pellentesque Tincidunt PC" address="Ap #698-6609 Eu Rd." city="Hartford" postalCode="10489-375" country="Guyana" phone="(969) 987-2272" fax="(438) 531-8928" registerdate="2015-03-30 06:03:58" logindate="2015-08-01 07:08:38" comment="vulputate dui, nec tempus mauris erat eget ipsum. Suspendisse sagittis. Nullam vitae diam. Proin dolor. Nulla semper tellus id nunc interdum feugiat. Sed nec metus facilisis lorem tristique aliquet. Phasellus fermentum convallis ligula. Donec luctus aliquet odio. Etiam ligula tortor, dictum eu, placerat eget, venenatis a, magna. Lorem ipsum dolor" />
	<customer  id="346" name="Gary" password="PKU07QRJ5SG" email="aliquet@blanditenim.com" company="Mattis Ornare PC" address="962-6525 In St." city="Saint-Malo" postalCode="81925" country="Svalbard and Jan Mayen Islands" phone="(319) 859-3784" fax="(301) 190-0407" registerdate="2015-05-03 09:05:20" logindate="2013-12-09 05:12:01" comment="vitae purus gravida sagittis. Duis gravida. Praesent eu nulla at sem molestie sodales. Mauris blandit enim consequat purus. Maecenas libero est, congue a, aliquet vel, vulputate eu, odio. Phasellus at augue id ante dictum cursus. Nunc mauris elit, dictum eu, eleifend nec, malesuada ut, sem. Nulla interdum. Curabitur dictum. Phasellus in felis. Nulla tempor augue ac ipsum. Phasellus vitae mauris sit amet lorem semper" />
	<customer  id="347" name="Jackson" password="EEW46GKN3QH" email="nisi.a@in.org" company="Vitae Dolor Donec Company" address="706-9151 Gravida St." city="Baidyabati" postalCode="21778-284" country="Greece" phone="(815) 711-7321" fax="(952) 598-6949" registerdate="2015-04-06 01:04:06" logindate="2014-02-04 11:02:33" comment="leo. Cras vehicula aliquet libero. Integer in magna. Phasellus dolor elit, pellentesque a, facilisis non, bibendum sed, est. Nunc laoreet lectus quis massa. Mauris vestibulum, neque sed dictum eleifend, nunc risus varius orci, in consequat enim diam vel arcu. Curabitur ut odio vel est tempor bibendum. Donec felis orci, adipiscing non, luctus sit amet, faucibus ut, nulla. Cras eu tellus eu augue porttitor interdum. Sed auctor odio a purus. Duis elementum, dui quis accumsan convallis, ante lectus convallis est, vitae sodales nisi magna sed dui. Fusce aliquam, enim nec tempus scelerisque, lorem ipsum sodales purus, in molestie tortor nibh sit" />
	<customer  id="348" name="Dana" password="XUX66CWX5WT" email="dolor.Fusce.mi@ultricesDuisvolutpat.ca" company="Morbi Vehicula Institute" address="235-9301 Tincidunt, Rd." city="Montleban" postalCode="77148" country="India" phone="(977) 989-5438" fax="(713) 430-4175" registerdate="2014-03-29 03:03:24" logindate="2014-04-22 10:04:55" comment="ornare, libero at auctor ullamcorper, nisl arcu iaculis enim, sit amet ornare lectus justo eu arcu. Morbi sit amet massa. Quisque porttitor eros nec tellus. Nunc lectus pede, ultrices a, auctor non, feugiat nec, diam. Duis mi enim, condimentum eget, volutpat ornare, facilisis eget, ipsum. Donec sollicitudin adipiscing ligula. Aenean gravida nunc sed" />
	<customer  id="349" name="Abdul" password="BSR09HTQ8QN" email="interdum.Sed.auctor@lobortisultricesVivamus.co.uk" company="Dolor Nonummy Associates" address="P.O. Box 683, 7933 Pharetra St." city="Forst" postalCode="2863" country="Libya" phone="(465) 315-6980" fax="(477) 458-9945" registerdate="2014-09-08 08:09:16" logindate="2014-09-22 12:09:11" comment="sed libero. Proin sed turpis nec mauris blandit mattis. Cras eget nisi dictum augue malesuada malesuada. Integer id magna et ipsum cursus vestibulum. Mauris magna. Duis dignissim tempor arcu. Vestibulum ut eros non enim commodo hendrerit. Donec porttitor tellus non magna. Nam ligula elit, pretium et, rutrum non, hendrerit id, ante. Nunc mauris sapien, cursus in, hendrerit consectetuer, cursus et, magna. Praesent interdum ligula eu enim. Etiam imperdiet dictum magna. Ut tincidunt orci quis lectus. Nullam suscipit, est ac facilisis facilisis," />
	<customer  id="350" name="Britanney" password="BUC09XOD4GD" email="Suspendisse.sed@accumsansedfacilisis.com" company="Mauris Aliquam Limited" address="325-8312 Libero. Rd." city="Saint-Georges" postalCode="97245" country="Luxembourg" phone="(801) 911-4666" fax="(820) 319-1569" registerdate="2014-05-15 06:05:59" logindate="2013-10-31 07:10:20" comment="consequat nec, mollis vitae, posuere at, velit. Cras lorem lorem, luctus ut, pellentesque eget, dictum placerat, augue. Sed molestie. Sed id risus quis diam luctus lobortis. Class aptent taciti sociosqu ad litora torquent per conubia nostra, per inceptos hymenaeos. Mauris ut quam vel sapien imperdiet ornare. In faucibus. Morbi vehicula. Pellentesque tincidunt tempus risus. Donec egestas. Duis ac arcu. Nunc" />
	<customer  id="351" name="Evangeline" password="PRP00RFG5XA" email="libero.Integer@blanditNamnulla.net" company="Enim Consequat Purus Foundation" address="Ap #430-8786 Imperdiet Rd." city="Stroud" postalCode="N8G 4Y5" country="Bulgaria" phone="(498) 428-8202" fax="(220) 284-8143" registerdate="2014-03-13 09:03:47" logindate="2013-10-08 11:10:59" comment="ac mattis velit justo nec ante. Maecenas mi felis, adipiscing fringilla, porttitor vulputate, posuere vulputate, lacus. Cras interdum. Nunc sollicitudin commodo ipsum. Suspendisse non leo. Vivamus nibh dolor, nonummy ac, feugiat non, lobortis quis, pede. Suspendisse dui. Fusce diam nunc, ullamcorper eu, euismod ac, fermentum vel, mauris. Integer sem elit, pharetra ut, pharetra sed, hendrerit a, arcu. Sed et libero. Proin mi. Aliquam gravida mauris ut mi. Duis risus odio, auctor vitae, aliquet nec, imperdiet nec, leo. Morbi neque tellus, imperdiet non, vestibulum nec, euismod in, dolor. Fusce feugiat." />
	<customer  id="352" name="Shay" password="HAD76DEJ1TE" email="Sed.dictum@quamelementum.edu" company="Egestas Lacinia Sed Limited" address="Ap #290-5753 Donec St." city="Cherbourg-Octeville" postalCode="898858" country="Greece" phone="(663) 477-3947" fax="(664) 552-6363" registerdate="2015-04-30 12:04:52" logindate="2013-12-07 04:12:38" comment="sit amet risus. Donec egestas. Aliquam nec enim. Nunc ut erat. Sed nunc est, mollis non, cursus non, egestas a, dui. Cras pellentesque. Sed dictum. Proin eget odio. Aliquam vulputate ullamcorper magna. Sed eu eros. Nam consequat dolor vitae dolor. Donec fringilla. Donec feugiat metus sit amet ante. Vivamus non lorem vitae odio sagittis semper. Nam tempor diam dictum sapien. Aenean massa. Integer vitae nibh. Donec est mauris, rhoncus id, mollis nec, cursus a, enim. Suspendisse aliquet, sem ut cursus luctus, ipsum leo elementum sem, vitae aliquam eros" />
	<customer  id="353" name="Deacon" password="EFT96EBY1XM" email="laoreet.posuere.enim@orcilobortis.ca" company="Morbi Institute" address="Ap #920-6217 Ac St." city="Casina" postalCode="3234" country="Dominica" phone="(578) 481-2470" fax="(813) 108-7340" registerdate="2014-12-05 05:12:56" logindate="2014-09-22 03:09:55" comment="In nec orci. Donec nibh. Quisque nonummy ipsum non arcu. Vivamus sit amet risus. Donec egestas. Aliquam nec enim. Nunc ut erat. Sed nunc est, mollis non, cursus non, egestas a, dui. Cras pellentesque. Sed dictum. Proin eget odio. Aliquam vulputate ullamcorper magna. Sed eu eros. Nam consequat dolor vitae dolor. Donec fringilla. Donec feugiat metus sit amet ante. Vivamus non lorem vitae odio sagittis semper. Nam tempor diam dictum sapien. Aenean massa. Integer vitae nibh. Donec est mauris, rhoncus id, mollis nec, cursus a, enim. Suspendisse aliquet, sem" />
	<customer  id="354" name="Channing" password="XGC72WDN4KD" email="Cras@semPellentesque.com" company="Risus In Limited" address="3184 Urna Av." city="Muradiye" postalCode="44258" country="Togo" phone="(369) 467-8340" fax="(642) 811-2916" registerdate="2014-08-01 08:08:41" logindate="2014-03-03 04:03:58" comment="et nunc. Quisque ornare tortor at risus. Nunc ac sem ut dolor dapibus gravida. Aliquam tincidunt, nunc ac mattis ornare, lectus ante dictum mi, ac mattis velit justo nec ante. Maecenas mi felis, adipiscing fringilla, porttitor vulputate, posuere vulputate, lacus. Cras interdum. Nunc sollicitudin commodo ipsum. Suspendisse non leo. Vivamus nibh dolor, nonummy ac, feugiat non, lobortis quis, pede. Suspendisse dui. Fusce diam nunc, ullamcorper eu," />
	<customer  id="355" name="Ruth" password="YHH09MDU9JS" email="a.mi.fringilla@erosnectellus.edu" company="Tellus Id Limited" address="4057 Egestas St." city="Aklavik" postalCode="4923" country="Taiwan" phone="(211) 544-1859" fax="(660) 611-2318" registerdate="2015-05-06 01:05:43" logindate="2015-01-31 12:01:34" comment="ac turpis egestas. Fusce aliquet magna a neque. Nullam ut nisi a odio semper cursus. Integer mollis. Integer tincidunt aliquam arcu. Aliquam ultrices iaculis odio. Nam interdum enim non nisi. Aenean eget metus. In nec orci. Donec nibh. Quisque nonummy ipsum non arcu. Vivamus sit amet risus. Donec egestas. Aliquam nec enim. Nunc ut erat. Sed nunc est, mollis non, cursus non, egestas a, dui. Cras pellentesque. Sed dictum. Proin eget odio. Aliquam vulputate ullamcorper magna. Sed eu eros. Nam consequat dolor vitae dolor. Donec fringilla. Donec feugiat metus sit amet" />
	<customer  id="356" name="Larissa" password="AYK93UJH2RV" email="placerat.eget.venenatis@velit.org" company="Non Bibendum Sed Institute" address="8559 Venenatis St." city="Auckland" postalCode="83239" country="El Salvador" phone="(415) 129-5456" fax="(645) 860-2603" registerdate="2015-03-15 09:03:43" logindate="2015-06-27 06:06:49" comment="sagittis augue, eu tempor erat neque non quam. Pellentesque habitant morbi tristique senectus et netus et malesuada fames ac turpis egestas. Aliquam fringilla cursus purus. Nullam scelerisque neque sed sem egestas blandit. Nam nulla magna, malesuada vel, convallis in, cursus et, eros. Proin ultrices. Duis volutpat nunc sit amet metus. Aliquam erat volutpat. Nulla facilisis. Suspendisse commodo tincidunt nibh. Phasellus nulla. Integer vulputate, risus a ultricies adipiscing, enim mi tempor lorem, eget mollis lectus pede" />
	<customer  id="357" name="Harper" password="SKP87JAT5TA" email="varius.et@facilisisnon.com" company="Magna Nec Ltd" address="3184 Id, Rd." city="Bad Nauheim" postalCode="6040" country="Cuba" phone="(631) 568-9484" fax="(132) 969-1736" registerdate="2014-04-14 05:04:19" logindate="2014-09-11 06:09:41" comment="est mauris, rhoncus id, mollis nec, cursus a, enim. Suspendisse aliquet, sem ut cursus luctus, ipsum leo elementum sem, vitae aliquam eros turpis non enim. Mauris quis turpis vitae purus gravida sagittis. Duis gravida. Praesent eu nulla at sem molestie sodales. Mauris blandit enim consequat purus. Maecenas libero est, congue a, aliquet vel, vulputate eu, odio. Phasellus at augue id" />
	<customer  id="358" name="Odette" password="SRQ26SFT2VE" email="nec@penatibus.edu" company="Molestie Dapibus Consulting" address="9119 Pede St." city="Jambes" postalCode="0663" country="Serbia" phone="(949) 962-2629" fax="(343) 564-2916" registerdate="2015-07-26 08:07:40" logindate="2014-01-15 11:01:38" comment="ante dictum mi, ac mattis velit justo nec ante. Maecenas mi felis, adipiscing fringilla, porttitor vulputate, posuere vulputate, lacus. Cras interdum. Nunc sollicitudin commodo ipsum. Suspendisse non leo. Vivamus nibh dolor, nonummy ac, feugiat non, lobortis quis, pede. Suspendisse dui. Fusce diam nunc, ullamcorper eu, euismod ac, fermentum vel, mauris. Integer sem elit, pharetra" />
	<customer  id="359" name="Joy" password="BAL40XHJ0VJ" email="tellus.sem@aenim.co.uk" company="Lorem Inc." address="1746 Cursus Street" city="Deline" postalCode="4462" country="Viet Nam" phone="(954) 300-4380" fax="(712) 735-2448" registerdate="2013-11-15 10:11:21" logindate="2015-03-25 07:03:33" comment="mi lorem, vehicula et, rutrum eu, ultrices sit amet, risus. Donec nibh enim, gravida sit amet, dapibus id, blandit at, nisi. Cum sociis natoque penatibus et magnis dis parturient montes, nascetur ridiculus mus. Proin vel nisl. Quisque fringilla euismod enim. Etiam gravida molestie arcu. Sed eu nibh vulputate mauris sagittis placerat. Cras dictum ultricies ligula. Nullam enim. Sed nulla ante, iaculis nec, eleifend non, dapibus rutrum, justo. Praesent luctus. Curabitur egestas nunc sed libero. Proin sed turpis nec mauris blandit mattis. Cras eget" />
	<customer  id="360" name="Serena" password="AFN46DKY2HB" email="pellentesque.tellus.sem@sedduiFusce.net" company="Quis Pede Consulting" address="Ap #938-9918 Maecenas St." city="Auldearn" postalCode="48401-887" country="Indonesia" phone="(610) 988-7287" fax="(400) 568-9835" registerdate="2015-05-27 03:05:47" logindate="2015-06-21 05:06:33" comment="luctus aliquet odio. Etiam ligula tortor, dictum eu, placerat eget, venenatis a, magna. Lorem ipsum dolor sit amet, consectetuer adipiscing elit. Etiam laoreet, libero et tristique pellentesque, tellus sem mollis dui, in sodales elit erat vitae risus. Duis a mi fringilla mi lacinia mattis. Integer eu lacus. Quisque imperdiet, erat nonummy ultricies ornare, elit elit fermentum risus, at fringilla purus mauris a nunc. In at pede. Cras vulputate velit eu sem. Pellentesque ut ipsum ac mi eleifend egestas. Sed pharetra, felis eget varius ultrices, mauris ipsum" />
	<customer  id="361" name="Hedley" password="UPR95IUZ5DI" email="eu.augue.porttitor@Nuncsed.edu" company="Varius Et Institute" address="7585 Nascetur Street" city="Tonk" postalCode="62055" country="Bolivia" phone="(235) 957-9112" fax="(258) 651-4259" registerdate="2014-04-21 12:04:02" logindate="2013-10-27 08:10:40" comment="elit fermentum risus, at fringilla purus mauris a nunc. In at pede. Cras vulputate velit eu sem. Pellentesque ut ipsum ac mi eleifend egestas. Sed pharetra, felis eget varius ultrices, mauris ipsum porta elit, a feugiat tellus lorem eu metus. In lorem. Donec elementum, lorem ut aliquam iaculis, lacus pede sagittis augue, eu tempor erat neque non quam. Pellentesque habitant morbi tristique senectus et netus et malesuada fames ac turpis egestas. Aliquam fringilla cursus purus. Nullam scelerisque neque sed sem egestas blandit. Nam" />
	<customer  id="362" name="Gretchen" password="WHX81ADP8WD" email="Quisque@erategettincidunt.ca" company="Nam Nulla Corp." address="170-8770 Lacus, Av." city="Lichfield" postalCode="84745-911" country="Taiwan" phone="(553) 245-4206" fax="(421) 324-8924" registerdate="2015-07-22 02:07:51" logindate="2013-11-02 01:11:45" comment="metus vitae velit egestas lacinia. Sed congue, elit sed consequat auctor, nunc nulla vulputate dui, nec tempus mauris erat eget ipsum. Suspendisse sagittis. Nullam vitae diam. Proin dolor. Nulla semper tellus id nunc interdum feugiat. Sed nec metus facilisis lorem tristique aliquet. Phasellus fermentum convallis ligula. Donec luctus aliquet odio." />
	<customer  id="363" name="Lavinia" password="AYA84BXG5PX" email="Fusce.mi.lorem@adipiscing.org" company="Interdum Institute" address="9357 Luctus Avenue" city="Mahbubnagar" postalCode="72298" country="French Southern Territories" phone="(710) 195-1611" fax="(502) 256-1203" registerdate="2014-09-20 08:09:02" logindate="2015-07-21 02:07:21" comment="rhoncus id, mollis nec, cursus a, enim. Suspendisse aliquet, sem ut cursus luctus, ipsum leo elementum sem, vitae aliquam eros turpis non enim. Mauris quis turpis vitae purus gravida sagittis. Duis gravida. Praesent eu nulla at sem molestie sodales. Mauris blandit enim consequat purus. Maecenas libero est, congue a, aliquet vel, vulputate eu, odio. Phasellus at augue id ante dictum cursus. Nunc mauris elit, dictum eu, eleifend nec, malesuada ut, sem. Nulla interdum. Curabitur dictum. Phasellus in felis. Nulla tempor augue ac ipsum." />
	<customer  id="364" name="Holly" password="GLD32IMC1QL" email="nec.mollis.vitae@feugiattelluslorem.org" company="Tincidunt Donec Corp." address="5413 Non Av." city="Cap-de-la-Madeleine" postalCode="39782" country="Taiwan" phone="(953) 939-0789" fax="(656) 247-3194" registerdate="2015-06-11 12:06:51" logindate="2015-03-27 01:03:34" comment="odio a purus. Duis elementum, dui quis accumsan convallis, ante lectus convallis est, vitae sodales nisi magna sed dui. Fusce aliquam, enim nec tempus scelerisque, lorem ipsum sodales purus, in molestie tortor nibh sit amet orci. Ut sagittis lobortis mauris. Suspendisse aliquet molestie tellus. Aenean egestas hendrerit neque. In ornare sagittis felis. Donec tempor, est ac mattis semper, dui lectus rutrum urna, nec luctus felis purus ac tellus. Suspendisse sed dolor. Fusce mi lorem, vehicula et, rutrum eu, ultrices sit amet, risus. Donec nibh enim, gravida sit" />
	<customer  id="365" name="Basia" password="NNI88JWB2PZ" email="tellus.id@pede.net" company="Consectetuer Mauris Company" address="7579 Ipsum. Ave" city="Cles" postalCode="2141" country="Equatorial Guinea" phone="(162) 779-1984" fax="(183) 599-4142" registerdate="2015-05-08 04:05:17" logindate="2014-12-01 06:12:52" comment="vitae, sodales at, velit. Pellentesque ultricies dignissim lacus. Aliquam rutrum lorem ac risus. Morbi metus. Vivamus euismod urna. Nullam lobortis quam a felis ullamcorper viverra. Maecenas iaculis aliquet diam. Sed diam lorem, auctor quis, tristique ac, eleifend vitae, erat. Vivamus nisi. Mauris nulla. Integer urna. Vivamus molestie dapibus ligula. Aliquam erat volutpat. Nulla dignissim. Maecenas ornare egestas ligula. Nullam feugiat placerat velit. Quisque varius. Nam porttitor scelerisque neque. Nullam nisl. Maecenas malesuada" />
	<customer  id="366" name="Dieter" password="CFW11XCH2NI" email="Mauris@nonummyut.edu" company="Vitae Aliquet Nec Ltd" address="P.O. Box 235, 1731 Mollis. St." city="Silchar" postalCode="716688" country="Luxembourg" phone="(825) 752-5574" fax="(862) 112-8643" registerdate="2014-10-21 07:10:04" logindate="2014-07-27 09:07:08" comment="nec enim. Nunc ut erat. Sed nunc est, mollis non, cursus non, egestas a, dui. Cras pellentesque. Sed dictum. Proin eget odio. Aliquam vulputate ullamcorper magna. Sed eu eros. Nam consequat dolor vitae dolor. Donec fringilla. Donec feugiat metus sit amet ante. Vivamus non lorem vitae odio sagittis semper. Nam tempor diam dictum sapien. Aenean massa." />
	<customer  id="367" name="Jennifer" password="ULJ96TSA6TQ" email="mus.Proin.vel@antebibendumullamcorper.net" company="Morbi Vehicula Pellentesque Limited" address="Ap #953-5506 Quis, St." city="Murray Bridge" postalCode="91577" country="Honduras" phone="(121) 160-0250" fax="(656) 153-1982" registerdate="2013-12-08 05:12:21" logindate="2015-03-01 07:03:40" comment="lorem eu metus. In lorem. Donec elementum, lorem ut aliquam iaculis, lacus pede sagittis augue, eu tempor erat neque non quam. Pellentesque habitant morbi tristique senectus et netus et malesuada fames ac turpis egestas. Aliquam fringilla cursus purus. Nullam scelerisque neque sed sem egestas blandit. Nam nulla magna, malesuada vel, convallis in, cursus et, eros. Proin ultrices. Duis volutpat nunc sit amet metus. Aliquam erat volutpat. Nulla facilisis. Suspendisse commodo tincidunt nibh. Phasellus nulla. Integer vulputate, risus a ultricies adipiscing, enim mi tempor lorem, eget mollis lectus pede et risus. Quisque libero lacus, varius et, euismod et, commodo at, libero." />
	<customer  id="368" name="Inez" password="WMX80IPU9BN" email="malesuada@velit.org" company="Justo Praesent Luctus LLP" address="P.O. Box 543, 2251 Nisi. Road" city="Bridlington" postalCode="03965" country="Grenada" phone="(289) 913-9533" fax="(188) 399-1893" registerdate="2014-06-27 06:06:53" logindate="2014-01-12 08:01:03" comment="eget, dictum placerat, augue. Sed molestie. Sed id risus quis diam luctus lobortis. Class aptent taciti sociosqu ad litora torquent per conubia nostra, per inceptos hymenaeos. Mauris ut quam vel sapien imperdiet ornare. In faucibus. Morbi vehicula. Pellentesque tincidunt tempus risus. Donec egestas. Duis ac arcu. Nunc mauris. Morbi non sapien molestie orci tincidunt adipiscing. Mauris molestie pharetra nibh. Aliquam ornare, libero at auctor ullamcorper, nisl arcu iaculis enim, sit amet ornare lectus justo" />
	<customer  id="369" name="Cameran" password="CHC30BZD7GE" email="erat@enimSednulla.net" company="Vel LLP" address="2722 Proin St." city="Schellebelle" postalCode="4908" country="Comoros" phone="(866) 489-9220" fax="(881) 431-5045" registerdate="2013-10-13 04:10:42" logindate="2013-10-24 04:10:44" comment="Vivamus molestie dapibus ligula. Aliquam erat volutpat. Nulla dignissim. Maecenas ornare egestas ligula. Nullam feugiat placerat velit. Quisque varius. Nam porttitor scelerisque neque. Nullam nisl. Maecenas malesuada fringilla est. Mauris eu turpis. Nulla aliquet. Proin velit. Sed malesuada augue ut lacus. Nulla tincidunt, neque vitae semper egestas, urna justo faucibus lectus, a sollicitudin orci sem eget massa. Suspendisse eleifend. Cras sed leo. Cras vehicula aliquet libero. Integer in magna. Phasellus dolor elit, pellentesque a, facilisis non, bibendum sed, est. Nunc laoreet lectus quis massa. Mauris vestibulum, neque sed dictum eleifend," />
	<customer  id="370" name="Harrison" password="JCK83WUQ4SM" email="sed@semper.net" company="Integer Vulputate Risus Inc." address="550-9169 Luctus Road" city="Martigues" postalCode="49532" country="Namibia" phone="(186) 477-1130" fax="(666) 316-5622" registerdate="2015-01-06 02:01:06" logindate="2015-05-18 10:05:43" comment="lacinia mattis. Integer eu lacus. Quisque imperdiet, erat nonummy ultricies ornare, elit elit fermentum risus, at fringilla purus mauris a nunc. In at pede. Cras vulputate velit eu sem. Pellentesque ut ipsum ac mi eleifend egestas. Sed pharetra, felis eget varius ultrices, mauris ipsum porta elit, a feugiat tellus lorem eu metus. In" />
	<customer  id="371" name="Keane" password="IKT56YNC4TC" email="semper.egestas@Aliquam.ca" company="Pretium Inc." address="P.O. Box 430, 4193 Ultrices Rd." city="Huntsville" postalCode="77421" country="Honduras" phone="(501) 870-3256" fax="(835) 279-9670" registerdate="2014-06-20 03:06:21" logindate="2014-08-13 10:08:53" comment="auctor velit. Aliquam nisl. Nulla eu neque pellentesque massa lobortis ultrices. Vivamus rhoncus. Donec est. Nunc ullamcorper, velit in aliquet lobortis, nisi nibh lacinia orci, consectetuer euismod est arcu ac orci. Ut semper pretium neque. Morbi quis urna. Nunc quis arcu vel quam dignissim pharetra. Nam ac nulla. In tincidunt congue turpis. In condimentum. Donec at arcu. Vestibulum ante ipsum primis in faucibus orci luctus et ultrices posuere cubilia Curae Donec tincidunt. Donec vitae erat vel pede blandit congue. In scelerisque scelerisque dui. Suspendisse ac metus vitae velit egestas lacinia. Sed congue, elit sed consequat auctor, nunc nulla vulputate dui," />
	<customer  id="372" name="Blossom" password="TZS39LZL5CK" email="vitae.erat.Vivamus@morbitristiquesenectus.org" company="Suspendisse Sed LLC" address="P.O. Box 572, 9491 Sociosqu Rd." city="Sulzano" postalCode="79288-217" country="Papua New Guinea" phone="(613) 401-1147" fax="(872) 983-8618" registerdate="2014-03-20 10:03:50" logindate="2015-01-05 01:01:50" comment="Cras eget nisi dictum augue malesuada malesuada. Integer id magna et ipsum cursus vestibulum. Mauris magna. Duis dignissim tempor arcu. Vestibulum ut eros non enim commodo hendrerit. Donec porttitor tellus non magna. Nam ligula elit, pretium et, rutrum non, hendrerit id, ante. Nunc mauris sapien, cursus in, hendrerit consectetuer, cursus et, magna. Praesent interdum ligula eu enim. Etiam imperdiet dictum magna. Ut tincidunt orci quis lectus. Nullam suscipit, est ac facilisis facilisis, magna tellus faucibus leo, in lobortis" />
	<customer  id="373" name="Acton" password="QXC91CKN6NL" email="Vestibulum.ante.ipsum@Quisquenonummy.edu" company="Dis Incorporated" address="425-4600 Donec Rd." city="Lodelinsart" postalCode="76-907" country="Mali" phone="(975) 441-8982" fax="(472) 569-3030" registerdate="2014-10-09 01:10:28" logindate="2014-12-27 08:12:54" comment="semper, dui lectus rutrum urna, nec luctus felis purus ac tellus. Suspendisse sed dolor. Fusce mi lorem, vehicula et, rutrum eu, ultrices sit amet, risus. Donec nibh enim, gravida sit amet, dapibus id, blandit at, nisi. Cum sociis natoque penatibus et magnis dis parturient montes, nascetur ridiculus mus. Proin vel nisl. Quisque fringilla euismod enim. Etiam gravida molestie arcu. Sed eu nibh vulputate mauris sagittis placerat. Cras" />
	<customer  id="374" name="Lysandra" password="FOX48ZLN6VE" email="tellus@sitamet.org" company="Est Ac LLP" address="P.O. Box 799, 8228 Erat, Rd." city="Rodì Milici" postalCode="09959-878" country="India" phone="(540) 540-0102" fax="(703) 971-6678" registerdate="2014-11-30 08:11:11" logindate="2013-11-15 01:11:51" comment="adipiscing, enim mi tempor lorem, eget mollis lectus pede et risus. Quisque libero lacus, varius et, euismod et, commodo at, libero. Morbi accumsan laoreet ipsum. Curabitur consequat, lectus sit amet luctus vulputate, nisi sem semper erat, in consectetuer ipsum nunc id enim. Curabitur massa. Vestibulum accumsan neque et nunc. Quisque ornare tortor at risus. Nunc ac sem ut dolor dapibus gravida. Aliquam tincidunt, nunc ac mattis ornare, lectus ante dictum mi, ac mattis velit justo nec ante. Maecenas mi felis, adipiscing fringilla, porttitor vulputate, posuere vulputate, lacus. Cras interdum. Nunc sollicitudin commodo ipsum. Suspendisse non leo. Vivamus nibh dolor, nonummy" />
	<customer  id="375" name="Cairo" password="KWH33YLM1NY" email="venenatis.vel@consectetuereuismodest.ca" company="Luctus Ut Company" address="139-8955 Rhoncus. Road" city="Rennes" postalCode="19036" country="Liechtenstein" phone="(360) 992-1738" fax="(657) 593-7339" registerdate="2014-10-24 11:10:51" logindate="2013-12-10 02:12:56" comment="sem ut dolor dapibus gravida. Aliquam tincidunt, nunc ac mattis ornare, lectus ante dictum mi, ac mattis velit justo nec ante. Maecenas mi felis, adipiscing fringilla, porttitor vulputate, posuere vulputate, lacus. Cras interdum. Nunc sollicitudin commodo ipsum. Suspendisse non leo. Vivamus nibh dolor, nonummy ac, feugiat non, lobortis quis, pede. Suspendisse dui. Fusce diam nunc, ullamcorper eu, euismod ac, fermentum vel, mauris. Integer sem elit, pharetra ut, pharetra sed, hendrerit a, arcu. Sed et libero. Proin mi. Aliquam" />
	<customer  id="376" name="Oprah" password="MJR04VZS7UF" email="neque.Morbi.quis@magnaseddui.edu" company="Nec Ante Maecenas Industries" address="7324 Eu Street" city="Alken" postalCode="1566" country="Honduras" phone="(818) 609-6854" fax="(467) 714-5999" registerdate="2014-02-08 11:02:19" logindate="2014-07-09 10:07:05" comment="sapien molestie orci tincidunt adipiscing. Mauris molestie pharetra nibh. Aliquam ornare, libero at auctor ullamcorper, nisl arcu iaculis enim, sit amet ornare lectus justo eu arcu. Morbi sit amet massa. Quisque porttitor eros nec tellus. Nunc lectus pede, ultrices a, auctor non, feugiat nec, diam. Duis mi enim, condimentum eget, volutpat ornare, facilisis eget, ipsum. Donec sollicitudin adipiscing ligula. Aenean gravida nunc sed pede. Cum sociis natoque penatibus et magnis dis parturient montes, nascetur ridiculus mus. Proin vel arcu eu odio tristique pharetra. Quisque ac libero" />
	<customer  id="377" name="Linda" password="NUH06TDX8OS" email="ligula@erosnectellus.ca" company="Ac Associates" address="429-8537 Euismod Road" city="Bhavnagar" postalCode="84-735" country="Heard Island and Mcdonald Islands" phone="(857) 422-9795" fax="(226) 990-4757" registerdate="2013-12-28 01:12:26" logindate="2015-03-12 04:03:45" comment="commodo at, libero. Morbi accumsan laoreet ipsum. Curabitur consequat, lectus sit amet luctus vulputate, nisi sem semper erat, in consectetuer ipsum nunc id enim. Curabitur massa. Vestibulum accumsan neque et nunc. Quisque ornare tortor at risus. Nunc ac sem ut dolor dapibus gravida. Aliquam tincidunt, nunc ac mattis ornare, lectus ante dictum mi, ac mattis velit justo nec ante. Maecenas mi felis, adipiscing fringilla, porttitor vulputate, posuere vulputate, lacus. Cras interdum. Nunc sollicitudin commodo ipsum. Suspendisse non leo. Vivamus nibh dolor, nonummy" />
	<customer  id="378" name="Roth" password="DTA61GYO2GW" email="vulputate@hendreritconsectetuercursus.net" company="Sit Amet Risus Incorporated" address="292-5807 Aptent Rd." city="Weert" postalCode="60829-703" country="Malta" phone="(931) 478-4387" fax="(995) 379-9752" registerdate="2014-09-14 12:09:12" logindate="2013-09-18 06:09:14" comment="tempor, est ac mattis semper, dui lectus rutrum urna, nec luctus felis purus ac tellus. Suspendisse sed dolor. Fusce mi lorem, vehicula et, rutrum eu, ultrices sit amet, risus. Donec nibh enim, gravida sit amet, dapibus id, blandit at, nisi. Cum sociis natoque penatibus et magnis dis parturient montes, nascetur ridiculus mus. Proin vel nisl. Quisque fringilla euismod enim. Etiam gravida molestie arcu. Sed eu nibh vulputate mauris sagittis placerat. Cras dictum ultricies ligula. Nullam enim. Sed nulla ante, iaculis nec, eleifend non, dapibus rutrum, justo. Praesent luctus. Curabitur egestas nunc sed libero. Proin sed" />
	<customer  id="379" name="Helen" password="VKJ57CQG9RU" email="orci@atlacusQuisque.com" company="Arcu Curabitur Limited" address="4206 Dui St." city="Melrose" postalCode="646359" country="Sweden" phone="(853) 552-2712" fax="(616) 940-3285" registerdate="2014-01-23 07:01:31" logindate="2015-08-20 10:08:25" comment="Quisque ornare tortor at risus. Nunc ac sem ut dolor dapibus gravida. Aliquam tincidunt, nunc ac mattis ornare, lectus ante dictum mi, ac mattis velit justo nec ante. Maecenas mi felis, adipiscing fringilla, porttitor vulputate, posuere vulputate, lacus. Cras interdum. Nunc sollicitudin commodo ipsum. Suspendisse non leo. Vivamus nibh dolor, nonummy ac, feugiat non, lobortis quis, pede." />
	<customer  id="380" name="Jaden" password="CCD12GHV9LZ" email="ullamcorper.viverra.Maecenas@orci.net" company="Metus In Lorem PC" address="P.O. Box 374, 1917 Nascetur St." city="Cantalupo in Sabina" postalCode="875066" country="Greece" phone="(336) 724-5112" fax="(145) 666-3513" registerdate="2014-12-01 01:12:42" logindate="2014-12-17 03:12:14" comment="Fusce mollis. Duis sit amet diam eu dolor egestas rhoncus. Proin nisl sem, consequat nec, mollis vitae, posuere at, velit. Cras lorem lorem, luctus ut, pellentesque eget, dictum placerat, augue. Sed molestie. Sed id risus quis diam luctus lobortis. Class aptent taciti sociosqu ad litora torquent per conubia nostra, per inceptos hymenaeos. Mauris ut quam vel sapien imperdiet ornare. In faucibus. Morbi vehicula. Pellentesque tincidunt tempus risus. Donec egestas. Duis ac arcu. Nunc mauris. Morbi non sapien molestie" />
	<customer  id="381" name="Fuller" password="JCQ32UVV4OV" email="pede.ultrices@velturpis.com" company="Proin Mi PC" address="Ap #941-4875 In, Avenue" city="Falerone" postalCode="5559" country="Cocos (Keeling) Islands" phone="(249) 854-5107" fax="(818) 194-8848" registerdate="2014-07-04 01:07:27" logindate="2013-11-30 02:11:13" comment="odio. Aliquam vulputate ullamcorper magna. Sed eu eros. Nam consequat dolor vitae dolor. Donec fringilla. Donec feugiat metus sit amet ante. Vivamus non lorem vitae odio sagittis semper. Nam tempor diam dictum sapien. Aenean massa. Integer vitae nibh. Donec est mauris, rhoncus id, mollis nec, cursus a, enim. Suspendisse aliquet, sem ut cursus luctus, ipsum leo elementum sem, vitae aliquam eros turpis non enim. Mauris quis turpis vitae purus gravida sagittis. Duis gravida. Praesent" />
	<customer  id="382" name="Kai" password="EYB14TIX6JR" email="rhoncus@purusgravida.com" company="Convallis Est Corporation" address="P.O. Box 493, 4438 Volutpat St." city="Alajuela" postalCode="83037" country="Norfolk Island" phone="(755) 680-9136" fax="(980) 828-9000" registerdate="2014-11-10 09:11:15" logindate="2013-08-28 08:08:42" comment="ridiculus mus. Proin vel arcu eu odio tristique pharetra. Quisque ac libero nec ligula consectetuer rhoncus. Nullam velit dui, semper et, lacinia vitae, sodales at, velit. Pellentesque ultricies dignissim lacus. Aliquam rutrum lorem ac risus. Morbi metus. Vivamus euismod urna. Nullam lobortis quam a felis ullamcorper viverra. Maecenas iaculis aliquet diam. Sed diam lorem, auctor quis, tristique ac, eleifend vitae, erat. Vivamus nisi. Mauris nulla. Integer urna. Vivamus molestie dapibus ligula. Aliquam erat volutpat. Nulla dignissim. Maecenas ornare egestas ligula. Nullam feugiat placerat velit. Quisque varius. Nam porttitor" />
	<customer  id="383" name="Reed" password="LZX08SHE8QH" email="neque.In.ornare@orciconsectetuereuismod.co.uk" company="Cum Sociis Natoque Incorporated" address="308-2663 Mus. Rd." city="Gary" postalCode="W4 1WW" country="Pitcairn Islands" phone="(266) 655-5656" fax="(862) 374-2845" registerdate="2015-06-08 10:06:26" logindate="2015-07-24 01:07:32" comment="parturient montes, nascetur ridiculus mus. Proin vel nisl. Quisque fringilla euismod enim. Etiam gravida molestie arcu. Sed eu nibh vulputate mauris sagittis placerat. Cras dictum ultricies ligula. Nullam enim. Sed nulla ante, iaculis nec, eleifend non, dapibus rutrum, justo. Praesent luctus. Curabitur egestas nunc sed libero. Proin sed turpis nec mauris blandit mattis. Cras eget nisi dictum augue malesuada malesuada. Integer id magna et ipsum cursus vestibulum. Mauris" />
	<customer  id="384" name="Ava" password="NBP10RXE2RB" email="Integer.in.magna@enimcommodo.com" company="Vehicula LLC" address="Ap #861-5835 Cras St." city="Dresden" postalCode="A8V 5P9" country="Tonga" phone="(983) 654-6623" fax="(665) 476-1374" registerdate="2014-03-27 09:03:53" logindate="2015-04-22 08:04:25" comment="sapien. Cras dolor dolor, tempus non, lacinia at, iaculis quis, pede. Praesent eu dui. Cum sociis natoque penatibus et magnis dis parturient montes, nascetur ridiculus mus. Aenean eget magna. Suspendisse tristique neque venenatis lacus. Etiam bibendum fermentum metus. Aenean sed pede nec ante blandit viverra. Donec tempus, lorem fringilla ornare placerat, orci lacus vestibulum lorem, sit amet ultricies sem magna nec quam. Curabitur vel lectus. Cum sociis natoque penatibus et magnis dis parturient montes, nascetur ridiculus mus. Donec dignissim magna a tortor. Nunc commodo auctor velit. Aliquam nisl. Nulla eu neque pellentesque" />
	<customer  id="385" name="Ezekiel" password="TMK35LVS6KI" email="aliquam.arcu.Aliquam@pedeCras.ca" company="Est Industries" address="P.O. Box 130, 2253 At, Road" city="Cantalupo in Sabina" postalCode="73224-109" country="Brunei" phone="(943) 679-6210" fax="(279) 142-8307" registerdate="2014-04-28 03:04:15" logindate="2014-08-21 01:08:25" comment="quis arcu vel quam dignissim pharetra. Nam ac nulla. In tincidunt congue turpis. In condimentum. Donec at arcu. Vestibulum ante ipsum primis in faucibus orci luctus et ultrices posuere cubilia Curae Donec tincidunt. Donec vitae erat vel pede blandit congue. In scelerisque scelerisque dui. Suspendisse ac metus vitae velit egestas lacinia. Sed congue, elit sed consequat auctor, nunc nulla vulputate dui, nec tempus mauris erat eget ipsum. Suspendisse sagittis. Nullam vitae diam. Proin dolor. Nulla semper tellus id nunc interdum feugiat. Sed" />
	<customer  id="386" name="Lyle" password="FCU29PNF2CN" email="varius@faucibusidlibero.edu" company="Euismod Ac Fermentum Incorporated" address="278-9326 Feugiat Street" city="Haguenau" postalCode="52284" country="Saint Pierre and Miquelon" phone="(871) 226-0212" fax="(933) 663-8377" registerdate="2015-03-09 04:03:35" logindate="2014-10-25 11:10:18" comment="mauris id sapien. Cras dolor dolor, tempus non, lacinia at, iaculis quis, pede. Praesent eu dui. Cum sociis natoque penatibus et magnis dis parturient montes, nascetur ridiculus mus. Aenean eget magna. Suspendisse tristique neque venenatis lacus. Etiam bibendum fermentum metus. Aenean sed pede nec ante blandit viverra. Donec tempus, lorem fringilla ornare placerat, orci lacus vestibulum lorem, sit amet ultricies sem magna nec quam. Curabitur vel lectus. Cum sociis natoque penatibus et magnis dis parturient montes, nascetur ridiculus mus. Donec dignissim magna a tortor. Nunc commodo auctor velit. Aliquam nisl. Nulla eu neque" />
	<customer  id="387" name="Gretchen" password="QDQ79JLT2RI" email="auctor.quis@non.edu" company="Adipiscing LLC" address="Ap #182-4722 Et, Rd." city="Mandi Bahauddin" postalCode="0091" country="Ghana" phone="(812) 596-9718" fax="(669) 831-8531" registerdate="2014-08-20 12:08:11" logindate="2014-11-29 06:11:53" comment="ipsum dolor sit amet, consectetuer adipiscing elit. Etiam laoreet, libero et tristique pellentesque, tellus sem mollis dui, in sodales elit erat vitae risus. Duis a mi fringilla mi lacinia mattis. Integer eu lacus. Quisque imperdiet, erat nonummy ultricies ornare, elit elit fermentum risus, at fringilla purus mauris a nunc. In at pede. Cras vulputate velit eu sem. Pellentesque ut ipsum ac mi eleifend egestas. Sed pharetra, felis eget varius ultrices, mauris ipsum porta elit, a" />
	<customer  id="388" name="Doris" password="MYJ76VNP1GZ" email="gravida.molestie.arcu@quisturpis.net" company="Morbi Accumsan Laoreet Associates" address="P.O. Box 938, 6862 Magna Ave" city="Conselice" postalCode="81742" country="Saint Pierre and Miquelon" phone="(348) 983-8166" fax="(510) 890-0560" registerdate="2015-07-02 02:07:37" logindate="2014-06-27 01:06:48" comment="eros turpis non enim. Mauris quis turpis vitae purus gravida sagittis. Duis gravida. Praesent eu nulla at sem molestie sodales. Mauris blandit enim consequat purus. Maecenas libero est, congue a, aliquet vel, vulputate eu, odio. Phasellus at augue id ante dictum cursus. Nunc mauris elit, dictum eu, eleifend nec, malesuada ut, sem. Nulla interdum. Curabitur dictum. Phasellus in felis. Nulla tempor augue ac ipsum. Phasellus vitae mauris sit amet lorem semper auctor. Mauris vel turpis. Aliquam adipiscing lobortis risus. In mi pede, nonummy ut, molestie in, tempus eu, ligula. Aenean" />
	<customer  id="389" name="Melodie" password="EUM73MKZ2FP" email="consectetuer.euismod.est@diam.org" company="Erat In Limited" address="599-7272 Hendrerit Rd." city="Macduff" postalCode="7845AL" country="Gambia" phone="(540) 752-7958" fax="(192) 523-3071" registerdate="2015-03-18 10:03:28" logindate="2014-09-29 03:09:37" comment="sed dictum eleifend, nunc risus varius orci, in consequat enim diam vel arcu. Curabitur ut odio vel est tempor bibendum. Donec felis orci, adipiscing non, luctus sit amet, faucibus ut, nulla. Cras eu tellus eu augue porttitor interdum. Sed auctor odio a purus. Duis elementum, dui quis accumsan convallis, ante lectus convallis est, vitae sodales nisi magna sed dui. Fusce aliquam, enim nec tempus scelerisque, lorem ipsum sodales purus, in molestie tortor" />
	<customer  id="390" name="Maxwell" password="KVL10NHI9HF" email="ultricies.adipiscing.enim@famesac.ca" company="Quis Diam Company" address="692 Suspendisse Road" city="Borghetto di Borbera" postalCode="04498" country="India" phone="(108) 973-4872" fax="(932) 572-6969" registerdate="2015-05-01 10:05:48" logindate="2015-08-21 11:08:27" comment="facilisis vitae, orci. Phasellus dapibus quam quis diam. Pellentesque habitant morbi tristique senectus et netus et malesuada fames ac turpis egestas. Fusce aliquet magna a neque. Nullam ut nisi a odio semper cursus. Integer mollis. Integer tincidunt aliquam arcu. Aliquam ultrices iaculis odio. Nam interdum enim non nisi. Aenean eget metus. In nec orci. Donec nibh. Quisque nonummy ipsum non arcu. Vivamus sit amet risus. Donec egestas. Aliquam nec enim. Nunc ut erat. Sed nunc est, mollis non, cursus non, egestas a, dui. Cras pellentesque. Sed dictum. Proin eget odio. Aliquam" />
	<customer  id="391" name="Levi" password="UVS90LLP0HJ" email="luctus.sit.amet@auctorquis.com" company="Felis Ullamcorper Institute" address="330-3507 Consequat Ave" city="Neuville-en-Condroz" postalCode="898528" country="Montenegro" phone="(546) 799-1123" fax="(919) 866-2260" registerdate="2015-01-30 03:01:49" logindate="2014-08-03 05:08:33" comment="Ut sagittis lobortis mauris. Suspendisse aliquet molestie tellus. Aenean egestas hendrerit neque. In ornare sagittis felis. Donec tempor, est ac mattis semper, dui lectus rutrum urna, nec luctus felis purus ac tellus. Suspendisse sed dolor. Fusce mi lorem, vehicula et, rutrum eu, ultrices sit amet, risus. Donec nibh enim, gravida sit amet, dapibus id, blandit at, nisi. Cum" />
	<customer  id="392" name="Honorato" password="KNY49BVU0EF" email="orci.in.consequat@cursus.ca" company="Arcu Vestibulum LLC" address="2015 Egestas Av." city="Quarona" postalCode="53612" country="Barbados" phone="(113) 504-8088" fax="(143) 657-1206" registerdate="2014-01-12 12:01:14" logindate="2015-01-04 12:01:12" comment="Praesent luctus. Curabitur egestas nunc sed libero. Proin sed turpis nec mauris blandit mattis. Cras eget nisi dictum augue malesuada malesuada. Integer id magna et ipsum cursus vestibulum. Mauris magna. Duis dignissim tempor arcu. Vestibulum ut eros non enim commodo hendrerit. Donec porttitor tellus non magna. Nam ligula elit, pretium et, rutrum non, hendrerit id, ante. Nunc mauris sapien, cursus in, hendrerit consectetuer, cursus et, magna. Praesent interdum ligula eu enim. Etiam imperdiet dictum magna." />
	<customer  id="393" name="Bruno" password="ZIC43JLH8OJ" email="elit.pharetra.ut@gravidasagittis.ca" company="Nisi LLC" address="4960 In Rd." city="Saint-L�ger" postalCode="98317" country="Greenland" phone="(404) 931-8579" fax="(224) 115-6695" registerdate="2013-11-03 03:11:15" logindate="2015-02-14 02:02:33" comment="volutpat ornare, facilisis eget, ipsum. Donec sollicitudin adipiscing ligula. Aenean gravida nunc sed pede. Cum sociis natoque penatibus et magnis dis parturient montes, nascetur ridiculus mus. Proin vel arcu eu odio tristique pharetra. Quisque ac libero nec ligula consectetuer rhoncus. Nullam velit dui, semper et, lacinia vitae, sodales at, velit. Pellentesque ultricies dignissim lacus. Aliquam rutrum lorem ac risus. Morbi metus. Vivamus" />
	<customer  id="394" name="Kadeem" password="VWV72MWO9ZK" email="sapien.Aenean.massa@ametdapibusid.co.uk" company="Proin Nisl Incorporated" address="804-6713 Orci, Road" city="Meldert" postalCode="U28 5NG" country="Zimbabwe" phone="(150) 887-6623" fax="(235) 702-3963" registerdate="2015-03-09 11:03:58" logindate="2014-05-03 01:05:02" comment="dignissim magna a tortor. Nunc commodo auctor velit. Aliquam nisl. Nulla eu neque pellentesque massa lobortis ultrices. Vivamus rhoncus. Donec est. Nunc ullamcorper, velit in aliquet lobortis, nisi nibh lacinia orci, consectetuer euismod est arcu ac orci. Ut semper pretium neque. Morbi quis urna. Nunc quis arcu vel quam dignissim pharetra. Nam ac nulla. In tincidunt congue turpis." />
	<customer  id="395" name="Herman" password="FYA76WVK6PU" email="enim@sodalesatvelit.org" company="Dictum Sapien Aenean Incorporated" address="207-6227 Lorem St." city="Porto Cesareo" postalCode="1759" country="Palau" phone="(726) 580-1902" fax="(841) 490-2588" registerdate="2015-06-22 09:06:32" logindate="2014-05-21 06:05:46" comment="nulla. Donec non justo. Proin non massa non ante bibendum ullamcorper. Duis cursus, diam at pretium aliquet, metus urna convallis erat, eget tincidunt dui augue eu tellus. Phasellus elit pede, malesuada vel, venenatis vel, faucibus id, libero. Donec consectetuer mauris id sapien. Cras dolor dolor, tempus non, lacinia at, iaculis quis, pede. Praesent eu dui. Cum sociis natoque penatibus et magnis dis parturient montes, nascetur ridiculus mus. Aenean eget magna. Suspendisse tristique neque venenatis lacus. Etiam bibendum fermentum metus. Aenean sed pede nec ante blandit viverra. Donec tempus, lorem fringilla ornare placerat, orci" />
	<customer  id="396" name="Orla" password="RCH57COE9AO" email="eu.nulla@metusAeneansed.com" company="Vivamus Institute" address="P.O. Box 594, 7139 Massa St." city="Valpelline" postalCode="X46 6FM" country="French Polynesia" phone="(923) 564-2185" fax="(244) 929-1336" registerdate="2014-10-01 11:10:32" logindate="2014-04-08 09:04:15" comment="Maecenas mi felis, adipiscing fringilla, porttitor vulputate, posuere vulputate, lacus. Cras interdum. Nunc sollicitudin commodo ipsum. Suspendisse non leo. Vivamus nibh dolor, nonummy ac, feugiat non, lobortis quis, pede. Suspendisse dui. Fusce diam nunc, ullamcorper eu, euismod ac, fermentum vel, mauris. Integer sem elit, pharetra ut, pharetra sed, hendrerit a, arcu. Sed et libero. Proin mi. Aliquam gravida mauris ut mi." />
	<customer  id="397" name="Iliana" password="EWY09JIE8XK" email="fringilla.ornare.placerat@egestasnuncsed.ca" company="Nunc Corp." address="5066 Sodales Rd." city="Rosciano" postalCode="1723" country="Monaco" phone="(663) 296-0969" fax="(335) 548-3974" registerdate="2015-05-23 05:05:41" logindate="2014-03-17 02:03:24" comment="accumsan laoreet ipsum. Curabitur consequat, lectus sit amet luctus vulputate, nisi sem semper erat, in consectetuer ipsum nunc id enim. Curabitur massa. Vestibulum accumsan neque et nunc. Quisque ornare tortor at risus. Nunc ac sem ut dolor dapibus gravida. Aliquam tincidunt, nunc ac mattis ornare, lectus ante dictum mi, ac mattis velit justo nec ante. Maecenas mi felis, adipiscing fringilla, porttitor vulputate, posuere vulputate, lacus. Cras interdum. Nunc sollicitudin commodo ipsum. Suspendisse non leo. Vivamus nibh dolor, nonummy ac, feugiat non, lobortis quis, pede. Suspendisse dui. Fusce diam nunc, ullamcorper" />
	<customer  id="398" name="Dillon" password="PTB21RKO8LP" email="natoque.penatibus.et@amet.co.uk" company="Donec Foundation" address="P.O. Box 233, 5865 Magna Road" city="Affligem" postalCode="0494CW" country="Canada" phone="(883) 633-8057" fax="(446) 554-9195" registerdate="2014-04-21 09:04:34" logindate="2013-12-12 09:12:05" comment="ullamcorper viverra. Maecenas iaculis aliquet diam. Sed diam lorem, auctor quis, tristique ac, eleifend vitae, erat. Vivamus nisi. Mauris nulla. Integer urna. Vivamus molestie dapibus ligula. Aliquam erat volutpat. Nulla dignissim. Maecenas ornare egestas ligula. Nullam feugiat placerat velit. Quisque varius. Nam porttitor scelerisque neque. Nullam nisl. Maecenas malesuada fringilla est. Mauris eu turpis. Nulla aliquet. Proin velit. Sed malesuada augue" />
	<customer  id="399" name="Quamar" password="WUW13JPP5WG" email="Donec.consectetuer@urnanecluctus.ca" company="Enim Foundation" address="Ap #829-9722 Erat Road" city="Linz" postalCode="6307" country="South Sudan" phone="(587) 379-0203" fax="(577) 402-6956" registerdate="2014-08-08 08:08:37" logindate="2013-11-20 03:11:48" comment="est. Nunc laoreet lectus quis massa. Mauris vestibulum, neque sed dictum eleifend, nunc risus varius orci, in consequat enim diam vel arcu. Curabitur ut odio vel est tempor bibendum. Donec felis orci, adipiscing non, luctus sit amet, faucibus ut, nulla. Cras eu tellus eu augue porttitor interdum. Sed auctor odio a purus. Duis elementum, dui quis accumsan convallis, ante lectus convallis est, vitae sodales nisi magna sed dui. Fusce aliquam, enim nec tempus scelerisque, lorem ipsum" />
	<customer  id="400" name="Cleo" password="VJN46MVE2JF" email="ante.dictum@maurisblandit.net" company="Nulla Integer Urna Associates" address="2179 Nonummy Street" city="Morkhoven" postalCode="FK9 4KX" country="Uganda" phone="(416) 229-9812" fax="(553) 465-9059" registerdate="2013-09-28 01:09:35" logindate="2013-10-30 09:10:06" comment="Duis elementum, dui quis accumsan convallis, ante lectus convallis est, vitae sodales nisi magna sed dui. Fusce aliquam, enim nec tempus scelerisque, lorem ipsum sodales purus, in molestie tortor nibh sit amet orci. Ut sagittis lobortis mauris. Suspendisse aliquet molestie tellus. Aenean egestas hendrerit neque. In ornare sagittis felis. Donec tempor, est ac mattis semper, dui lectus rutrum urna, nec luctus felis purus ac tellus. Suspendisse sed dolor. Fusce mi lorem, vehicula et, rutrum eu, ultrices sit amet, risus. Donec nibh enim, gravida sit amet, dapibus id, blandit at, nisi. Cum sociis natoque penatibus et magnis dis parturient" />
	<customer  id="401" name="Maxwell" password="SSU55OMG9HE" email="turpis.non@Nunccommodo.org" company="Tempor Erat Neque Consulting" address="Ap #184-7876 Purus Rd." city="Ichtegem" postalCode="80059" country="Ecuador" phone="(508) 327-2600" fax="(603) 417-2453" registerdate="2015-01-21 07:01:05" logindate="2015-04-22 03:04:38" comment="eu, eleifend nec, malesuada ut, sem. Nulla interdum. Curabitur dictum. Phasellus in felis. Nulla tempor augue ac ipsum. Phasellus vitae mauris sit amet lorem semper auctor. Mauris vel turpis. Aliquam adipiscing lobortis risus. In mi pede, nonummy ut, molestie in, tempus eu, ligula. Aenean euismod mauris eu elit. Nulla facilisi. Sed neque. Sed eget lacus. Mauris non dui nec urna suscipit nonummy. Fusce fermentum fermentum arcu. Vestibulum ante ipsum primis in faucibus orci luctus et ultrices posuere cubilia Curae Phasellus ornare. Fusce mollis. Duis sit amet diam eu dolor egestas rhoncus. Proin" />
	<customer  id="402" name="Daniel" password="HSO43TUH6LA" email="sit.amet@turpisIncondimentum.org" company="In Cursus Corp." address="Ap #432-9764 Etiam Av." city="La Matap�dia" postalCode="16393" country="Heard Island and Mcdonald Islands" phone="(768) 345-8357" fax="(745) 323-0010" registerdate="2015-05-09 06:05:59" logindate="2013-11-24 06:11:44" comment="pede. Cras vulputate velit eu sem. Pellentesque ut ipsum ac mi eleifend egestas. Sed pharetra, felis eget varius ultrices, mauris ipsum porta elit, a feugiat tellus lorem eu metus. In lorem. Donec elementum, lorem ut aliquam iaculis, lacus pede sagittis augue, eu tempor erat neque non quam. Pellentesque habitant morbi tristique senectus et netus et malesuada fames ac turpis egestas. Aliquam fringilla cursus purus. Nullam scelerisque neque sed sem egestas blandit. Nam nulla magna, malesuada vel, convallis in," />
	<customer  id="403" name="Herrod" password="TIK48BPX9IE" email="eu.odio@Pellentesquetincidunt.ca" company="Libero Et Tristique Institute" address="9751 Venenatis Street" city="Aalbeke" postalCode="7648" country="Malta" phone="(724) 268-3911" fax="(320) 216-8570" registerdate="2014-11-15 04:11:31" logindate="2014-11-11 08:11:20" comment="Quisque imperdiet, erat nonummy ultricies ornare, elit elit fermentum risus, at fringilla purus mauris a nunc. In at pede. Cras vulputate velit eu sem. Pellentesque ut ipsum ac mi eleifend egestas. Sed pharetra, felis eget varius ultrices, mauris ipsum porta elit, a feugiat tellus lorem eu metus. In lorem. Donec elementum, lorem ut aliquam iaculis, lacus pede sagittis augue, eu tempor erat neque non quam. Pellentesque habitant morbi tristique senectus et netus et malesuada fames ac turpis egestas. Aliquam fringilla cursus purus. Nullam scelerisque neque sed sem egestas blandit. Nam nulla magna, malesuada vel, convallis in," />
	<customer  id="404" name="Finn" password="BQZ27RLA9LD" email="Etiam@felis.ca" company="Felis Purus Ac LLC" address="Ap #412-5307 Dis St." city="Rawalpindi" postalCode="LK7G 6UH" country="Burkina Faso" phone="(705) 636-7605" fax="(696) 155-4011" registerdate="2015-05-30 09:05:56" logindate="2014-05-12 10:05:04" comment="Pellentesque ut ipsum ac mi eleifend egestas. Sed pharetra, felis eget varius ultrices, mauris ipsum porta elit, a feugiat tellus lorem eu metus. In lorem. Donec elementum, lorem ut aliquam iaculis, lacus pede sagittis augue, eu tempor erat neque non quam. Pellentesque habitant morbi tristique senectus et netus et malesuada fames ac turpis egestas. Aliquam fringilla cursus purus. Nullam scelerisque neque sed sem egestas blandit. Nam nulla magna, malesuada vel, convallis in, cursus et, eros. Proin ultrices. Duis volutpat nunc sit amet metus. Aliquam erat volutpat." />
	<customer  id="405" name="Ivan" password="KTD30IZF9ZX" email="Integer.vitae@magnis.com" company="Gravida Molestie Arcu Ltd" address="8865 Odio. Ave" city="Christchurch" postalCode="83448" country="Turks and Caicos Islands" phone="(138) 318-5758" fax="(140) 182-0143" registerdate="2014-11-02 08:11:27" logindate="2015-04-27 06:04:42" comment="Sed neque. Sed eget lacus. Mauris non dui nec urna suscipit nonummy. Fusce fermentum fermentum arcu. Vestibulum ante ipsum primis in faucibus orci luctus et ultrices posuere cubilia Curae Phasellus ornare. Fusce mollis. Duis sit amet diam eu dolor egestas rhoncus. Proin nisl sem, consequat nec, mollis vitae, posuere at, velit. Cras lorem lorem, luctus ut, pellentesque eget, dictum placerat, augue. Sed molestie. Sed id risus quis diam luctus lobortis. Class aptent taciti sociosqu" />
	<customer  id="406" name="Teegan" password="YPB85LEM7FD" email="neque@quisarcu.ca" company="Quam A Felis PC" address="P.O. Box 872, 2858 Ut Rd." city="João Pessoa" postalCode="0563" country="Papua New Guinea" phone="(819) 884-6627" fax="(788) 472-9441" registerdate="2014-11-10 07:11:17" logindate="2014-05-23 06:05:15" comment="auctor. Mauris vel turpis. Aliquam adipiscing lobortis risus. In mi pede, nonummy ut, molestie in, tempus eu, ligula. Aenean euismod mauris eu elit. Nulla facilisi. Sed neque. Sed eget lacus. Mauris non dui nec urna suscipit nonummy. Fusce fermentum fermentum arcu. Vestibulum ante ipsum primis in faucibus orci luctus et ultrices posuere cubilia Curae Phasellus ornare. Fusce mollis. Duis sit amet diam eu dolor egestas rhoncus. Proin nisl sem, consequat nec, mollis vitae, posuere at," />
	<customer  id="407" name="Ina" password="QFP54VFU5ST" email="felis.Donec.tempor@risus.org" company="Aliquam Foundation" address="639-4445 In, Road" city="São João de Meriti" postalCode="96542" country="Bahrain" phone="(978) 652-8867" fax="(100) 698-0052" registerdate="2013-10-17 03:10:00" logindate="2013-08-25 09:08:16" comment="ac risus. Morbi metus. Vivamus euismod urna. Nullam lobortis quam a felis ullamcorper viverra. Maecenas iaculis aliquet diam. Sed diam lorem, auctor quis, tristique ac, eleifend vitae, erat. Vivamus nisi. Mauris nulla. Integer urna. Vivamus molestie dapibus ligula. Aliquam erat volutpat. Nulla dignissim. Maecenas ornare egestas ligula. Nullam feugiat placerat velit. Quisque varius. Nam porttitor scelerisque neque. Nullam nisl. Maecenas malesuada fringilla est. Mauris eu turpis. Nulla aliquet. Proin velit. Sed" />
	<customer  id="408" name="Arthur" password="PMH60KPO9BE" email="commodo@eu.co.uk" company="Lectus Limited" address="162-6772 Malesuada Road" city="Thiaumont" postalCode="D21 5LU" country="Panama" phone="(539) 892-5599" fax="(720) 127-6180" registerdate="2015-05-23 11:05:22" logindate="2014-06-10 09:06:46" comment="felis ullamcorper viverra. Maecenas iaculis aliquet diam. Sed diam lorem, auctor quis, tristique ac, eleifend vitae, erat. Vivamus nisi. Mauris nulla. Integer urna. Vivamus molestie dapibus ligula. Aliquam erat volutpat. Nulla dignissim. Maecenas ornare egestas ligula. Nullam feugiat placerat velit. Quisque varius. Nam porttitor scelerisque neque. Nullam nisl. Maecenas malesuada fringilla est. Mauris eu turpis. Nulla aliquet. Proin velit. Sed malesuada augue ut lacus. Nulla tincidunt, neque vitae semper egestas, urna justo faucibus lectus, a sollicitudin orci sem eget massa. Suspendisse eleifend. Cras sed leo. Cras vehicula aliquet libero. Integer in magna. Phasellus dolor elit, pellentesque a, facilisis non, bibendum" />
	<customer  id="409" name="Sybil" password="VEU17PKN8XP" email="laoreet.lectus@Cras.org" company="Ipsum Sodales Incorporated" address="Ap #555-4322 Leo. Rd." city="Anchorage" postalCode="33883" country="Liechtenstein" phone="(371) 669-1943" fax="(398) 163-2670" registerdate="2014-10-22 04:10:20" logindate="2015-05-14 01:05:07" comment="massa lobortis ultrices. Vivamus rhoncus. Donec est. Nunc ullamcorper, velit in aliquet lobortis, nisi nibh lacinia orci, consectetuer euismod est arcu ac orci. Ut semper pretium neque. Morbi quis urna. Nunc quis arcu vel quam dignissim pharetra. Nam ac nulla. In tincidunt congue turpis. In condimentum. Donec at arcu. Vestibulum ante ipsum primis in faucibus orci luctus" />
	<customer  id="410" name="Kelsie" password="LYA08FPI8BI" email="commodo.hendrerit@adipiscing.ca" company="Ultrices Posuere Corp." address="Ap #642-6724 Risus St." city="Acquasparta" postalCode="45190" country="Dominica" phone="(960) 149-6065" fax="(712) 785-5316" registerdate="2013-10-26 12:10:45" logindate="2014-08-17 06:08:59" comment="vitae, erat. Vivamus nisi. Mauris nulla. Integer urna. Vivamus molestie dapibus ligula. Aliquam erat volutpat. Nulla dignissim. Maecenas ornare egestas ligula. Nullam feugiat placerat velit. Quisque varius. Nam porttitor scelerisque neque. Nullam nisl. Maecenas malesuada fringilla est. Mauris eu turpis. Nulla aliquet. Proin velit. Sed malesuada augue ut lacus. Nulla tincidunt, neque vitae semper egestas, urna justo faucibus lectus, a sollicitudin orci sem eget massa. Suspendisse eleifend." />
	<customer  id="411" name="Boris" password="GDP10RNC4WV" email="Aliquam@parturient.edu" company="Cum Sociis Natoque Ltd" address="P.O. Box 241, 6118 In Rd." city="Trogn�e" postalCode="5986" country="Yemen" phone="(417) 115-8141" fax="(343) 427-9911" registerdate="2014-06-10 01:06:06" logindate="2015-05-24 04:05:49" comment="arcu. Vivamus sit amet risus. Donec egestas. Aliquam nec enim. Nunc ut erat. Sed nunc est, mollis non, cursus non, egestas a, dui. Cras pellentesque. Sed dictum. Proin eget odio. Aliquam vulputate ullamcorper magna. Sed eu eros. Nam consequat dolor vitae dolor. Donec fringilla. Donec feugiat metus sit amet ante. Vivamus non lorem vitae odio sagittis semper. Nam tempor diam dictum sapien. Aenean massa. Integer vitae nibh. Donec est mauris, rhoncus id, mollis nec, cursus a, enim. Suspendisse" />
	<customer  id="412" name="Brenda" password="ZQX52HDB0DN" email="Nunc@pellentesque.org" company="Elementum At Egestas Inc." address="151-7042 Ligula Rd." city="Fontanigorda" postalCode="X1W 9N9" country="Brunei" phone="(861) 790-1884" fax="(136) 249-1753" registerdate="2015-03-22 08:03:00" logindate="2014-04-16 06:04:14" comment="eu nulla at sem molestie sodales. Mauris blandit enim consequat purus. Maecenas libero est, congue a, aliquet vel, vulputate eu, odio. Phasellus at augue id ante dictum cursus. Nunc mauris elit, dictum eu, eleifend nec, malesuada ut, sem. Nulla interdum. Curabitur dictum. Phasellus in felis. Nulla tempor augue ac ipsum. Phasellus vitae mauris sit amet lorem semper auctor. Mauris vel turpis. Aliquam adipiscing lobortis risus. In mi pede, nonummy ut, molestie in, tempus eu, ligula. Aenean euismod mauris eu elit. Nulla facilisi. Sed neque. Sed eget lacus." />
	<customer  id="413" name="Jonas" password="YKI82TVD5FR" email="diam.dictum@mollisnon.org" company="Enim Ltd" address="5498 Nulla. Rd." city="Lafayette" postalCode="5666AL" country="Libya" phone="(221) 671-7817" fax="(609) 326-1543" registerdate="2013-12-08 05:12:51" logindate="2014-09-11 11:09:06" comment="dictum eu, eleifend nec, malesuada ut, sem. Nulla interdum. Curabitur dictum. Phasellus in felis. Nulla tempor augue ac ipsum. Phasellus vitae mauris sit amet lorem semper auctor. Mauris vel turpis. Aliquam adipiscing lobortis risus. In mi pede, nonummy ut, molestie in, tempus eu, ligula. Aenean euismod mauris eu elit. Nulla facilisi. Sed neque. Sed eget lacus. Mauris non dui nec urna suscipit nonummy. Fusce fermentum fermentum arcu. Vestibulum ante ipsum primis in faucibus orci luctus et ultrices posuere cubilia Curae Phasellus ornare. Fusce mollis. Duis sit amet diam eu" />
	<customer  id="414" name="Constance" password="JMS85ZGU9FJ" email="amet.lorem@egestasSedpharetra.net" company="Nec Mollis PC" address="516-866 Proin Rd." city="Mombaruzzo" postalCode="63-071" country="Gambia" phone="(322) 311-2344" fax="(167) 591-7034" registerdate="2015-07-08 01:07:48" logindate="2014-09-28 10:09:29" comment="massa non ante bibendum ullamcorper. Duis cursus, diam at pretium aliquet, metus urna convallis erat, eget tincidunt dui augue eu tellus. Phasellus elit pede, malesuada vel, venenatis vel, faucibus id, libero. Donec consectetuer mauris id sapien. Cras dolor dolor, tempus non, lacinia at, iaculis quis, pede. Praesent eu dui. Cum sociis" />
	<customer  id="415" name="Barry" password="DYH90PIV9AG" email="congue.turpis@facilisis.edu" company="Eget Volutpat Foundation" address="Ap #804-135 Sodales Rd." city="Wels" postalCode="95968" country="Albania" phone="(457) 503-1357" fax="(720) 926-4479" registerdate="2013-12-10 02:12:44" logindate="2013-09-16 08:09:41" comment="Donec felis orci, adipiscing non, luctus sit amet, faucibus ut, nulla. Cras eu tellus eu augue porttitor interdum. Sed auctor odio a purus. Duis elementum, dui quis accumsan convallis, ante lectus convallis est, vitae sodales nisi magna sed dui. Fusce aliquam, enim nec tempus scelerisque, lorem ipsum sodales purus, in molestie tortor nibh sit amet orci. Ut sagittis lobortis mauris. Suspendisse aliquet molestie tellus. Aenean egestas hendrerit neque. In ornare sagittis felis. Donec" />
	<customer  id="416" name="Kamal" password="YYI50YJP4BI" email="lorem.auctor.quis@porttitorinterdumSed.net" company="Euismod Foundation" address="P.O. Box 378, 6522 Felis Av." city="Slijpe" postalCode="5435" country="Reunion" phone="(971) 770-2352" fax="(161) 924-6467" registerdate="2013-12-21 10:12:18" logindate="2015-07-23 10:07:55" comment="lacus. Quisque purus sapien, gravida non, sollicitudin a, malesuada id, erat. Etiam vestibulum massa rutrum magna. Cras convallis convallis dolor. Quisque tincidunt pede ac urna. Ut tincidunt vehicula risus. Nulla eget metus eu erat semper rutrum. Fusce dolor quam, elementum at, egestas a, scelerisque sed, sapien. Nunc pulvinar arcu et pede. Nunc sed orci lobortis augue scelerisque mollis. Phasellus libero mauris, aliquam eu, accumsan sed, facilisis vitae," />
	<customer  id="417" name="Stuart" password="LAK10GJX3TK" email="Vivamus@Nunc.co.uk" company="Erat Eget Corporation" address="Ap #370-5281 Vestibulum Ave" city="Denny" postalCode="63000" country="Virgin Islands, British" phone="(108) 698-4950" fax="(184) 648-8532" registerdate="2015-05-19 07:05:19" logindate="2013-10-09 09:10:53" comment="lacus vestibulum lorem, sit amet ultricies sem magna nec quam. Curabitur vel lectus. Cum sociis natoque penatibus et magnis dis parturient montes, nascetur ridiculus mus. Donec dignissim magna a tortor. Nunc commodo auctor velit. Aliquam nisl. Nulla eu neque pellentesque massa lobortis ultrices. Vivamus rhoncus. Donec est. Nunc ullamcorper, velit in aliquet lobortis, nisi nibh lacinia orci, consectetuer euismod est arcu ac orci. Ut semper pretium neque. Morbi quis urna. Nunc quis arcu vel quam dignissim pharetra. Nam ac nulla. In tincidunt congue turpis. In condimentum. Donec at arcu. Vestibulum ante" />
	<customer  id="418" name="Ulla" password="IVO33ZRX4MG" email="convallis@risusodioauctor.co.uk" company="Lorem Semper Corporation" address="2014 Commodo Ave" city="Hudson's Hope" postalCode="E4X 6G0" country="Saint Kitts and Nevis" phone="(343) 616-5743" fax="(165) 953-3435" registerdate="2015-06-01 05:06:32" logindate="2015-01-21 10:01:17" comment="ornare. Fusce mollis. Duis sit amet diam eu dolor egestas rhoncus. Proin nisl sem, consequat nec, mollis vitae, posuere at, velit. Cras lorem lorem, luctus ut, pellentesque eget, dictum placerat, augue. Sed molestie. Sed id risus quis diam luctus lobortis. Class aptent taciti sociosqu ad litora torquent per conubia nostra, per inceptos hymenaeos. Mauris ut quam vel sapien imperdiet ornare. In faucibus. Morbi vehicula. Pellentesque tincidunt tempus risus. Donec egestas. Duis" />
	<customer  id="419" name="Preston" password="DUA25PLT4FU" email="Vivamus.nibh@acorci.edu" company="Neque Incorporated" address="5236 Ut Rd." city="Santa Inês" postalCode="21212" country="United Kingdom (Great Britain)" phone="(339) 174-9633" fax="(788) 712-0176" registerdate="2014-12-06 11:12:36" logindate="2014-01-07 12:01:00" comment="eu, odio. Phasellus at augue id ante dictum cursus. Nunc mauris elit, dictum eu, eleifend nec, malesuada ut, sem. Nulla interdum. Curabitur dictum. Phasellus in felis. Nulla tempor augue ac ipsum. Phasellus vitae mauris sit amet lorem semper auctor. Mauris vel turpis. Aliquam adipiscing lobortis risus. In mi pede, nonummy ut, molestie in, tempus eu, ligula. Aenean euismod mauris eu elit. Nulla facilisi. Sed neque. Sed eget lacus. Mauris non dui nec urna suscipit nonummy. Fusce fermentum fermentum arcu. Vestibulum ante ipsum primis in faucibus orci luctus et ultrices posuere cubilia" />
	<customer  id="420" name="Ross" password="SIN48ONM9HC" email="vehicula@consequat.ca" company="Mauris Foundation" address="Ap #800-3828 Nunc Avenue" city="Haut-Ittre" postalCode="397883" country="Georgia" phone="(124) 195-1261" fax="(509) 593-3825" registerdate="2015-03-18 09:03:20" logindate="2014-03-17 12:03:45" comment="metus eu erat semper rutrum. Fusce dolor quam, elementum at, egestas a, scelerisque sed, sapien. Nunc pulvinar arcu et pede. Nunc sed orci lobortis augue scelerisque mollis. Phasellus libero mauris, aliquam eu, accumsan sed, facilisis vitae, orci. Phasellus dapibus quam quis diam. Pellentesque habitant morbi tristique senectus et netus et malesuada fames ac turpis egestas. Fusce aliquet magna a neque. Nullam ut" />
	<customer  id="421" name="Benedict" password="RDF56HRH2BX" email="congue.In.scelerisque@parturient.org" company="Commodo Auctor Limited" address="Ap #981-753 Sapien. Rd." city="Monacilioni" postalCode="9818" country="Portugal" phone="(840) 613-7115" fax="(189) 450-5519" registerdate="2015-06-14 01:06:37" logindate="2015-04-03 07:04:30" comment="Suspendisse tristique neque venenatis lacus. Etiam bibendum fermentum metus. Aenean sed pede nec ante blandit viverra. Donec tempus, lorem fringilla ornare placerat, orci lacus vestibulum lorem, sit amet ultricies sem magna nec quam. Curabitur vel lectus. Cum sociis natoque penatibus et magnis dis parturient montes, nascetur ridiculus mus. Donec dignissim magna a tortor. Nunc commodo auctor velit. Aliquam nisl. Nulla eu neque pellentesque massa lobortis ultrices. Vivamus rhoncus. Donec est. Nunc ullamcorper, velit in aliquet lobortis, nisi nibh lacinia orci, consectetuer euismod est arcu ac orci. Ut semper pretium" />
	<customer  id="422" name="Cade" password="ERF05HCB3IS" email="Praesent.luctus@estvitae.co.uk" company="Pellentesque Inc." address="6315 Nibh. Av." city="Pathankot" postalCode="28565" country="Macao" phone="(227) 146-1676" fax="(390) 697-1752" registerdate="2014-05-02 07:05:16" logindate="2013-09-17 05:09:40" comment="leo, in lobortis tellus justo sit amet nulla. Donec non justo. Proin non massa non ante bibendum ullamcorper. Duis cursus, diam at pretium aliquet, metus urna convallis erat, eget tincidunt dui augue eu tellus. Phasellus elit pede, malesuada vel, venenatis vel, faucibus id, libero. Donec consectetuer mauris id sapien. Cras dolor dolor, tempus non, lacinia at, iaculis quis, pede. Praesent eu dui. Cum sociis natoque penatibus et magnis dis parturient montes, nascetur ridiculus mus. Aenean" />
	<customer  id="423" name="Hammett" password="DRJ96SLM3IR" email="nisl@tempusnon.net" company="Nunc Institute" address="1640 Nonummy. Rd." city="Gressoney-Saint-Jean" postalCode="18618" country="Croatia" phone="(907) 468-6859" fax="(209) 221-4533" registerdate="2014-12-13 11:12:22" logindate="2014-02-22 02:02:33" comment="at auctor ullamcorper, nisl arcu iaculis enim, sit amet ornare lectus justo eu arcu. Morbi sit amet massa. Quisque porttitor eros nec tellus. Nunc lectus pede, ultrices a, auctor non, feugiat nec, diam. Duis mi enim, condimentum eget, volutpat ornare, facilisis eget, ipsum. Donec sollicitudin adipiscing ligula. Aenean gravida nunc sed pede. Cum sociis natoque penatibus et magnis dis parturient montes, nascetur ridiculus" />
	<customer  id="424" name="Fay" password="KTH80NKN2TF" email="ac.risus@arcuVivamussit.net" company="Nec Malesuada Ut Institute" address="P.O. Box 880, 2976 Egestas Avenue" city="Wei�enfels" postalCode="35741" country="French Southern Territories" phone="(136) 472-4811" fax="(855) 676-0531" registerdate="2015-04-08 04:04:33" logindate="2014-06-15 11:06:14" comment="eleifend. Cras sed leo. Cras vehicula aliquet libero. Integer in magna. Phasellus dolor elit, pellentesque a, facilisis non, bibendum sed, est. Nunc laoreet lectus quis massa. Mauris vestibulum, neque sed dictum eleifend, nunc risus varius orci, in consequat enim diam vel arcu. Curabitur ut odio vel est tempor bibendum. Donec felis orci, adipiscing non, luctus sit amet, faucibus ut, nulla. Cras eu tellus eu augue porttitor interdum. Sed auctor odio a purus. Duis elementum, dui quis accumsan convallis, ante" />
	<customer  id="425" name="Ciaran" password="RMG80QFX7DI" email="malesuada@laoreetposuere.org" company="Cras Interdum Nunc Company" address="8995 Metus. Road" city="Minervino di Lecce" postalCode="46497" country="Puerto Rico" phone="(244) 587-6902" fax="(845) 981-8882" registerdate="2014-01-22 08:01:54" logindate="2015-02-13 06:02:31" comment="at augue id ante dictum cursus. Nunc mauris elit, dictum eu, eleifend nec, malesuada ut, sem. Nulla interdum. Curabitur dictum. Phasellus in felis. Nulla tempor augue ac ipsum. Phasellus vitae mauris sit amet lorem semper auctor. Mauris vel turpis. Aliquam adipiscing lobortis risus. In mi pede, nonummy ut, molestie in, tempus eu, ligula. Aenean euismod mauris eu elit. Nulla facilisi. Sed neque. Sed eget lacus. Mauris non dui nec urna suscipit nonummy. Fusce fermentum fermentum arcu. Vestibulum ante ipsum primis in faucibus orci luctus et" />
	<customer  id="426" name="Quamar" password="RKA67KDE8EC" email="nec.ligula.consectetuer@arcuMorbisit.com" company="Tellus Company" address="P.O. Box 555, 3322 Est, St." city="Voitsberg" postalCode="76864" country="Liberia" phone="(567) 591-5584" fax="(393) 924-8045" registerdate="2013-08-25 10:08:08" logindate="2013-11-28 02:11:04" comment="id risus quis diam luctus lobortis. Class aptent taciti sociosqu ad litora torquent per conubia nostra, per inceptos hymenaeos. Mauris ut quam vel sapien imperdiet ornare. In faucibus. Morbi vehicula. Pellentesque tincidunt tempus risus. Donec egestas. Duis ac arcu. Nunc mauris. Morbi non sapien molestie orci tincidunt adipiscing. Mauris molestie pharetra nibh. Aliquam ornare, libero at auctor ullamcorper, nisl" />
	<customer  id="427" name="Chantale" password="FIY23MAP5ZG" email="netus.et.malesuada@Morbineque.co.uk" company="Diam Eu Dolor Corp." address="2255 Sed Av." city="Santa Flavia" postalCode="2292UI" country="Panama" phone="(337) 814-4261" fax="(573) 608-4557" registerdate="2015-04-21 07:04:42" logindate="2014-08-10 04:08:57" comment="suscipit nonummy. Fusce fermentum fermentum arcu. Vestibulum ante ipsum primis in faucibus orci luctus et ultrices posuere cubilia Curae Phasellus ornare. Fusce mollis. Duis sit amet diam eu dolor egestas rhoncus. Proin nisl sem, consequat nec, mollis vitae, posuere at, velit. Cras lorem lorem, luctus ut, pellentesque eget, dictum placerat, augue. Sed molestie. Sed id risus quis diam luctus lobortis. Class aptent taciti sociosqu ad litora torquent per conubia nostra, per inceptos hymenaeos. Mauris ut quam vel sapien imperdiet ornare. In faucibus." />
	<customer  id="428" name="Madaline" password="IUV64UWE9JT" email="dapibus@etipsumcursus.edu" company="Mauris Ut LLC" address="Ap #623-6648 Pellentesque Av." city="Folkestone" postalCode="12134" country="Korea, South" phone="(361) 130-9527" fax="(785) 165-5814" registerdate="2015-06-16 09:06:16" logindate="2013-12-29 09:12:49" comment="sagittis lobortis mauris. Suspendisse aliquet molestie tellus. Aenean egestas hendrerit neque. In ornare sagittis felis. Donec tempor, est ac mattis semper, dui lectus rutrum urna, nec luctus felis purus ac tellus. Suspendisse sed dolor. Fusce mi lorem, vehicula et, rutrum eu, ultrices sit amet, risus. Donec nibh enim, gravida sit amet, dapibus id, blandit at, nisi. Cum sociis natoque penatibus et magnis dis parturient montes, nascetur ridiculus mus. Proin vel nisl. Quisque fringilla euismod enim. Etiam gravida molestie arcu. Sed eu nibh vulputate mauris sagittis placerat. Cras dictum ultricies ligula. Nullam enim. Sed nulla ante, iaculis nec, eleifend non, dapibus" />
	<customer  id="429" name="Adrienne" password="LYB87ILT3JT" email="Sed@amifringilla.com" company="Ac LLP" address="P.O. Box 176, 6608 Phasellus Street" city="Ambala Sadar" postalCode="08318" country="Singapore" phone="(891) 411-9704" fax="(611) 762-5110" registerdate="2014-08-12 05:08:10" logindate="2014-03-06 07:03:10" comment="Maecenas iaculis aliquet diam. Sed diam lorem, auctor quis, tristique ac, eleifend vitae, erat. Vivamus nisi. Mauris nulla. Integer urna. Vivamus molestie dapibus ligula. Aliquam erat volutpat. Nulla dignissim. Maecenas ornare egestas ligula. Nullam feugiat placerat velit. Quisque varius. Nam porttitor scelerisque neque. Nullam nisl. Maecenas malesuada fringilla est. Mauris eu turpis. Nulla aliquet. Proin velit. Sed malesuada augue ut lacus. Nulla tincidunt, neque vitae semper egestas, urna justo faucibus lectus, a sollicitudin orci sem eget massa. Suspendisse eleifend. Cras sed leo. Cras vehicula aliquet libero. Integer in magna. Phasellus dolor elit, pellentesque" />
	<customer  id="430" name="Jameson" password="JPP14TWD0DQ" email="ultricies@elitEtiam.com" company="Aliquet Molestie Tellus Limited" address="Ap #286-8018 Posuere Rd." city="Chambave" postalCode="663605" country="Libya" phone="(890) 860-9447" fax="(458) 484-9900" registerdate="2015-03-02 01:03:31" logindate="2015-02-01 11:02:13" comment="ornare. Fusce mollis. Duis sit amet diam eu dolor egestas rhoncus. Proin nisl sem, consequat nec, mollis vitae, posuere at, velit. Cras lorem lorem, luctus ut, pellentesque eget, dictum placerat, augue. Sed molestie. Sed id risus quis diam luctus lobortis. Class aptent taciti sociosqu ad litora torquent per conubia nostra, per inceptos hymenaeos. Mauris ut quam vel sapien imperdiet ornare. In faucibus. Morbi" />
	<customer  id="431" name="Jenna" password="VTF27JNL4RR" email="arcu@Aliquamvulputateullamcorper.ca" company="Et Associates" address="179-6146 Ut, Road" city="Poole" postalCode="7591" country="Iran" phone="(520) 562-4133" fax="(442) 311-0202" registerdate="2015-03-07 06:03:48" logindate="2014-05-11 07:05:39" comment="Donec porttitor tellus non magna. Nam ligula elit, pretium et, rutrum non, hendrerit id, ante. Nunc mauris sapien, cursus in, hendrerit consectetuer, cursus et, magna. Praesent interdum ligula eu enim. Etiam imperdiet dictum magna. Ut tincidunt orci quis lectus. Nullam suscipit, est ac facilisis facilisis, magna tellus faucibus leo, in lobortis tellus justo sit amet nulla. Donec non justo. Proin non massa non ante bibendum ullamcorper. Duis cursus, diam at pretium aliquet, metus urna convallis erat, eget tincidunt dui augue eu tellus. Phasellus elit pede, malesuada vel, venenatis vel, faucibus" />
	<customer  id="432" name="Jada" password="ALA00YMB7BH" email="lorem.tristique.aliquet@lectusconvallis.edu" company="Molestie Arcu Sed Company" address="3425 Bibendum Street" city="Wunstorf" postalCode="59542" country="Norway" phone="(332) 555-8240" fax="(336) 911-5728" registerdate="2014-08-12 03:08:51" logindate="2014-07-29 10:07:13" comment="cursus, diam at pretium aliquet, metus urna convallis erat, eget tincidunt dui augue eu tellus. Phasellus elit pede, malesuada vel, venenatis vel, faucibus id, libero. Donec consectetuer mauris id sapien. Cras dolor dolor, tempus non, lacinia at, iaculis quis, pede. Praesent eu dui. Cum sociis natoque penatibus et magnis dis parturient montes, nascetur ridiculus mus. Aenean" />
	<customer  id="433" name="Katell" password="ANB79OTU5ZM" email="mauris@lorem.ca" company="Vel Sapien LLP" address="720-3428 Non Road" city="Aartrijke" postalCode="70003" country="Brazil" phone="(486) 322-4770" fax="(920) 936-5356" registerdate="2014-04-19 07:04:55" logindate="2014-01-08 06:01:55" comment="accumsan neque et nunc. Quisque ornare tortor at risus. Nunc ac sem ut dolor dapibus gravida. Aliquam tincidunt, nunc ac mattis ornare, lectus ante dictum mi, ac mattis velit justo nec ante. Maecenas mi felis, adipiscing fringilla, porttitor vulputate, posuere vulputate, lacus. Cras interdum. Nunc sollicitudin commodo ipsum. Suspendisse non leo. Vivamus nibh dolor, nonummy ac, feugiat non, lobortis quis, pede. Suspendisse dui. Fusce diam nunc, ullamcorper" />
	<customer  id="434" name="Leo" password="UYK31KKK8XI" email="neque@condimentum.co.uk" company="At Arcu Vestibulum Company" address="Ap #484-5355 Dapibus Av." city="Valpelline" postalCode="9274" country="Bahamas" phone="(144) 750-4162" fax="(833) 568-6322" registerdate="2015-01-25 10:01:52" logindate="2015-03-22 03:03:13" comment="vulputate eu, odio. Phasellus at augue id ante dictum cursus. Nunc mauris elit, dictum eu, eleifend nec, malesuada ut, sem. Nulla interdum. Curabitur dictum. Phasellus in felis. Nulla tempor augue ac ipsum. Phasellus vitae mauris sit amet lorem semper auctor. Mauris vel turpis. Aliquam adipiscing lobortis risus. In mi pede, nonummy ut, molestie in, tempus eu, ligula. Aenean euismod mauris eu elit. Nulla facilisi. Sed neque. Sed eget lacus. Mauris non dui nec urna suscipit nonummy. Fusce fermentum fermentum" />
	<customer  id="435" name="Zorita" password="AKF34ISQ0EK" email="Nam.tempor@Nunc.co.uk" company="Nunc Quisque Associates" address="P.O. Box 730, 2326 Mollis Rd." city="Spy" postalCode="522260" country="Afghanistan" phone="(158) 264-2249" fax="(179) 638-1686" registerdate="2014-04-11 03:04:39" logindate="2014-04-24 01:04:10" comment="eu dolor egestas rhoncus. Proin nisl sem, consequat nec, mollis vitae, posuere at, velit. Cras lorem lorem, luctus ut, pellentesque eget, dictum placerat, augue. Sed molestie. Sed id risus quis diam luctus lobortis. Class aptent taciti sociosqu ad litora torquent per conubia nostra, per inceptos hymenaeos. Mauris ut quam vel sapien imperdiet ornare. In faucibus. Morbi vehicula. Pellentesque tincidunt" />
	<customer  id="436" name="Serina" password="RWY51GNR3SG" email="turpis@quamdignissim.com" company="Duis Corp." address="Ap #578-6386 Phasellus St." city="Cercepiccola" postalCode="30732" country="Andorra" phone="(557) 748-7765" fax="(137) 577-2757" registerdate="2014-07-18 07:07:05" logindate="2014-05-07 12:05:28" comment="Donec est mauris, rhoncus id, mollis nec, cursus a, enim. Suspendisse aliquet, sem ut cursus luctus, ipsum leo elementum sem, vitae aliquam eros turpis non enim. Mauris quis turpis vitae purus gravida sagittis. Duis gravida. Praesent eu nulla at sem molestie sodales. Mauris blandit enim consequat purus. Maecenas libero est, congue a, aliquet vel, vulputate eu, odio. Phasellus at augue id ante" />
	<customer  id="437" name="Brandon" password="AJC12IPD7JA" email="pede.sagittis@Fuscediamnunc.co.uk" company="Vitae Velit Consulting" address="1431 Nunc Av." city="Poole" postalCode="C2V 9K4" country="Virgin Islands, British" phone="(666) 292-7313" fax="(107) 731-0867" registerdate="2013-10-23 04:10:27" logindate="2015-03-01 06:03:48" comment="egestas a, dui. Cras pellentesque. Sed dictum. Proin eget odio. Aliquam vulputate ullamcorper magna. Sed eu eros. Nam consequat dolor vitae dolor. Donec fringilla. Donec feugiat metus sit amet ante. Vivamus non lorem vitae odio sagittis semper. Nam tempor diam dictum sapien. Aenean massa. Integer vitae nibh. Donec est mauris, rhoncus id, mollis nec, cursus a, enim. Suspendisse aliquet, sem ut cursus luctus, ipsum leo elementum" />
	<customer  id="438" name="Carlos" password="RAP98JOV0MD" email="magna.Sed@Aliquam.ca" company="Leo Limited" address="Ap #678-4767 Amet Av." city="Konstanz" postalCode="619147" country="Romania" phone="(402) 798-0065" fax="(906) 913-4030" registerdate="2015-05-26 05:05:03" logindate="2015-08-14 12:08:22" comment="Nulla dignissim. Maecenas ornare egestas ligula. Nullam feugiat placerat velit. Quisque varius. Nam porttitor scelerisque neque. Nullam nisl. Maecenas malesuada fringilla est. Mauris eu turpis. Nulla aliquet. Proin velit. Sed malesuada augue ut lacus. Nulla tincidunt, neque vitae semper egestas, urna justo faucibus lectus, a sollicitudin orci sem eget massa. Suspendisse eleifend. Cras sed" />
	<customer  id="439" name="Ursa" password="VHN56FIK7XY" email="vitae@pharetraQuisque.co.uk" company="Nibh LLP" address="Ap #985-1432 Ultricies Rd." city="Sale" postalCode="4953" country="Poland" phone="(159) 297-2676" fax="(130) 371-3360" registerdate="2014-10-02 09:10:49" logindate="2013-11-26 08:11:17" comment="netus et malesuada fames ac turpis egestas. Aliquam fringilla cursus purus. Nullam scelerisque neque sed sem egestas blandit. Nam nulla magna, malesuada vel, convallis in, cursus et, eros. Proin ultrices. Duis volutpat nunc sit amet metus. Aliquam erat volutpat. Nulla facilisis. Suspendisse commodo tincidunt nibh. Phasellus nulla. Integer vulputate, risus a ultricies adipiscing, enim mi tempor lorem, eget mollis lectus pede et risus. Quisque libero lacus, varius et, euismod et, commodo at, libero. Morbi accumsan laoreet ipsum. Curabitur consequat, lectus sit amet luctus" />
	<customer  id="440" name="Tucker" password="RXQ50BCF1LV" email="nisi@sociis.co.uk" company="Tellus Company" address="6919 Purus, Av." city="Nanton" postalCode="15651-630" country="Lesotho" phone="(448) 975-0297" fax="(795) 658-6633" registerdate="2014-04-09 08:04:37" logindate="2015-04-03 03:04:02" comment="cubilia Curae Donec tincidunt. Donec vitae erat vel pede blandit congue. In scelerisque scelerisque dui. Suspendisse ac metus vitae velit egestas lacinia. Sed congue, elit sed consequat auctor, nunc nulla vulputate dui, nec tempus mauris erat eget ipsum. Suspendisse sagittis. Nullam vitae diam. Proin dolor. Nulla semper tellus id nunc interdum feugiat. Sed nec metus facilisis lorem tristique aliquet. Phasellus fermentum convallis ligula. Donec luctus aliquet odio. Etiam ligula tortor, dictum eu, placerat eget, venenatis a, magna. Lorem ipsum dolor sit amet, consectetuer adipiscing elit. Etiam laoreet, libero et tristique pellentesque," />
	<customer  id="441" name="Oren" password="ECY03CXM5KQ" email="aliquam.eros@tempusnon.org" company="Purus Ltd" address="8722 Eu St." city="Trento" postalCode="87520" country="Heard Island and Mcdonald Islands" phone="(932) 617-7685" fax="(273) 613-7499" registerdate="2014-12-10 07:12:13" logindate="2014-12-04 11:12:50" comment="congue a, aliquet vel, vulputate eu, odio. Phasellus at augue id ante dictum cursus. Nunc mauris elit, dictum eu, eleifend nec, malesuada ut, sem. Nulla interdum. Curabitur dictum. Phasellus in felis. Nulla tempor augue ac ipsum. Phasellus vitae mauris sit amet lorem semper auctor. Mauris vel turpis. Aliquam adipiscing lobortis risus. In mi pede, nonummy ut, molestie in, tempus eu, ligula. Aenean euismod mauris eu elit. Nulla facilisi. Sed neque. Sed eget lacus. Mauris non dui nec urna suscipit nonummy. Fusce" />
	<customer  id="442" name="Charity" password="UEF78AMR3ZD" email="nec.enim@pede.ca" company="Enim Institute" address="P.O. Box 138, 4511 Enim. St." city="Essex" postalCode="6167" country="Liberia" phone="(147) 736-0666" fax="(577) 565-7468" registerdate="2014-05-04 12:05:49" logindate="2015-01-22 08:01:40" comment="risus quis diam luctus lobortis. Class aptent taciti sociosqu ad litora torquent per conubia nostra, per inceptos hymenaeos. Mauris ut quam vel sapien imperdiet ornare. In faucibus. Morbi vehicula. Pellentesque tincidunt tempus risus. Donec egestas. Duis ac arcu. Nunc mauris. Morbi non sapien molestie orci tincidunt adipiscing. Mauris molestie pharetra nibh. Aliquam ornare, libero at auctor ullamcorper, nisl arcu iaculis enim, sit amet ornare lectus justo eu arcu. Morbi sit" />
	<customer  id="443" name="Driscoll" password="FBB97UGX7ZR" email="Proin@mauris.com" company="Tellus PC" address="2925 Et Rd." city="Ruette" postalCode="32319" country="Turkmenistan" phone="(569) 322-2553" fax="(510) 179-7529" registerdate="2014-10-20 08:10:36" logindate="2015-02-14 02:02:52" comment="orci, in consequat enim diam vel arcu. Curabitur ut odio vel est tempor bibendum. Donec felis orci, adipiscing non, luctus sit amet, faucibus ut, nulla. Cras eu tellus eu augue porttitor interdum. Sed auctor odio a purus. Duis elementum, dui quis accumsan convallis, ante lectus convallis est, vitae sodales nisi" />
	<customer  id="444" name="Xena" password="THK78KFB6HQ" email="erat.Etiam.vestibulum@Maurisutquam.com" company="A Ultricies Adipiscing Corporation" address="P.O. Box 595, 3211 Curabitur St." city="San Felice a Cancello" postalCode="C7A 3V2" country="Chile" phone="(310) 253-8159" fax="(496) 841-0743" registerdate="2015-02-06 04:02:12" logindate="2014-04-04 04:04:39" comment="eu elit. Nulla facilisi. Sed neque. Sed eget lacus. Mauris non dui nec urna suscipit nonummy. Fusce fermentum fermentum arcu. Vestibulum ante ipsum primis in faucibus orci luctus et ultrices posuere cubilia Curae Phasellus ornare. Fusce mollis. Duis sit amet diam eu dolor egestas rhoncus. Proin nisl sem, consequat nec, mollis vitae, posuere at, velit. Cras lorem lorem, luctus ut, pellentesque eget, dictum placerat, augue. Sed molestie. Sed id risus quis diam luctus lobortis. Class aptent taciti sociosqu ad litora torquent per conubia nostra, per inceptos hymenaeos." />
	<customer  id="445" name="Mollie" password="VLO27BEE0XX" email="neque@accumsannequeet.ca" company="Ornare Corporation" address="Ap #892-3876 Mauris Street" city="Alacant" postalCode="05427" country="Timor-Leste" phone="(350) 975-5114" fax="(555) 398-2779" registerdate="2015-08-12 03:08:15" logindate="2014-08-23 12:08:39" comment="aliquet diam. Sed diam lorem, auctor quis, tristique ac, eleifend vitae, erat. Vivamus nisi. Mauris nulla. Integer urna. Vivamus molestie dapibus ligula. Aliquam erat volutpat. Nulla dignissim. Maecenas ornare egestas ligula. Nullam feugiat placerat velit. Quisque varius. Nam porttitor scelerisque neque. Nullam nisl. Maecenas malesuada fringilla est. Mauris eu turpis. Nulla aliquet. Proin velit. Sed malesuada augue ut lacus. Nulla tincidunt, neque vitae semper egestas, urna justo faucibus lectus, a sollicitudin orci sem eget massa. Suspendisse eleifend. Cras sed leo. Cras vehicula aliquet libero. Integer in magna. Phasellus dolor elit, pellentesque a, facilisis non, bibendum" />
	<customer  id="446" name="Gail" password="MFV88XNY5ZU" email="lacinia.at.iaculis@purusDuiselementum.com" company="Ornare Egestas Limited" address="907-442 Ut, Avenue" city="Roccasicura" postalCode="171288" country="French Polynesia" phone="(831) 646-2548" fax="(389) 372-4360" registerdate="2014-04-26 11:04:24" logindate="2014-02-14 09:02:24" comment="nec luctus felis purus ac tellus. Suspendisse sed dolor. Fusce mi lorem, vehicula et, rutrum eu, ultrices sit amet, risus. Donec nibh enim, gravida sit amet, dapibus id, blandit at, nisi. Cum sociis natoque penatibus et magnis dis parturient montes, nascetur ridiculus mus. Proin vel nisl. Quisque fringilla euismod enim. Etiam gravida molestie arcu. Sed eu nibh vulputate mauris sagittis placerat. Cras dictum ultricies ligula. Nullam enim. Sed nulla ante, iaculis nec, eleifend non, dapibus rutrum, justo. Praesent luctus. Curabitur egestas nunc sed libero. Proin sed turpis nec mauris blandit mattis." />
	<customer  id="447" name="Michelle" password="JOO21JES5NC" email="nonummy.ultricies@Fuscemilorem.net" company="Rutrum LLC" address="P.O. Box 921, 9512 Fringilla Av." city="Ansfelden" postalCode="9444" country="Uganda" phone="(778) 581-3346" fax="(283) 976-5202" registerdate="2014-05-16 02:05:51" logindate="2015-05-24 11:05:18" comment="dui, nec tempus mauris erat eget ipsum. Suspendisse sagittis. Nullam vitae diam. Proin dolor. Nulla semper tellus id nunc interdum feugiat. Sed nec metus facilisis lorem tristique aliquet. Phasellus fermentum convallis ligula. Donec luctus aliquet odio. Etiam ligula tortor, dictum eu, placerat eget, venenatis a, magna. Lorem ipsum dolor sit amet, consectetuer adipiscing elit. Etiam laoreet, libero et tristique pellentesque, tellus sem mollis dui, in sodales elit erat vitae risus. Duis a mi fringilla mi lacinia mattis. Integer eu lacus. Quisque imperdiet, erat nonummy ultricies ornare," />
	<customer  id="448" name="Hiroko" password="IFM23SLR1WQ" email="ac.mattis.ornare@ipsum.co.uk" company="Mauris Quis Incorporated" address="P.O. Box 872, 2006 Curabitur St." city="Schwaz" postalCode="25162" country="Cocos (Keeling) Islands" phone="(880) 347-3094" fax="(419) 933-6367" registerdate="2014-07-24 01:07:39" logindate="2013-11-01 06:11:51" comment="congue turpis. In condimentum. Donec at arcu. Vestibulum ante ipsum primis in faucibus orci luctus et ultrices posuere cubilia Curae Donec tincidunt. Donec vitae erat vel pede blandit congue. In scelerisque scelerisque dui. Suspendisse ac metus vitae velit egestas lacinia. Sed congue, elit sed consequat auctor, nunc nulla vulputate dui, nec tempus mauris erat eget ipsum. Suspendisse sagittis. Nullam vitae diam. Proin dolor. Nulla semper tellus id nunc interdum feugiat. Sed nec metus facilisis lorem tristique aliquet. Phasellus fermentum convallis ligula. Donec luctus aliquet odio. Etiam ligula tortor, dictum eu, placerat eget, venenatis a, magna. Lorem ipsum dolor" />
	<customer  id="449" name="Katell" password="UQP79LNI0XA" email="in@Quisqueporttitoreros.co.uk" company="Dictum Placerat Institute" address="9595 Id, Ave" city="Ussassai" postalCode="276288" country="Sao Tome and Principe" phone="(220) 143-9995" fax="(514) 199-7511" registerdate="2015-01-30 01:01:04" logindate="2014-05-07 12:05:12" comment="sit amet, risus. Donec nibh enim, gravida sit amet, dapibus id, blandit at, nisi. Cum sociis natoque penatibus et magnis dis parturient montes, nascetur ridiculus mus. Proin vel nisl. Quisque fringilla euismod enim. Etiam gravida molestie arcu. Sed eu nibh vulputate mauris sagittis placerat. Cras dictum ultricies ligula. Nullam enim. Sed nulla ante," />
	<customer  id="450" name="Xyla" password="NFS40JAN8KG" email="eget.odio.Aliquam@commodoat.com" company="Lorem Fringilla Foundation" address="P.O. Box 563, 6187 Eget Rd." city="Wanferc�e-Baulet" postalCode="S7H 0R1" country="Saint Vincent and The Grenadines" phone="(151) 872-5226" fax="(381) 560-0179" registerdate="2014-12-16 06:12:14" logindate="2013-12-24 01:12:14" comment="parturient montes, nascetur ridiculus mus. Donec dignissim magna a tortor. Nunc commodo auctor velit. Aliquam nisl. Nulla eu neque pellentesque massa lobortis ultrices. Vivamus rhoncus. Donec est. Nunc ullamcorper, velit in aliquet lobortis, nisi nibh lacinia orci, consectetuer euismod est arcu ac orci. Ut semper pretium neque. Morbi quis urna. Nunc quis arcu vel quam dignissim pharetra. Nam ac nulla. In tincidunt congue turpis. In condimentum. Donec at arcu. Vestibulum ante ipsum primis in faucibus orci luctus et ultrices" />
	<customer  id="451" name="Alexa" password="ZDF13UGG9CW" email="porttitor@volutpatNulla.ca" company="Malesuada Fringilla Est Ltd" address="897-3517 Dui Rd." city="Merritt" postalCode="71612" country="Armenia" phone="(609) 244-6575" fax="(559) 328-8228" registerdate="2014-01-09 02:01:22" logindate="2015-04-23 08:04:03" comment="Pellentesque habitant morbi tristique senectus et netus et malesuada fames ac turpis egestas. Aliquam fringilla cursus purus. Nullam scelerisque neque sed sem egestas blandit. Nam nulla magna, malesuada vel, convallis in, cursus et, eros. Proin ultrices. Duis volutpat nunc sit amet metus. Aliquam erat volutpat. Nulla facilisis. Suspendisse commodo tincidunt nibh. Phasellus nulla. Integer vulputate, risus a ultricies adipiscing, enim mi tempor lorem, eget mollis lectus pede et risus. Quisque libero lacus, varius et, euismod et, commodo at, libero. Morbi accumsan laoreet ipsum. Curabitur consequat, lectus sit amet luctus vulputate, nisi" />
	<customer  id="452" name="Madaline" password="TQZ06HCZ4YO" email="nulla.Integer@inmagnaPhasellus.org" company="Id Ante Limited" address="P.O. Box 561, 3278 Sed St." city="Opwijk" postalCode="3689" country="Mauritius" phone="(106) 862-2731" fax="(942) 251-0623" registerdate="2014-01-11 06:01:44" logindate="2014-11-23 01:11:31" comment="orci. Ut semper pretium neque. Morbi quis urna. Nunc quis arcu vel quam dignissim pharetra. Nam ac nulla. In tincidunt congue turpis. In condimentum. Donec at arcu. Vestibulum ante ipsum primis in faucibus orci luctus et ultrices posuere cubilia Curae Donec tincidunt. Donec vitae erat vel pede blandit congue. In" />
	<customer  id="453" name="Nayda" password="QYK44LLJ1EI" email="ullamcorper.magna@eratnonummy.edu" company="Tristique Company" address="Ap #906-2129 Tincidunt. Rd." city="Erdemli" postalCode="79-826" country="Brazil" phone="(443) 922-2056" fax="(707) 564-7749" registerdate="2013-12-29 09:12:31" logindate="2014-11-23 06:11:00" comment="sed libero. Proin sed turpis nec mauris blandit mattis. Cras eget nisi dictum augue malesuada malesuada. Integer id magna et ipsum cursus vestibulum. Mauris magna. Duis dignissim tempor arcu. Vestibulum ut eros non enim commodo hendrerit. Donec porttitor tellus non magna. Nam ligula elit, pretium et, rutrum non, hendrerit id, ante. Nunc mauris sapien, cursus in, hendrerit consectetuer, cursus et, magna. Praesent interdum ligula eu enim. Etiam imperdiet dictum magna. Ut tincidunt orci quis lectus." />
	<customer  id="454" name="Eliana" password="EMP41OPW4AO" email="nisi.nibh.lacinia@tortorIntegeraliquam.ca" company="Fusce Consulting" address="393-2781 Semper, Rd." city="Promo-Control" postalCode="72932" country="Turkmenistan" phone="(951) 295-5716" fax="(141) 607-1145" registerdate="2014-11-18 03:11:52" logindate="2014-12-18 08:12:45" comment="natoque penatibus et magnis dis parturient montes, nascetur ridiculus mus. Donec dignissim magna a tortor. Nunc commodo auctor velit. Aliquam nisl. Nulla eu neque pellentesque massa lobortis ultrices. Vivamus rhoncus. Donec est. Nunc ullamcorper, velit in aliquet lobortis, nisi nibh lacinia orci, consectetuer euismod est arcu ac orci. Ut semper pretium neque. Morbi quis urna. Nunc quis arcu vel quam dignissim pharetra. Nam ac nulla. In tincidunt congue turpis. In condimentum. Donec at arcu. Vestibulum ante ipsum primis in faucibus orci luctus et ultrices posuere cubilia Curae Donec tincidunt." />
	<customer  id="455" name="Benjamin" password="BFI80CQJ2MY" email="Maecenas@laciniavitaesodales.net" company="Velit Pellentesque LLC" address="8347 In Rd." city="Auvelais" postalCode="8035" country="Slovakia" phone="(660) 728-5690" fax="(311) 629-8474" registerdate="2014-10-11 02:10:19" logindate="2014-06-16 05:06:03" comment="Aliquam ornare, libero at auctor ullamcorper, nisl arcu iaculis enim, sit amet ornare lectus justo eu arcu. Morbi sit amet massa. Quisque porttitor eros nec tellus. Nunc lectus pede, ultrices a, auctor non, feugiat nec, diam. Duis mi enim, condimentum eget, volutpat ornare, facilisis eget, ipsum. Donec sollicitudin adipiscing ligula. Aenean gravida nunc sed pede. Cum sociis natoque penatibus et magnis dis parturient montes, nascetur ridiculus mus. Proin vel arcu eu odio tristique pharetra. Quisque ac libero nec ligula consectetuer rhoncus. Nullam velit dui, semper et, lacinia vitae, sodales at, velit." />
	<customer  id="456" name="Quemby" password="ABS77AFI6AF" email="Donec.est@risus.edu" company="Accumsan Convallis Ante Consulting" address="588-8330 Sem St." city="Montoggio" postalCode="L2 4KN" country="Cayman Islands" phone="(988) 222-5456" fax="(540) 492-8633" registerdate="2014-07-01 08:07:19" logindate="2015-05-14 02:05:29" comment="Donec egestas. Duis ac arcu. Nunc mauris. Morbi non sapien molestie orci tincidunt adipiscing. Mauris molestie pharetra nibh. Aliquam ornare, libero at auctor ullamcorper, nisl arcu iaculis enim, sit amet ornare lectus justo eu arcu. Morbi sit amet massa. Quisque porttitor eros nec tellus. Nunc lectus pede, ultrices a, auctor non, feugiat nec, diam. Duis mi enim, condimentum eget, volutpat ornare, facilisis eget, ipsum. Donec sollicitudin adipiscing ligula. Aenean gravida nunc sed pede. Cum sociis natoque penatibus et magnis dis parturient montes, nascetur ridiculus mus. Proin vel arcu eu odio tristique pharetra." />
	<customer  id="457" name="Brennan" password="NLK67GLK7EP" email="facilisis.lorem@nonleo.net" company="Mattis Consulting" address="522-2741 Dolor. Road" city="Laakirchen" postalCode="61039" country="Denmark" phone="(435) 293-4155" fax="(905) 991-1528" registerdate="2015-04-05 10:04:24" logindate="2015-03-21 09:03:47" comment="Pellentesque habitant morbi tristique senectus et netus et malesuada fames ac turpis egestas. Aliquam fringilla cursus purus. Nullam scelerisque neque sed sem egestas blandit. Nam nulla magna, malesuada vel, convallis in, cursus et, eros. Proin ultrices. Duis volutpat nunc sit amet metus. Aliquam erat volutpat. Nulla facilisis. Suspendisse commodo tincidunt nibh. Phasellus nulla. Integer vulputate, risus a" />
	<customer  id="458" name="Sierra" password="EXZ22VCI4LR" email="ipsum.Curabitur.consequat@euligula.edu" company="Proin Eget Odio Incorporated" address="821-2613 Donec Avenue" city="Ramsey" postalCode="880911" country="Mongolia" phone="(745) 924-2296" fax="(548) 736-4936" registerdate="2014-04-29 04:04:10" logindate="2014-05-22 02:05:17" comment="Aliquam erat volutpat. Nulla facilisis. Suspendisse commodo tincidunt nibh. Phasellus nulla. Integer vulputate, risus a ultricies adipiscing, enim mi tempor lorem, eget mollis lectus pede et risus. Quisque libero lacus, varius et, euismod et, commodo at, libero. Morbi accumsan laoreet ipsum. Curabitur consequat, lectus sit amet luctus vulputate, nisi sem semper erat, in consectetuer ipsum nunc id enim. Curabitur massa. Vestibulum accumsan neque et nunc. Quisque ornare tortor at risus. Nunc ac sem ut dolor dapibus gravida. Aliquam tincidunt, nunc ac" />
	<customer  id="459" name="Genevieve" password="UCT45WLL3JE" email="et@seddolorFusce.ca" company="Turpis In Company" address="P.O. Box 372, 4346 Fermentum Avenue" city="Werder" postalCode="J22 9CE" country="Azerbaijan" phone="(112) 833-5935" fax="(405) 578-5595" registerdate="2014-06-22 01:06:49" logindate="2014-03-07 07:03:53" comment="Fusce mollis. Duis sit amet diam eu dolor egestas rhoncus. Proin nisl sem, consequat nec, mollis vitae, posuere at, velit. Cras lorem lorem, luctus ut, pellentesque eget, dictum placerat, augue. Sed molestie. Sed id risus quis diam luctus lobortis. Class aptent taciti sociosqu ad litora torquent per conubia nostra, per inceptos hymenaeos. Mauris ut quam vel sapien imperdiet ornare. In faucibus. Morbi" />
	<customer  id="460" name="Anthony" password="ZVT42ORP0VC" email="risus.Nunc@duinec.org" company="Nec Inc." address="767-1411 Luctus Street" city="Indianapolis" postalCode="6987" country="Iran" phone="(205) 222-3538" fax="(452) 388-8708" registerdate="2014-03-08 02:03:07" logindate="2014-04-09 03:04:10" comment="enim, gravida sit amet, dapibus id, blandit at, nisi. Cum sociis natoque penatibus et magnis dis parturient montes, nascetur ridiculus mus. Proin vel nisl. Quisque fringilla euismod enim. Etiam gravida molestie arcu. Sed eu nibh vulputate mauris sagittis placerat. Cras dictum ultricies ligula. Nullam enim. Sed nulla ante, iaculis nec, eleifend non, dapibus rutrum, justo. Praesent luctus. Curabitur egestas nunc sed" />
	<customer  id="461" name="Emery" password="HPY50ZMA4FB" email="blandit.Nam@ac.com" company="Eu Tempor Limited" address="P.O. Box 518, 2669 Commodo Road" city="Pastena" postalCode="133367" country="Italy" phone="(970) 625-0799" fax="(618) 159-3134" registerdate="2014-04-06 10:04:21" logindate="2013-11-21 07:11:48" comment="varius orci, in consequat enim diam vel arcu. Curabitur ut odio vel est tempor bibendum. Donec felis orci, adipiscing non, luctus sit amet, faucibus ut, nulla. Cras eu tellus eu augue porttitor interdum. Sed auctor odio a purus. Duis elementum, dui quis accumsan convallis, ante lectus convallis est, vitae sodales nisi magna sed dui. Fusce aliquam, enim nec tempus scelerisque, lorem ipsum sodales purus, in molestie tortor nibh sit amet orci. Ut sagittis lobortis mauris. Suspendisse aliquet molestie tellus. Aenean egestas hendrerit" />
	<customer  id="462" name="Signe" password="DEY21XXI6WB" email="orci@lacinia.edu" company="Fringilla Mi Lacinia Industries" address="828-1335 Vitae Av." city="Balvano" postalCode="27691" country="Guinea-Bissau" phone="(764) 522-5354" fax="(155) 806-0814" registerdate="2015-03-18 10:03:51" logindate="2015-02-13 01:02:02" comment="dolor. Fusce mi lorem, vehicula et, rutrum eu, ultrices sit amet, risus. Donec nibh enim, gravida sit amet, dapibus id, blandit at, nisi. Cum sociis natoque penatibus et magnis dis parturient montes, nascetur ridiculus mus. Proin vel nisl. Quisque fringilla euismod enim. Etiam gravida molestie arcu. Sed eu nibh vulputate mauris sagittis" />
	<customer  id="463" name="Urielle" password="VFC44TUC6WE" email="tellus.eu.augue@duiCum.net" company="Condimentum Donec Incorporated" address="476-7892 Est Ave" city="Patna" postalCode="61-460" country="Bouvet Island" phone="(152) 524-0197" fax="(850) 981-9694" registerdate="2014-02-11 10:02:45" logindate="2013-11-23 10:11:50" comment="ullamcorper viverra. Maecenas iaculis aliquet diam. Sed diam lorem, auctor quis, tristique ac, eleifend vitae, erat. Vivamus nisi. Mauris nulla. Integer urna. Vivamus molestie dapibus ligula. Aliquam erat volutpat. Nulla dignissim. Maecenas ornare egestas ligula. Nullam feugiat placerat velit. Quisque varius. Nam porttitor scelerisque neque. Nullam nisl. Maecenas malesuada fringilla est. Mauris eu turpis." />
	<customer  id="464" name="Ora" password="HMA92XSK8PP" email="at.iaculis.quis@arcuimperdietullamcorper.com" company="Risus At LLC" address="2674 Varius Rd." city="Hartlepool" postalCode="2348" country="Guinea" phone="(407) 665-5575" fax="(259) 436-9676" registerdate="2014-02-17 07:02:29" logindate="2014-04-17 09:04:40" comment="tincidunt dui augue eu tellus. Phasellus elit pede, malesuada vel, venenatis vel, faucibus id, libero. Donec consectetuer mauris id sapien. Cras dolor dolor, tempus non, lacinia at, iaculis quis, pede. Praesent eu dui. Cum sociis natoque penatibus et magnis dis parturient montes, nascetur ridiculus mus. Aenean eget magna. Suspendisse tristique neque venenatis lacus. Etiam bibendum fermentum metus. Aenean sed pede nec ante blandit viverra. Donec tempus, lorem fringilla ornare placerat, orci lacus vestibulum lorem, sit amet ultricies sem magna nec quam. Curabitur vel lectus. Cum sociis natoque penatibus et magnis dis parturient" />
	<customer  id="465" name="Avye" password="FRS52TED3CU" email="sed.turpis@orcitincidunt.co.uk" company="Nec Imperdiet Nec Foundation" address="224-268 Nibh St." city="Cannalonga" postalCode="692034" country="French Polynesia" phone="(781) 133-3109" fax="(326) 916-8967" registerdate="2014-12-03 11:12:23" logindate="2014-11-02 08:11:08" comment="ac tellus. Suspendisse sed dolor. Fusce mi lorem, vehicula et, rutrum eu, ultrices sit amet, risus. Donec nibh enim, gravida sit amet, dapibus id, blandit at, nisi. Cum sociis natoque penatibus et magnis dis parturient montes, nascetur ridiculus mus. Proin vel nisl. Quisque fringilla euismod enim. Etiam gravida molestie arcu. Sed eu nibh vulputate mauris sagittis placerat. Cras dictum ultricies ligula. Nullam enim. Sed nulla ante, iaculis nec, eleifend" />
	<customer  id="466" name="Zena" password="NTD21HBO4WY" email="cubilia@CuraeDonectincidunt.co.uk" company="Non Dui Nec LLC" address="P.O. Box 848, 4489 Ac, Road" city="Oldenzaal" postalCode="60801" country="Moldova" phone="(527) 552-5650" fax="(580) 246-6120" registerdate="2013-10-16 12:10:06" logindate="2014-04-16 06:04:37" comment="sodales nisi magna sed dui. Fusce aliquam, enim nec tempus scelerisque, lorem ipsum sodales purus, in molestie tortor nibh sit amet orci. Ut sagittis lobortis mauris. Suspendisse aliquet molestie tellus. Aenean egestas hendrerit neque. In ornare sagittis felis. Donec tempor, est ac mattis semper, dui lectus rutrum urna, nec luctus felis purus ac tellus. Suspendisse sed dolor. Fusce mi lorem, vehicula et," />
	<customer  id="467" name="Elijah" password="KLC13LWF2LH" email="placerat.eget@ipsumPhasellusvitae.org" company="Eget Mollis PC" address="P.O. Box 743, 3190 Sollicitudin Ave" city="Beveren" postalCode="N2K 4P0" country="Ireland" phone="(881) 495-9116" fax="(213) 309-7050" registerdate="2015-05-08 06:05:07" logindate="2015-08-13 02:08:18" comment="lobortis risus. In mi pede, nonummy ut, molestie in, tempus eu, ligula. Aenean euismod mauris eu elit. Nulla facilisi. Sed neque. Sed eget lacus. Mauris non dui nec urna suscipit nonummy. Fusce fermentum fermentum arcu. Vestibulum ante ipsum primis in faucibus orci luctus et ultrices posuere cubilia Curae Phasellus ornare. Fusce mollis. Duis sit amet diam eu" />
	<customer  id="468" name="Martena" password="AQE44TXY2UM" email="egestas.urna.justo@molestiesodalesMauris.co.uk" company="Quis Tristique Ac Incorporated" address="219-2228 Sit Avenue" city="Rio Grande" postalCode="4899" country="Samoa" phone="(323) 839-7246" fax="(850) 713-3024" registerdate="2013-09-09 06:09:10" logindate="2015-05-15 02:05:12" comment="Mauris eu turpis. Nulla aliquet. Proin velit. Sed malesuada augue ut lacus. Nulla tincidunt, neque vitae semper egestas, urna justo faucibus lectus, a sollicitudin orci sem eget massa. Suspendisse eleifend. Cras sed leo. Cras vehicula aliquet libero. Integer in magna. Phasellus dolor elit, pellentesque a, facilisis non, bibendum sed, est. Nunc laoreet lectus quis massa. Mauris vestibulum, neque sed dictum eleifend, nunc risus varius orci, in consequat enim diam vel arcu. Curabitur ut odio vel est tempor bibendum. Donec felis orci, adipiscing non, luctus" />
	<customer  id="469" name="Aidan" password="CTF31DHB5CV" email="Proin.dolor@molestieSedid.co.uk" company="Suspendisse Tristique Incorporated" address="4143 Taciti St." city="Bonnyrigg" postalCode="20915" country="South Georgia and The South Sandwich Islands" phone="(269) 610-4475" fax="(821) 950-2332" registerdate="2014-02-11 03:02:41" logindate="2015-01-15 11:01:11" comment="non dui nec urna suscipit nonummy. Fusce fermentum fermentum arcu. Vestibulum ante ipsum primis in faucibus orci luctus et ultrices posuere cubilia Curae Phasellus ornare. Fusce mollis. Duis sit amet diam eu dolor egestas rhoncus. Proin nisl sem, consequat nec, mollis vitae, posuere at, velit. Cras lorem lorem, luctus ut, pellentesque eget, dictum placerat, augue. Sed molestie." />
	<customer  id="470" name="Xaviera" password="XWE43JQT4VH" email="facilisis@sagittislobortismauris.org" company="Non Inc." address="346 Lacus, Ave" city="Treppo Carnico" postalCode="28552" country="Libya" phone="(258) 202-6065" fax="(941) 483-1636" registerdate="2014-11-27 04:11:48" logindate="2014-03-07 10:03:48" comment="varius. Nam porttitor scelerisque neque. Nullam nisl. Maecenas malesuada fringilla est. Mauris eu turpis. Nulla aliquet. Proin velit. Sed malesuada augue ut lacus. Nulla tincidunt, neque vitae semper egestas, urna justo faucibus lectus, a sollicitudin orci sem eget massa. Suspendisse eleifend. Cras sed leo. Cras vehicula aliquet libero. Integer in magna. Phasellus dolor elit, pellentesque a, facilisis non, bibendum sed, est. Nunc laoreet lectus quis massa. Mauris vestibulum, neque sed dictum eleifend, nunc risus varius orci, in consequat enim diam vel arcu. Curabitur ut odio vel est tempor" />
	<customer  id="471" name="Ina" password="XOB40QBG4AF" email="Sed.id@elitsedconsequat.ca" company="Amet Ltd" address="149 Curae Rd." city="San Cesario di Lecce" postalCode="18165-376" country="Cambodia" phone="(581) 238-2062" fax="(167) 441-5303" registerdate="2013-09-15 06:09:43" logindate="2015-03-08 10:03:45" comment="natoque penatibus et magnis dis parturient montes, nascetur ridiculus mus. Aenean eget magna. Suspendisse tristique neque venenatis lacus. Etiam bibendum fermentum metus. Aenean sed pede nec ante blandit viverra. Donec tempus, lorem fringilla ornare placerat, orci lacus vestibulum lorem, sit amet ultricies sem magna nec quam. Curabitur vel lectus. Cum sociis natoque penatibus et magnis dis parturient montes, nascetur ridiculus mus. Donec dignissim magna" />
	<customer  id="472" name="Chester" password="BAW29UBJ2ZE" email="Aliquam.ultrices.iaculis@lectusconvallisest.ca" company="Dui Lectus Rutrum Consulting" address="9616 Enim Rd." city="Zandhoven" postalCode="U8V 3KI" country="Zimbabwe" phone="(935) 637-9244" fax="(658) 421-3530" registerdate="2015-01-15 05:01:31" logindate="2013-12-18 01:12:43" comment="morbi tristique senectus et netus et malesuada fames ac turpis egestas. Fusce aliquet magna a neque. Nullam ut nisi a odio semper cursus. Integer mollis. Integer tincidunt aliquam arcu. Aliquam ultrices iaculis odio. Nam interdum enim non nisi. Aenean eget metus. In nec orci. Donec nibh. Quisque nonummy ipsum non arcu. Vivamus sit amet risus. Donec egestas. Aliquam nec enim. Nunc ut" />
	<customer  id="473" name="Maisie" password="BKF63RWH6GS" email="orci.luctus@loremsemper.org" company="Eget Incorporated" address="P.O. Box 472, 4304 Lacus. Avenue" city="Jauchelette" postalCode="353397" country="Guam" phone="(640) 943-3850" fax="(762) 837-8011" registerdate="2014-06-08 01:06:08" logindate="2014-11-10 08:11:28" comment="euismod enim. Etiam gravida molestie arcu. Sed eu nibh vulputate mauris sagittis placerat. Cras dictum ultricies ligula. Nullam enim. Sed nulla ante, iaculis nec, eleifend non, dapibus rutrum, justo. Praesent luctus. Curabitur egestas nunc sed libero. Proin sed turpis nec mauris blandit mattis. Cras eget nisi dictum augue malesuada malesuada. Integer" />
	<customer  id="474" name="Walker" password="UYF95QJM9DB" email="nec@nisisem.com" company="Ut Cursus Luctus Company" address="5485 Facilisis St." city="Kortrijk" postalCode="873750" country="British Indian Ocean Territory" phone="(391) 645-8923" fax="(664) 197-5715" registerdate="2015-04-17 01:04:22" logindate="2014-02-25 03:02:05" comment="Nunc ut erat. Sed nunc est, mollis non, cursus non, egestas a, dui. Cras pellentesque. Sed dictum. Proin eget odio. Aliquam vulputate ullamcorper magna. Sed eu eros. Nam consequat dolor vitae dolor. Donec fringilla. Donec feugiat metus sit amet ante. Vivamus non lorem vitae odio sagittis semper. Nam tempor diam dictum sapien. Aenean massa. Integer vitae nibh. Donec est mauris, rhoncus id, mollis nec, cursus a, enim. Suspendisse aliquet, sem ut cursus luctus, ipsum leo elementum sem," />
	<customer  id="475" name="Brenda" password="VRU57LFS4JZ" email="Donec.tempor.est@nonluctussit.ca" company="Mollis Dui PC" address="683-9474 Non Ave" city="Carnoustie" postalCode="71313" country="Swaziland" phone="(794) 447-1935" fax="(174) 694-8468" registerdate="2015-03-20 12:03:14" logindate="2014-11-19 09:11:00" comment="Mauris vestibulum, neque sed dictum eleifend, nunc risus varius orci, in consequat enim diam vel arcu. Curabitur ut odio vel est tempor bibendum. Donec felis orci, adipiscing non, luctus sit amet, faucibus ut, nulla. Cras eu tellus eu augue porttitor interdum. Sed auctor odio a purus. Duis elementum, dui quis accumsan convallis, ante lectus convallis est, vitae sodales nisi" />
	<customer  id="476" name="Brielle" password="AHL09YYJ0HQ" email="quis.urna.Nunc@erat.co.uk" company="Vel Faucibus Associates" address="9523 Tristique Ave" city="Suarlee" postalCode="161966" country="Italy" phone="(778) 265-4897" fax="(465) 917-1618" registerdate="2014-03-08 03:03:41" logindate="2014-09-24 10:09:13" comment="sollicitudin adipiscing ligula. Aenean gravida nunc sed pede. Cum sociis natoque penatibus et magnis dis parturient montes, nascetur ridiculus mus. Proin vel arcu eu odio tristique pharetra. Quisque ac libero nec ligula consectetuer rhoncus. Nullam velit dui, semper et, lacinia vitae, sodales at, velit. Pellentesque ultricies dignissim lacus. Aliquam rutrum lorem ac risus. Morbi metus. Vivamus euismod urna." />
	<customer  id="477" name="Nomlanga" password="POB60ZBF0GT" email="auctor@nullaCraseu.ca" company="Enim Mauris Quis Associates" address="414-8497 Vivamus Av." city="Purulia" postalCode="579666" country="Chad" phone="(294) 140-0266" fax="(620) 403-0787" registerdate="2014-07-30 02:07:15" logindate="2014-09-24 10:09:22" comment="cursus vestibulum. Mauris magna. Duis dignissim tempor arcu. Vestibulum ut eros non enim commodo hendrerit. Donec porttitor tellus non magna. Nam ligula elit, pretium et, rutrum non, hendrerit id, ante. Nunc mauris sapien, cursus in, hendrerit consectetuer, cursus et, magna. Praesent interdum ligula eu enim. Etiam imperdiet dictum magna. Ut tincidunt orci quis lectus. Nullam suscipit, est ac facilisis facilisis, magna tellus faucibus leo, in lobortis tellus justo sit amet nulla. Donec non" />
	<customer  id="478" name="Kamal" password="SUS68OYB6VT" email="eu.nulla.at@semelitpharetra.net" company="Mauris Ut Quam Company" address="110-9335 Nisi Avenue" city="Bosa" postalCode="6219NJ" country="Lebanon" phone="(649) 908-2917" fax="(606) 962-2977" registerdate="2015-04-03 04:04:07" logindate="2015-03-24 05:03:49" comment="ut nisi a odio semper cursus. Integer mollis. Integer tincidunt aliquam arcu. Aliquam ultrices iaculis odio. Nam interdum enim non nisi. Aenean eget metus. In nec orci. Donec nibh. Quisque nonummy ipsum non arcu. Vivamus sit amet risus. Donec egestas. Aliquam nec enim. Nunc ut erat. Sed nunc est, mollis non, cursus non, egestas a, dui. Cras pellentesque. Sed dictum. Proin eget odio. Aliquam vulputate ullamcorper magna. Sed eu eros. Nam consequat dolor vitae dolor. Donec fringilla. Donec feugiat metus sit amet ante. Vivamus non lorem vitae odio sagittis semper. Nam tempor" />
	<customer  id="479" name="Arden" password="HFG24JWP2VD" email="euismod.enim.Etiam@Pellentesquehabitant.edu" company="Magna Nec Quam Consulting" address="9953 Mollis St." city="Málaga" postalCode="9348" country="Peru" phone="(682) 171-4934" fax="(466) 198-7488" registerdate="2015-03-21 09:03:05" logindate="2014-12-22 08:12:34" comment="sed orci lobortis augue scelerisque mollis. Phasellus libero mauris, aliquam eu, accumsan sed, facilisis vitae, orci. Phasellus dapibus quam quis diam. Pellentesque habitant morbi tristique senectus et netus et malesuada fames ac turpis egestas. Fusce aliquet magna a neque. Nullam ut nisi a odio semper cursus. Integer mollis. Integer tincidunt aliquam arcu. Aliquam ultrices iaculis odio. Nam interdum enim non nisi. Aenean eget metus. In nec orci. Donec nibh. Quisque nonummy ipsum non" />
	<customer  id="480" name="Frances" password="XKE32DEA4LB" email="orci@Integer.net" company="Convallis In Cursus Consulting" address="3803 Nec Street" city="Leke" postalCode="84865" country="Georgia" phone="(159) 899-3493" fax="(509) 350-9937" registerdate="2015-07-11 05:07:51" logindate="2013-12-13 09:12:06" comment="lobortis ultrices. Vivamus rhoncus. Donec est. Nunc ullamcorper, velit in aliquet lobortis, nisi nibh lacinia orci, consectetuer euismod est arcu ac orci. Ut semper pretium neque. Morbi quis urna. Nunc quis arcu vel quam dignissim pharetra. Nam ac nulla. In tincidunt congue turpis. In condimentum. Donec at arcu. Vestibulum ante ipsum primis in faucibus orci luctus et ultrices posuere cubilia Curae Donec tincidunt. Donec vitae erat vel pede blandit congue. In scelerisque scelerisque dui. Suspendisse ac metus vitae velit egestas lacinia. Sed congue, elit sed consequat auctor, nunc nulla vulputate dui, nec tempus mauris erat eget" />
	<customer  id="481" name="Isaiah" password="HHI61BAD1KZ" email="Fusce@scelerisque.com" company="Arcu Sed Inc." address="2922 Cras Av." city="Piana degli Albanesi" postalCode="0003CL" country="Sri Lanka" phone="(365) 426-3650" fax="(409) 379-1937" registerdate="2015-07-04 06:07:58" logindate="2013-11-21 01:11:21" comment="leo. Vivamus nibh dolor, nonummy ac, feugiat non, lobortis quis, pede. Suspendisse dui. Fusce diam nunc, ullamcorper eu, euismod ac, fermentum vel, mauris. Integer sem elit, pharetra ut, pharetra sed, hendrerit a, arcu. Sed et libero. Proin mi. Aliquam gravida mauris ut mi. Duis risus odio, auctor vitae, aliquet nec, imperdiet nec, leo. Morbi neque tellus, imperdiet non, vestibulum nec, euismod in, dolor. Fusce feugiat. Lorem ipsum dolor sit amet," />
	<customer  id="482" name="Darius" password="HYP14YAZ6FY" email="quis@ipsum.org" company="Et Magnis Incorporated" address="1199 Quis Rd." city="Sauris" postalCode="9915MV" country="Armenia" phone="(487) 309-2057" fax="(955) 445-0743" registerdate="2014-01-08 11:01:51" logindate="2014-09-28 05:09:51" comment="porttitor interdum. Sed auctor odio a purus. Duis elementum, dui quis accumsan convallis, ante lectus convallis est, vitae sodales nisi magna sed dui. Fusce aliquam, enim nec tempus scelerisque, lorem ipsum sodales purus, in molestie tortor nibh sit amet orci. Ut sagittis lobortis mauris. Suspendisse aliquet molestie tellus. Aenean egestas hendrerit neque. In ornare sagittis felis. Donec tempor, est ac mattis semper," />
	<customer  id="483" name="Hashim" password="DNO89PGQ7OZ" email="iaculis.odio.Nam@fringilla.ca" company="Mus Aenean Eget Corporation" address="1922 Lorem, Rd." city="Blairgowrie" postalCode="53653" country="Cocos (Keeling) Islands" phone="(618) 788-4608" fax="(276) 664-4768" registerdate="2015-07-22 02:07:35" logindate="2013-12-09 07:12:25" comment="lectus rutrum urna, nec luctus felis purus ac tellus. Suspendisse sed dolor. Fusce mi lorem, vehicula et, rutrum eu, ultrices sit amet, risus. Donec nibh enim, gravida sit amet, dapibus id, blandit at, nisi. Cum sociis natoque penatibus et magnis dis parturient montes, nascetur ridiculus mus. Proin vel nisl. Quisque fringilla euismod enim. Etiam gravida molestie arcu. Sed eu nibh vulputate mauris sagittis placerat. Cras dictum ultricies ligula. Nullam enim. Sed nulla ante, iaculis nec, eleifend non, dapibus rutrum, justo. Praesent luctus. Curabitur egestas nunc sed libero. Proin sed turpis nec mauris blandit mattis. Cras eget nisi dictum" />
	<customer  id="484" name="Kerry" password="JNQ82BFJ0SS" email="convallis.in.cursus@Curabitursedtortor.ca" company="Sed LLP" address="P.O. Box 289, 3464 Leo. Av." city="Dieppe" postalCode="2567" country="Wallis and Futuna" phone="(114) 215-4462" fax="(612) 986-6651" registerdate="2015-04-27 11:04:22" logindate="2013-10-04 09:10:08" comment="Pellentesque ultricies dignissim lacus. Aliquam rutrum lorem ac risus. Morbi metus. Vivamus euismod urna. Nullam lobortis quam a felis ullamcorper viverra. Maecenas iaculis aliquet diam. Sed diam lorem, auctor quis, tristique ac, eleifend vitae, erat. Vivamus nisi. Mauris nulla. Integer urna. Vivamus molestie dapibus ligula. Aliquam erat volutpat. Nulla dignissim. Maecenas ornare egestas ligula. Nullam feugiat placerat velit. Quisque varius. Nam porttitor scelerisque neque. Nullam nisl. Maecenas malesuada fringilla est. Mauris eu turpis. Nulla aliquet. Proin velit. Sed malesuada augue ut lacus. Nulla tincidunt, neque vitae semper egestas, urna justo faucibus lectus, a sollicitudin orci sem eget massa. Suspendisse eleifend." />
	<customer  id="485" name="Cruz" password="IFH26YOG0KH" email="nunc.sed@egestasligulaNullam.com" company="Molestie Sodales Mauris Institute" address="6751 Risus St." city="Fredericton" postalCode="830233" country="Greece" phone="(863) 646-8384" fax="(905) 384-3902" registerdate="2013-10-13 03:10:40" logindate="2015-06-25 04:06:33" comment="libero. Proin sed turpis nec mauris blandit mattis. Cras eget nisi dictum augue malesuada malesuada. Integer id magna et ipsum cursus vestibulum. Mauris magna. Duis dignissim tempor arcu. Vestibulum ut eros non enim commodo hendrerit. Donec porttitor tellus non magna. Nam ligula elit, pretium et, rutrum non, hendrerit id, ante. Nunc mauris sapien, cursus in, hendrerit consectetuer, cursus et, magna. Praesent interdum ligula eu enim. Etiam imperdiet dictum magna. Ut tincidunt orci quis lectus. Nullam suscipit, est" />
	<customer  id="486" name="Knox" password="BBQ86JQA7GV" email="non.enim.Mauris@turpisIncondimentum.net" company="Eros Nam Limited" address="7296 Vitae, Ave" city="Charleville-Mézières" postalCode="74446" country="Madagascar" phone="(806) 753-6190" fax="(274) 653-5503" registerdate="2013-12-21 11:12:56" logindate="2014-08-16 07:08:02" comment="ornare, libero at auctor ullamcorper, nisl arcu iaculis enim, sit amet ornare lectus justo eu arcu. Morbi sit amet massa. Quisque porttitor eros nec tellus. Nunc lectus pede, ultrices a, auctor non, feugiat nec, diam. Duis mi enim, condimentum eget, volutpat ornare, facilisis eget, ipsum. Donec sollicitudin adipiscing ligula. Aenean gravida nunc sed pede. Cum sociis natoque penatibus et magnis dis parturient montes, nascetur ridiculus mus. Proin vel arcu eu odio tristique pharetra. Quisque ac libero nec ligula consectetuer rhoncus. Nullam velit" />
	<customer  id="487" name="Amaya" password="BQO31JJD5VB" email="eu.tempor@Quisqueimperdieterat.ca" company="Porttitor Institute" address="P.O. Box 445, 7580 Rhoncus. Av." city="Scanzano Jonico" postalCode="3536" country="Slovakia" phone="(131) 667-2518" fax="(663) 210-8252" registerdate="2014-11-21 11:11:51" logindate="2015-03-25 07:03:43" comment="tempor bibendum. Donec felis orci, adipiscing non, luctus sit amet, faucibus ut, nulla. Cras eu tellus eu augue porttitor interdum. Sed auctor odio a purus. Duis elementum, dui quis accumsan convallis, ante lectus convallis est, vitae sodales nisi magna sed dui. Fusce aliquam, enim nec tempus scelerisque, lorem ipsum sodales purus, in molestie tortor nibh sit amet orci. Ut sagittis lobortis mauris. Suspendisse aliquet molestie tellus. Aenean egestas hendrerit neque. In ornare sagittis felis. Donec tempor, est ac mattis semper, dui lectus rutrum urna, nec luctus felis purus ac tellus. Suspendisse sed dolor. Fusce mi" />
	<customer  id="488" name="Jescie" password="TVH75MTA0EK" email="aliquet.sem@orciUt.co.uk" company="Dignissim LLC" address="P.O. Box 371, 1735 Lobortis Street" city="Ełk" postalCode="06830" country="Philippines" phone="(670) 473-3536" fax="(491) 752-3106" registerdate="2014-02-25 07:02:04" logindate="2014-12-12 01:12:00" comment="aliquet vel, vulputate eu, odio. Phasellus at augue id ante dictum cursus. Nunc mauris elit, dictum eu, eleifend nec, malesuada ut, sem. Nulla interdum. Curabitur dictum. Phasellus in felis. Nulla tempor augue ac ipsum. Phasellus vitae mauris sit amet lorem semper auctor. Mauris vel turpis. Aliquam adipiscing lobortis risus. In" />
	<customer  id="489" name="Kai" password="GSH28LRI7JH" email="netus@sapien.net" company="Nisi Sem Corp." address="Ap #530-1877 Lacinia Road" city="Kamalia" postalCode="14707" country="Egypt" phone="(780) 278-6367" fax="(983) 430-8412" registerdate="2014-06-14 09:06:16" logindate="2014-07-06 05:07:49" comment="magna. Cras convallis convallis dolor. Quisque tincidunt pede ac urna. Ut tincidunt vehicula risus. Nulla eget metus eu erat semper rutrum. Fusce dolor quam, elementum at, egestas a, scelerisque sed, sapien. Nunc pulvinar arcu et pede. Nunc sed orci lobortis augue scelerisque mollis. Phasellus libero mauris, aliquam eu, accumsan sed, facilisis vitae, orci. Phasellus dapibus quam quis diam. Pellentesque habitant morbi tristique senectus et netus et malesuada fames ac turpis egestas. Fusce aliquet magna a neque. Nullam" />
	<customer  id="490" name="Indira" password="HRT82KNY2OV" email="at.egestas.a@tortorNunccommodo.ca" company="Rhoncus Id Ltd" address="606-5381 Ligula Ave" city="Viesville" postalCode="61912" country="Isle of Man" phone="(832) 642-9337" fax="(829) 966-7857" registerdate="2014-02-06 07:02:15" logindate="2014-02-19 12:02:19" comment="Proin velit. Sed malesuada augue ut lacus. Nulla tincidunt, neque vitae semper egestas, urna justo faucibus lectus, a sollicitudin orci sem eget massa. Suspendisse eleifend. Cras sed leo. Cras vehicula aliquet libero. Integer in magna. Phasellus dolor elit, pellentesque a, facilisis non, bibendum sed, est. Nunc laoreet lectus quis massa. Mauris vestibulum, neque sed dictum eleifend, nunc risus varius orci," />
	<customer  id="491" name="Mona" password="IEZ94KCB3SC" email="libero.Integer@ultricesVivamusrhoncus.edu" company="Fames Industries" address="Ap #865-6381 Lorem St." city="Eghezee" postalCode="94-022" country="Sierra Leone" phone="(855) 146-1582" fax="(617) 596-8096" registerdate="2014-07-29 12:07:03" logindate="2014-02-20 08:02:46" comment="diam. Duis mi enim, condimentum eget, volutpat ornare, facilisis eget, ipsum. Donec sollicitudin adipiscing ligula. Aenean gravida nunc sed pede. Cum sociis natoque penatibus et magnis dis parturient montes, nascetur ridiculus mus. Proin vel arcu eu odio tristique pharetra. Quisque ac libero nec ligula consectetuer rhoncus. Nullam velit dui, semper et, lacinia vitae, sodales at, velit. Pellentesque ultricies dignissim lacus. Aliquam rutrum lorem ac risus. Morbi metus. Vivamus euismod urna. Nullam lobortis quam a felis ullamcorper viverra. Maecenas iaculis aliquet diam. Sed diam lorem, auctor quis, tristique ac, eleifend vitae, erat. Vivamus nisi. Mauris nulla. Integer urna. Vivamus molestie" />
	<customer  id="492" name="Naida" password="DEY67EUZ3KK" email="est.Mauris.eu@quam.edu" company="Suspendisse LLP" address="8826 Urna Rd." city="Sivry-Rance" postalCode="52386" country="United Kingdom (Great Britain)" phone="(874) 994-3937" fax="(963) 187-1253" registerdate="2014-07-23 09:07:01" logindate="2014-08-03 07:08:35" comment="Nunc mauris elit, dictum eu, eleifend nec, malesuada ut, sem. Nulla interdum. Curabitur dictum. Phasellus in felis. Nulla tempor augue ac ipsum. Phasellus vitae mauris sit amet lorem semper auctor. Mauris vel turpis. Aliquam adipiscing lobortis risus. In mi pede, nonummy ut, molestie in, tempus eu, ligula. Aenean euismod mauris eu elit. Nulla facilisi. Sed neque. Sed eget lacus. Mauris non dui nec urna suscipit nonummy. Fusce fermentum fermentum arcu. Vestibulum ante ipsum primis in" />
	<customer  id="493" name="Karleigh" password="MLQ32DBV7GD" email="semper@pede.org" company="Ultrices Inc." address="9988 Nec Rd." city="Castellana Sicula" postalCode="72-358" country="Uzbekistan" phone="(147) 109-3563" fax="(583) 386-8725" registerdate="2014-09-09 06:09:04" logindate="2014-07-17 11:07:22" comment="lorem lorem, luctus ut, pellentesque eget, dictum placerat, augue. Sed molestie. Sed id risus quis diam luctus lobortis. Class aptent taciti sociosqu ad litora torquent per conubia nostra, per inceptos hymenaeos. Mauris ut quam vel sapien imperdiet ornare. In faucibus. Morbi vehicula. Pellentesque tincidunt tempus risus. Donec egestas. Duis ac arcu. Nunc mauris. Morbi non sapien molestie orci tincidunt adipiscing. Mauris molestie pharetra nibh. Aliquam" />
	<customer  id="494" name="Celeste" password="KPF95ZHE1CJ" email="id.nunc.interdum@erosProin.com" company="Vulputate Nisi PC" address="269-6230 In, St." city="Falerone" postalCode="913906" country="Guadeloupe" phone="(736) 746-2082" fax="(696) 646-8024" registerdate="2014-11-16 04:11:36" logindate="2015-01-10 12:01:46" comment="bibendum. Donec felis orci, adipiscing non, luctus sit amet, faucibus ut, nulla. Cras eu tellus eu augue porttitor interdum. Sed auctor odio a purus. Duis elementum, dui quis accumsan convallis, ante lectus convallis est, vitae sodales nisi magna sed dui. Fusce aliquam, enim nec tempus scelerisque, lorem ipsum sodales purus, in molestie tortor nibh sit amet orci. Ut sagittis lobortis mauris. Suspendisse aliquet molestie tellus. Aenean egestas hendrerit" />
	<customer  id="495" name="Adria" password="EEW22LYI3SK" email="vitae.aliquet.nec@Uttinciduntorci.edu" company="Amet Inc." address="801-8926 Tortor St." city="Pelotas" postalCode="7918QW" country="Sierra Leone" phone="(880) 429-3833" fax="(311) 619-4355" registerdate="2014-07-16 03:07:33" logindate="2014-04-22 01:04:29" comment="ultrices posuere cubilia Curae Donec tincidunt. Donec vitae erat vel pede blandit congue. In scelerisque scelerisque dui. Suspendisse ac metus vitae velit egestas lacinia. Sed congue, elit sed consequat auctor, nunc nulla vulputate dui, nec tempus mauris erat eget ipsum. Suspendisse sagittis. Nullam vitae diam. Proin dolor. Nulla semper tellus id nunc interdum feugiat. Sed nec metus facilisis lorem tristique aliquet. Phasellus fermentum convallis ligula. Donec luctus aliquet odio. Etiam ligula tortor, dictum eu, placerat eget, venenatis a, magna. Lorem ipsum dolor sit amet, consectetuer adipiscing elit. Etiam laoreet, libero et tristique pellentesque," />
	<customer  id="496" name="Dacey" password="WDI01GCC4ZK" email="a@pulvinararcu.com" company="Felis Eget Corporation" address="968-1165 Magna Road" city="Venezia" postalCode="15873" country="Mauritius" phone="(668) 312-4135" fax="(673) 979-8640" registerdate="2015-05-20 07:05:54" logindate="2014-11-03 05:11:58" comment="Duis a mi fringilla mi lacinia mattis. Integer eu lacus. Quisque imperdiet, erat nonummy ultricies ornare, elit elit fermentum risus, at fringilla purus mauris a nunc. In at pede. Cras vulputate velit eu sem. Pellentesque ut ipsum ac mi eleifend egestas. Sed pharetra, felis eget varius ultrices, mauris ipsum porta elit, a feugiat tellus lorem eu metus. In lorem. Donec elementum, lorem ut aliquam iaculis, lacus pede sagittis augue, eu tempor" />
	<customer  id="497" name="Jolene" password="FCX75SEU4SP" email="metus@risusNunc.org" company="Auctor Company" address="P.O. Box 588, 954 Eu, Rd." city="Balvano" postalCode="55558" country="San Marino" phone="(178) 831-7814" fax="(854) 704-7689" registerdate="2014-01-30 11:01:21" logindate="2014-07-11 01:07:18" comment="sed dui. Fusce aliquam, enim nec tempus scelerisque, lorem ipsum sodales purus, in molestie tortor nibh sit amet orci. Ut sagittis lobortis mauris. Suspendisse aliquet molestie tellus. Aenean egestas hendrerit neque. In ornare sagittis felis. Donec tempor, est ac mattis semper, dui lectus rutrum urna, nec luctus felis purus ac tellus. Suspendisse sed dolor. Fusce mi lorem, vehicula et, rutrum eu, ultrices sit amet, risus. Donec nibh enim, gravida sit amet, dapibus id, blandit at, nisi. Cum sociis natoque" />
	<customer  id="498" name="Ryan" password="MOC96SMF7TI" email="fringilla.Donec@Mauris.org" company="Egestas Fusce Consulting" address="1835 Senectus Rd." city="Stonehaven" postalCode="26841" country="Latvia" phone="(954) 241-8600" fax="(849) 426-9328" registerdate="2014-01-12 11:01:40" logindate="2014-01-11 08:01:56" comment="pharetra. Quisque ac libero nec ligula consectetuer rhoncus. Nullam velit dui, semper et, lacinia vitae, sodales at, velit. Pellentesque ultricies dignissim lacus. Aliquam rutrum lorem ac risus. Morbi metus. Vivamus euismod urna. Nullam lobortis quam a felis ullamcorper viverra. Maecenas iaculis aliquet diam. Sed diam lorem, auctor quis, tristique ac, eleifend vitae, erat. Vivamus nisi. Mauris nulla. Integer urna. Vivamus molestie dapibus ligula. Aliquam erat volutpat. Nulla dignissim. Maecenas ornare egestas" />
	<customer  id="499" name="Astra" password="FCM91FGJ0YE" email="tristique.senectus.et@fermentum.co.uk" company="Maecenas Ornare Foundation" address="Ap #299-988 Tempus, St." city="Markham" postalCode="V5H 8P5" country="Barbados" phone="(548) 131-7630" fax="(681) 143-8503" registerdate="2014-01-23 11:01:07" logindate="2014-10-29 04:10:14" comment="Suspendisse sagittis. Nullam vitae diam. Proin dolor. Nulla semper tellus id nunc interdum feugiat. Sed nec metus facilisis lorem tristique aliquet. Phasellus fermentum convallis ligula. Donec luctus aliquet odio. Etiam ligula tortor, dictum eu, placerat eget, venenatis a, magna. Lorem ipsum dolor sit amet, consectetuer adipiscing elit. Etiam laoreet, libero et tristique pellentesque, tellus sem mollis dui, in sodales elit erat vitae risus. Duis a mi fringilla mi" />
	<customer  id="500" name="Emi" password="WLT39ESP1GV" email="nibh.vulputate@Aliquamgravidamauris.edu" company="Donec Luctus Aliquet Inc." address="1826 Praesent Road" city="Vezin" postalCode="J6 3GD" country="Malta" phone="(205) 485-0860" fax="(291) 377-3555" registerdate="2015-05-16 09:05:14" logindate="2014-07-07 03:07:01" comment="dictum. Proin eget odio. Aliquam vulputate ullamcorper magna. Sed eu eros. Nam consequat dolor vitae dolor. Donec fringilla. Donec feugiat metus sit amet ante. Vivamus non lorem vitae odio sagittis semper. Nam tempor diam dictum sapien. Aenean massa. Integer vitae nibh. Donec est mauris, rhoncus id, mollis nec, cursus a, enim. Suspendisse aliquet, sem ut cursus luctus, ipsum leo elementum sem, vitae aliquam eros turpis" />
	<customer  id="501" name="Kimberly" password="JHJ21ZXT9HK" email="augue@ligula.net" company="Non Company" address="P.O. Box 214, 9694 Amet, St." city="Marbella" postalCode="48418" country="Russian Federation" phone="(180) 245-5397" fax="(887) 632-6019" registerdate="2015-04-01 11:04:08" logindate="2013-10-10 04:10:43" comment="non, hendrerit id, ante. Nunc mauris sapien, cursus in, hendrerit consectetuer, cursus et, magna. Praesent interdum ligula eu enim. Etiam imperdiet dictum magna. Ut tincidunt orci quis lectus. Nullam suscipit, est ac facilisis facilisis, magna tellus faucibus leo, in lobortis tellus justo sit amet nulla. Donec non justo. Proin non massa non ante bibendum ullamcorper. Duis cursus, diam at pretium aliquet, metus urna convallis erat, eget tincidunt dui augue eu tellus. Phasellus elit pede, malesuada vel, venenatis vel, faucibus id, libero. Donec consectetuer mauris id sapien. Cras dolor dolor, tempus" />
	<customer  id="502" name="Holmes" password="KZF68OBR4UB" email="erat.Sed@duinec.edu" company="Vitae Associates" address="Ap #260-4817 Montes, Road" city="Cupar" postalCode="3868" country="Somalia" phone="(840) 228-2518" fax="(844) 921-3235" registerdate="2014-06-23 04:06:07" logindate="2014-07-16 05:07:59" comment="Duis ac arcu. Nunc mauris. Morbi non sapien molestie orci tincidunt adipiscing. Mauris molestie pharetra nibh. Aliquam ornare, libero at auctor ullamcorper, nisl arcu iaculis enim, sit amet ornare lectus justo eu arcu. Morbi sit amet massa. Quisque porttitor eros nec tellus. Nunc lectus pede, ultrices a, auctor non, feugiat nec, diam. Duis mi enim, condimentum eget, volutpat ornare, facilisis eget, ipsum. Donec sollicitudin adipiscing ligula. Aenean gravida nunc sed pede. Cum sociis natoque penatibus et magnis dis parturient montes, nascetur ridiculus mus. Proin vel arcu" />
	<customer  id="503" name="Shay" password="DCK77JDP6GE" email="Sed.nec.metus@feliseget.com" company="Mollis Integer Limited" address="228-4650 Ipsum. Rd." city="Cerami" postalCode="67-815" country="Hungary" phone="(806) 243-3234" fax="(195) 432-1394" registerdate="2013-12-03 02:12:36" logindate="2014-02-03 01:02:44" comment="urna suscipit nonummy. Fusce fermentum fermentum arcu. Vestibulum ante ipsum primis in faucibus orci luctus et ultrices posuere cubilia Curae Phasellus ornare. Fusce mollis. Duis sit amet diam eu dolor egestas rhoncus. Proin nisl sem, consequat nec, mollis vitae, posuere at, velit. Cras lorem lorem, luctus ut, pellentesque eget, dictum placerat, augue. Sed molestie. Sed id risus quis diam luctus lobortis. Class aptent taciti sociosqu ad litora torquent per conubia nostra, per inceptos hymenaeos. Mauris ut quam vel sapien imperdiet ornare. In faucibus. Morbi vehicula. Pellentesque tincidunt tempus risus. Donec egestas. Duis" />
	<customer  id="504" name="Savannah" password="UKJ80YPW8NE" email="feugiat.Lorem.ipsum@Vivamusnisi.edu" company="Sapien Limited" address="8481 Urna St." city="Mei�en" postalCode="444058" country="Namibia" phone="(157) 489-5847" fax="(207) 324-6020" registerdate="2013-09-07 12:09:43" logindate="2015-03-02 03:03:13" comment="elementum sem, vitae aliquam eros turpis non enim. Mauris quis turpis vitae purus gravida sagittis. Duis gravida. Praesent eu nulla at sem molestie sodales. Mauris blandit enim consequat purus. Maecenas libero est, congue a, aliquet vel, vulputate eu, odio. Phasellus at augue id ante dictum cursus. Nunc mauris elit, dictum eu, eleifend nec, malesuada ut, sem. Nulla interdum. Curabitur dictum. Phasellus in felis." />
	<customer  id="505" name="Christopher" password="ICZ86OWR5PG" email="ultrices.a@mauriselitdictum.co.uk" company="Aliquam Auctor Velit Corporation" address="P.O. Box 954, 8123 Orci, St." city="Appleby" postalCode="M5B 7X5" country="Syria" phone="(856) 818-2073" fax="(125) 863-3482" registerdate="2014-09-28 07:09:03" logindate="2014-10-12 10:10:19" comment="Nam ligula elit, pretium et, rutrum non, hendrerit id, ante. Nunc mauris sapien, cursus in, hendrerit consectetuer, cursus et, magna. Praesent interdum ligula eu enim. Etiam imperdiet dictum magna. Ut tincidunt orci quis lectus. Nullam suscipit, est ac facilisis facilisis, magna tellus faucibus leo, in lobortis tellus justo sit amet nulla. Donec non justo. Proin non massa non ante bibendum ullamcorper. Duis cursus, diam at pretium aliquet, metus urna convallis erat, eget tincidunt dui augue eu tellus. Phasellus elit pede, malesuada vel, venenatis vel, faucibus id, libero. Donec consectetuer mauris id sapien. Cras dolor dolor, tempus non, lacinia at," />
	<customer  id="506" name="Wendy" password="GBU94EDN0GH" email="tincidunt@atvelit.edu" company="Sed Turpis Nec Consulting" address="P.O. Box 801, 4150 Morbi Av." city="Stevoort" postalCode="3749" country="Kazakhstan" phone="(929) 733-2296" fax="(811) 863-2964" registerdate="2015-02-18 04:02:19" logindate="2013-09-09 03:09:20" comment="vitae aliquam eros turpis non enim. Mauris quis turpis vitae purus gravida sagittis. Duis gravida. Praesent eu nulla at sem molestie sodales. Mauris blandit enim consequat purus. Maecenas libero est, congue a, aliquet vel, vulputate eu, odio. Phasellus at augue id ante dictum cursus. Nunc mauris elit, dictum eu, eleifend nec, malesuada ut, sem. Nulla interdum. Curabitur dictum. Phasellus in felis. Nulla tempor augue ac ipsum. Phasellus vitae mauris sit amet lorem semper auctor. Mauris vel turpis. Aliquam adipiscing lobortis risus. In mi pede, nonummy ut, molestie in, tempus eu, ligula. Aenean euismod mauris eu elit." />
	<customer  id="507" name="Emerald" password="BRO71RLS4PV" email="rhoncus.id.mollis@dolor.ca" company="Venenatis Lacus Etiam Company" address="Ap #291-2181 A, Rd." city="Campomarino" postalCode="44-903" country="Chile" phone="(394) 476-5320" fax="(564) 984-6985" registerdate="2015-04-13 12:04:50" logindate="2015-08-15 07:08:37" comment="ligula eu enim. Etiam imperdiet dictum magna. Ut tincidunt orci quis lectus. Nullam suscipit, est ac facilisis facilisis, magna tellus faucibus leo, in lobortis tellus justo sit amet nulla. Donec non justo. Proin non massa non ante bibendum ullamcorper. Duis cursus, diam at pretium aliquet, metus urna convallis erat, eget tincidunt dui augue eu" />
	<customer  id="508" name="Barrett" password="DUO18AJN1KL" email="consequat.auctor@Integer.com" company="Proin Institute" address="Ap #385-1193 Curabitur St." city="Zwijnaarde" postalCode="72186" country="Japan" phone="(483) 337-6919" fax="(676) 309-7657" registerdate="2014-05-25 12:05:50" logindate="2015-05-30 04:05:40" comment="mus. Donec dignissim magna a tortor. Nunc commodo auctor velit. Aliquam nisl. Nulla eu neque pellentesque massa lobortis ultrices. Vivamus rhoncus. Donec est. Nunc ullamcorper, velit in aliquet lobortis, nisi nibh lacinia orci, consectetuer euismod est arcu ac orci. Ut semper pretium neque. Morbi quis urna. Nunc quis arcu vel quam dignissim pharetra. Nam ac nulla. In tincidunt congue" />
	<customer  id="509" name="Irene" password="LIL84PRI9II" email="ut.quam.vel@sem.ca" company="Mauris Id Foundation" address="967-587 Turpis Av." city="Toledo" postalCode="40115" country="Palestine, State of" phone="(331) 858-7734" fax="(662) 771-1194" registerdate="2015-06-26 01:06:37" logindate="2014-11-14 01:11:46" comment="ipsum nunc id enim. Curabitur massa. Vestibulum accumsan neque et nunc. Quisque ornare tortor at risus. Nunc ac sem ut dolor dapibus gravida. Aliquam tincidunt, nunc ac mattis ornare, lectus ante dictum mi, ac mattis velit justo nec ante. Maecenas mi felis, adipiscing fringilla, porttitor vulputate, posuere vulputate, lacus. Cras interdum. Nunc sollicitudin commodo ipsum. Suspendisse non leo. Vivamus nibh dolor, nonummy ac, feugiat non, lobortis quis, pede. Suspendisse dui. Fusce diam nunc, ullamcorper eu, euismod ac, fermentum vel, mauris. Integer sem elit, pharetra ut, pharetra sed, hendrerit a, arcu." />
	<customer  id="510" name="Wynter" password="BVM21CFC2XM" email="Etiam.vestibulum.massa@egestas.com" company="Faucibus Inc." address="Ap #667-5691 Sed Avenue" city="Cañas" postalCode="591243" country="Colombia" phone="(730) 310-5527" fax="(752) 968-5300" registerdate="2014-11-03 06:11:00" logindate="2013-11-23 02:11:56" comment="eros. Proin ultrices. Duis volutpat nunc sit amet metus. Aliquam erat volutpat. Nulla facilisis. Suspendisse commodo tincidunt nibh. Phasellus nulla. Integer vulputate, risus a ultricies adipiscing, enim mi tempor lorem, eget mollis lectus pede et risus. Quisque libero lacus, varius et, euismod et, commodo at, libero. Morbi accumsan laoreet ipsum. Curabitur consequat, lectus sit amet luctus vulputate, nisi sem semper erat, in consectetuer ipsum nunc id enim. Curabitur massa. Vestibulum accumsan neque et nunc. Quisque ornare tortor at risus. Nunc ac sem ut dolor dapibus gravida." />
	<customer  id="511" name="Amos" password="ZCW90POO0NH" email="aliquet.libero@inconsequat.org" company="Egestas Urna Consulting" address="5127 Phasellus Ave" city="Aquila d'Arroscia" postalCode="Y7J 0K6" country="Holy See (Vatican City State)" phone="(429) 136-8537" fax="(419) 735-9107" registerdate="2014-06-26 11:06:03" logindate="2015-01-01 05:01:54" comment="eu nibh vulputate mauris sagittis placerat. Cras dictum ultricies ligula. Nullam enim. Sed nulla ante, iaculis nec, eleifend non, dapibus rutrum, justo. Praesent luctus. Curabitur egestas nunc sed libero. Proin sed turpis nec mauris blandit mattis. Cras eget nisi dictum augue malesuada malesuada. Integer id magna et ipsum cursus vestibulum. Mauris magna. Duis dignissim tempor arcu. Vestibulum ut eros non enim commodo hendrerit." />
	<customer  id="512" name="Kathleen" password="SCJ46MDY2PN" email="libero.Proin.sed@semperduilectus.net" company="Sed Neque Inc." address="P.O. Box 882, 6628 Neque. Avenue" city="Prince Albert" postalCode="9433" country="Liberia" phone="(200) 809-5494" fax="(748) 100-9247" registerdate="2014-09-22 03:09:12" logindate="2014-01-22 12:01:20" comment="mi lacinia mattis. Integer eu lacus. Quisque imperdiet, erat nonummy ultricies ornare, elit elit fermentum risus, at fringilla purus mauris a nunc. In at pede. Cras vulputate velit eu sem. Pellentesque ut ipsum ac mi eleifend egestas. Sed pharetra, felis eget varius ultrices, mauris ipsum porta elit, a feugiat tellus lorem eu metus. In lorem. Donec elementum, lorem ut aliquam iaculis, lacus pede sagittis augue, eu tempor erat neque non quam. Pellentesque habitant morbi tristique senectus et netus et malesuada fames ac turpis egestas. Aliquam fringilla" />
	<customer  id="513" name="Martha" password="GQJ65QHL7QU" email="nisl.sem.consequat@nislarcuiaculis.edu" company="Aliquam Auctor Inc." address="Ap #223-2048 Magna Avenue" city="Buzet" postalCode="57653" country="Uzbekistan" phone="(620) 447-2647" fax="(846) 882-5516" registerdate="2015-06-30 01:06:01" logindate="2013-08-31 07:08:03" comment="scelerisque mollis. Phasellus libero mauris, aliquam eu, accumsan sed, facilisis vitae, orci. Phasellus dapibus quam quis diam. Pellentesque habitant morbi tristique senectus et netus et malesuada fames ac turpis egestas. Fusce aliquet magna a neque. Nullam ut nisi a odio semper cursus. Integer mollis. Integer tincidunt aliquam arcu. Aliquam ultrices iaculis odio. Nam interdum enim non nisi. Aenean eget metus. In nec orci. Donec nibh. Quisque nonummy ipsum non arcu. Vivamus sit amet risus." />
	<customer  id="514" name="Zelda" password="IIQ66LJC3IL" email="dolor.dapibus.gravida@lectusantedictum.co.uk" company="Ipsum Dolor Inc." address="P.O. Box 521, 9858 Posuere St." city="Dollard-des-Ormeaux" postalCode="72813" country="Jordan" phone="(327) 513-6490" fax="(483) 962-7294" registerdate="2014-09-20 06:09:03" logindate="2014-10-04 03:10:53" comment="Vivamus rhoncus. Donec est. Nunc ullamcorper, velit in aliquet lobortis, nisi nibh lacinia orci, consectetuer euismod est arcu ac orci. Ut semper pretium neque. Morbi quis urna. Nunc quis arcu vel quam dignissim pharetra. Nam ac nulla. In tincidunt congue turpis. In condimentum. Donec at arcu. Vestibulum ante ipsum primis in faucibus orci luctus et ultrices posuere cubilia Curae Donec tincidunt. Donec vitae erat vel pede blandit congue. In scelerisque scelerisque" />
	<customer  id="515" name="Jade" password="QAU30EWF0MJ" email="Phasellus@amet.edu" company="Luctus Aliquet Odio Limited" address="110-6396 Montes, Avenue" city="Torrejón de Ardoz" postalCode="8780" country="Oman" phone="(200) 809-7224" fax="(362) 142-8141" registerdate="2014-03-30 12:03:51" logindate="2014-07-17 10:07:20" comment="ornare, lectus ante dictum mi, ac mattis velit justo nec ante. Maecenas mi felis, adipiscing fringilla, porttitor vulputate, posuere vulputate, lacus. Cras interdum. Nunc sollicitudin commodo ipsum. Suspendisse non leo. Vivamus nibh dolor, nonummy ac, feugiat non, lobortis quis, pede. Suspendisse dui. Fusce diam nunc, ullamcorper eu, euismod ac, fermentum vel, mauris. Integer sem elit, pharetra ut, pharetra sed, hendrerit a, arcu. Sed et libero. Proin mi. Aliquam gravida mauris ut mi. Duis risus odio, auctor vitae, aliquet nec, imperdiet nec, leo. Morbi neque tellus, imperdiet non, vestibulum nec, euismod in, dolor." />
	<customer  id="516" name="Kirsten" password="ZHY14KIT6WQ" email="nulla.magna@molestie.ca" company="Est Tempor Bibendum Ltd" address="Ap #487-6116 Non Av." city="Bama" postalCode="35457" country="El Salvador" phone="(918) 627-0830" fax="(700) 603-8728" registerdate="2014-10-07 12:10:11" logindate="2014-11-29 01:11:59" comment="lectus convallis est, vitae sodales nisi magna sed dui. Fusce aliquam, enim nec tempus scelerisque, lorem ipsum sodales purus, in molestie tortor nibh sit amet orci. Ut sagittis lobortis mauris. Suspendisse aliquet molestie tellus. Aenean egestas hendrerit neque. In ornare sagittis felis. Donec tempor, est ac mattis semper, dui lectus rutrum urna, nec luctus felis purus ac tellus. Suspendisse sed dolor. Fusce mi lorem, vehicula et, rutrum eu, ultrices sit amet, risus. Donec nibh enim," />
	<customer  id="517" name="Kadeem" password="ELW30PMN8JO" email="volutpat.nunc@euodioPhasellus.co.uk" company="Curae Foundation" address="973-8905 Vitae Rd." city="Nederhasselt" postalCode="98445-663" country="Mali" phone="(247) 965-6277" fax="(971) 157-8074" registerdate="2014-01-26 08:01:21" logindate="2015-05-06 04:05:59" comment="diam luctus lobortis. Class aptent taciti sociosqu ad litora torquent per conubia nostra, per inceptos hymenaeos. Mauris ut quam vel sapien imperdiet ornare. In faucibus. Morbi vehicula. Pellentesque tincidunt tempus risus. Donec egestas. Duis ac arcu. Nunc mauris. Morbi non sapien molestie orci tincidunt adipiscing. Mauris molestie pharetra nibh. Aliquam ornare, libero at auctor ullamcorper, nisl arcu iaculis enim, sit amet ornare lectus justo eu arcu. Morbi sit amet massa. Quisque porttitor eros nec tellus. Nunc lectus pede, ultrices a," />
	<customer  id="518" name="Mohammad" password="LUS42CQG5AJ" email="pellentesque.massa.lobortis@velitAliquam.ca" company="Tellus Foundation" address="P.O. Box 236, 6927 Nullam Rd." city="Douai" postalCode="41205" country="Jamaica" phone="(594) 569-1168" fax="(281) 998-4240" registerdate="2014-10-28 01:10:55" logindate="2014-07-21 01:07:24" comment="volutpat. Nulla dignissim. Maecenas ornare egestas ligula. Nullam feugiat placerat velit. Quisque varius. Nam porttitor scelerisque neque. Nullam nisl. Maecenas malesuada fringilla est. Mauris eu turpis. Nulla aliquet. Proin velit. Sed malesuada augue ut lacus. Nulla tincidunt, neque vitae semper egestas, urna justo faucibus lectus, a sollicitudin orci sem eget massa. Suspendisse eleifend. Cras sed leo. Cras vehicula aliquet libero. Integer in magna. Phasellus dolor elit, pellentesque a, facilisis non, bibendum sed," />
	<customer  id="519" name="Abraham" password="TKD90KEC6RQ" email="Cras.pellentesque@nonfeugiatnec.com" company="Nulla Foundation" address="538-8321 Metus Av." city="Mezzana" postalCode="67502-018" country="Greenland" phone="(308) 735-2618" fax="(728) 453-1040" registerdate="2014-06-11 09:06:05" logindate="2013-11-29 05:11:08" comment="semper. Nam tempor diam dictum sapien. Aenean massa. Integer vitae nibh. Donec est mauris, rhoncus id, mollis nec, cursus a, enim. Suspendisse aliquet, sem ut cursus luctus, ipsum leo elementum sem, vitae aliquam eros turpis non enim. Mauris quis turpis vitae purus gravida sagittis. Duis gravida. Praesent eu nulla at sem molestie sodales. Mauris blandit enim consequat purus. Maecenas libero est, congue a," />
	<customer  id="520" name="Alfreda" password="SHA73KZA7ST" email="tincidunt.congue@semper.co.uk" company="Nec Cursus A Consulting" address="P.O. Box 240, 8939 Mi St." city="Zevekote" postalCode="97072" country="Tokelau" phone="(100) 267-0552" fax="(564) 819-8957" registerdate="2014-09-20 02:09:48" logindate="2014-04-16 04:04:17" comment="rutrum non, hendrerit id, ante. Nunc mauris sapien, cursus in, hendrerit consectetuer, cursus et, magna. Praesent interdum ligula eu enim. Etiam imperdiet dictum magna. Ut tincidunt orci quis lectus. Nullam suscipit, est ac facilisis facilisis, magna tellus faucibus leo, in lobortis tellus justo sit amet nulla. Donec non justo. Proin non massa non ante bibendum ullamcorper. Duis cursus, diam at pretium aliquet, metus urna convallis erat, eget" />
	<customer  id="521" name="Courtney" password="FZS37DRS5YE" email="vitae@nuncidenim.co.uk" company="Ultrices Institute" address="P.O. Box 983, 4082 Pellentesque Street" city="Korba" postalCode="8090" country="Malawi" phone="(212) 413-8843" fax="(927) 798-7357" registerdate="2014-02-19 08:02:32" logindate="2015-05-22 07:05:27" comment="rhoncus. Proin nisl sem, consequat nec, mollis vitae, posuere at, velit. Cras lorem lorem, luctus ut, pellentesque eget, dictum placerat, augue. Sed molestie. Sed id risus quis diam luctus lobortis. Class aptent taciti sociosqu ad litora torquent per conubia nostra, per inceptos hymenaeos. Mauris ut quam vel sapien imperdiet ornare. In faucibus. Morbi vehicula. Pellentesque tincidunt tempus risus. Donec egestas. Duis ac arcu." />
	<customer  id="522" name="Sage" password="HFN85LIW9HN" email="neque.Morbi@Proinultrices.org" company="Risus Quis LLC" address="P.O. Box 836, 7381 Morbi St." city="Ebenthal in Kärnten" postalCode="L2W 6W8" country="Heard Island and Mcdonald Islands" phone="(591) 695-0576" fax="(780) 889-1874" registerdate="2014-04-16 08:04:09" logindate="2015-05-09 11:05:00" comment="Nunc sed orci lobortis augue scelerisque mollis. Phasellus libero mauris, aliquam eu, accumsan sed, facilisis vitae, orci. Phasellus dapibus quam quis diam. Pellentesque habitant morbi tristique senectus et netus et malesuada fames ac turpis egestas. Fusce aliquet magna a neque. Nullam ut nisi a odio semper cursus. Integer mollis. Integer tincidunt aliquam arcu. Aliquam ultrices iaculis odio. Nam interdum enim non nisi. Aenean eget metus. In nec orci. Donec" />
	<customer  id="523" name="Laura" password="SYM74DKD1JN" email="viverra.Maecenas@liberoestcongue.edu" company="Consequat Auctor Nunc Industries" address="1903 Aliquet Avenue" city="Rimouski" postalCode="5820" country="Zambia" phone="(678) 749-5242" fax="(576) 699-6789" registerdate="2015-08-05 12:08:18" logindate="2015-04-04 10:04:07" comment="enim, condimentum eget, volutpat ornare, facilisis eget, ipsum. Donec sollicitudin adipiscing ligula. Aenean gravida nunc sed pede. Cum sociis natoque penatibus et magnis dis parturient montes, nascetur ridiculus mus. Proin vel arcu eu odio tristique pharetra. Quisque ac libero nec ligula consectetuer rhoncus. Nullam velit dui, semper et, lacinia vitae, sodales at, velit. Pellentesque ultricies dignissim lacus. Aliquam rutrum lorem ac risus. Morbi metus. Vivamus euismod urna. Nullam lobortis quam a felis ullamcorper viverra. Maecenas iaculis aliquet diam. Sed diam lorem, auctor quis, tristique ac, eleifend vitae, erat. Vivamus nisi. Mauris nulla. Integer urna. Vivamus molestie" />
	<customer  id="524" name="Silas" password="EDI22KWK6JI" email="a.odio@DonecegestasDuis.co.uk" company="Suspendisse LLP" address="9151 Quis Avenue" city="Leut" postalCode="65270" country="Faroe Islands" phone="(118) 598-9512" fax="(678) 294-5120" registerdate="2014-01-07 09:01:49" logindate="2014-04-18 02:04:31" comment="vel pede blandit congue. In scelerisque scelerisque dui. Suspendisse ac metus vitae velit egestas lacinia. Sed congue, elit sed consequat auctor, nunc nulla vulputate dui, nec tempus mauris erat eget ipsum. Suspendisse sagittis. Nullam vitae diam. Proin dolor. Nulla semper tellus id nunc interdum feugiat. Sed nec metus facilisis lorem tristique aliquet. Phasellus fermentum convallis ligula. Donec luctus aliquet odio. Etiam ligula tortor, dictum eu, placerat" />
	<customer  id="525" name="Aimee" password="EPO90WRE5EZ" email="nec@odioAliquam.edu" company="Euismod Ac Associates" address="132-8036 At, Rd." city="Swadlincote" postalCode="38-435" country="Western Sahara" phone="(716) 230-3775" fax="(643) 646-5581" registerdate="2015-07-17 05:07:18" logindate="2014-06-25 02:06:35" comment="massa non ante bibendum ullamcorper. Duis cursus, diam at pretium aliquet, metus urna convallis erat, eget tincidunt dui augue eu tellus. Phasellus elit pede, malesuada vel, venenatis vel, faucibus id, libero. Donec consectetuer mauris id sapien. Cras dolor dolor, tempus non, lacinia at, iaculis quis, pede. Praesent eu dui. Cum sociis natoque penatibus et magnis dis parturient montes, nascetur ridiculus mus. Aenean eget magna. Suspendisse tristique neque venenatis lacus. Etiam bibendum fermentum metus. Aenean sed pede nec ante blandit viverra. Donec tempus, lorem fringilla ornare placerat, orci lacus vestibulum lorem, sit amet" />
	<customer  id="526" name="Caryn" password="WKQ55WYH4NH" email="ut@nislelementum.co.uk" company="Eu Euismod Ac Industries" address="Ap #877-9569 Scelerisque Av." city="São Luís" postalCode="30897" country="Liechtenstein" phone="(961) 831-0677" fax="(371) 213-2825" registerdate="2014-10-24 05:10:56" logindate="2015-07-17 06:07:45" comment="diam luctus lobortis. Class aptent taciti sociosqu ad litora torquent per conubia nostra, per inceptos hymenaeos. Mauris ut quam vel sapien imperdiet ornare. In faucibus. Morbi vehicula. Pellentesque tincidunt tempus risus. Donec egestas. Duis ac arcu. Nunc mauris. Morbi non sapien molestie orci tincidunt adipiscing. Mauris molestie pharetra nibh. Aliquam ornare, libero at auctor ullamcorper, nisl arcu iaculis enim, sit amet ornare lectus justo eu arcu. Morbi sit amet massa. Quisque porttitor eros nec tellus. Nunc lectus pede, ultrices a, auctor non, feugiat nec, diam. Duis mi enim, condimentum eget, volutpat ornare, facilisis eget," />
	<customer  id="527" name="Kitra" password="MBB31ZYX9ZK" email="mus@cursuseteros.net" company="Nisi Mauris Company" address="2636 Blandit Rd." city="Venezia" postalCode="7526" country="New Zealand" phone="(542) 809-7205" fax="(450) 202-5050" registerdate="2015-02-26 08:02:36" logindate="2013-12-14 10:12:09" comment="eu lacus. Quisque imperdiet, erat nonummy ultricies ornare, elit elit fermentum risus, at fringilla purus mauris a nunc. In at pede. Cras vulputate velit eu sem. Pellentesque ut ipsum ac mi eleifend egestas. Sed pharetra, felis eget varius ultrices, mauris ipsum porta elit, a feugiat tellus lorem eu metus. In lorem. Donec elementum, lorem ut aliquam iaculis, lacus pede sagittis" />
	<customer  id="528" name="Holly" password="BAG86RML0EW" email="sapien.cursus@MorbivehiculaPellentesque.edu" company="Quam Vel PC" address="936-8124 Feugiat St." city="Balurghat" postalCode="120386" country="Gibraltar" phone="(804) 277-6440" fax="(482) 739-9632" registerdate="2014-10-25 01:10:49" logindate="2014-04-04 03:04:42" comment="Nullam nisl. Maecenas malesuada fringilla est. Mauris eu turpis. Nulla aliquet. Proin velit. Sed malesuada augue ut lacus. Nulla tincidunt, neque vitae semper egestas, urna justo faucibus lectus, a sollicitudin orci sem eget massa. Suspendisse eleifend. Cras sed leo. Cras vehicula aliquet libero. Integer in magna. Phasellus dolor elit, pellentesque a, facilisis non, bibendum sed, est. Nunc laoreet lectus quis massa. Mauris vestibulum, neque sed dictum eleifend, nunc risus varius orci, in consequat enim diam vel arcu. Curabitur" />
	<customer  id="529" name="Steel" password="TWZ63YYS0JP" email="Aliquam@insodaleselit.co.uk" company="Hendrerit Neque In Institute" address="P.O. Box 567, 9905 Nec Street" city="Tramatza" postalCode="24149" country="Palestine, State of" phone="(947) 303-8588" fax="(419) 170-0974" registerdate="2013-10-02 01:10:00" logindate="2014-09-01 08:09:12" comment="aliquet molestie tellus. Aenean egestas hendrerit neque. In ornare sagittis felis. Donec tempor, est ac mattis semper, dui lectus rutrum urna, nec luctus felis purus ac tellus. Suspendisse sed dolor. Fusce mi lorem, vehicula et, rutrum eu, ultrices sit amet, risus. Donec nibh enim, gravida sit amet, dapibus id, blandit at, nisi. Cum sociis natoque penatibus et" />
	<customer  id="530" name="Buffy" password="HWW67QBK2JI" email="arcu.Sed@sed.com" company="Integer Limited" address="P.O. Box 825, 2427 Lorem Av." city="Scarborough" postalCode="808692" country="Nauru" phone="(769) 847-5025" fax="(247) 295-1248" registerdate="2014-08-25 03:08:34" logindate="2015-01-21 05:01:01" comment="sagittis augue, eu tempor erat neque non quam. Pellentesque habitant morbi tristique senectus et netus et malesuada fames ac turpis egestas. Aliquam fringilla cursus purus. Nullam scelerisque neque sed sem egestas blandit. Nam nulla magna, malesuada vel, convallis in, cursus et, eros. Proin ultrices. Duis volutpat nunc sit amet metus. Aliquam erat volutpat. Nulla facilisis. Suspendisse commodo tincidunt nibh. Phasellus nulla. Integer vulputate, risus a ultricies adipiscing, enim mi tempor lorem, eget mollis lectus pede et risus. Quisque libero lacus, varius et," />
	<customer  id="531" name="Jelani" password="BND26SVD6BE" email="enim.nisl.elementum@molestieSed.com" company="Enim Suspendisse Inc." address="P.O. Box 373, 4142 Nascetur Rd." city="Smithers" postalCode="44623" country="Korea, North" phone="(946) 216-0113" fax="(848) 230-5909" registerdate="2014-04-10 11:04:11" logindate="2015-07-15 02:07:14" comment="commodo ipsum. Suspendisse non leo. Vivamus nibh dolor, nonummy ac, feugiat non, lobortis quis, pede. Suspendisse dui. Fusce diam nunc, ullamcorper eu, euismod ac, fermentum vel, mauris. Integer sem elit, pharetra ut, pharetra sed, hendrerit a, arcu. Sed et libero. Proin mi. Aliquam gravida mauris ut mi. Duis risus odio, auctor vitae, aliquet nec, imperdiet nec, leo. Morbi neque tellus, imperdiet non, vestibulum nec, euismod in, dolor. Fusce feugiat. Lorem ipsum dolor sit amet, consectetuer adipiscing elit. Aliquam auctor, velit eget laoreet posuere, enim nisl elementum" />
	<customer  id="532" name="Justine" password="SQE92SUU8YV" email="risus.Nunc.ac@orciluctuset.net" company="Odio Consulting" address="900-6225 Non Avenue" city="Nagpur" postalCode="70902" country="Timor-Leste" phone="(248) 740-0775" fax="(943) 531-8686" registerdate="2015-02-05 05:02:21" logindate="2014-06-29 12:06:02" comment="quis urna. Nunc quis arcu vel quam dignissim pharetra. Nam ac nulla. In tincidunt congue turpis. In condimentum. Donec at arcu. Vestibulum ante ipsum primis in faucibus orci luctus et ultrices posuere cubilia Curae Donec tincidunt. Donec vitae erat vel pede blandit congue. In scelerisque scelerisque dui. Suspendisse ac metus vitae velit egestas lacinia. Sed congue, elit sed consequat auctor, nunc nulla vulputate" />
	<customer  id="533" name="Gisela" password="JPO82QQP7PH" email="convallis@nectempusmauris.edu" company="At Nisi Corp." address="Ap #403-4122 Velit Street" city="Lampertheim" postalCode="6160XG" country="Russian Federation" phone="(517) 689-9985" fax="(304) 252-2367" registerdate="2015-05-23 12:05:04" logindate="2014-06-02 10:06:12" comment="interdum. Sed auctor odio a purus. Duis elementum, dui quis accumsan convallis, ante lectus convallis est, vitae sodales nisi magna sed dui. Fusce aliquam, enim nec tempus scelerisque, lorem ipsum sodales purus, in molestie tortor nibh sit amet orci. Ut sagittis lobortis mauris. Suspendisse aliquet molestie tellus. Aenean egestas hendrerit neque. In ornare sagittis felis. Donec tempor, est ac mattis semper," />
	<customer  id="534" name="Rebekah" password="SFM25VCL9BM" email="morbi@in.ca" company="Mollis Vitae Posuere Consulting" address="Ap #588-9254 In St." city="Floreffe" postalCode="8213WN" country="Malaysia" phone="(564) 397-0985" fax="(542) 619-9718" registerdate="2013-09-05 04:09:01" logindate="2014-09-15 04:09:14" comment="cursus et, eros. Proin ultrices. Duis volutpat nunc sit amet metus. Aliquam erat volutpat. Nulla facilisis. Suspendisse commodo tincidunt nibh. Phasellus nulla. Integer vulputate, risus a ultricies adipiscing, enim mi tempor lorem, eget mollis lectus pede et risus. Quisque libero lacus, varius et, euismod et, commodo at, libero. Morbi accumsan laoreet ipsum. Curabitur consequat, lectus sit amet luctus vulputate, nisi sem semper erat, in consectetuer ipsum nunc id enim. Curabitur massa. Vestibulum accumsan neque et nunc. Quisque ornare tortor at risus. Nunc ac sem ut dolor dapibus gravida. Aliquam tincidunt, nunc ac" />
	<customer  id="535" name="Demetrius" password="GGF26TPF5VM" email="ultricies@Vestibulum.ca" company="Nisi Sem Semper Institute" address="4401 Et Street" city="Berceto" postalCode="3235" country="Heard Island and Mcdonald Islands" phone="(904) 628-4668" fax="(567) 490-9403" registerdate="2015-05-13 07:05:48" logindate="2014-08-20 05:08:04" comment="ad litora torquent per conubia nostra, per inceptos hymenaeos. Mauris ut quam vel sapien imperdiet ornare. In faucibus. Morbi vehicula. Pellentesque tincidunt tempus risus. Donec egestas. Duis ac arcu. Nunc mauris. Morbi non sapien molestie orci tincidunt adipiscing. Mauris molestie pharetra nibh. Aliquam ornare, libero at auctor ullamcorper, nisl arcu iaculis enim, sit amet ornare lectus justo eu arcu. Morbi sit amet massa. Quisque porttitor eros nec tellus. Nunc lectus pede, ultrices a, auctor non, feugiat nec, diam." />
	<customer  id="536" name="Preston" password="IMX83XWF6IY" email="ante.ipsum@scelerisqueloremipsum.com" company="Vulputate Corporation" address="8326 Enim Street" city="Scarborough" postalCode="410486" country="New Caledonia" phone="(313) 511-4827" fax="(423) 640-5568" registerdate="2014-10-31 12:10:02" logindate="2014-10-22 11:10:41" comment="iaculis quis, pede. Praesent eu dui. Cum sociis natoque penatibus et magnis dis parturient montes, nascetur ridiculus mus. Aenean eget magna. Suspendisse tristique neque venenatis lacus. Etiam bibendum fermentum metus. Aenean sed pede nec ante blandit viverra. Donec tempus, lorem fringilla ornare placerat, orci lacus vestibulum lorem, sit amet ultricies sem magna nec quam. Curabitur vel lectus. Cum sociis natoque penatibus et magnis dis parturient montes," />
	<customer  id="537" name="Dean" password="MTA51OKM8YB" email="Nunc@luctus.net" company="Fermentum Fermentum Institute" address="331-4878 Diam Street" city="Hastings" postalCode="DT87 3WQ" country="Antarctica" phone="(957) 849-0064" fax="(985) 616-2989" registerdate="2014-08-07 04:08:00" logindate="2014-12-28 03:12:58" comment="Aliquam nisl. Nulla eu neque pellentesque massa lobortis ultrices. Vivamus rhoncus. Donec est. Nunc ullamcorper, velit in aliquet lobortis, nisi nibh lacinia orci, consectetuer euismod est arcu ac orci. Ut semper pretium neque. Morbi quis urna. Nunc quis arcu vel quam dignissim pharetra. Nam ac nulla. In tincidunt congue turpis. In condimentum. Donec at arcu. Vestibulum ante ipsum primis in faucibus orci luctus et ultrices posuere cubilia Curae Donec tincidunt. Donec vitae erat vel pede blandit congue. In scelerisque scelerisque dui. Suspendisse ac metus vitae velit egestas lacinia. Sed congue, elit sed consequat auctor, nunc" />
	<customer  id="538" name="Desiree" password="RVU04EDB9DM" email="vitae.posuere@Duisdignissim.com" company="Mi Inc." address="Ap #690-3131 Tempor St." city="Silifke" postalCode="63006" country="Iran" phone="(417) 310-0388" fax="(744) 292-4534" registerdate="2014-09-16 06:09:46" logindate="2015-03-01 07:03:05" comment="accumsan laoreet ipsum. Curabitur consequat, lectus sit amet luctus vulputate, nisi sem semper erat, in consectetuer ipsum nunc id enim. Curabitur massa. Vestibulum accumsan neque et nunc. Quisque ornare tortor at risus. Nunc ac sem ut dolor dapibus gravida. Aliquam tincidunt, nunc ac mattis ornare, lectus ante dictum mi, ac mattis velit justo nec ante. Maecenas mi felis, adipiscing fringilla, porttitor vulputate, posuere vulputate, lacus. Cras interdum. Nunc sollicitudin commodo ipsum. Suspendisse non leo. Vivamus" />
	<customer  id="539" name="Alvin" password="QCL84KHQ5AU" email="iaculis.enim.sit@sitamet.co.uk" company="Massa Rutrum Limited" address="5105 Cubilia Ave" city="Pallavaram" postalCode="71004" country="Nigeria" phone="(807) 786-7924" fax="(420) 680-1643" registerdate="2014-09-05 05:09:25" logindate="2014-08-16 04:08:49" comment="eget tincidunt dui augue eu tellus. Phasellus elit pede, malesuada vel, venenatis vel, faucibus id, libero. Donec consectetuer mauris id sapien. Cras dolor dolor, tempus non, lacinia at, iaculis quis, pede. Praesent eu dui. Cum sociis natoque penatibus et magnis dis parturient montes, nascetur ridiculus mus. Aenean eget magna. Suspendisse tristique neque venenatis lacus. Etiam bibendum fermentum metus. Aenean sed pede nec ante blandit viverra. Donec tempus, lorem fringilla ornare" />
	<customer  id="540" name="Fuller" password="XKB08GLI2XE" email="consequat.enim.diam@Phasellusataugue.com" company="Aptent Taciti Consulting" address="P.O. Box 450, 4495 Dignissim Ave" city="Raurkela Civil Township" postalCode="7404" country="India" phone="(654) 161-0422" fax="(342) 560-9706" registerdate="2014-08-07 07:08:00" logindate="2015-01-02 01:01:44" comment="Nunc ut erat. Sed nunc est, mollis non, cursus non, egestas a, dui. Cras pellentesque. Sed dictum. Proin eget odio. Aliquam vulputate ullamcorper magna. Sed eu eros. Nam consequat dolor vitae dolor. Donec fringilla. Donec feugiat metus sit amet ante. Vivamus non lorem vitae odio sagittis semper. Nam tempor diam dictum sapien. Aenean massa. Integer vitae nibh. Donec est mauris, rhoncus id, mollis nec, cursus a, enim. Suspendisse aliquet, sem ut cursus luctus, ipsum leo elementum sem, vitae aliquam eros turpis non enim. Mauris quis turpis vitae purus gravida sagittis. Duis gravida. Praesent eu nulla at sem molestie sodales." />
	<customer  id="541" name="Alyssa" password="UTT92SCV0HF" email="sem.semper.erat@leoinlobortis.edu" company="Lacus Etiam Bibendum Corp." address="Ap #359-2396 Lectus Av." city="Flin Flon" postalCode="2363" country="Niger" phone="(321) 338-5213" fax="(170) 539-3028" registerdate="2013-12-31 05:12:21" logindate="2015-04-08 07:04:02" comment="odio. Nam interdum enim non nisi. Aenean eget metus. In nec orci. Donec nibh. Quisque nonummy ipsum non arcu. Vivamus sit amet risus. Donec egestas. Aliquam nec enim. Nunc ut erat. Sed nunc est, mollis non, cursus non, egestas a, dui. Cras pellentesque. Sed dictum. Proin eget odio. Aliquam vulputate ullamcorper magna. Sed eu eros. Nam consequat dolor vitae dolor. Donec fringilla. Donec feugiat metus sit amet ante. Vivamus non lorem vitae odio sagittis semper. Nam tempor diam dictum sapien. Aenean massa. Integer vitae nibh. Donec est mauris, rhoncus id, mollis nec, cursus a, enim. Suspendisse aliquet, sem" />
	<customer  id="542" name="Hedwig" password="JTR65MVO0NF" email="elit.pharetra.ut@sed.com" company="Nisi PC" address="Ap #106-4115 Nec, Ave" city="Fort William" postalCode="160560" country="Hungary" phone="(468) 419-9610" fax="(143) 840-0636" registerdate="2014-03-28 05:03:10" logindate="2015-03-03 12:03:16" comment="eu arcu. Morbi sit amet massa. Quisque porttitor eros nec tellus. Nunc lectus pede, ultrices a, auctor non, feugiat nec, diam. Duis mi enim, condimentum eget, volutpat ornare, facilisis eget, ipsum. Donec sollicitudin adipiscing ligula. Aenean gravida nunc sed pede. Cum sociis natoque penatibus et magnis dis parturient montes, nascetur ridiculus mus. Proin vel arcu eu odio tristique pharetra. Quisque ac libero nec ligula consectetuer rhoncus. Nullam velit dui, semper et, lacinia vitae, sodales at, velit. Pellentesque ultricies dignissim lacus. Aliquam rutrum lorem ac risus. Morbi metus. Vivamus euismod urna." />
	<customer  id="543" name="Nichole" password="ADZ08YKC9XL" email="felis.adipiscing.fringilla@egestasrhoncusProin.com" company="Eget Mollis Associates" address="564-934 Eu Rd." city="Khanpur" postalCode="980660" country="Lebanon" phone="(422) 406-1245" fax="(327) 514-3246" registerdate="2013-10-23 01:10:29" logindate="2014-10-16 11:10:28" comment="Sed eu nibh vulputate mauris sagittis placerat. Cras dictum ultricies ligula. Nullam enim. Sed nulla ante, iaculis nec, eleifend non, dapibus rutrum, justo. Praesent luctus. Curabitur egestas nunc sed libero. Proin sed turpis nec mauris blandit mattis. Cras eget nisi dictum augue malesuada malesuada. Integer id magna et ipsum cursus vestibulum. Mauris magna. Duis dignissim tempor arcu. Vestibulum ut eros non enim commodo hendrerit. Donec porttitor tellus non magna. Nam ligula elit, pretium et, rutrum" />
	<customer  id="544" name="Orson" password="IRM33UDG4OX" email="sed@enimsit.com" company="Sed Dui Consulting" address="722-3959 Laoreet, Rd." city="Crehen" postalCode="44670" country="Colombia" phone="(696) 807-4118" fax="(470) 381-4854" registerdate="2014-03-20 04:03:34" logindate="2015-06-25 02:06:45" comment="augue scelerisque mollis. Phasellus libero mauris, aliquam eu, accumsan sed, facilisis vitae, orci. Phasellus dapibus quam quis diam. Pellentesque habitant morbi tristique senectus et netus et malesuada fames ac turpis egestas. Fusce aliquet magna a neque. Nullam ut nisi a odio semper cursus. Integer mollis. Integer tincidunt aliquam arcu. Aliquam ultrices iaculis odio. Nam interdum" />
	<customer  id="545" name="Hayden" password="VOJ94NQS0LM" email="orci.luctus@sempercursusInteger.com" company="Non Corp." address="P.O. Box 443, 1334 Ridiculus St." city="Spremberg" postalCode="08892" country="South Africa" phone="(380) 676-3845" fax="(953) 155-8267" registerdate="2014-04-09 09:04:01" logindate="2014-09-03 08:09:05" comment="turpis non enim. Mauris quis turpis vitae purus gravida sagittis. Duis gravida. Praesent eu nulla at sem molestie sodales. Mauris blandit enim consequat purus. Maecenas libero est, congue a, aliquet vel, vulputate eu, odio. Phasellus at augue id ante dictum cursus. Nunc mauris elit, dictum eu, eleifend nec, malesuada ut, sem. Nulla interdum. Curabitur dictum. Phasellus in felis. Nulla tempor augue ac ipsum. Phasellus vitae mauris sit amet lorem semper auctor. Mauris vel turpis. Aliquam adipiscing lobortis risus. In mi pede, nonummy ut, molestie in, tempus eu, ligula. Aenean euismod mauris eu elit. Nulla facilisi. Sed neque." />
	<customer  id="546" name="Mercedes" password="FJL88RQY0QQ" email="Donec.feugiat@Donecelementum.edu" company="Lectus Pede Ultrices Inc." address="P.O. Box 338, 2879 Turpis Street" city="Terni" postalCode="05384" country="Malawi" phone="(432) 480-0554" fax="(770) 498-0016" registerdate="2013-09-30 05:09:02" logindate="2013-10-07 12:10:18" comment="eu elit. Nulla facilisi. Sed neque. Sed eget lacus. Mauris non dui nec urna suscipit nonummy. Fusce fermentum fermentum arcu. Vestibulum ante ipsum primis in faucibus orci luctus et ultrices posuere cubilia Curae Phasellus ornare. Fusce mollis. Duis sit amet diam eu dolor egestas rhoncus. Proin nisl sem, consequat nec, mollis vitae, posuere at, velit. Cras lorem lorem," />
	<customer  id="547" name="Colorado" password="NBG02HGC0HE" email="Sed.malesuada@consectetuercursuset.com" company="Sodales Elit Erat Corporation" address="5196 Egestas Road" city="Assebroek" postalCode="1486" country="Nigeria" phone="(572) 527-7830" fax="(533) 327-7942" registerdate="2015-07-22 10:07:12" logindate="2015-04-16 12:04:57" comment="Maecenas malesuada fringilla est. Mauris eu turpis. Nulla aliquet. Proin velit. Sed malesuada augue ut lacus. Nulla tincidunt, neque vitae semper egestas, urna justo faucibus lectus, a sollicitudin orci sem eget massa. Suspendisse eleifend. Cras sed leo. Cras vehicula aliquet libero. Integer in magna. Phasellus dolor elit, pellentesque a, facilisis non, bibendum sed, est. Nunc laoreet lectus quis massa. Mauris vestibulum, neque sed dictum eleifend, nunc risus varius orci, in consequat enim diam vel arcu. Curabitur ut odio vel est tempor bibendum. Donec felis orci, adipiscing non, luctus sit amet, faucibus ut, nulla. Cras" />
	<customer  id="548" name="Zephania" password="LZP79IDE7WJ" email="justo@ante.org" company="Blandit Enim Institute" address="Ap #782-9425 Et St." city="Kingussie" postalCode="4622" country="Brazil" phone="(981) 498-3235" fax="(246) 814-8038" registerdate="2014-10-20 09:10:48" logindate="2013-09-02 05:09:35" comment="auctor. Mauris vel turpis. Aliquam adipiscing lobortis risus. In mi pede, nonummy ut, molestie in, tempus eu, ligula. Aenean euismod mauris eu elit. Nulla facilisi. Sed neque. Sed eget lacus. Mauris non dui nec urna suscipit nonummy. Fusce fermentum fermentum arcu. Vestibulum ante ipsum primis in faucibus orci luctus et ultrices posuere cubilia Curae Phasellus ornare. Fusce mollis. Duis sit amet diam" />
	<customer  id="549" name="Porter" password="ENA70OPH5HW" email="Praesent.eu.dui@ornare.com" company="Maecenas Incorporated" address="P.O. Box 145, 311 Nec Street" city="Vergemoli" postalCode="46354" country="Poland" phone="(358) 963-1358" fax="(694) 479-2764" registerdate="2015-06-15 09:06:18" logindate="2014-09-10 04:09:01" comment="tellus lorem eu metus. In lorem. Donec elementum, lorem ut aliquam iaculis, lacus pede sagittis augue, eu tempor erat neque non quam. Pellentesque habitant morbi tristique senectus et netus et malesuada fames ac turpis egestas. Aliquam fringilla cursus purus. Nullam scelerisque neque sed sem egestas blandit. Nam nulla magna, malesuada vel, convallis in, cursus et, eros. Proin ultrices. Duis volutpat nunc sit amet metus. Aliquam erat volutpat. Nulla facilisis. Suspendisse commodo tincidunt nibh. Phasellus nulla. Integer vulputate, risus a ultricies adipiscing, enim mi tempor lorem, eget mollis lectus pede et risus. Quisque libero lacus, varius et," />
	<customer  id="550" name="Ivan" password="SKI66WEE5BW" email="Nulla.aliquet@Craseget.org" company="Odio Sagittis LLP" address="Ap #437-4870 Ut Rd." city="Waiheke Island" postalCode="61392" country="Ukraine" phone="(585) 315-5054" fax="(186) 455-3702" registerdate="2014-07-25 01:07:43" logindate="2013-09-24 06:09:06" comment="nec quam. Curabitur vel lectus. Cum sociis natoque penatibus et magnis dis parturient montes, nascetur ridiculus mus. Donec dignissim magna a tortor. Nunc commodo auctor velit. Aliquam nisl. Nulla eu neque pellentesque massa lobortis ultrices. Vivamus rhoncus. Donec est. Nunc ullamcorper, velit in aliquet lobortis, nisi nibh lacinia orci, consectetuer euismod est arcu ac orci. Ut semper pretium neque. Morbi" />
	<customer  id="551" name="Wade" password="UWZ21PEM5OQ" email="eget.magna.Suspendisse@magnaatortor.net" company="Vestibulum Nec Institute" address="2111 Lorem Av." city="Avigliano Umbro" postalCode="66138" country="Iran" phone="(237) 258-1838" fax="(962) 847-1083" registerdate="2015-02-01 09:02:48" logindate="2015-02-09 12:02:34" comment="malesuada malesuada. Integer id magna et ipsum cursus vestibulum. Mauris magna. Duis dignissim tempor arcu. Vestibulum ut eros non enim commodo hendrerit. Donec porttitor tellus non magna. Nam ligula elit, pretium et, rutrum non, hendrerit id, ante. Nunc mauris sapien, cursus in, hendrerit consectetuer, cursus et, magna. Praesent interdum ligula eu enim. Etiam imperdiet dictum magna. Ut tincidunt orci quis lectus. Nullam suscipit, est ac facilisis facilisis, magna tellus faucibus leo, in lobortis tellus justo sit amet nulla. Donec non justo. Proin non massa" />
	<customer  id="552" name="Jason" password="GZX17ZXE9NA" email="eu.turpis@sagittisaugueeu.edu" company="Mi Ac Limited" address="Ap #242-1987 Sapien, St." city="Newton Abbot" postalCode="8114" country="Germany" phone="(909) 733-0585" fax="(575) 742-8505" registerdate="2015-08-20 05:08:53" logindate="2014-01-24 08:01:15" comment="elit erat vitae risus. Duis a mi fringilla mi lacinia mattis. Integer eu lacus. Quisque imperdiet, erat nonummy ultricies ornare, elit elit fermentum risus, at fringilla purus mauris a nunc. In at pede. Cras vulputate velit eu sem. Pellentesque ut ipsum ac mi eleifend egestas. Sed pharetra, felis eget varius ultrices, mauris ipsum porta elit, a feugiat tellus lorem eu metus. In lorem. Donec elementum, lorem ut aliquam iaculis, lacus pede sagittis augue, eu" />
	<customer  id="553" name="Jonah" password="NXF21ZPM7CG" email="pharetra.sed@risusInmi.org" company="Mauris Magna Duis Foundation" address="5975 Magna. Rd." city="Bergeggi" postalCode="30515" country="Macao" phone="(522) 256-8558" fax="(936) 194-2889" registerdate="2013-09-09 03:09:52" logindate="2015-01-27 11:01:41" comment="Nulla semper tellus id nunc interdum feugiat. Sed nec metus facilisis lorem tristique aliquet. Phasellus fermentum convallis ligula. Donec luctus aliquet odio. Etiam ligula tortor, dictum eu, placerat eget, venenatis a, magna. Lorem ipsum dolor sit amet, consectetuer adipiscing elit. Etiam laoreet, libero et tristique pellentesque, tellus sem mollis dui, in sodales elit erat vitae risus. Duis a mi fringilla mi lacinia mattis. Integer eu lacus. Quisque imperdiet, erat nonummy ultricies ornare, elit" />
	<customer  id="554" name="Russell" password="BFQ15JZC7IN" email="pede.Suspendisse@augueeu.net" company="Proin Nisl Sem LLP" address="133-4924 Ut Ave" city="Taunusstein" postalCode="88919" country="Slovakia" phone="(741) 686-0866" fax="(209) 630-9197" registerdate="2015-08-16 05:08:55" logindate="2015-05-15 05:05:40" comment="suscipit nonummy. Fusce fermentum fermentum arcu. Vestibulum ante ipsum primis in faucibus orci luctus et ultrices posuere cubilia Curae Phasellus ornare. Fusce mollis. Duis sit amet diam eu dolor egestas rhoncus. Proin nisl sem, consequat nec, mollis vitae, posuere at, velit. Cras lorem lorem, luctus ut, pellentesque eget, dictum placerat, augue. Sed molestie. Sed id risus quis diam luctus lobortis. Class aptent taciti sociosqu ad litora torquent per conubia nostra, per inceptos hymenaeos. Mauris ut quam vel sapien imperdiet ornare. In faucibus. Morbi vehicula. Pellentesque tincidunt tempus risus. Donec egestas. Duis ac arcu. Nunc mauris. Morbi non sapien" />
	<customer  id="555" name="Benedict" password="WOV28VJB6CC" email="erat.neque.non@metus.net" company="Nisi Corp." address="5620 Integer Street" city="Cuddapah" postalCode="85919" country="Switzerland" phone="(845) 619-2514" fax="(303) 731-8179" registerdate="2013-09-04 02:09:49" logindate="2014-04-20 03:04:53" comment="ridiculus mus. Proin vel arcu eu odio tristique pharetra. Quisque ac libero nec ligula consectetuer rhoncus. Nullam velit dui, semper et, lacinia vitae, sodales at, velit. Pellentesque ultricies dignissim lacus. Aliquam rutrum lorem ac risus. Morbi metus. Vivamus euismod urna. Nullam lobortis quam a felis ullamcorper viverra. Maecenas iaculis aliquet diam. Sed diam lorem, auctor" />
	<customer  id="556" name="Lois" password="VJK05LOL7CG" email="non.nisi.Aenean@porttitortellus.net" company="Et Magnis Company" address="Ap #439-9578 Gravida Avenue" city="Detroit" postalCode="3895" country="Guatemala" phone="(200) 904-8022" fax="(733) 136-4979" registerdate="2014-03-01 09:03:12" logindate="2014-06-21 07:06:12" comment="massa non ante bibendum ullamcorper. Duis cursus, diam at pretium aliquet, metus urna convallis erat, eget tincidunt dui augue eu tellus. Phasellus elit pede, malesuada vel, venenatis vel, faucibus id, libero. Donec consectetuer mauris id sapien. Cras dolor dolor, tempus non, lacinia at, iaculis quis, pede. Praesent eu dui. Cum" />
	<customer  id="557" name="Belle" password="RBV72HOV1XF" email="Fusce.aliquet.magna@Phasellusin.edu" company="Nisi Associates" address="6222 Nunc Rd." city="Morrinsville" postalCode="55210" country="French Polynesia" phone="(945) 277-9382" fax="(146) 332-1098" registerdate="2014-10-18 11:10:40" logindate="2015-01-02 01:01:57" comment="pellentesque. Sed dictum. Proin eget odio. Aliquam vulputate ullamcorper magna. Sed eu eros. Nam consequat dolor vitae dolor. Donec fringilla. Donec feugiat metus sit amet ante. Vivamus non lorem vitae odio sagittis semper. Nam tempor diam dictum sapien. Aenean massa. Integer vitae nibh. Donec est mauris, rhoncus id, mollis nec, cursus a, enim. Suspendisse aliquet, sem ut cursus luctus, ipsum leo elementum sem, vitae aliquam eros turpis non enim. Mauris quis turpis vitae purus gravida sagittis. Duis gravida. Praesent eu nulla at sem molestie sodales. Mauris blandit" />
	<customer  id="558" name="John" password="UKO84ACZ7FC" email="eu.placerat.eget@Uttinciduntvehicula.net" company="Parturient Montes Nascetur LLC" address="Ap #355-8625 Arcu. St." city="Ciplet" postalCode="398240" country="Suriname" phone="(679) 557-8754" fax="(692) 218-0249" registerdate="2015-06-24 11:06:34" logindate="2015-07-15 08:07:09" comment="nec, eleifend non, dapibus rutrum, justo. Praesent luctus. Curabitur egestas nunc sed libero. Proin sed turpis nec mauris blandit mattis. Cras eget nisi dictum augue malesuada malesuada. Integer id magna et ipsum cursus vestibulum. Mauris magna. Duis dignissim tempor arcu. Vestibulum ut eros non enim commodo hendrerit. Donec porttitor tellus non magna. Nam ligula elit, pretium et, rutrum non, hendrerit id, ante. Nunc mauris sapien, cursus in, hendrerit consectetuer, cursus et, magna. Praesent interdum ligula eu enim. Etiam" />
	<customer  id="559" name="Hedley" password="QHT66PBR2EP" email="tempor.est@velesttempor.com" company="Egestas A LLP" address="6964 Vivamus Rd." city="Saintes" postalCode="15576" country="Bouvet Island" phone="(439) 722-0367" fax="(817) 384-4901" registerdate="2013-12-09 02:12:54" logindate="2015-01-14 02:01:04" comment="eleifend non, dapibus rutrum, justo. Praesent luctus. Curabitur egestas nunc sed libero. Proin sed turpis nec mauris blandit mattis. Cras eget nisi dictum augue malesuada malesuada. Integer id magna et ipsum cursus vestibulum. Mauris magna. Duis dignissim tempor arcu. Vestibulum ut eros non enim commodo hendrerit. Donec porttitor tellus non magna. Nam ligula elit, pretium et, rutrum non, hendrerit id, ante. Nunc mauris sapien, cursus in, hendrerit consectetuer, cursus et, magna. Praesent interdum" />
	<customer  id="560" name="Mia" password="QSL24JAN9JZ" email="Nullam.suscipit@necurnaet.co.uk" company="Facilisis Industries" address="3256 Sit Road" city="Serralunga d'Alba" postalCode="50315" country="Tunisia" phone="(690) 531-7448" fax="(176) 488-6899" registerdate="2014-04-12 04:04:46" logindate="2014-10-25 03:10:10" comment="tellus eu augue porttitor interdum. Sed auctor odio a purus. Duis elementum, dui quis accumsan convallis, ante lectus convallis est, vitae sodales nisi magna sed dui. Fusce aliquam, enim nec tempus scelerisque, lorem ipsum sodales purus, in molestie tortor nibh sit amet orci. Ut sagittis lobortis mauris. Suspendisse aliquet molestie tellus. Aenean egestas hendrerit neque. In ornare sagittis felis. Donec tempor, est ac mattis semper, dui lectus rutrum urna, nec luctus felis purus ac tellus. Suspendisse sed dolor. Fusce mi lorem, vehicula et, rutrum eu, ultrices sit amet, risus. Donec nibh enim, gravida sit amet, dapibus" />
	<customer  id="561" name="Ahmed" password="RIX86TKK8ID" email="commodo@nonummyFusce.edu" company="Ac Nulla Limited" address="5860 Pellentesque Rd." city="Bo�lhe" postalCode="09828" country="Australia" phone="(633) 897-7170" fax="(776) 222-4499" registerdate="2015-06-13 04:06:00" logindate="2014-10-03 03:10:52" comment="Nunc mauris sapien, cursus in, hendrerit consectetuer, cursus et, magna. Praesent interdum ligula eu enim. Etiam imperdiet dictum magna. Ut tincidunt orci quis lectus. Nullam suscipit, est ac facilisis facilisis, magna tellus faucibus leo, in lobortis tellus justo sit amet nulla. Donec non justo. Proin non massa non ante bibendum ullamcorper. Duis cursus, diam at pretium aliquet, metus urna convallis erat, eget tincidunt dui augue eu tellus. Phasellus elit pede, malesuada vel, venenatis vel, faucibus id, libero. Donec consectetuer mauris id sapien. Cras dolor dolor, tempus non, lacinia at, iaculis quis, pede. Praesent eu dui. Cum sociis" />
	<customer  id="562" name="Graiden" password="XNW08ZMT9RD" email="luctus.Curabitur.egestas@varius.ca" company="Risus Limited" address="P.O. Box 442, 5763 Turpis. Ave" city="Nil-Saint-Vincent-Saint-Martin" postalCode="07901" country="Uganda" phone="(599) 271-7656" fax="(113) 854-5329" registerdate="2015-03-07 05:03:39" logindate="2015-08-08 04:08:49" comment="quis accumsan convallis, ante lectus convallis est, vitae sodales nisi magna sed dui. Fusce aliquam, enim nec tempus scelerisque, lorem ipsum sodales purus, in molestie tortor nibh sit amet orci. Ut sagittis lobortis mauris. Suspendisse aliquet molestie tellus. Aenean egestas hendrerit neque. In ornare sagittis felis. Donec tempor, est ac mattis semper, dui lectus rutrum urna, nec luctus felis purus ac tellus." />
	<customer  id="563" name="Felix" password="USG00CAI5QV" email="habitant.morbi.tristique@Curabiturvellectus.ca" company="Ultricies Sem Inc." address="561-6810 Aliquam Rd." city="Milwaukee" postalCode="17308" country="Congo (Brazzaville)" phone="(776) 571-8640" fax="(998) 140-4105" registerdate="2015-03-20 03:03:02" logindate="2014-11-24 06:11:10" comment="lobortis ultrices. Vivamus rhoncus. Donec est. Nunc ullamcorper, velit in aliquet lobortis, nisi nibh lacinia orci, consectetuer euismod est arcu ac orci. Ut semper pretium neque. Morbi quis urna. Nunc quis arcu vel quam dignissim pharetra. Nam ac nulla. In tincidunt congue turpis. In condimentum. Donec at arcu. Vestibulum ante ipsum primis in faucibus orci luctus et ultrices posuere" />
	<customer  id="564" name="Raymond" password="CGN45ZOB8YB" email="elit.pellentesque@feugiat.ca" company="Quis Urna Associates" address="208-5347 Libero. Av." city="Inuvik" postalCode="37260-935" country="Austria" phone="(385) 769-3523" fax="(943) 327-0956" registerdate="2014-05-13 01:05:00" logindate="2014-06-12 02:06:49" comment="convallis in, cursus et, eros. Proin ultrices. Duis volutpat nunc sit amet metus. Aliquam erat volutpat. Nulla facilisis. Suspendisse commodo tincidunt nibh. Phasellus nulla. Integer vulputate, risus a ultricies adipiscing, enim mi tempor lorem, eget mollis lectus pede et risus. Quisque libero lacus, varius et, euismod et, commodo at, libero. Morbi accumsan laoreet ipsum. Curabitur consequat, lectus sit amet luctus vulputate, nisi sem semper erat, in consectetuer ipsum nunc id enim. Curabitur massa. Vestibulum accumsan neque et nunc. Quisque ornare tortor at risus. Nunc ac sem ut" />
	<customer  id="565" name="Leah" password="ZDR39ZCC5HG" email="Fusce@maurisMorbi.co.uk" company="In Molestie Incorporated" address="P.O. Box 496, 202 Magna Ave" city="Oromocto" postalCode="36666-916" country="Kenya" phone="(840) 304-4883" fax="(818) 726-3124" registerdate="2015-05-12 08:05:56" logindate="2015-04-04 01:04:18" comment="eget metus eu erat semper rutrum. Fusce dolor quam, elementum at, egestas a, scelerisque sed, sapien. Nunc pulvinar arcu et pede. Nunc sed orci lobortis augue scelerisque mollis. Phasellus libero mauris, aliquam eu, accumsan sed, facilisis vitae, orci. Phasellus dapibus quam quis diam. Pellentesque habitant morbi tristique senectus et netus et malesuada fames" />
	<customer  id="566" name="Andrew" password="ZCW83OEN7VX" email="scelerisque.mollis.Phasellus@etmagnisdis.ca" company="Non Hendrerit Foundation" address="7837 Auctor Rd." city="Parndorf" postalCode="977288" country="Seychelles" phone="(731) 268-7552" fax="(641) 422-7015" registerdate="2014-04-27 05:04:30" logindate="2015-02-11 10:02:52" comment="non leo. Vivamus nibh dolor, nonummy ac, feugiat non, lobortis quis, pede. Suspendisse dui. Fusce diam nunc, ullamcorper eu, euismod ac, fermentum vel, mauris. Integer sem elit, pharetra ut, pharetra sed, hendrerit a, arcu. Sed et libero. Proin mi. Aliquam gravida mauris ut mi. Duis risus odio, auctor vitae, aliquet nec, imperdiet nec, leo. Morbi neque tellus, imperdiet non, vestibulum nec, euismod in, dolor. Fusce feugiat. Lorem ipsum dolor sit amet, consectetuer adipiscing elit. Aliquam auctor, velit eget laoreet posuere, enim nisl" />
	<customer  id="567" name="Shafira" password="IIA78DBI0KD" email="erat.volutpat@Phasellus.com" company="Nulla Institute" address="P.O. Box 603, 6454 Auctor, Ave" city="Marlborough" postalCode="15631" country="Philippines" phone="(646) 506-1986" fax="(160) 362-9789" registerdate="2013-11-13 12:11:37" logindate="2015-06-25 01:06:36" comment="nisl arcu iaculis enim, sit amet ornare lectus justo eu arcu. Morbi sit amet massa. Quisque porttitor eros nec tellus. Nunc lectus pede, ultrices a, auctor non, feugiat nec, diam. Duis mi enim, condimentum eget, volutpat ornare, facilisis eget, ipsum. Donec sollicitudin adipiscing ligula. Aenean gravida nunc sed pede. Cum sociis natoque penatibus et magnis dis parturient montes, nascetur ridiculus mus. Proin vel arcu eu odio tristique pharetra. Quisque ac libero nec ligula consectetuer rhoncus. Nullam velit dui, semper et, lacinia vitae, sodales at, velit." />
	<customer  id="568" name="Gray" password="EME39LAR2KY" email="interdum.libero.dui@imperdietnecleo.edu" company="Leo In Lobortis Limited" address="600-9108 Vitae St." city="Coleville Lake" postalCode="43699" country="Bangladesh" phone="(255) 924-5391" fax="(878) 463-7532" registerdate="2014-11-20 11:11:09" logindate="2014-09-12 11:09:36" comment="dui. Fusce diam nunc, ullamcorper eu, euismod ac, fermentum vel, mauris. Integer sem elit, pharetra ut, pharetra sed, hendrerit a, arcu. Sed et libero. Proin mi. Aliquam gravida mauris ut mi. Duis risus odio, auctor vitae, aliquet nec, imperdiet nec, leo. Morbi neque tellus, imperdiet non, vestibulum nec, euismod in, dolor. Fusce feugiat. Lorem ipsum dolor sit amet, consectetuer adipiscing elit. Aliquam" />
	<customer  id="569" name="Carla" password="FIS65PIL7NP" email="sagittis.lobortis.mauris@fringillaornare.com" company="Adipiscing Incorporated" address="Ap #717-8031 Eu Road" city="Ways" postalCode="51558-137" country="China" phone="(105) 319-8161" fax="(951) 501-9955" registerdate="2013-11-22 05:11:04" logindate="2014-08-31 10:08:53" comment="libero et tristique pellentesque, tellus sem mollis dui, in sodales elit erat vitae risus. Duis a mi fringilla mi lacinia mattis. Integer eu lacus. Quisque imperdiet, erat nonummy ultricies ornare, elit elit fermentum risus, at fringilla purus mauris a nunc. In at pede. Cras vulputate velit eu sem. Pellentesque ut ipsum ac mi eleifend egestas. Sed pharetra, felis eget varius ultrices, mauris ipsum porta elit, a feugiat tellus lorem eu metus. In lorem. Donec elementum, lorem ut aliquam iaculis, lacus pede sagittis" />
	<customer  id="570" name="Alfreda" password="EMK94WDI4OH" email="orci.lacus@neque.org" company="Vivamus Euismod Consulting" address="863-9944 Vitae Road" city="Newton Stewart" postalCode="20118" country="United States Minor Outlying Islands" phone="(197) 770-5957" fax="(611) 658-6276" registerdate="2013-11-18 04:11:00" logindate="2015-07-30 11:07:33" comment="tortor. Integer aliquam adipiscing lacus. Ut nec urna et arcu imperdiet ullamcorper. Duis at lacus. Quisque purus sapien, gravida non, sollicitudin a, malesuada id, erat. Etiam vestibulum massa rutrum magna. Cras convallis convallis dolor. Quisque tincidunt pede ac urna. Ut tincidunt vehicula risus. Nulla eget metus eu erat semper rutrum. Fusce dolor quam, elementum at, egestas a, scelerisque sed, sapien. Nunc pulvinar arcu et pede. Nunc sed orci lobortis augue scelerisque mollis. Phasellus libero mauris, aliquam eu, accumsan sed, facilisis vitae, orci. Phasellus dapibus quam quis diam. Pellentesque habitant morbi tristique senectus et netus" />
	<customer  id="571" name="Inez" password="CRY41ISM2BK" email="id@NullamnislMaecenas.ca" company="Sociis Industries" address="691-1091 Cras Rd." city="Wittenberg" postalCode="09-908" country="Viet Nam" phone="(335) 938-7981" fax="(589) 852-4627" registerdate="2015-06-17 09:06:08" logindate="2014-07-03 04:07:49" comment="porttitor eros nec tellus. Nunc lectus pede, ultrices a, auctor non, feugiat nec, diam. Duis mi enim, condimentum eget, volutpat ornare, facilisis eget, ipsum. Donec sollicitudin adipiscing ligula. Aenean gravida nunc sed pede. Cum sociis natoque penatibus et magnis dis parturient montes, nascetur ridiculus mus. Proin vel arcu eu odio tristique pharetra. Quisque ac libero nec ligula consectetuer rhoncus. Nullam velit dui, semper et, lacinia vitae, sodales at, velit. Pellentesque ultricies dignissim lacus." />
	<customer  id="572" name="Nichole" password="JGZ78PJU1MN" email="tortor.Nunc.commodo@Sedegetlacus.co.uk" company="Euismod Mauris LLP" address="P.O. Box 638, 6204 Eleifend St." city="Kuşadası" postalCode="02101" country="France" phone="(832) 958-8399" fax="(493) 830-6152" registerdate="2014-12-10 02:12:36" logindate="2015-04-19 10:04:40" comment="Nunc sed orci lobortis augue scelerisque mollis. Phasellus libero mauris, aliquam eu, accumsan sed, facilisis vitae, orci. Phasellus dapibus quam quis diam. Pellentesque habitant morbi tristique senectus et netus et malesuada fames ac turpis egestas. Fusce aliquet magna a neque. Nullam ut nisi a odio semper cursus. Integer mollis. Integer tincidunt aliquam arcu." />
	<customer  id="573" name="Laith" password="FEW89DHK3YK" email="nibh.Quisque.nonummy@elementumsemvitae.net" company="Eget Metus Eu LLC" address="P.O. Box 728, 5681 Aliquet Rd." city="Santa Vittoria in Matenano" postalCode="84777" country="Northern Mariana Islands" phone="(589) 826-9511" fax="(808) 351-2831" registerdate="2014-08-31 01:08:02" logindate="2014-07-24 09:07:18" comment="commodo at, libero. Morbi accumsan laoreet ipsum. Curabitur consequat, lectus sit amet luctus vulputate, nisi sem semper erat, in consectetuer ipsum nunc id enim. Curabitur massa. Vestibulum accumsan neque et nunc. Quisque ornare tortor at risus. Nunc ac sem ut dolor dapibus gravida. Aliquam tincidunt, nunc ac mattis ornare, lectus ante dictum mi, ac mattis velit justo nec ante. Maecenas mi felis, adipiscing fringilla, porttitor vulputate, posuere vulputate, lacus. Cras interdum. Nunc" />
	<customer  id="574" name="Tatiana" password="BZS32ENS2TL" email="Proin@aliquamenim.edu" company="Nascetur Ridiculus Mus Associates" address="755-6100 Penatibus Avenue" city="Perth" postalCode="68336" country="Antarctica" phone="(466) 263-0427" fax="(649) 728-0910" registerdate="2014-10-27 01:10:12" logindate="2014-04-14 12:04:05" comment="Aenean eget metus. In nec orci. Donec nibh. Quisque nonummy ipsum non arcu. Vivamus sit amet risus. Donec egestas. Aliquam nec enim. Nunc ut erat. Sed nunc est, mollis non, cursus non, egestas a, dui. Cras pellentesque. Sed dictum. Proin eget odio. Aliquam vulputate ullamcorper magna. Sed eu eros. Nam consequat dolor vitae dolor. Donec fringilla. Donec feugiat metus sit amet ante. Vivamus non lorem vitae odio sagittis semper." />
	<customer  id="575" name="Nichole" password="ZUV17XVL2VH" email="eros@facilisisfacilisis.ca" company="Pede Suspendisse Institute" address="438 Sed Ave" city="Nieuwkapelle" postalCode="24616" country="Micronesia" phone="(286) 815-8009" fax="(962) 188-3568" registerdate="2014-08-26 12:08:35" logindate="2014-11-15 02:11:40" comment="velit in aliquet lobortis, nisi nibh lacinia orci, consectetuer euismod est arcu ac orci. Ut semper pretium neque. Morbi quis urna. Nunc quis arcu vel quam dignissim pharetra. Nam ac nulla. In tincidunt congue turpis. In condimentum. Donec at arcu. Vestibulum ante ipsum primis in faucibus orci luctus et ultrices posuere cubilia Curae Donec tincidunt. Donec vitae erat vel" />
	<customer  id="576" name="Tate" password="EEK74SMQ7YK" email="pellentesque.Sed@ornarelectusjusto.ca" company="Pede Malesuada Ltd" address="Ap #113-6487 Tortor. St." city="Gonars" postalCode="29055" country="French Guiana" phone="(286) 139-4545" fax="(470) 572-7767" registerdate="2014-08-28 01:08:53" logindate="2015-03-13 06:03:47" comment="dignissim pharetra. Nam ac nulla. In tincidunt congue turpis. In condimentum. Donec at arcu. Vestibulum ante ipsum primis in faucibus orci luctus et ultrices posuere cubilia Curae Donec tincidunt. Donec vitae erat vel pede blandit congue. In scelerisque scelerisque dui. Suspendisse ac metus vitae velit egestas lacinia. Sed congue, elit sed consequat auctor, nunc nulla vulputate dui, nec tempus mauris erat eget ipsum. Suspendisse sagittis. Nullam vitae diam. Proin dolor. Nulla semper tellus id nunc interdum feugiat. Sed nec metus facilisis lorem tristique aliquet. Phasellus fermentum convallis ligula. Donec" />
	<customer  id="577" name="Lunea" password="NUW99RGR0HU" email="odio.a@mi.com" company="Erat Inc." address="Ap #222-9526 At Rd." city="Hereford" postalCode="40483" country="Argentina" phone="(713) 835-3155" fax="(966) 804-4196" registerdate="2014-05-24 10:05:23" logindate="2015-06-27 10:06:51" comment="tristique pharetra. Quisque ac libero nec ligula consectetuer rhoncus. Nullam velit dui, semper et, lacinia vitae, sodales at, velit. Pellentesque ultricies dignissim lacus. Aliquam rutrum lorem ac risus. Morbi metus. Vivamus euismod urna. Nullam lobortis quam a felis ullamcorper viverra. Maecenas iaculis aliquet diam. Sed diam lorem, auctor quis, tristique ac, eleifend vitae, erat. Vivamus nisi. Mauris nulla. Integer urna. Vivamus molestie dapibus ligula. Aliquam erat volutpat. Nulla dignissim. Maecenas ornare egestas ligula. Nullam feugiat placerat velit. Quisque varius. Nam porttitor scelerisque neque. Nullam nisl. Maecenas malesuada fringilla est. Mauris eu turpis. Nulla aliquet." />
	<customer  id="578" name="Carla" password="ESR49HZK0WE" email="tempus.non.lacinia@magna.edu" company="Vulputate Corp." address="Ap #879-9142 Leo. Ave" city="Algeciras" postalCode="9521" country="Guam" phone="(128) 884-7372" fax="(294) 458-1017" registerdate="2015-03-30 05:03:56" logindate="2014-01-27 06:01:36" comment="pharetra ut, pharetra sed, hendrerit a, arcu. Sed et libero. Proin mi. Aliquam gravida mauris ut mi. Duis risus odio, auctor vitae, aliquet nec, imperdiet nec, leo. Morbi neque tellus, imperdiet non, vestibulum nec, euismod in, dolor. Fusce feugiat. Lorem ipsum dolor sit amet, consectetuer adipiscing elit. Aliquam auctor, velit eget laoreet posuere, enim nisl elementum purus, accumsan interdum libero" />
	<customer  id="579" name="Guinevere" password="EKL93TPC8ME" email="Integer.id.magna@cursus.net" company="Facilisis Suspendisse Inc." address="9885 Tempor Av." city="Kilsyth" postalCode="6289" country="Kiribati" phone="(212) 120-2100" fax="(103) 599-6109" registerdate="2014-09-20 05:09:32" logindate="2014-07-01 09:07:40" comment="eu enim. Etiam imperdiet dictum magna. Ut tincidunt orci quis lectus. Nullam suscipit, est ac facilisis facilisis, magna tellus faucibus leo, in lobortis tellus justo sit amet nulla. Donec non justo. Proin non massa non ante bibendum ullamcorper. Duis cursus, diam at pretium aliquet, metus urna convallis erat, eget tincidunt dui augue eu tellus. Phasellus elit pede, malesuada vel, venenatis vel, faucibus id, libero. Donec consectetuer mauris id sapien. Cras dolor dolor, tempus non, lacinia at, iaculis quis, pede. Praesent eu dui. Cum sociis natoque" />
	<customer  id="580" name="Emerald" password="DGY49TJL1PX" email="ante@velesttempor.net" company="Semper Dui Institute" address="655-596 Pede, Rd." city="Richmond" postalCode="68021" country="Nauru" phone="(134) 474-8011" fax="(138) 965-9869" registerdate="2014-11-18 02:11:34" logindate="2015-03-28 02:03:05" comment="porttitor vulputate, posuere vulputate, lacus. Cras interdum. Nunc sollicitudin commodo ipsum. Suspendisse non leo. Vivamus nibh dolor, nonummy ac, feugiat non, lobortis quis, pede. Suspendisse dui. Fusce diam nunc, ullamcorper eu, euismod ac, fermentum vel, mauris. Integer sem elit, pharetra ut, pharetra sed, hendrerit a, arcu. Sed et libero. Proin mi. Aliquam gravida mauris ut mi. Duis risus odio, auctor vitae, aliquet nec, imperdiet nec," />
	<customer  id="581" name="Illana" password="VMZ30UHI8NT" email="id.sapien.Cras@Vivamus.org" company="Sagittis Industries" address="322-2439 Enim Av." city="Sala Baganza" postalCode="41-817" country="Kenya" phone="(797) 477-9247" fax="(585) 280-1564" registerdate="2014-09-21 07:09:25" logindate="2014-03-17 01:03:51" comment="vel sapien imperdiet ornare. In faucibus. Morbi vehicula. Pellentesque tincidunt tempus risus. Donec egestas. Duis ac arcu. Nunc mauris. Morbi non sapien molestie orci tincidunt adipiscing. Mauris molestie pharetra nibh. Aliquam ornare, libero at auctor ullamcorper, nisl arcu iaculis enim, sit amet ornare lectus justo eu arcu. Morbi sit amet massa. Quisque porttitor eros nec tellus. Nunc lectus pede, ultrices a, auctor non, feugiat nec, diam. Duis mi enim, condimentum eget," />
	<customer  id="582" name="Imani" password="EJZ24FHU5RJ" email="Cras.interdum.Nunc@sempertellusid.com" company="Tincidunt Adipiscing Mauris Inc." address="Ap #949-6603 Nascetur Ave" city="Metairie" postalCode="3249" country="Algeria" phone="(641) 828-2351" fax="(807) 134-4909" registerdate="2015-04-14 10:04:30" logindate="2014-10-09 02:10:17" comment="fermentum fermentum arcu. Vestibulum ante ipsum primis in faucibus orci luctus et ultrices posuere cubilia Curae Phasellus ornare. Fusce mollis. Duis sit amet diam eu dolor egestas rhoncus. Proin nisl sem, consequat nec, mollis vitae, posuere at, velit. Cras lorem lorem, luctus ut, pellentesque eget, dictum placerat, augue. Sed molestie. Sed id risus quis diam luctus lobortis. Class aptent taciti sociosqu ad litora torquent per conubia nostra, per inceptos hymenaeos. Mauris ut quam vel sapien imperdiet ornare. In faucibus. Morbi vehicula. Pellentesque tincidunt tempus risus. Donec egestas. Duis ac arcu. Nunc mauris. Morbi non sapien molestie orci tincidunt" />
	<customer  id="583" name="Rama" password="CGA20HXH1JF" email="non@justo.org" company="Vitae Aliquam Corporation" address="656-8503 Fringilla. Rd." city="Maiolati Spontini" postalCode="30-013" country="Zambia" phone="(855) 998-5068" fax="(248) 254-4958" registerdate="2014-04-03 09:04:54" logindate="2014-10-20 03:10:07" comment="auctor non, feugiat nec, diam. Duis mi enim, condimentum eget, volutpat ornare, facilisis eget, ipsum. Donec sollicitudin adipiscing ligula. Aenean gravida nunc sed pede. Cum sociis natoque penatibus et magnis dis parturient montes, nascetur ridiculus mus. Proin vel arcu eu odio tristique pharetra. Quisque ac libero nec ligula consectetuer rhoncus. Nullam velit dui, semper et, lacinia vitae, sodales at, velit. Pellentesque ultricies dignissim lacus. Aliquam rutrum lorem ac risus. Morbi metus. Vivamus" />
	<customer  id="584" name="MacKensie" password="DUH51KCC8ZS" email="molestie@arcu.co.uk" company="Luctus Ut Pellentesque Associates" address="Ap #731-8150 Lorem Street" city="Koszalin" postalCode="6880" country="Syria" phone="(555) 871-1898" fax="(213) 551-6228" registerdate="2013-12-08 11:12:48" logindate="2015-07-20 03:07:49" comment="vehicula aliquet libero. Integer in magna. Phasellus dolor elit, pellentesque a, facilisis non, bibendum sed, est. Nunc laoreet lectus quis massa. Mauris vestibulum, neque sed dictum eleifend, nunc risus varius orci, in consequat enim diam vel arcu. Curabitur ut odio vel est tempor bibendum. Donec felis orci, adipiscing non, luctus sit amet, faucibus ut, nulla. Cras eu tellus eu augue porttitor interdum. Sed auctor odio a purus. Duis elementum, dui quis accumsan convallis, ante lectus convallis est, vitae sodales nisi magna" />
	<customer  id="585" name="Martina" password="BMT12BEF3EU" email="arcu.Aliquam.ultrices@eterosProin.edu" company="Pharetra Consulting" address="8327 Quis Av." city="Arsimont" postalCode="5315" country="Jersey" phone="(307) 644-3576" fax="(459) 272-4582" registerdate="2014-09-26 11:09:17" logindate="2015-06-01 03:06:35" comment="vitae aliquam eros turpis non enim. Mauris quis turpis vitae purus gravida sagittis. Duis gravida. Praesent eu nulla at sem molestie sodales. Mauris blandit enim consequat purus. Maecenas libero est, congue a, aliquet vel, vulputate eu, odio. Phasellus at augue id ante dictum cursus. Nunc mauris elit, dictum eu, eleifend nec, malesuada ut, sem. Nulla interdum. Curabitur dictum. Phasellus in felis. Nulla tempor augue ac ipsum." />
	<customer  id="586" name="Hannah" password="VEK99EIO3EX" email="velit.eu@mi.com" company="Mus Company" address="Ap #379-6497 Velit St." city="Jhansi" postalCode="32425" country="Ecuador" phone="(979) 715-2692" fax="(636) 309-8735" registerdate="2013-11-23 05:11:00" logindate="2014-01-09 01:01:34" comment="semper pretium neque. Morbi quis urna. Nunc quis arcu vel quam dignissim pharetra. Nam ac nulla. In tincidunt congue turpis. In condimentum. Donec at arcu. Vestibulum ante ipsum primis in faucibus orci luctus et ultrices posuere cubilia Curae Donec tincidunt. Donec vitae erat vel pede blandit congue. In scelerisque scelerisque dui. Suspendisse ac metus vitae velit egestas lacinia. Sed congue, elit sed consequat auctor, nunc nulla vulputate dui, nec tempus mauris erat eget" />
	<customer  id="587" name="Michael" password="DQQ76DAB6HI" email="aliquet.libero.Integer@CuraeDonec.org" company="Natoque Penatibus Et Corp." address="P.O. Box 288, 3723 Mauris St." city="Aparecida de Goiânia" postalCode="59716" country="Mozambique" phone="(731) 287-9005" fax="(932) 608-0577" registerdate="2015-01-12 01:01:00" logindate="2013-11-06 11:11:56" comment="egestas rhoncus. Proin nisl sem, consequat nec, mollis vitae, posuere at, velit. Cras lorem lorem, luctus ut, pellentesque eget, dictum placerat, augue. Sed molestie. Sed id risus quis diam luctus lobortis. Class aptent taciti sociosqu ad litora torquent per conubia nostra, per inceptos hymenaeos. Mauris ut quam vel sapien imperdiet ornare. In faucibus. Morbi vehicula. Pellentesque tincidunt tempus risus. Donec egestas. Duis ac arcu. Nunc mauris. Morbi non sapien molestie" />
	<customer  id="588" name="Alec" password="PEX95XRB6GD" email="Vestibulum.ante.ipsum@egetlaoreet.org" company="Ultricies PC" address="Ap #119-3865 Massa. Street" city="Mandi Burewala" postalCode="10913" country="Dominica" phone="(466) 693-6262" fax="(350) 261-5803" registerdate="2014-06-29 01:06:04" logindate="2015-06-15 03:06:32" comment="pede. Nunc sed orci lobortis augue scelerisque mollis. Phasellus libero mauris, aliquam eu, accumsan sed, facilisis vitae, orci. Phasellus dapibus quam quis diam. Pellentesque habitant morbi tristique senectus et netus et malesuada fames ac turpis egestas. Fusce aliquet magna a neque. Nullam ut nisi a odio semper cursus. Integer mollis. Integer tincidunt aliquam arcu. Aliquam ultrices iaculis odio. Nam" />
	<customer  id="589" name="Ethan" password="UER71SVI1RW" email="magna.sed@elitpretiumet.ca" company="Imperdiet Corporation" address="P.O. Box 572, 6320 Nunc Rd." city="Perth" postalCode="33282" country="Korea, South" phone="(173) 965-1247" fax="(729) 272-1715" registerdate="2014-04-24 01:04:14" logindate="2014-04-12 12:04:09" comment="risus, at fringilla purus mauris a nunc. In at pede. Cras vulputate velit eu sem. Pellentesque ut ipsum ac mi eleifend egestas. Sed pharetra, felis eget varius ultrices, mauris ipsum porta elit, a feugiat tellus lorem eu metus. In lorem. Donec elementum, lorem ut aliquam iaculis, lacus pede sagittis augue," />
	<customer  id="590" name="Irene" password="OMM43HQA9NI" email="aliquam.iaculis@aliquamarcuAliquam.net" company="Cursus Non Incorporated" address="695-3071 Euismod St." city="Pitlochry" postalCode="D78 4SL" country="Solomon Islands" phone="(810) 684-7588" fax="(284) 963-7567" registerdate="2015-04-27 01:04:10" logindate="2015-04-01 10:04:08" comment="nascetur ridiculus mus. Proin vel nisl. Quisque fringilla euismod enim. Etiam gravida molestie arcu. Sed eu nibh vulputate mauris sagittis placerat. Cras dictum ultricies ligula. Nullam enim. Sed nulla ante, iaculis nec, eleifend non, dapibus rutrum, justo. Praesent luctus. Curabitur egestas nunc sed libero. Proin sed turpis nec mauris blandit mattis. Cras eget nisi dictum augue malesuada malesuada. Integer id magna et ipsum cursus vestibulum. Mauris magna. Duis dignissim tempor arcu. Vestibulum ut eros non enim commodo hendrerit. Donec porttitor tellus non magna. Nam ligula elit, pretium et, rutrum non, hendrerit id, ante. Nunc" />
	<customer  id="591" name="Bryar" password="OLT26NEJ1BQ" email="erat@hendreritneque.ca" company="Amet Consectetuer Inc." address="2731 Cursus. Ave" city="Wanzele" postalCode="03-864" country="Tokelau" phone="(939) 986-1853" fax="(938) 882-2838" registerdate="2013-08-26 06:08:46" logindate="2013-09-13 06:09:32" comment="Cras eget nisi dictum augue malesuada malesuada. Integer id magna et ipsum cursus vestibulum. Mauris magna. Duis dignissim tempor arcu. Vestibulum ut eros non enim commodo hendrerit. Donec porttitor tellus non magna. Nam ligula elit, pretium et, rutrum non, hendrerit id, ante. Nunc mauris sapien, cursus in, hendrerit consectetuer, cursus et, magna. Praesent interdum ligula eu enim. Etiam imperdiet dictum magna. Ut tincidunt orci" />
	<customer  id="592" name="Lee" password="WBH67EDF6AF" email="arcu.Vestibulum.ante@Duis.edu" company="Egestas Corporation" address="354-3354 Elementum, Rd." city="Penticton" postalCode="1898" country="Gabon" phone="(569) 926-4442" fax="(535) 743-9636" registerdate="2015-03-23 10:03:26" logindate="2014-01-15 12:01:35" comment="nisl. Quisque fringilla euismod enim. Etiam gravida molestie arcu. Sed eu nibh vulputate mauris sagittis placerat. Cras dictum ultricies ligula. Nullam enim. Sed nulla ante, iaculis nec, eleifend non, dapibus rutrum, justo. Praesent luctus. Curabitur egestas nunc sed libero. Proin sed turpis nec mauris blandit mattis. Cras eget nisi dictum augue malesuada malesuada. Integer id magna et ipsum cursus vestibulum. Mauris magna. Duis dignissim tempor arcu. Vestibulum ut eros non enim commodo hendrerit. Donec porttitor tellus non magna. Nam ligula elit, pretium" />
	<customer  id="593" name="Hayden" password="OFP36GMY3JJ" email="aliquet@Maurisnulla.ca" company="Purus Foundation" address="P.O. Box 189, 7227 Orci. Road" city="Bahawalpur" postalCode="565896" country="Pakistan" phone="(930) 553-3040" fax="(597) 468-1016" registerdate="2015-07-24 08:07:07" logindate="2014-11-25 04:11:45" comment="velit. Sed malesuada augue ut lacus. Nulla tincidunt, neque vitae semper egestas, urna justo faucibus lectus, a sollicitudin orci sem eget massa. Suspendisse eleifend. Cras sed leo. Cras vehicula aliquet libero. Integer in magna. Phasellus dolor elit, pellentesque a, facilisis non, bibendum sed, est. Nunc laoreet lectus quis massa. Mauris vestibulum, neque sed" />
	<customer  id="594" name="Colette" password="MTJ32KIR8NV" email="magna.Praesent.interdum@purusMaecenaslibero.net" company="Nec Euismod Company" address="Ap #398-9135 Mattis St." city="Kuurne" postalCode="71810" country="Guadeloupe" phone="(170) 893-4333" fax="(597) 542-3985" registerdate="2014-05-30 10:05:00" logindate="2014-07-17 03:07:52" comment="faucibus id, libero. Donec consectetuer mauris id sapien. Cras dolor dolor, tempus non, lacinia at, iaculis quis, pede. Praesent eu dui. Cum sociis natoque penatibus et magnis dis parturient montes, nascetur ridiculus mus. Aenean eget magna. Suspendisse tristique neque venenatis lacus. Etiam bibendum fermentum metus. Aenean sed pede nec ante" />
	<customer  id="595" name="Hyatt" password="SCN52AVX3SC" email="dignissim@In.org" company="Quisque Corporation" address="8355 Cras St." city="Sant'Agapito" postalCode="3171" country="Anguilla" phone="(514) 960-4689" fax="(113) 501-9603" registerdate="2015-07-16 04:07:27" logindate="2015-01-17 02:01:43" comment="feugiat placerat velit. Quisque varius. Nam porttitor scelerisque neque. Nullam nisl. Maecenas malesuada fringilla est. Mauris eu turpis. Nulla aliquet. Proin velit. Sed malesuada augue ut lacus. Nulla tincidunt, neque vitae semper egestas, urna justo faucibus lectus, a sollicitudin orci sem eget massa. Suspendisse eleifend. Cras sed leo. Cras vehicula aliquet libero. Integer in magna. Phasellus dolor elit, pellentesque a, facilisis non," />
	<customer  id="596" name="Wayne" password="EXK93UGJ8JQ" email="sit.amet.diam@utnisia.net" company="Massa Mauris Vestibulum Inc." address="3071 Lobortis, Avenue" city="Milena" postalCode="94082" country="Wallis and Futuna" phone="(198) 684-9247" fax="(885) 895-0442" registerdate="2015-07-02 04:07:10" logindate="2013-09-09 01:09:41" comment="parturient montes, nascetur ridiculus mus. Donec dignissim magna a tortor. Nunc commodo auctor velit. Aliquam nisl. Nulla eu neque pellentesque massa lobortis ultrices. Vivamus rhoncus. Donec est. Nunc ullamcorper, velit in aliquet lobortis, nisi nibh lacinia orci, consectetuer euismod est arcu ac orci. Ut semper pretium neque. Morbi quis urna. Nunc quis arcu vel quam dignissim pharetra. Nam ac nulla. In tincidunt congue turpis. In condimentum. Donec at arcu." />
	<customer  id="597" name="Brendan" password="BJD77KWY6DW" email="parturient@dolorQuisquetincidunt.net" company="Ridiculus Mus Donec Industries" address="718-1604 Tempus Road" city="Pointe-au-Pic" postalCode="43929" country="Laos" phone="(855) 214-3476" fax="(816) 809-3310" registerdate="2013-09-08 09:09:01" logindate="2014-12-01 11:12:58" comment="mollis. Integer tincidunt aliquam arcu. Aliquam ultrices iaculis odio. Nam interdum enim non nisi. Aenean eget metus. In nec orci. Donec nibh. Quisque nonummy ipsum non arcu. Vivamus sit amet risus. Donec egestas. Aliquam nec enim. Nunc ut erat. Sed nunc est, mollis non, cursus non, egestas a, dui. Cras pellentesque. Sed dictum. Proin eget odio. Aliquam vulputate ullamcorper magna. Sed eu eros. Nam consequat dolor vitae dolor. Donec fringilla. Donec feugiat metus sit amet ante. Vivamus non lorem vitae odio sagittis semper. Nam tempor diam dictum sapien. Aenean massa. Integer vitae nibh. Donec est mauris, rhoncus" />
	<customer  id="598" name="Tamekah" password="PXH99CTJ8RV" email="eu.accumsan.sed@tellusidnunc.com" company="Nisl Nulla Ltd" address="P.O. Box 254, 4418 Mollis. Road" city="Bhiwandi" postalCode="4928HT" country="Burkina Faso" phone="(995) 936-1802" fax="(188) 670-1863" registerdate="2014-09-04 01:09:09" logindate="2013-09-30 02:09:40" comment="consectetuer adipiscing elit. Etiam laoreet, libero et tristique pellentesque, tellus sem mollis dui, in sodales elit erat vitae risus. Duis a mi fringilla mi lacinia mattis. Integer eu lacus. Quisque imperdiet, erat nonummy ultricies ornare, elit elit fermentum risus, at fringilla purus mauris a nunc. In at pede. Cras vulputate velit eu sem. Pellentesque ut ipsum ac mi eleifend egestas. Sed pharetra, felis eget varius ultrices, mauris ipsum porta elit, a feugiat tellus lorem eu metus. In lorem. Donec elementum, lorem ut aliquam iaculis, lacus pede sagittis augue, eu" />
	<customer  id="599" name="Berk" password="WUV08MTM1MX" email="vitae.sodales@Duisa.com" company="Risus LLP" address="P.O. Box 355, 4835 Sodales. Avenue" city="Bhagalpur" postalCode="45686" country="El Salvador" phone="(384) 283-1562" fax="(176) 599-5802" registerdate="2014-10-05 11:10:44" logindate="2015-08-11 10:08:04" comment="ullamcorper, velit in aliquet lobortis, nisi nibh lacinia orci, consectetuer euismod est arcu ac orci. Ut semper pretium neque. Morbi quis urna. Nunc quis arcu vel quam dignissim pharetra. Nam ac nulla. In tincidunt congue turpis. In condimentum. Donec at arcu. Vestibulum ante ipsum primis in faucibus orci luctus et ultrices posuere cubilia Curae" />
	<customer  id="600" name="Kim" password="MQP98VIC5YH" email="Suspendisse.eleifend@Etiambibendumfermentum.ca" company="Euismod Est Arcu Company" address="357-248 Parturient St." city="Nanaimo" postalCode="33834" country="Montserrat" phone="(328) 624-3417" fax="(847) 842-0902" registerdate="2015-01-03 07:01:20" logindate="2014-10-27 01:10:28" comment="quam. Pellentesque habitant morbi tristique senectus et netus et malesuada fames ac turpis egestas. Aliquam fringilla cursus purus. Nullam scelerisque neque sed sem egestas blandit. Nam nulla magna, malesuada vel, convallis in, cursus et, eros. Proin ultrices. Duis volutpat nunc sit amet metus. Aliquam erat volutpat. Nulla facilisis. Suspendisse commodo tincidunt nibh. Phasellus nulla. Integer vulputate, risus a ultricies adipiscing, enim mi tempor lorem, eget mollis lectus pede et risus. Quisque libero lacus, varius et, euismod et, commodo at, libero. Morbi accumsan laoreet ipsum. Curabitur consequat, lectus sit amet luctus vulputate, nisi sem" />
	<customer  id="601" name="Thaddeus" password="JDD32UTV3XS" email="Mauris@pede.edu" company="Suspendisse Industries" address="400-6681 Neque St." city="Preore" postalCode="7416" country="Morocco" phone="(818) 671-2307" fax="(147) 767-2577" registerdate="2014-02-20 05:02:30" logindate="2014-08-02 11:08:06" comment="id, blandit at, nisi. Cum sociis natoque penatibus et magnis dis parturient montes, nascetur ridiculus mus. Proin vel nisl. Quisque fringilla euismod enim. Etiam gravida molestie arcu. Sed eu nibh vulputate mauris sagittis placerat. Cras dictum ultricies ligula. Nullam enim. Sed nulla ante, iaculis nec, eleifend non, dapibus rutrum, justo. Praesent luctus. Curabitur egestas nunc sed libero. Proin sed turpis nec mauris blandit mattis. Cras eget nisi dictum augue malesuada malesuada. Integer id magna et ipsum cursus vestibulum. Mauris" />
	<customer  id="602" name="Tatum" password="HFZ25EHC9UJ" email="sit.amet.consectetuer@Cras.org" company="Ut Nulla Cras Ltd" address="509-215 Luctus, Av." city="Westmeerbeek" postalCode="05457-733" country="Nepal" phone="(865) 815-1070" fax="(604) 886-9954" registerdate="2014-07-29 03:07:59" logindate="2015-03-19 04:03:11" comment="egestas a, dui. Cras pellentesque. Sed dictum. Proin eget odio. Aliquam vulputate ullamcorper magna. Sed eu eros. Nam consequat dolor vitae dolor. Donec fringilla. Donec feugiat metus sit amet ante. Vivamus non lorem vitae odio sagittis semper. Nam tempor diam dictum sapien. Aenean massa. Integer vitae nibh. Donec est mauris, rhoncus id, mollis nec, cursus a," />
	<customer  id="603" name="Unity" password="BJM40FEW4EQ" email="egestas@Suspendisseeleifend.net" company="Nunc Ac Mattis LLC" address="4103 In Ave" city="Salzwedel" postalCode="AO75 1ZH" country="South Georgia and The South Sandwich Islands" phone="(566) 279-1503" fax="(739) 741-9875" registerdate="2014-03-10 12:03:57" logindate="2014-08-19 01:08:42" comment="quis lectus. Nullam suscipit, est ac facilisis facilisis, magna tellus faucibus leo, in lobortis tellus justo sit amet nulla. Donec non justo. Proin non massa non ante bibendum ullamcorper. Duis cursus, diam at pretium aliquet, metus urna convallis erat, eget tincidunt dui augue eu tellus. Phasellus elit pede, malesuada vel, venenatis vel, faucibus id, libero. Donec consectetuer mauris id sapien. Cras dolor dolor, tempus non, lacinia at, iaculis quis, pede. Praesent eu dui. Cum sociis natoque penatibus et magnis dis parturient montes, nascetur ridiculus mus. Aenean eget magna. Suspendisse tristique neque venenatis lacus. Etiam bibendum fermentum metus. Aenean" />
	<customer  id="604" name="Gannon" password="ZOT66IKC9DX" email="ut.dolor@molestiein.ca" company="Lectus Nullam Industries" address="345 Feugiat Road" city="Cap-de-la-Madeleine" postalCode="7452EV" country="Lesotho" phone="(454) 444-1160" fax="(648) 180-8353" registerdate="2014-08-13 12:08:57" logindate="2014-12-02 02:12:50" comment="risus. In mi pede, nonummy ut, molestie in, tempus eu, ligula. Aenean euismod mauris eu elit. Nulla facilisi. Sed neque. Sed eget lacus. Mauris non dui nec urna suscipit nonummy. Fusce fermentum fermentum arcu. Vestibulum ante ipsum primis in faucibus orci luctus et ultrices posuere cubilia Curae Phasellus ornare. Fusce mollis. Duis sit amet diam eu dolor egestas rhoncus. Proin nisl sem, consequat nec," />
	<customer  id="605" name="Lani" password="MJH58XRH1JX" email="cursus@sedtortor.com" company="Lectus Ante Dictum Ltd" address="995-6857 Mi St." city="Bevilacqua" postalCode="74507-176" country="Hungary" phone="(440) 679-2745" fax="(149) 222-3411" registerdate="2014-12-08 03:12:17" logindate="2015-04-03 01:04:28" comment="Vivamus nibh dolor, nonummy ac, feugiat non, lobortis quis, pede. Suspendisse dui. Fusce diam nunc, ullamcorper eu, euismod ac, fermentum vel, mauris. Integer sem elit, pharetra ut, pharetra sed, hendrerit a, arcu. Sed et libero. Proin mi. Aliquam gravida mauris ut mi. Duis risus odio, auctor vitae, aliquet nec, imperdiet nec, leo. Morbi neque tellus, imperdiet non, vestibulum nec, euismod in, dolor. Fusce feugiat. Lorem ipsum dolor sit amet, consectetuer adipiscing elit. Aliquam auctor, velit eget laoreet posuere, enim nisl elementum purus, accumsan" />
	<customer  id="606" name="Halee" password="KWI35MTQ9HR" email="dignissim.Maecenas@scelerisquemollis.org" company="Ipsum Suspendisse Industries" address="P.O. Box 586, 3955 Inceptos Avenue" city="Carovilli" postalCode="W0I 1VT" country="Austria" phone="(901) 977-8754" fax="(765) 113-3944" registerdate="2014-11-09 11:11:56" logindate="2014-04-22 12:04:52" comment="justo faucibus lectus, a sollicitudin orci sem eget massa. Suspendisse eleifend. Cras sed leo. Cras vehicula aliquet libero. Integer in magna. Phasellus dolor elit, pellentesque a, facilisis non, bibendum sed, est. Nunc laoreet lectus quis massa. Mauris vestibulum, neque sed dictum eleifend, nunc risus varius orci, in consequat enim diam vel arcu. Curabitur ut odio vel est tempor bibendum. Donec felis orci, adipiscing non, luctus sit amet, faucibus ut, nulla. Cras eu tellus eu augue porttitor interdum. Sed auctor odio a purus. Duis elementum, dui quis accumsan convallis, ante" />
	<customer  id="607" name="Elton" password="GJB03YWX0VH" email="lorem.sit.amet@hendrerita.org" company="Proin Incorporated" address="P.O. Box 374, 8348 Hendrerit Road" city="Bhatinda" postalCode="815927" country="Georgia" phone="(836) 739-4971" fax="(804) 841-3763" registerdate="2015-02-13 03:02:09" logindate="2014-09-24 07:09:35" comment="nunc sed pede. Cum sociis natoque penatibus et magnis dis parturient montes, nascetur ridiculus mus. Proin vel arcu eu odio tristique pharetra. Quisque ac libero nec ligula consectetuer rhoncus. Nullam velit dui, semper et, lacinia vitae, sodales at, velit. Pellentesque ultricies dignissim lacus. Aliquam rutrum lorem ac risus. Morbi metus. Vivamus euismod urna. Nullam lobortis quam a felis ullamcorper viverra. Maecenas iaculis aliquet diam. Sed diam" />
	<customer  id="608" name="Rashad" password="SHW32RLJ8VF" email="iaculis.lacus@cursusNunc.edu" company="Tristique Pellentesque Tellus Company" address="Ap #113-6123 Pede. Rd." city="Bellefontaine" postalCode="3510PR" country="Curaçao" phone="(801) 711-8381" fax="(282) 218-0056" registerdate="2013-08-25 05:08:18" logindate="2015-01-17 01:01:31" comment="mollis non, cursus non, egestas a, dui. Cras pellentesque. Sed dictum. Proin eget odio. Aliquam vulputate ullamcorper magna. Sed eu eros. Nam consequat dolor vitae dolor. Donec fringilla. Donec feugiat metus sit amet ante. Vivamus non lorem vitae odio sagittis semper. Nam tempor diam dictum sapien. Aenean massa. Integer vitae nibh. Donec est mauris, rhoncus id, mollis nec, cursus a, enim. Suspendisse aliquet, sem ut cursus luctus, ipsum leo elementum sem, vitae aliquam eros turpis non" />
	<customer  id="609" name="Beatrice" password="PLH25TSX8OP" email="mi.pede.nonummy@litoratorquentper.co.uk" company="Diam Proin Dolor Foundation" address="883 Nonummy Av." city="Surat" postalCode="64856" country="Iraq" phone="(870) 356-9152" fax="(665) 870-3887" registerdate="2014-07-30 03:07:45" logindate="2015-06-05 03:06:03" comment="ornare, elit elit fermentum risus, at fringilla purus mauris a nunc. In at pede. Cras vulputate velit eu sem. Pellentesque ut ipsum ac mi eleifend egestas. Sed pharetra, felis eget varius ultrices, mauris ipsum porta elit, a feugiat tellus lorem eu metus. In lorem. Donec elementum, lorem ut aliquam iaculis, lacus pede sagittis augue, eu tempor erat neque non quam. Pellentesque habitant morbi tristique senectus et netus et malesuada fames ac turpis egestas. Aliquam fringilla cursus purus. Nullam scelerisque neque sed sem egestas blandit. Nam nulla magna, malesuada vel, convallis in," />
	<customer  id="610" name="Samson" password="QZS55EDL3OL" email="malesuada.fringilla@pellentesqueegetdictum.co.uk" company="Libero Lacus Varius Incorporated" address="P.O. Box 707, 2065 Euismod Street" city="Haridwar" postalCode="171535" country="Iraq" phone="(669) 117-4675" fax="(996) 931-9721" registerdate="2015-01-08 06:01:56" logindate="2015-02-20 12:02:43" comment="tempus non, lacinia at, iaculis quis, pede. Praesent eu dui. Cum sociis natoque penatibus et magnis dis parturient montes, nascetur ridiculus mus. Aenean eget magna. Suspendisse tristique neque venenatis lacus. Etiam bibendum fermentum metus. Aenean sed pede nec ante blandit viverra. Donec tempus, lorem fringilla ornare placerat, orci lacus vestibulum lorem, sit amet ultricies sem magna nec quam. Curabitur vel lectus. Cum sociis natoque penatibus et" />
	<customer  id="611" name="Mufutau" password="ADR98KDF0SN" email="sem.Pellentesque@tempor.com" company="Et Magnis Dis Incorporated" address="6548 Luctus Rd." city="Sant'Eufemia a Maiella" postalCode="03890" country="United Arab Emirates" phone="(849) 469-6627" fax="(733) 575-9628" registerdate="2015-05-03 10:05:49" logindate="2014-06-07 06:06:50" comment="semper. Nam tempor diam dictum sapien. Aenean massa. Integer vitae nibh. Donec est mauris, rhoncus id, mollis nec, cursus a, enim. Suspendisse aliquet, sem ut cursus luctus, ipsum leo elementum sem, vitae aliquam eros turpis non enim. Mauris quis turpis vitae purus gravida sagittis. Duis gravida. Praesent eu nulla at sem molestie sodales. Mauris blandit enim consequat purus. Maecenas libero est, congue a, aliquet vel, vulputate eu, odio. Phasellus at augue id ante dictum cursus. Nunc mauris elit, dictum eu, eleifend nec, malesuada ut, sem. Nulla interdum. Curabitur" />
	<customer  id="612" name="Garrison" password="HJP21BRF3AU" email="sem@DonecfringillaDonec.com" company="Elit Industries" address="P.O. Box 473, 5275 Adipiscing, Ave" city="Couture-Saint-Germain" postalCode="44875" country="Bhutan" phone="(403) 871-6613" fax="(906) 161-2916" registerdate="2014-07-24 07:07:57" logindate="2014-11-16 07:11:38" comment="Quisque ornare tortor at risus. Nunc ac sem ut dolor dapibus gravida. Aliquam tincidunt, nunc ac mattis ornare, lectus ante dictum mi, ac mattis velit justo nec ante. Maecenas mi felis, adipiscing fringilla, porttitor vulputate, posuere vulputate, lacus. Cras interdum. Nunc sollicitudin commodo ipsum. Suspendisse non leo. Vivamus nibh dolor, nonummy ac, feugiat non, lobortis quis, pede. Suspendisse dui. Fusce diam nunc, ullamcorper eu, euismod ac, fermentum vel, mauris. Integer sem elit, pharetra" />
	<customer  id="613" name="Declan" password="TOZ42TEB4FW" email="pede.nec@egetnisidictum.ca" company="Porttitor Eros LLC" address="4203 Id, Avenue" city="San Felipe" postalCode="76310" country="Guernsey" phone="(821) 162-4191" fax="(349) 729-0071" registerdate="2015-01-10 08:01:58" logindate="2014-09-10 03:09:43" comment="odio a purus. Duis elementum, dui quis accumsan convallis, ante lectus convallis est, vitae sodales nisi magna sed dui. Fusce aliquam, enim nec tempus scelerisque, lorem ipsum sodales purus, in molestie tortor nibh sit amet orci. Ut sagittis lobortis mauris. Suspendisse aliquet molestie tellus. Aenean egestas hendrerit neque. In ornare sagittis felis. Donec tempor, est ac mattis semper, dui lectus rutrum urna, nec luctus felis purus ac tellus. Suspendisse sed dolor. Fusce mi lorem, vehicula et, rutrum eu, ultrices sit" />
	<customer  id="614" name="Eden" password="XPR32RWA6FZ" email="massa.Quisque@erat.net" company="Luctus PC" address="1643 Mauris Road" city="Lauterach" postalCode="L8E 2W0" country="Saint Martin" phone="(862) 693-0134" fax="(298) 261-3286" registerdate="2014-11-09 04:11:50" logindate="2014-02-11 04:02:18" comment="Sed eget lacus. Mauris non dui nec urna suscipit nonummy. Fusce fermentum fermentum arcu. Vestibulum ante ipsum primis in faucibus orci luctus et ultrices posuere cubilia Curae Phasellus ornare. Fusce mollis. Duis sit amet diam eu dolor egestas rhoncus. Proin nisl sem, consequat nec, mollis vitae, posuere at, velit. Cras lorem lorem, luctus ut, pellentesque eget, dictum placerat, augue. Sed molestie. Sed id risus quis diam luctus lobortis. Class aptent taciti sociosqu ad litora torquent per conubia nostra, per inceptos hymenaeos. Mauris ut quam vel sapien imperdiet ornare. In faucibus." />
	<customer  id="615" name="Ocean" password="JNN87TRJ9KM" email="purus@ligulaelitpretium.org" company="Purus Gravida Sagittis Ltd" address="2853 Egestas St." city="Lagundo/Algund" postalCode="1365" country="Cambodia" phone="(695) 712-1744" fax="(525) 420-1549" registerdate="2014-01-20 10:01:30" logindate="2014-04-15 04:04:28" comment="magna. Duis dignissim tempor arcu. Vestibulum ut eros non enim commodo hendrerit. Donec porttitor tellus non magna. Nam ligula elit, pretium et, rutrum non, hendrerit id, ante. Nunc mauris sapien, cursus in, hendrerit consectetuer, cursus et, magna. Praesent interdum ligula eu enim. Etiam imperdiet dictum magna. Ut tincidunt orci quis lectus. Nullam suscipit, est ac facilisis facilisis, magna tellus faucibus leo, in lobortis tellus justo sit amet nulla. Donec non justo. Proin non massa non ante bibendum ullamcorper. Duis cursus, diam at pretium aliquet, metus urna convallis erat, eget" />
	<customer  id="616" name="Rudyard" password="DKO91RRI7HY" email="lacinia.Sed@SuspendisseduiFusce.co.uk" company="Imperdiet Nec Leo Associates" address="Ap #887-892 Dictum Av." city="Kitzbühel" postalCode="67158" country="Nepal" phone="(613) 222-3284" fax="(848) 102-6992" registerdate="2013-11-01 09:11:46" logindate="2015-06-24 04:06:44" comment="facilisis facilisis, magna tellus faucibus leo, in lobortis tellus justo sit amet nulla. Donec non justo. Proin non massa non ante bibendum ullamcorper. Duis cursus, diam at pretium aliquet, metus urna convallis erat, eget tincidunt dui augue eu tellus. Phasellus elit pede, malesuada vel, venenatis vel, faucibus id, libero. Donec consectetuer mauris id sapien. Cras dolor dolor, tempus" />
	<customer  id="617" name="David" password="BXD39QLF7XE" email="vel.convallis@posuerevulputatelacus.com" company="Porttitor Institute" address="P.O. Box 793, 7869 Elementum Rd." city="Saltara" postalCode="78004" country="Israel" phone="(165) 208-7887" fax="(309) 439-3917" registerdate="2013-10-31 09:10:28" logindate="2013-12-24 12:12:52" comment="Proin dolor. Nulla semper tellus id nunc interdum feugiat. Sed nec metus facilisis lorem tristique aliquet. Phasellus fermentum convallis ligula. Donec luctus aliquet odio. Etiam ligula tortor, dictum eu, placerat eget, venenatis a, magna. Lorem ipsum dolor sit amet, consectetuer adipiscing elit. Etiam laoreet, libero et tristique pellentesque, tellus sem mollis dui, in sodales elit erat vitae risus. Duis a mi fringilla mi lacinia mattis. Integer eu lacus. Quisque imperdiet, erat nonummy ultricies ornare, elit elit fermentum risus, at fringilla purus mauris a nunc. In at pede. Cras" />
	<customer  id="618" name="Hedley" password="NZH06DNV4LT" email="urna.convallis.erat@natoquepenatibuset.co.uk" company="Ante Limited" address="610-9010 Mauris Ave" city="Bikaner" postalCode="13440" country="Poland" phone="(408) 233-4010" fax="(734) 791-2032" registerdate="2015-08-05 04:08:35" logindate="2013-10-06 10:10:39" comment="gravida. Praesent eu nulla at sem molestie sodales. Mauris blandit enim consequat purus. Maecenas libero est, congue a, aliquet vel, vulputate eu, odio. Phasellus at augue id ante dictum cursus. Nunc mauris elit, dictum eu, eleifend nec, malesuada ut, sem. Nulla interdum. Curabitur dictum. Phasellus in felis. Nulla tempor augue ac ipsum. Phasellus vitae mauris sit amet lorem semper auctor. Mauris vel turpis. Aliquam adipiscing lobortis risus. In mi pede, nonummy ut, molestie in," />
	<customer  id="619" name="Hanae" password="MZM70CWY5CC" email="rutrum.justo@lectusconvallisest.edu" company="Aenean Associates" address="Ap #261-3017 Ultrices Ave" city="Tejar" postalCode="29391" country="Sint Maarten" phone="(926) 849-8052" fax="(360) 258-4659" registerdate="2014-09-13 07:09:09" logindate="2014-10-18 01:10:36" comment="malesuada fames ac turpis egestas. Fusce aliquet magna a neque. Nullam ut nisi a odio semper cursus. Integer mollis. Integer tincidunt aliquam arcu. Aliquam ultrices iaculis odio. Nam interdum enim non nisi. Aenean eget metus. In nec orci. Donec nibh. Quisque nonummy ipsum non arcu. Vivamus sit amet risus. Donec egestas. Aliquam nec enim. Nunc ut erat. Sed nunc est, mollis non, cursus non, egestas a, dui. Cras pellentesque. Sed dictum. Proin eget odio. Aliquam vulputate ullamcorper magna. Sed eu eros. Nam consequat dolor vitae" />
	<customer  id="620" name="Germane" password="QBN33UWD3BL" email="non.cursus@quistristiqueac.com" company="Orci Lobortis Incorporated" address="Ap #647-9359 Ultrices Rd." city="Avignon" postalCode="1669AO" country="Burkina Faso" phone="(529) 618-1001" fax="(873) 961-3763" registerdate="2014-10-11 02:10:13" logindate="2014-10-14 05:10:13" comment="cursus a, enim. Suspendisse aliquet, sem ut cursus luctus, ipsum leo elementum sem, vitae aliquam eros turpis non enim. Mauris quis turpis vitae purus gravida sagittis. Duis gravida. Praesent eu nulla at sem molestie sodales. Mauris blandit enim consequat purus. Maecenas libero est, congue a, aliquet vel, vulputate eu, odio. Phasellus at augue id ante dictum cursus. Nunc mauris elit, dictum eu, eleifend nec, malesuada ut, sem. Nulla interdum." />
	<customer  id="621" name="Holmes" password="FZC19LFK4OW" email="lacus.Quisque.purus@ipsum.net" company="Non Vestibulum Incorporated" address="P.O. Box 320, 2320 Elit Rd." city="Oria" postalCode="42767" country="Israel" phone="(211) 283-4062" fax="(406) 164-1801" registerdate="2013-11-23 09:11:43" logindate="2013-10-20 04:10:34" comment="pharetra, felis eget varius ultrices, mauris ipsum porta elit, a feugiat tellus lorem eu metus. In lorem. Donec elementum, lorem ut aliquam iaculis, lacus pede sagittis augue, eu tempor erat neque non quam. Pellentesque habitant morbi tristique senectus et netus et malesuada fames ac turpis egestas. Aliquam fringilla cursus purus. Nullam scelerisque neque sed sem egestas blandit. Nam nulla magna, malesuada vel, convallis in, cursus et, eros. Proin ultrices. Duis volutpat" />
	<customer  id="622" name="Wendy" password="RHR61OZS6DG" email="Curabitur.vel@vitaeodio.ca" company="Pede Cum LLC" address="8962 Eget, Road" city="Compiano" postalCode="701438" country="Niger" phone="(595) 103-1286" fax="(914) 515-7443" registerdate="2014-02-02 06:02:38" logindate="2014-04-18 06:04:34" comment="Donec vitae erat vel pede blandit congue. In scelerisque scelerisque dui. Suspendisse ac metus vitae velit egestas lacinia. Sed congue, elit sed consequat auctor, nunc nulla vulputate dui, nec tempus mauris erat eget ipsum. Suspendisse sagittis. Nullam vitae diam. Proin dolor. Nulla semper tellus id nunc interdum feugiat. Sed nec metus facilisis lorem tristique aliquet. Phasellus fermentum convallis ligula. Donec luctus aliquet odio. Etiam ligula tortor, dictum eu, placerat eget, venenatis a, magna. Lorem ipsum dolor sit amet, consectetuer adipiscing elit. Etiam laoreet, libero et tristique pellentesque, tellus sem" />
	<customer  id="623" name="Emery" password="ZTZ78NFK1AR" email="non.magna@ultrices.edu" company="Cursus PC" address="P.O. Box 500, 8765 Tristique Ave" city="Jhang" postalCode="41339" country="Virgin Islands, British" phone="(284) 771-5062" fax="(379) 151-0364" registerdate="2014-02-28 10:02:11" logindate="2014-03-17 03:03:21" comment="nisi. Mauris nulla. Integer urna. Vivamus molestie dapibus ligula. Aliquam erat volutpat. Nulla dignissim. Maecenas ornare egestas ligula. Nullam feugiat placerat velit. Quisque varius. Nam porttitor scelerisque neque. Nullam nisl. Maecenas malesuada fringilla est. Mauris eu turpis. Nulla aliquet. Proin velit. Sed malesuada augue ut lacus. Nulla tincidunt, neque vitae semper egestas, urna justo faucibus lectus, a sollicitudin orci sem eget massa. Suspendisse eleifend. Cras sed leo. Cras vehicula aliquet libero. Integer in magna. Phasellus dolor elit, pellentesque a, facilisis non," />
	<customer  id="624" name="Ashton" password="IZR02SBR4QT" email="Curabitur.massa@pellentesque.ca" company="Vivamus Nibh Corporation" address="345-3937 Ut, Rd." city="Sint-Pieters-Kapelle" postalCode="64639" country="Seychelles" phone="(768) 693-2500" fax="(517) 109-7908" registerdate="2014-01-27 06:01:51" logindate="2015-07-09 05:07:25" comment="nibh. Donec est mauris, rhoncus id, mollis nec, cursus a, enim. Suspendisse aliquet, sem ut cursus luctus, ipsum leo elementum sem, vitae aliquam eros turpis non enim. Mauris quis turpis vitae purus gravida sagittis. Duis gravida. Praesent eu nulla at sem molestie sodales. Mauris blandit enim consequat purus. Maecenas libero est, congue a, aliquet vel, vulputate eu," />
	<customer  id="625" name="Quail" password="HAC50HQY4ZQ" email="tortor@sociisnatoquepenatibus.edu" company="Aenean Eget Magna Company" address="2803 Sed Av." city="Wechelderzande" postalCode="06198" country="Kyrgyzstan" phone="(563) 995-6870" fax="(516) 951-1225" registerdate="2015-08-01 09:08:13" logindate="2014-08-22 06:08:01" comment="ut, nulla. Cras eu tellus eu augue porttitor interdum. Sed auctor odio a purus. Duis elementum, dui quis accumsan convallis, ante lectus convallis est, vitae sodales nisi magna sed dui. Fusce aliquam, enim nec tempus scelerisque, lorem ipsum sodales purus, in molestie tortor nibh sit amet orci. Ut sagittis lobortis mauris. Suspendisse aliquet molestie tellus. Aenean egestas hendrerit neque. In" />
	<customer  id="626" name="Gwendolyn" password="MMJ05GPM7EU" email="Nullam@adlitoratorquent.ca" company="Orci Associates" address="P.O. Box 137, 6989 Vitae, Av." city="Bionaz" postalCode="89074" country="Uganda" phone="(531) 235-7489" fax="(491) 637-6969" registerdate="2014-04-28 05:04:54" logindate="2014-10-30 05:10:48" comment="netus et malesuada fames ac turpis egestas. Aliquam fringilla cursus purus. Nullam scelerisque neque sed sem egestas blandit. Nam nulla magna, malesuada vel, convallis in, cursus et, eros. Proin ultrices. Duis volutpat nunc sit amet metus. Aliquam erat volutpat. Nulla facilisis. Suspendisse commodo tincidunt nibh. Phasellus nulla. Integer vulputate, risus a ultricies adipiscing, enim mi tempor lorem, eget mollis lectus pede et risus. Quisque libero lacus, varius et, euismod" />
	<customer  id="627" name="Burton" password="EYK34MOB8WW" email="enim@nequetellus.ca" company="Scelerisque Institute" address="540-3059 Congue Rd." city="Ukkel" postalCode="47338" country="Australia" phone="(249) 486-2060" fax="(527) 624-8291" registerdate="2015-02-16 07:02:18" logindate="2015-01-05 04:01:11" comment="ridiculus mus. Proin vel arcu eu odio tristique pharetra. Quisque ac libero nec ligula consectetuer rhoncus. Nullam velit dui, semper et, lacinia vitae, sodales at, velit. Pellentesque ultricies dignissim lacus. Aliquam rutrum lorem ac risus. Morbi metus. Vivamus euismod urna. Nullam lobortis quam a felis ullamcorper viverra. Maecenas iaculis aliquet diam. Sed diam lorem, auctor quis, tristique ac, eleifend vitae, erat. Vivamus nisi. Mauris nulla. Integer" />
	<customer  id="628" name="Arden" password="REQ36IDA4PV" email="libero.Morbi@adipiscingMauris.org" company="Odio A Purus Company" address="5550 Et Rd." city="Pointe-au-Pic" postalCode="73210" country="Sudan" phone="(673) 917-5471" fax="(279) 957-1332" registerdate="2014-01-19 07:01:21" logindate="2014-04-21 08:04:02" comment="ornare. In faucibus. Morbi vehicula. Pellentesque tincidunt tempus risus. Donec egestas. Duis ac arcu. Nunc mauris. Morbi non sapien molestie orci tincidunt adipiscing. Mauris molestie pharetra nibh. Aliquam ornare, libero at auctor ullamcorper, nisl arcu iaculis enim, sit amet ornare lectus justo eu arcu. Morbi sit amet massa. Quisque porttitor eros nec tellus. Nunc lectus pede," />
	<customer  id="629" name="Kevyn" password="UFF59CYW9ND" email="fringilla@Integertincidunt.net" company="Semper Cursus Inc." address="P.O. Box 331, 1542 Enim Road" city="Kapolei" postalCode="79655" country="Congo, the Democratic Republic of the" phone="(739) 617-0871" fax="(841) 136-4417" registerdate="2015-04-22 01:04:06" logindate="2014-07-10 03:07:46" comment="velit eu sem. Pellentesque ut ipsum ac mi eleifend egestas. Sed pharetra, felis eget varius ultrices, mauris ipsum porta elit, a feugiat tellus lorem eu metus. In lorem. Donec elementum, lorem ut aliquam iaculis, lacus pede sagittis augue, eu tempor erat neque non quam. Pellentesque habitant morbi tristique senectus et netus et malesuada fames ac turpis egestas. Aliquam fringilla cursus purus. Nullam scelerisque neque sed sem egestas blandit. Nam nulla magna, malesuada vel, convallis in, cursus et, eros. Proin ultrices. Duis volutpat nunc sit amet metus. Aliquam erat volutpat. Nulla facilisis. Suspendisse commodo tincidunt nibh. Phasellus" />
	<customer  id="630" name="Brett" password="ZRL32EYB3FO" email="nec.diam@metusfacilisislorem.org" company="Dolor Sit Amet Incorporated" address="7743 Aptent Ave" city="Meeffe" postalCode="5917" country="Mayotte" phone="(862) 663-4906" fax="(299) 773-3314" registerdate="2014-03-20 06:03:31" logindate="2014-01-25 10:01:22" comment="arcu et pede. Nunc sed orci lobortis augue scelerisque mollis. Phasellus libero mauris, aliquam eu, accumsan sed, facilisis vitae, orci. Phasellus dapibus quam quis diam. Pellentesque habitant morbi tristique senectus et netus et malesuada fames ac turpis egestas. Fusce aliquet magna a neque. Nullam ut nisi a odio semper cursus. Integer mollis. Integer tincidunt aliquam arcu. Aliquam ultrices iaculis odio. Nam interdum enim non nisi. Aenean eget metus. In nec orci. Donec nibh. Quisque nonummy ipsum non arcu. Vivamus sit" />
	<customer  id="631" name="Linda" password="BYV82OSU6KJ" email="Etiam.laoreet.libero@eu.com" company="Enim Consulting" address="179-3419 Sed St." city="Vancouver" postalCode="21706" country="Aruba" phone="(708) 608-8280" fax="(112) 203-9872" registerdate="2014-05-17 06:05:06" logindate="2014-10-27 05:10:24" comment="ac turpis egestas. Aliquam fringilla cursus purus. Nullam scelerisque neque sed sem egestas blandit. Nam nulla magna, malesuada vel, convallis in, cursus et, eros. Proin ultrices. Duis volutpat nunc sit amet metus. Aliquam erat volutpat. Nulla facilisis. Suspendisse commodo tincidunt nibh. Phasellus nulla. Integer vulputate, risus a ultricies adipiscing, enim mi tempor lorem, eget mollis lectus pede et risus. Quisque libero lacus, varius et, euismod et, commodo at, libero. Morbi accumsan laoreet ipsum. Curabitur" />
	<customer  id="632" name="Bernard" password="RFY61QWA7TY" email="est@Infaucibus.org" company="Ligula Elit Pretium Corp." address="636-467 Sed Ave" city="Wanferc�e-Baulet" postalCode="78070" country="El Salvador" phone="(827) 854-4227" fax="(142) 697-1589" registerdate="2014-09-11 06:09:31" logindate="2014-12-19 03:12:45" comment="tempus scelerisque, lorem ipsum sodales purus, in molestie tortor nibh sit amet orci. Ut sagittis lobortis mauris. Suspendisse aliquet molestie tellus. Aenean egestas hendrerit neque. In ornare sagittis felis. Donec tempor, est ac mattis semper, dui lectus rutrum urna, nec luctus felis purus ac tellus. Suspendisse sed dolor. Fusce mi lorem, vehicula et, rutrum eu, ultrices sit amet, risus. Donec nibh enim, gravida sit amet, dapibus id, blandit at, nisi. Cum sociis natoque penatibus" />
	<customer  id="633" name="Cheryl" password="ANM58WZN0WR" email="id@nonluctus.ca" company="Proin Non Massa PC" address="Ap #106-3701 Ut St." city="Kawawachikamach" postalCode="45525-630" country="Ethiopia" phone="(959) 788-9454" fax="(484) 988-4523" registerdate="2014-04-28 07:04:03" logindate="2015-04-12 02:04:25" comment="venenatis lacus. Etiam bibendum fermentum metus. Aenean sed pede nec ante blandit viverra. Donec tempus, lorem fringilla ornare placerat, orci lacus vestibulum lorem, sit amet ultricies sem magna nec quam. Curabitur vel lectus. Cum sociis natoque penatibus et magnis dis parturient montes, nascetur ridiculus mus. Donec dignissim magna a tortor. Nunc commodo auctor velit. Aliquam nisl. Nulla eu neque pellentesque massa lobortis ultrices. Vivamus rhoncus. Donec est. Nunc ullamcorper, velit in aliquet lobortis, nisi nibh lacinia orci, consectetuer euismod est arcu" />
	<customer  id="634" name="Ayanna" password="DEP94FGI1LG" email="Aliquam.nisl.Nulla@iaculisodio.com" company="Dui Fusce Diam PC" address="589-3930 Massa Av." city="Villafranca Tirrena" postalCode="24801" country="Nigeria" phone="(462) 134-6487" fax="(836) 225-8314" registerdate="2014-04-20 03:04:09" logindate="2014-10-22 03:10:00" comment="fermentum metus. Aenean sed pede nec ante blandit viverra. Donec tempus, lorem fringilla ornare placerat, orci lacus vestibulum lorem, sit amet ultricies sem magna nec quam. Curabitur vel lectus. Cum sociis natoque penatibus et magnis dis parturient montes, nascetur ridiculus mus. Donec dignissim magna a tortor. Nunc commodo auctor velit. Aliquam nisl." />
	<customer  id="635" name="Edan" password="ESW53SOQ8NH" email="tellus.non.magna@dolor.org" company="Nascetur Ridiculus Corp." address="6460 Molestie Rd." city="Scheggino" postalCode="20607" country="Cook Islands" phone="(151) 220-0565" fax="(628) 631-9795" registerdate="2015-01-04 11:01:19" logindate="2014-07-01 07:07:20" comment="Pellentesque habitant morbi tristique senectus et netus et malesuada fames ac turpis egestas. Fusce aliquet magna a neque. Nullam ut nisi a odio semper cursus. Integer mollis. Integer tincidunt aliquam arcu. Aliquam ultrices iaculis odio. Nam interdum enim non nisi. Aenean eget metus. In nec orci. Donec nibh. Quisque nonummy ipsum non arcu. Vivamus sit amet risus. Donec egestas. Aliquam nec enim. Nunc ut erat. Sed nunc est, mollis non, cursus non, egestas a, dui. Cras pellentesque. Sed dictum. Proin eget odio. Aliquam vulputate ullamcorper magna. Sed eu eros." />
	<customer  id="636" name="Lane" password="TEK74DPD6NH" email="arcu.Vestibulum@diam.co.uk" company="Bibendum Sed LLC" address="P.O. Box 507, 829 Tempor Street" city="Gloucester" postalCode="T6L 9N6" country="Uruguay" phone="(531) 127-0865" fax="(874) 664-0664" registerdate="2013-11-21 05:11:01" logindate="2014-05-02 05:05:05" comment="Nam tempor diam dictum sapien. Aenean massa. Integer vitae nibh. Donec est mauris, rhoncus id, mollis nec, cursus a, enim. Suspendisse aliquet, sem ut cursus luctus, ipsum leo elementum sem, vitae aliquam eros turpis non enim. Mauris quis turpis vitae purus gravida sagittis. Duis gravida. Praesent eu nulla at sem molestie sodales. Mauris blandit enim consequat purus. Maecenas libero est, congue a, aliquet vel, vulputate eu, odio. Phasellus at augue id ante dictum cursus. Nunc mauris elit, dictum eu, eleifend nec, malesuada ut, sem. Nulla interdum. Curabitur dictum. Phasellus in felis. Nulla tempor augue ac ipsum. Phasellus" />
	<customer  id="637" name="Barclay" password="QEW85PFU5AF" email="Cras.eget.nisi@nislarcuiaculis.org" company="Vivamus Nisi Consulting" address="P.O. Box 272, 7113 Feugiat. Rd." city="Namen" postalCode="454436" country="Kuwait" phone="(870) 600-2531" fax="(728) 714-4435" registerdate="2014-03-24 05:03:47" logindate="2015-02-06 08:02:35" comment="mollis vitae, posuere at, velit. Cras lorem lorem, luctus ut, pellentesque eget, dictum placerat, augue. Sed molestie. Sed id risus quis diam luctus lobortis. Class aptent taciti sociosqu ad litora torquent per conubia nostra, per inceptos hymenaeos. Mauris ut quam vel sapien imperdiet ornare. In faucibus. Morbi vehicula. Pellentesque tincidunt tempus risus. Donec egestas. Duis ac arcu. Nunc mauris. Morbi non sapien molestie orci tincidunt adipiscing. Mauris molestie pharetra nibh." />
	<customer  id="638" name="Alvin" password="CEP74XNL9ED" email="Phasellus.at@euelitNulla.co.uk" company="Eget PC" address="7600 Proin St." city="Nanterre" postalCode="5718" country="Argentina" phone="(901) 581-5320" fax="(812) 600-1179" registerdate="2013-12-05 07:12:26" logindate="2015-04-22 02:04:22" comment="Morbi sit amet massa. Quisque porttitor eros nec tellus. Nunc lectus pede, ultrices a, auctor non, feugiat nec, diam. Duis mi enim, condimentum eget, volutpat ornare, facilisis eget, ipsum. Donec sollicitudin adipiscing ligula. Aenean gravida nunc sed pede. Cum sociis natoque penatibus et magnis dis parturient montes, nascetur ridiculus mus. Proin vel arcu eu odio tristique pharetra. Quisque ac libero nec ligula consectetuer rhoncus. Nullam velit dui, semper et, lacinia vitae, sodales" />
	<customer  id="639" name="Elizabeth" password="RZJ30YSD0TV" email="dui@tincidunt.net" company="Feugiat Tellus Lorem Associates" address="P.O. Box 580, 7480 Vitae, St." city="Ripabottoni" postalCode="29675" country="Australia" phone="(582) 301-4004" fax="(538) 521-9336" registerdate="2014-07-01 11:07:45" logindate="2013-09-28 10:09:54" comment="dolor sit amet, consectetuer adipiscing elit. Etiam laoreet, libero et tristique pellentesque, tellus sem mollis dui, in sodales elit erat vitae risus. Duis a mi fringilla mi lacinia mattis. Integer eu lacus. Quisque imperdiet, erat nonummy ultricies ornare, elit elit fermentum risus, at fringilla purus mauris a nunc. In at pede. Cras vulputate velit eu sem. Pellentesque ut ipsum ac mi eleifend egestas. Sed pharetra, felis" />
	<customer  id="640" name="April" password="UHZ62YQD4OK" email="libero.Proin.mi@molestietellusAenean.ca" company="Enim Suspendisse Foundation" address="P.O. Box 751, 1994 Sed St." city="March" postalCode="13908-388" country="Sudan" phone="(346) 629-2173" fax="(271) 590-7724" registerdate="2014-12-31 01:12:17" logindate="2015-04-01 02:04:26" comment="velit. Quisque varius. Nam porttitor scelerisque neque. Nullam nisl. Maecenas malesuada fringilla est. Mauris eu turpis. Nulla aliquet. Proin velit. Sed malesuada augue ut lacus. Nulla tincidunt, neque vitae semper egestas, urna justo faucibus lectus, a sollicitudin orci sem eget massa. Suspendisse eleifend. Cras sed leo. Cras vehicula aliquet libero. Integer" />
	<customer  id="641" name="Graiden" password="UJM32QIP0YC" email="eget@aliquetPhasellusfermentum.org" company="Ut Nisi A Ltd" address="418-739 Augue Rd." city="Guadalajara" postalCode="6545" country="Gambia" phone="(368) 820-8147" fax="(857) 812-4808" registerdate="2014-04-26 11:04:45" logindate="2014-01-20 12:01:09" comment="rutrum eu, ultrices sit amet, risus. Donec nibh enim, gravida sit amet, dapibus id, blandit at, nisi. Cum sociis natoque penatibus et magnis dis parturient montes, nascetur ridiculus mus. Proin vel nisl. Quisque fringilla euismod enim. Etiam gravida molestie arcu. Sed eu nibh vulputate mauris sagittis placerat. Cras dictum ultricies ligula. Nullam enim. Sed nulla ante, iaculis nec, eleifend" />
	<customer  id="642" name="Chantale" password="UEM45KXW8WR" email="ut.mi@arcu.org" company="Dapibus Ligula Aliquam Associates" address="P.O. Box 783, 6847 Tristique Road" city="Andernach" postalCode="B5H 6L8" country="Cuba" phone="(552) 142-2113" fax="(437) 348-6274" registerdate="2013-12-19 05:12:29" logindate="2015-07-09 01:07:00" comment="magna et ipsum cursus vestibulum. Mauris magna. Duis dignissim tempor arcu. Vestibulum ut eros non enim commodo hendrerit. Donec porttitor tellus non magna. Nam ligula elit, pretium et, rutrum non, hendrerit id, ante. Nunc mauris sapien, cursus in, hendrerit consectetuer, cursus et, magna. Praesent interdum ligula eu enim. Etiam imperdiet dictum magna. Ut tincidunt orci" />
	<customer  id="643" name="Harrison" password="BGS21DFX1DI" email="luctus@cursusNuncmauris.ca" company="Amet Nulla Corp." address="1799 Mauris Ave" city="Arzano" postalCode="97381" country="Zambia" phone="(932) 610-1683" fax="(560) 636-2456" registerdate="2015-07-03 01:07:09" logindate="2015-01-27 05:01:46" comment="Fusce diam nunc, ullamcorper eu, euismod ac, fermentum vel, mauris. Integer sem elit, pharetra ut, pharetra sed, hendrerit a, arcu. Sed et libero. Proin mi. Aliquam gravida mauris ut mi. Duis risus odio, auctor vitae, aliquet nec, imperdiet nec, leo. Morbi neque tellus, imperdiet non, vestibulum nec, euismod in, dolor. Fusce feugiat. Lorem ipsum dolor sit amet, consectetuer adipiscing elit. Aliquam auctor, velit eget" />
	<customer  id="644" name="Diana" password="ABJ99WLU6XB" email="inceptos@molestiedapibus.co.uk" company="At Inc." address="1310 Ut Rd." city="Ponte San Nicolò" postalCode="N9Y 3RQ" country="Italy" phone="(778) 883-2151" fax="(290) 975-9224" registerdate="2014-01-16 12:01:05" logindate="2015-01-10 04:01:49" comment="lectus pede, ultrices a, auctor non, feugiat nec, diam. Duis mi enim, condimentum eget, volutpat ornare, facilisis eget, ipsum. Donec sollicitudin adipiscing ligula. Aenean gravida nunc sed pede. Cum sociis natoque penatibus et magnis dis parturient montes, nascetur ridiculus mus. Proin vel arcu eu odio tristique pharetra. Quisque ac libero nec ligula consectetuer rhoncus. Nullam velit dui, semper et, lacinia vitae, sodales at, velit. Pellentesque ultricies dignissim lacus. Aliquam rutrum lorem ac risus. Morbi metus. Vivamus euismod urna. Nullam lobortis quam a felis ullamcorper viverra. Maecenas iaculis aliquet diam." />
	<customer  id="645" name="Tasha" password="MPN21LZT7CR" email="egestas@utpellentesque.net" company="Duis Foundation" address="238-7836 Dictum Ave" city="Nandyal" postalCode="50313" country="Mauritania" phone="(700) 242-8275" fax="(878) 651-7715" registerdate="2014-06-09 02:06:05" logindate="2014-05-14 03:05:25" comment="dictum placerat, augue. Sed molestie. Sed id risus quis diam luctus lobortis. Class aptent taciti sociosqu ad litora torquent per conubia nostra, per inceptos hymenaeos. Mauris ut quam vel sapien imperdiet ornare. In faucibus. Morbi vehicula. Pellentesque tincidunt tempus risus. Donec egestas. Duis ac arcu. Nunc mauris. Morbi non sapien molestie orci tincidunt adipiscing. Mauris molestie pharetra nibh. Aliquam ornare, libero at auctor ullamcorper, nisl arcu iaculis enim, sit amet ornare lectus justo eu arcu. Morbi sit amet massa. Quisque porttitor" />
	<customer  id="646" name="Arsenio" password="UEK94YZZ5NR" email="dui@Crasdolor.ca" company="Faucibus Ut Consulting" address="Ap #544-3620 Pretium Avenue" city="Richmond" postalCode="385365" country="British Indian Ocean Territory" phone="(661) 719-5020" fax="(267) 203-0976" registerdate="2013-11-24 02:11:19" logindate="2014-12-06 12:12:07" comment="Sed eget lacus. Mauris non dui nec urna suscipit nonummy. Fusce fermentum fermentum arcu. Vestibulum ante ipsum primis in faucibus orci luctus et ultrices posuere cubilia Curae Phasellus ornare. Fusce mollis. Duis sit amet diam eu dolor egestas rhoncus. Proin nisl sem, consequat nec, mollis vitae, posuere at, velit. Cras lorem lorem, luctus ut, pellentesque eget, dictum placerat, augue. Sed molestie. Sed id risus quis diam" />
	<customer  id="647" name="Olivia" password="ODW35EIF5MM" email="fermentum.arcu.Vestibulum@SuspendisseeleifendCras.net" company="Ut Sagittis Industries" address="272-6978 Nulla Street" city="Ostellato" postalCode="78486" country="Samoa" phone="(324) 225-3767" fax="(763) 515-0517" registerdate="2014-10-09 12:10:14" logindate="2014-05-12 02:05:38" comment="consequat nec, mollis vitae, posuere at, velit. Cras lorem lorem, luctus ut, pellentesque eget, dictum placerat, augue. Sed molestie. Sed id risus quis diam luctus lobortis. Class aptent taciti sociosqu ad litora torquent per conubia nostra, per inceptos hymenaeos. Mauris ut quam vel sapien imperdiet ornare. In faucibus. Morbi vehicula. Pellentesque tincidunt tempus" />
	<customer  id="648" name="Tallulah" password="CEN03BGY1YL" email="justo.nec@mauriseuelit.com" company="Ligula PC" address="P.O. Box 730, 5887 Magna Road" city="Introd" postalCode="13745" country="Liechtenstein" phone="(866) 925-7797" fax="(364) 712-2658" registerdate="2015-05-09 09:05:24" logindate="2015-04-21 11:04:13" comment="Donec porttitor tellus non magna. Nam ligula elit, pretium et, rutrum non, hendrerit id, ante. Nunc mauris sapien, cursus in, hendrerit consectetuer, cursus et, magna. Praesent interdum ligula eu enim. Etiam imperdiet dictum magna. Ut tincidunt orci quis lectus. Nullam suscipit, est ac facilisis facilisis, magna tellus faucibus leo, in lobortis tellus justo sit amet nulla. Donec non justo. Proin non massa non ante bibendum ullamcorper. Duis cursus, diam at pretium aliquet, metus urna convallis erat, eget tincidunt dui augue eu tellus. Phasellus elit pede, malesuada vel, venenatis vel, faucibus id, libero. Donec consectetuer mauris id sapien." />
	<customer  id="649" name="Griffin" password="RFL59WGB8KU" email="nec.ante@velitQuisquevarius.edu" company="Purus Maecenas Libero Associates" address="Ap #995-4245 Risus. St." city="Tuglie" postalCode="03-050" country="Libya" phone="(320) 811-1819" fax="(983) 157-2232" registerdate="2015-05-03 09:05:12" logindate="2014-07-30 04:07:23" comment="est tempor bibendum. Donec felis orci, adipiscing non, luctus sit amet, faucibus ut, nulla. Cras eu tellus eu augue porttitor interdum. Sed auctor odio a purus. Duis elementum, dui quis accumsan convallis, ante lectus convallis est, vitae sodales nisi magna sed dui. Fusce aliquam, enim nec tempus scelerisque, lorem ipsum sodales purus, in" />
	<customer  id="650" name="Fallon" password="BCA36LBZ7PL" email="suscipit.est.ac@malesuadaInteger.net" company="Pretium Neque Corp." address="Ap #233-3089 Cras Road" city="Introd" postalCode="51606" country="Turkmenistan" phone="(350) 779-1289" fax="(527) 488-4368" registerdate="2014-11-26 11:11:34" logindate="2013-10-25 06:10:00" comment="Ut sagittis lobortis mauris. Suspendisse aliquet molestie tellus. Aenean egestas hendrerit neque. In ornare sagittis felis. Donec tempor, est ac mattis semper, dui lectus rutrum urna, nec luctus felis purus ac tellus. Suspendisse sed dolor. Fusce mi lorem, vehicula et, rutrum eu, ultrices sit amet, risus. Donec nibh enim, gravida sit amet, dapibus id, blandit at, nisi. Cum sociis natoque penatibus et magnis dis parturient montes," />
	<customer  id="651" name="Bethany" password="IRK30TBA5ZS" email="molestie.in.tempus@fringillapurus.ca" company="Venenatis Vel Institute" address="536-7170 Malesuada Av." city="Pamel" postalCode="93897" country="Armenia" phone="(615) 739-9652" fax="(267) 828-3421" registerdate="2014-05-20 01:05:41" logindate="2014-09-16 09:09:24" comment="sed dolor. Fusce mi lorem, vehicula et, rutrum eu, ultrices sit amet, risus. Donec nibh enim, gravida sit amet, dapibus id, blandit at, nisi. Cum sociis natoque penatibus et magnis dis parturient montes, nascetur ridiculus mus. Proin vel nisl. Quisque fringilla euismod enim. Etiam gravida molestie arcu. Sed eu nibh vulputate mauris sagittis placerat. Cras dictum ultricies ligula. Nullam enim. Sed nulla ante, iaculis nec, eleifend non, dapibus rutrum, justo. Praesent luctus. Curabitur egestas nunc sed libero. Proin sed turpis nec" />
	<customer  id="652" name="Isadora" password="CUH10VQT0OZ" email="libero.est@leoVivamusnibh.net" company="Dapibus Id Blandit Ltd" address="640-234 Non, Avenue" city="Berwick-upon-Tweed" postalCode="58007-507" country="Kuwait" phone="(422) 416-0945" fax="(562) 659-6572" registerdate="2013-12-14 06:12:55" logindate="2013-11-14 08:11:08" comment="Curabitur massa. Vestibulum accumsan neque et nunc. Quisque ornare tortor at risus. Nunc ac sem ut dolor dapibus gravida. Aliquam tincidunt, nunc ac mattis ornare, lectus ante dictum mi, ac mattis velit justo nec ante. Maecenas mi felis, adipiscing fringilla, porttitor vulputate, posuere vulputate, lacus. Cras interdum. Nunc sollicitudin commodo ipsum. Suspendisse" />
	<customer  id="653" name="Rudyard" password="GUI59JRY7VP" email="dignissim.lacus.Aliquam@ligula.co.uk" company="Neque Sed Company" address="887-4457 Mollis. Rd." city="Habay-la-Neuve" postalCode="10414" country="Vanuatu" phone="(630) 605-4909" fax="(467) 964-4994" registerdate="2014-03-22 08:03:32" logindate="2013-12-04 11:12:04" comment="magnis dis parturient montes, nascetur ridiculus mus. Donec dignissim magna a tortor. Nunc commodo auctor velit. Aliquam nisl. Nulla eu neque pellentesque massa lobortis ultrices. Vivamus rhoncus. Donec est. Nunc ullamcorper, velit in aliquet lobortis, nisi nibh lacinia orci, consectetuer euismod est arcu ac orci. Ut semper pretium neque. Morbi quis urna. Nunc quis arcu vel quam dignissim pharetra. Nam ac nulla. In tincidunt congue turpis. In condimentum. Donec at" />
	<customer  id="654" name="Nevada" password="FRI97KXC8UQ" email="rhoncus.Proin.nisl@acnulla.com" company="Neque Venenatis LLP" address="P.O. Box 902, 1026 At, Av." city="Loverval" postalCode="4893" country="Tokelau" phone="(892) 848-4913" fax="(601) 924-4311" registerdate="2015-08-22 04:08:05" logindate="2014-06-27 05:06:35" comment="arcu. Vestibulum ante ipsum primis in faucibus orci luctus et ultrices posuere cubilia Curae Phasellus ornare. Fusce mollis. Duis sit amet diam eu dolor egestas rhoncus. Proin nisl sem, consequat nec, mollis vitae, posuere at, velit. Cras lorem lorem, luctus ut, pellentesque eget, dictum placerat, augue. Sed molestie. Sed id risus quis diam luctus lobortis." />
	<customer  id="655" name="Selma" password="VPC75AOL7HL" email="non@dictum.ca" company="Nec Malesuada PC" address="312-1461 Ipsum. Rd." city="Jalandhar (Jullundur)" postalCode="1433" country="New Zealand" phone="(904) 705-9422" fax="(466) 157-5127" registerdate="2013-10-06 08:10:11" logindate="2014-09-16 09:09:16" comment="feugiat placerat velit. Quisque varius. Nam porttitor scelerisque neque. Nullam nisl. Maecenas malesuada fringilla est. Mauris eu turpis. Nulla aliquet. Proin velit. Sed malesuada augue ut lacus. Nulla tincidunt, neque vitae semper egestas, urna justo faucibus lectus, a sollicitudin orci sem eget massa. Suspendisse eleifend. Cras sed leo. Cras vehicula aliquet libero. Integer in magna. Phasellus dolor elit, pellentesque a, facilisis non, bibendum sed, est. Nunc laoreet lectus quis massa. Mauris vestibulum, neque sed dictum eleifend, nunc risus varius orci, in consequat enim diam vel arcu. Curabitur ut odio vel" />
	<customer  id="656" name="Tanek" password="AOT04FXS9NE" email="diam.luctus.lobortis@lorem.co.uk" company="Eu PC" address="Ap #888-8811 Rutrum Avenue" city="Whangarei" postalCode="41451" country="Azerbaijan" phone="(956) 557-3980" fax="(653) 213-0471" registerdate="2014-01-07 03:01:41" logindate="2015-08-11 04:08:14" comment="rhoncus id, mollis nec, cursus a, enim. Suspendisse aliquet, sem ut cursus luctus, ipsum leo elementum sem, vitae aliquam eros turpis non enim. Mauris quis turpis vitae purus gravida sagittis. Duis gravida. Praesent eu nulla at sem molestie sodales. Mauris blandit enim consequat purus. Maecenas libero est, congue a, aliquet vel, vulputate eu, odio. Phasellus at augue id ante dictum cursus. Nunc mauris elit, dictum eu, eleifend nec, malesuada ut, sem. Nulla interdum. Curabitur dictum. Phasellus in felis. Nulla tempor augue ac" />
	<customer  id="657" name="Kuame" password="QFG11IPU4BS" email="felis@Utnecurna.co.uk" company="Arcu Ac Orci Industries" address="4055 Ante St." city="Bègles" postalCode="74960" country="Cocos (Keeling) Islands" phone="(731) 139-2251" fax="(618) 247-2028" registerdate="2014-02-09 04:02:36" logindate="2014-03-01 07:03:41" comment="mauris ipsum porta elit, a feugiat tellus lorem eu metus. In lorem. Donec elementum, lorem ut aliquam iaculis, lacus pede sagittis augue, eu tempor erat neque non quam. Pellentesque habitant morbi tristique senectus et netus et malesuada fames ac turpis egestas. Aliquam fringilla cursus purus. Nullam scelerisque neque sed sem egestas blandit. Nam nulla magna, malesuada vel, convallis in, cursus et, eros. Proin ultrices. Duis volutpat nunc sit" />
	<customer  id="658" name="Teegan" password="UWP17TLH7AH" email="scelerisque.scelerisque.dui@parturientmontesnascetur.edu" company="Condimentum Eget Volutpat Incorporated" address="6930 Eget St." city="Seraing" postalCode="3437" country="Georgia" phone="(821) 796-9406" fax="(748) 899-0529" registerdate="2014-05-18 07:05:05" logindate="2014-09-26 04:09:38" comment="elit fermentum risus, at fringilla purus mauris a nunc. In at pede. Cras vulputate velit eu sem. Pellentesque ut ipsum ac mi eleifend egestas. Sed pharetra, felis eget varius ultrices, mauris ipsum porta elit, a feugiat tellus lorem eu metus. In lorem. Donec elementum, lorem ut aliquam iaculis, lacus pede sagittis augue, eu tempor erat neque non quam. Pellentesque habitant morbi tristique senectus et netus et malesuada fames ac turpis egestas. Aliquam fringilla cursus purus. Nullam scelerisque neque sed sem egestas blandit. Nam nulla magna, malesuada vel, convallis in, cursus et, eros. Proin ultrices. Duis volutpat nunc" />
	<customer  id="659" name="Cameron" password="FHQ41ROW0UG" email="Vivamus.rhoncus@actellus.org" company="Ut Cursus Luctus Foundation" address="P.O. Box 933, 218 Luctus St." city="Izmir" postalCode="M9H 7K7" country="Palau" phone="(508) 527-0689" fax="(254) 740-9065" registerdate="2013-11-13 05:11:44" logindate="2014-10-27 05:10:42" comment="at, velit. Cras lorem lorem, luctus ut, pellentesque eget, dictum placerat, augue. Sed molestie. Sed id risus quis diam luctus lobortis. Class aptent taciti sociosqu ad litora torquent per conubia nostra, per inceptos hymenaeos. Mauris ut quam vel sapien imperdiet ornare. In faucibus. Morbi vehicula. Pellentesque tincidunt tempus risus. Donec egestas. Duis ac arcu. Nunc" />
	<customer  id="660" name="Coby" password="DFW08UXI0IA" email="In@eleifend.com" company="Vehicula LLP" address="P.O. Box 552, 9040 Amet, Avenue" city="Lethbridge" postalCode="4030" country="Åland Islands" phone="(979) 779-2718" fax="(392) 581-8441" registerdate="2013-11-15 10:11:38" logindate="2013-10-02 10:10:59" comment="sed pede. Cum sociis natoque penatibus et magnis dis parturient montes, nascetur ridiculus mus. Proin vel arcu eu odio tristique pharetra. Quisque ac libero nec ligula consectetuer rhoncus. Nullam velit dui, semper et, lacinia vitae, sodales at, velit. Pellentesque ultricies dignissim lacus. Aliquam rutrum lorem ac risus. Morbi metus. Vivamus euismod urna. Nullam lobortis quam a felis ullamcorper viverra. Maecenas" />
	<customer  id="661" name="Xandra" password="LBZ54HLI9TR" email="fermentum.convallis.ligula@non.ca" company="Velit Egestas Associates" address="P.O. Box 602, 7013 Ut Av." city="Bala" postalCode="VQ5 1IG" country="Ukraine" phone="(598) 959-8209" fax="(244) 520-1686" registerdate="2014-05-07 04:05:47" logindate="2014-04-13 05:04:50" comment="egestas lacinia. Sed congue, elit sed consequat auctor, nunc nulla vulputate dui, nec tempus mauris erat eget ipsum. Suspendisse sagittis. Nullam vitae diam. Proin dolor. Nulla semper tellus id nunc interdum feugiat. Sed nec metus facilisis lorem tristique aliquet. Phasellus fermentum convallis ligula. Donec luctus aliquet odio. Etiam ligula tortor, dictum eu, placerat eget, venenatis a, magna. Lorem ipsum dolor sit amet, consectetuer adipiscing elit. Etiam laoreet, libero et tristique pellentesque, tellus sem mollis dui, in sodales elit erat vitae risus. Duis a mi fringilla mi lacinia mattis. Integer eu lacus. Quisque imperdiet, erat nonummy ultricies ornare, elit elit fermentum" />
	<customer  id="662" name="Omar" password="HPB90UAQ0RL" email="sed@aliquetodio.ca" company="Luctus Et Ultrices LLP" address="7397 Parturient Ave" city="Provost" postalCode="7235" country="Ukraine" phone="(654) 795-1185" fax="(956) 822-4651" registerdate="2015-02-13 11:02:36" logindate="2014-05-22 07:05:27" comment="Praesent interdum ligula eu enim. Etiam imperdiet dictum magna. Ut tincidunt orci quis lectus. Nullam suscipit, est ac facilisis facilisis, magna tellus faucibus leo, in lobortis tellus justo sit amet nulla. Donec non justo. Proin non massa non ante bibendum ullamcorper. Duis cursus, diam at pretium aliquet, metus urna convallis erat, eget tincidunt dui augue eu tellus. Phasellus elit pede, malesuada vel, venenatis vel, faucibus id, libero. Donec consectetuer mauris id sapien. Cras dolor dolor, tempus non, lacinia at, iaculis quis, pede. Praesent eu dui. Cum sociis natoque penatibus et magnis dis parturient montes," />
	<customer  id="663" name="Xerxes" password="IMZ56YTB9FI" email="metus@Nullamenim.co.uk" company="Senectus Et Institute" address="P.O. Box 305, 4218 Mollis Avenue" city="Thisnes" postalCode="04-072" country="Benin" phone="(267) 406-0355" fax="(792) 321-9029" registerdate="2015-07-06 11:07:30" logindate="2014-11-29 08:11:12" comment="in felis. Nulla tempor augue ac ipsum. Phasellus vitae mauris sit amet lorem semper auctor. Mauris vel turpis. Aliquam adipiscing lobortis risus. In mi pede, nonummy ut, molestie in, tempus eu, ligula. Aenean euismod mauris eu elit. Nulla facilisi. Sed neque. Sed eget lacus. Mauris non dui nec urna suscipit nonummy. Fusce fermentum fermentum arcu. Vestibulum ante ipsum primis in faucibus orci luctus et ultrices posuere cubilia Curae Phasellus ornare. Fusce mollis. Duis sit amet diam eu dolor egestas rhoncus. Proin nisl sem," />
	<customer  id="664" name="Brendan" password="NET15GAV9PH" email="vulputate.mauris@Sedcongueelit.edu" company="Eleifend Nec Malesuada Inc." address="Ap #153-3773 Vel Rd." city="Sinaai-Waas" postalCode="21421" country="Dominican Republic" phone="(897) 941-1240" fax="(580) 709-5074" registerdate="2014-04-07 05:04:04" logindate="2014-04-09 06:04:12" comment="lobortis tellus justo sit amet nulla. Donec non justo. Proin non massa non ante bibendum ullamcorper. Duis cursus, diam at pretium aliquet, metus urna convallis erat, eget tincidunt dui augue eu tellus. Phasellus elit pede, malesuada vel, venenatis vel, faucibus id, libero. Donec consectetuer mauris id sapien. Cras dolor dolor, tempus non, lacinia at, iaculis quis, pede. Praesent eu dui." />
	<customer  id="665" name="Conan" password="RNR51AOH4ZO" email="Aenean.eget.magna@orcilobortisaugue.com" company="Volutpat Ornare Facilisis LLC" address="740-4672 Eu Avenue" city="Gibbons" postalCode="4105" country="Jersey" phone="(787) 802-0013" fax="(504) 192-9645" registerdate="2014-06-13 05:06:15" logindate="2014-03-25 04:03:25" comment="Vestibulum ut eros non enim commodo hendrerit. Donec porttitor tellus non magna. Nam ligula elit, pretium et, rutrum non, hendrerit id, ante. Nunc mauris sapien, cursus in, hendrerit consectetuer, cursus et, magna. Praesent interdum ligula eu enim. Etiam imperdiet dictum magna. Ut tincidunt orci quis lectus. Nullam suscipit, est ac facilisis facilisis, magna tellus faucibus leo, in lobortis tellus justo sit amet nulla. Donec non justo. Proin non massa non ante bibendum ullamcorper. Duis cursus, diam at pretium aliquet, metus urna convallis erat, eget tincidunt dui augue eu tellus. Phasellus elit pede, malesuada vel, venenatis vel, faucibus id," />
	<customer  id="666" name="Addison" password="LAT90GZS2JV" email="ornare.egestas.ligula@pedenec.com" company="Dui Cum Sociis Incorporated" address="Ap #767-2073 Proin Avenue" city="Valtournenche" postalCode="70708" country="Mozambique" phone="(493) 298-4507" fax="(210) 191-4309" registerdate="2014-08-19 08:08:16" logindate="2014-12-09 11:12:23" comment="Nulla aliquet. Proin velit. Sed malesuada augue ut lacus. Nulla tincidunt, neque vitae semper egestas, urna justo faucibus lectus, a sollicitudin orci sem eget massa. Suspendisse eleifend. Cras sed leo. Cras vehicula aliquet libero. Integer in magna. Phasellus dolor elit, pellentesque a, facilisis non, bibendum sed, est. Nunc laoreet lectus quis massa. Mauris vestibulum, neque sed dictum eleifend, nunc risus varius orci, in consequat enim diam" />
	<customer  id="667" name="Signe" password="BCF23BSQ9LO" email="vitae@utdolor.net" company="Vel Vulputate Eu PC" address="3243 Dis St." city="Minderhout" postalCode="10916" country="Burkina Faso" phone="(803) 993-5102" fax="(504) 722-1003" registerdate="2014-11-27 02:11:05" logindate="2015-06-23 06:06:24" comment="erat. Etiam vestibulum massa rutrum magna. Cras convallis convallis dolor. Quisque tincidunt pede ac urna. Ut tincidunt vehicula risus. Nulla eget metus eu erat semper rutrum. Fusce dolor quam, elementum at, egestas a, scelerisque sed, sapien. Nunc pulvinar arcu et pede. Nunc sed orci lobortis augue scelerisque mollis. Phasellus libero mauris, aliquam eu, accumsan sed, facilisis vitae, orci. Phasellus dapibus quam quis diam. Pellentesque habitant morbi tristique senectus et netus et malesuada fames ac turpis egestas. Fusce aliquet magna" />
	<customer  id="668" name="Bree" password="WKB99NIE7BM" email="Cras@Nam.ca" company="Elit Curabitur Sed Foundation" address="914-3680 Suspendisse St." city="Issy-les-Moulineaux" postalCode="08233" country="French Guiana" phone="(669) 995-0215" fax="(319) 247-2714" registerdate="2013-09-01 09:09:40" logindate="2015-02-12 07:02:27" comment="arcu. Sed et libero. Proin mi. Aliquam gravida mauris ut mi. Duis risus odio, auctor vitae, aliquet nec, imperdiet nec, leo. Morbi neque tellus, imperdiet non, vestibulum nec, euismod in, dolor. Fusce feugiat. Lorem ipsum dolor sit amet, consectetuer adipiscing elit. Aliquam auctor, velit eget laoreet posuere, enim nisl elementum purus, accumsan" />
	<customer  id="669" name="Angelica" password="QSI12YEG8IE" email="ante.ipsum@eutelluseu.co.uk" company="Lorem Lorem LLC" address="Ap #115-7206 Ligula. Street" city="Rockhampton" postalCode="03327" country="Cayman Islands" phone="(361) 163-0546" fax="(998) 693-2212" registerdate="2014-07-04 11:07:16" logindate="2013-11-24 09:11:53" comment="Etiam bibendum fermentum metus. Aenean sed pede nec ante blandit viverra. Donec tempus, lorem fringilla ornare placerat, orci lacus vestibulum lorem, sit amet ultricies sem magna nec quam. Curabitur vel lectus. Cum sociis natoque penatibus et magnis dis parturient montes, nascetur ridiculus mus. Donec dignissim magna a tortor. Nunc commodo auctor velit. Aliquam nisl. Nulla eu neque pellentesque massa lobortis ultrices. Vivamus rhoncus. Donec est. Nunc ullamcorper, velit in aliquet lobortis, nisi nibh lacinia orci, consectetuer euismod est arcu ac orci. Ut semper pretium neque. Morbi quis urna. Nunc quis arcu vel quam dignissim pharetra. Nam ac nulla. In" />
	<customer  id="670" name="Nicholas" password="RFD53YWM8VW" email="eget@leo.ca" company="Suspendisse Ac Metus Associates" address="8443 Sit Road" city="Drogenbos" postalCode="0752" country="Korea, North" phone="(866) 286-5617" fax="(924) 451-3401" registerdate="2014-04-06 09:04:26" logindate="2014-04-08 05:04:37" comment="tincidunt, neque vitae semper egestas, urna justo faucibus lectus, a sollicitudin orci sem eget massa. Suspendisse eleifend. Cras sed leo. Cras vehicula aliquet libero. Integer in magna. Phasellus dolor elit, pellentesque a, facilisis non, bibendum sed, est. Nunc laoreet lectus quis massa. Mauris vestibulum, neque sed dictum eleifend, nunc risus varius orci, in" />
	<customer  id="671" name="Graham" password="JNW66JGM8SW" email="dolor@tincidunttempusrisus.org" company="Lectus Consulting" address="819-4973 Gravida Av." city="Frasnes-lez-Gosselies" postalCode="78-863" country="Costa Rica" phone="(337) 692-0521" fax="(802) 991-5971" registerdate="2014-02-04 01:02:34" logindate="2013-12-06 04:12:45" comment="risus. Donec egestas. Aliquam nec enim. Nunc ut erat. Sed nunc est, mollis non, cursus non, egestas a, dui. Cras pellentesque. Sed dictum. Proin eget odio. Aliquam vulputate ullamcorper magna. Sed eu eros. Nam consequat dolor vitae dolor. Donec fringilla. Donec feugiat metus sit amet ante. Vivamus non lorem vitae odio sagittis semper." />
	<customer  id="672" name="Kadeem" password="CEZ21JUQ6ON" email="neque@consequat.org" company="Sed LLC" address="Ap #936-6675 Vel Street" city="Workington" postalCode="73988" country="Kyrgyzstan" phone="(591) 876-7974" fax="(687) 520-5571" registerdate="2015-06-17 08:06:04" logindate="2015-03-25 02:03:01" comment="ligula consectetuer rhoncus. Nullam velit dui, semper et, lacinia vitae, sodales at, velit. Pellentesque ultricies dignissim lacus. Aliquam rutrum lorem ac risus. Morbi metus. Vivamus euismod urna. Nullam lobortis quam a felis ullamcorper viverra. Maecenas iaculis aliquet diam. Sed diam lorem, auctor quis, tristique ac, eleifend vitae, erat. Vivamus nisi. Mauris nulla. Integer urna. Vivamus molestie dapibus ligula. Aliquam erat volutpat." />
	<customer  id="673" name="Faith" password="YOI97MNW4VP" email="eu.lacus@adipiscingelitCurabitur.net" company="Dictum Company" address="8191 Tristique St." city="Vöcklabruck" postalCode="5048AL" country="Singapore" phone="(744) 114-6801" fax="(979) 350-3262" registerdate="2015-05-30 04:05:50" logindate="2014-12-14 06:12:28" comment="ornare, libero at auctor ullamcorper, nisl arcu iaculis enim, sit amet ornare lectus justo eu arcu. Morbi sit amet massa. Quisque porttitor eros nec tellus. Nunc lectus pede, ultrices a, auctor non, feugiat nec, diam. Duis mi enim, condimentum eget, volutpat ornare, facilisis eget, ipsum. Donec sollicitudin adipiscing ligula. Aenean gravida nunc sed pede. Cum sociis natoque penatibus et magnis dis parturient montes, nascetur ridiculus mus. Proin vel arcu eu odio tristique pharetra. Quisque ac libero nec ligula consectetuer rhoncus. Nullam velit dui, semper" />
	<customer  id="674" name="Felicia" password="UEV69FTB4QC" email="sociosqu.ad.litora@Ut.co.uk" company="Sociis Industries" address="783-8018 Vel Av." city="Halisahar" postalCode="8936" country="Suriname" phone="(811) 945-7641" fax="(719) 399-6073" registerdate="2015-03-04 10:03:09" logindate="2014-08-21 12:08:09" comment="malesuada vel, venenatis vel, faucibus id, libero. Donec consectetuer mauris id sapien. Cras dolor dolor, tempus non, lacinia at, iaculis quis, pede. Praesent eu dui. Cum sociis natoque penatibus et magnis dis parturient montes, nascetur ridiculus mus. Aenean eget magna. Suspendisse tristique neque venenatis lacus. Etiam bibendum fermentum metus. Aenean sed pede nec ante blandit viverra. Donec tempus, lorem fringilla" />
	<customer  id="675" name="Reece" password="FSC20HYK0XJ" email="mauris@famesacturpis.co.uk" company="Interdum Curabitur LLC" address="473-8120 Libero. Avenue" city="Maple Ridge" postalCode="52-439" country="Solomon Islands" phone="(595) 121-3900" fax="(114) 255-0661" registerdate="2015-06-03 01:06:53" logindate="2015-02-28 01:02:19" comment="id ante dictum cursus. Nunc mauris elit, dictum eu, eleifend nec, malesuada ut, sem. Nulla interdum. Curabitur dictum. Phasellus in felis. Nulla tempor augue ac ipsum. Phasellus vitae mauris sit amet lorem semper auctor. Mauris vel turpis. Aliquam adipiscing lobortis risus. In mi pede, nonummy ut, molestie in, tempus eu, ligula. Aenean euismod mauris eu elit. Nulla facilisi. Sed neque. Sed eget lacus. Mauris non dui nec urna suscipit nonummy. Fusce fermentum" />
	<customer  id="676" name="Hoyt" password="VRI81VLA5BU" email="eros@utpellentesque.com" company="A Company" address="Ap #194-3862 Tincidunt St." city="Glasgow" postalCode="75371-962" country="Guinea" phone="(203) 699-7940" fax="(623) 916-1988" registerdate="2014-10-16 04:10:05" logindate="2013-09-07 12:09:52" comment="ornare, elit elit fermentum risus, at fringilla purus mauris a nunc. In at pede. Cras vulputate velit eu sem. Pellentesque ut ipsum ac mi eleifend egestas. Sed pharetra, felis eget varius ultrices, mauris ipsum porta elit, a feugiat tellus lorem eu metus. In lorem. Donec elementum, lorem ut aliquam iaculis, lacus pede" />
	<customer  id="677" name="Lacy" password="UJQ90ZJH1CH" email="Ut.tincidunt.vehicula@NulladignissimMaecenas.edu" company="Eu Placerat Eget Company" address="P.O. Box 126, 3576 Donec Av." city="Kawawachikamach" postalCode="E1C 3B5" country="Bhutan" phone="(814) 554-1851" fax="(670) 545-3887" registerdate="2015-04-12 04:04:04" logindate="2015-06-02 06:06:50" comment="nisi. Mauris nulla. Integer urna. Vivamus molestie dapibus ligula. Aliquam erat volutpat. Nulla dignissim. Maecenas ornare egestas ligula. Nullam feugiat placerat velit. Quisque varius. Nam porttitor scelerisque neque. Nullam nisl. Maecenas malesuada fringilla est. Mauris eu turpis. Nulla aliquet. Proin velit. Sed malesuada augue ut lacus. Nulla tincidunt, neque vitae semper egestas, urna justo faucibus lectus, a sollicitudin orci sem eget massa. Suspendisse eleifend. Cras sed leo. Cras vehicula aliquet libero. Integer in" />
	<customer  id="678" name="Brett" password="PYU54HTX6LA" email="erat@Curabitur.com" company="Justo PC" address="P.O. Box 454, 2541 Dolor. Av." city="Termeno sulla strada del vino/Tramin an der Weinstrasse" postalCode="174776" country="Greenland" phone="(213) 835-9270" fax="(270) 632-0892" registerdate="2015-08-16 03:08:09" logindate="2015-02-22 09:02:02" comment="ridiculus mus. Donec dignissim magna a tortor. Nunc commodo auctor velit. Aliquam nisl. Nulla eu neque pellentesque massa lobortis ultrices. Vivamus rhoncus. Donec est. Nunc ullamcorper, velit in aliquet lobortis, nisi nibh lacinia orci, consectetuer euismod est arcu ac orci. Ut semper pretium neque. Morbi quis urna. Nunc quis arcu vel quam dignissim pharetra. Nam ac nulla. In tincidunt" />
	<customer  id="679" name="Zena" password="YUV08BWX1EN" email="mauris.sapien@amet.ca" company="Dui Nec Tempus LLP" address="365-202 Eu, Street" city="Lamorteau" postalCode="8730" country="Turkey" phone="(107) 644-8602" fax="(250) 687-8517" registerdate="2015-06-07 03:06:35" logindate="2015-06-21 04:06:30" comment="Nullam ut nisi a odio semper cursus. Integer mollis. Integer tincidunt aliquam arcu. Aliquam ultrices iaculis odio. Nam interdum enim non nisi. Aenean eget metus. In nec orci. Donec nibh. Quisque nonummy ipsum non arcu. Vivamus sit amet risus. Donec egestas. Aliquam nec enim. Nunc ut erat. Sed nunc est, mollis non, cursus non, egestas a, dui. Cras pellentesque. Sed dictum. Proin eget odio. Aliquam vulputate ullamcorper magna. Sed eu eros. Nam consequat dolor vitae dolor. Donec fringilla. Donec feugiat metus sit amet ante. Vivamus non lorem vitae odio sagittis semper." />
	<customer  id="680" name="Winter" password="MOC00ALL7KS" email="arcu.Vivamus@erosnonenim.co.uk" company="Nunc Nulla Vulputate LLC" address="P.O. Box 360, 7096 Augue Av." city="Ruoti" postalCode="63932" country="Moldova" phone="(952) 181-4341" fax="(355) 927-2727" registerdate="2014-01-12 09:01:00" logindate="2014-05-23 02:05:29" comment="tristique ac, eleifend vitae, erat. Vivamus nisi. Mauris nulla. Integer urna. Vivamus molestie dapibus ligula. Aliquam erat volutpat. Nulla dignissim. Maecenas ornare egestas ligula. Nullam feugiat placerat velit. Quisque varius. Nam porttitor scelerisque neque. Nullam nisl. Maecenas malesuada fringilla est. Mauris eu turpis. Nulla aliquet. Proin velit. Sed malesuada augue ut lacus. Nulla tincidunt, neque vitae semper egestas, urna justo faucibus lectus, a sollicitudin" />
	<customer  id="681" name="Stella" password="OTR39JFX4RU" email="non@rutrummagna.co.uk" company="Vivamus Rhoncus Donec Consulting" address="P.O. Box 430, 6845 Eleifend Ave" city="Calco" postalCode="839493" country="French Guiana" phone="(582) 801-4752" fax="(544) 264-3077" registerdate="2015-02-03 10:02:06" logindate="2014-09-06 09:09:13" comment="ultricies dignissim lacus. Aliquam rutrum lorem ac risus. Morbi metus. Vivamus euismod urna. Nullam lobortis quam a felis ullamcorper viverra. Maecenas iaculis aliquet diam. Sed diam lorem, auctor quis, tristique ac, eleifend vitae, erat. Vivamus nisi. Mauris nulla. Integer urna. Vivamus molestie dapibus ligula. Aliquam erat volutpat. Nulla dignissim. Maecenas ornare egestas ligula. Nullam feugiat placerat velit. Quisque varius. Nam porttitor scelerisque neque. Nullam nisl. Maecenas malesuada fringilla est. Mauris eu turpis." />
	<customer  id="682" name="Aaron" password="YOW59PMZ0KE" email="tortor@nisi.co.uk" company="Sem Magna Incorporated" address="784-1573 Quam. St." city="Eastbourne" postalCode="7639" country="Iraq" phone="(724) 317-7003" fax="(520) 634-2099" registerdate="2014-01-20 05:01:55" logindate="2015-06-03 11:06:04" comment="massa. Quisque porttitor eros nec tellus. Nunc lectus pede, ultrices a, auctor non, feugiat nec, diam. Duis mi enim, condimentum eget, volutpat ornare, facilisis eget, ipsum. Donec sollicitudin adipiscing ligula. Aenean gravida nunc sed pede. Cum sociis natoque penatibus et magnis dis parturient montes, nascetur ridiculus mus. Proin vel arcu eu odio tristique" />
	<customer  id="683" name="Nasim" password="MIK80LDA9AH" email="mattis.ornare.lectus@vitaediamProin.com" company="Et Consulting" address="350-1461 In Rd." city="Montluçon" postalCode="51816" country="United States Minor Outlying Islands" phone="(352) 291-7375" fax="(821) 985-9881" registerdate="2013-12-23 08:12:37" logindate="2013-11-12 04:11:24" comment="Aliquam rutrum lorem ac risus. Morbi metus. Vivamus euismod urna. Nullam lobortis quam a felis ullamcorper viverra. Maecenas iaculis aliquet diam. Sed diam lorem, auctor quis, tristique ac, eleifend vitae, erat. Vivamus nisi. Mauris nulla. Integer urna. Vivamus molestie dapibus ligula. Aliquam erat volutpat. Nulla dignissim. Maecenas ornare egestas ligula. Nullam feugiat placerat velit. Quisque varius. Nam porttitor scelerisque neque. Nullam nisl. Maecenas malesuada fringilla est. Mauris eu turpis. Nulla aliquet. Proin velit." />
	<customer  id="684" name="Macy" password="JHD78IUM1VJ" email="tincidunt@pedeCumsociis.edu" company="Non Company" address="917-5617 Quisque St." city="Borchtlombeek" postalCode="36759" country="Gibraltar" phone="(828) 303-9081" fax="(193) 863-3781" registerdate="2014-07-04 05:07:05" logindate="2014-01-26 03:01:19" comment="lobortis tellus justo sit amet nulla. Donec non justo. Proin non massa non ante bibendum ullamcorper. Duis cursus, diam at pretium aliquet, metus urna convallis erat, eget tincidunt dui augue eu tellus. Phasellus elit pede, malesuada vel, venenatis vel, faucibus id, libero. Donec consectetuer mauris id sapien. Cras dolor dolor, tempus non, lacinia at, iaculis quis, pede. Praesent eu dui. Cum sociis natoque penatibus et magnis dis parturient montes, nascetur ridiculus mus. Aenean eget magna. Suspendisse tristique neque" />
	<customer  id="685" name="Nehru" password="NNI91VTU6DA" email="sociis.natoque@duiquis.ca" company="Nam Limited" address="572-5147 Integer Rd." city="Milmort" postalCode="A9H 7H0" country="Belarus" phone="(937) 909-9230" fax="(211) 308-6969" registerdate="2015-05-23 06:05:30" logindate="2015-06-09 09:06:04" comment="enim consequat purus. Maecenas libero est, congue a, aliquet vel, vulputate eu, odio. Phasellus at augue id ante dictum cursus. Nunc mauris elit, dictum eu, eleifend nec, malesuada ut, sem. Nulla interdum. Curabitur dictum. Phasellus in felis. Nulla tempor augue ac ipsum. Phasellus vitae mauris sit amet lorem semper auctor. Mauris vel turpis. Aliquam adipiscing lobortis risus. In mi pede, nonummy ut, molestie in, tempus eu, ligula. Aenean euismod" />
	<customer  id="686" name="Noelle" password="VPG05YTR3EI" email="Nulla.interdum@litora.edu" company="Pellentesque LLP" address="P.O. Box 335, 3437 Dolor. Street" city="Rangiora" postalCode="60212-836" country="Burkina Faso" phone="(858) 964-4908" fax="(137) 717-1075" registerdate="2014-11-27 08:11:47" logindate="2013-11-21 12:11:21" comment="faucibus id, libero. Donec consectetuer mauris id sapien. Cras dolor dolor, tempus non, lacinia at, iaculis quis, pede. Praesent eu dui. Cum sociis natoque penatibus et magnis dis parturient montes, nascetur ridiculus mus. Aenean eget magna. Suspendisse tristique neque venenatis lacus. Etiam bibendum fermentum metus. Aenean sed pede nec ante blandit" />
	<customer  id="687" name="Veronica" password="WGP13IFY6FB" email="sem@SuspendisseduiFusce.org" company="Tortor LLP" address="985-6131 Mollis. Rd." city="Torgnon" postalCode="39466" country="Sao Tome and Principe" phone="(513) 120-2144" fax="(944) 613-6788" registerdate="2015-03-02 12:03:30" logindate="2014-09-28 07:09:15" comment="Integer vulputate, risus a ultricies adipiscing, enim mi tempor lorem, eget mollis lectus pede et risus. Quisque libero lacus, varius et, euismod et, commodo at, libero. Morbi accumsan laoreet ipsum. Curabitur consequat, lectus sit amet luctus vulputate, nisi sem semper erat, in consectetuer ipsum nunc id enim. Curabitur massa. Vestibulum accumsan neque et nunc. Quisque ornare tortor at risus. Nunc ac sem ut dolor dapibus gravida. Aliquam tincidunt, nunc ac mattis ornare, lectus ante dictum mi, ac mattis velit justo nec ante. Maecenas mi felis, adipiscing fringilla, porttitor vulputate, posuere vulputate, lacus." />
	<customer  id="688" name="Lee" password="IBD32NFN6CP" email="eget@utcursus.com" company="At Arcu Institute" address="P.O. Box 808, 1698 Metus. St." city="Casnate con Bernate" postalCode="21605" country="Latvia" phone="(827) 807-8315" fax="(492) 107-6396" registerdate="2013-12-11 10:12:55" logindate="2014-11-10 10:11:40" comment="non enim commodo hendrerit. Donec porttitor tellus non magna. Nam ligula elit, pretium et, rutrum non, hendrerit id, ante. Nunc mauris sapien, cursus in, hendrerit consectetuer, cursus et, magna. Praesent interdum ligula eu enim. Etiam imperdiet dictum magna. Ut tincidunt orci quis lectus. Nullam suscipit, est ac facilisis facilisis, magna tellus faucibus leo," />
	<customer  id="689" name="Whoopi" password="SMN02CCD3SX" email="aliquam@convallis.org" company="Ornare LLC" address="Ap #259-6307 Elementum Rd." city="Empoli" postalCode="17117" country="United Arab Emirates" phone="(230) 355-8112" fax="(756) 583-0404" registerdate="2014-04-03 10:04:32" logindate="2015-05-04 10:05:48" comment="quis diam. Pellentesque habitant morbi tristique senectus et netus et malesuada fames ac turpis egestas. Fusce aliquet magna a neque. Nullam ut nisi a odio semper cursus. Integer mollis. Integer tincidunt aliquam arcu. Aliquam ultrices iaculis odio. Nam interdum enim non nisi. Aenean eget metus. In nec orci. Donec nibh. Quisque nonummy ipsum non arcu. Vivamus sit amet risus. Donec egestas. Aliquam nec enim. Nunc ut erat. Sed nunc est, mollis non, cursus non, egestas a, dui. Cras pellentesque. Sed dictum." />
	<customer  id="690" name="Gabriel" password="LXK04GJS8GK" email="Curabitur.egestas@velsapien.co.uk" company="In Consulting" address="Ap #628-4651 Neque. Avenue" city="Limón (Puerto Limón)" postalCode="8750" country="Lithuania" phone="(132) 704-4890" fax="(319) 575-9780" registerdate="2014-08-20 08:08:31" logindate="2014-06-24 01:06:56" comment="ligula tortor, dictum eu, placerat eget, venenatis a, magna. Lorem ipsum dolor sit amet, consectetuer adipiscing elit. Etiam laoreet, libero et tristique pellentesque, tellus sem mollis dui, in sodales elit erat vitae risus. Duis a mi fringilla mi lacinia mattis. Integer eu lacus. Quisque imperdiet, erat nonummy ultricies ornare, elit elit fermentum risus, at fringilla purus mauris a nunc. In at pede. Cras vulputate velit eu sem. Pellentesque ut ipsum ac mi eleifend egestas. Sed pharetra, felis eget varius ultrices, mauris ipsum porta elit, a feugiat tellus lorem eu metus. In lorem. Donec elementum, lorem" />
	<customer  id="691" name="Ivy" password="CAN49PKW0VF" email="velit@magna.org" company="Mi Tempor Inc." address="529-8412 A Rd." city="Panihati" postalCode="983022" country="Ukraine" phone="(260) 621-9438" fax="(139) 492-1749" registerdate="2013-10-24 04:10:20" logindate="2014-05-09 07:05:25" comment="mauris. Suspendisse aliquet molestie tellus. Aenean egestas hendrerit neque. In ornare sagittis felis. Donec tempor, est ac mattis semper, dui lectus rutrum urna, nec luctus felis purus ac tellus. Suspendisse sed dolor. Fusce mi lorem, vehicula et, rutrum eu, ultrices sit amet, risus. Donec nibh enim, gravida sit amet, dapibus id, blandit at, nisi. Cum sociis natoque penatibus et magnis dis parturient" />
	<customer  id="692" name="Yen" password="HXP16NJD8JS" email="Pellentesque.tincidunt@malesuadamalesuada.org" company="Est Mauris Eu Associates" address="P.O. Box 715, 4465 Faucibus St." city="Erli" postalCode="278055" country="Montenegro" phone="(420) 491-3245" fax="(396) 664-7192" registerdate="2015-06-05 07:06:00" logindate="2014-07-29 06:07:28" comment="enim diam vel arcu. Curabitur ut odio vel est tempor bibendum. Donec felis orci, adipiscing non, luctus sit amet, faucibus ut, nulla. Cras eu tellus eu augue porttitor interdum. Sed auctor odio a purus. Duis elementum, dui quis accumsan convallis, ante lectus convallis est, vitae sodales nisi magna sed dui. Fusce aliquam, enim nec tempus scelerisque, lorem ipsum sodales purus, in molestie tortor nibh sit amet orci. Ut sagittis lobortis mauris. Suspendisse aliquet molestie tellus. Aenean egestas hendrerit neque. In ornare sagittis felis. Donec tempor, est ac mattis semper, dui lectus" />
	<customer  id="693" name="Doris" password="WQU83MFQ7LX" email="Fusce.aliquet@mipede.net" company="Eu Limited" address="9142 Sed Av." city="Amlwch" postalCode="91065" country="Angola" phone="(672) 531-2164" fax="(133) 339-2546" registerdate="2015-08-21 01:08:06" logindate="2014-03-14 05:03:53" comment="tristique neque venenatis lacus. Etiam bibendum fermentum metus. Aenean sed pede nec ante blandit viverra. Donec tempus, lorem fringilla ornare placerat, orci lacus vestibulum lorem, sit amet ultricies sem magna nec quam. Curabitur vel lectus. Cum sociis natoque penatibus et magnis dis parturient montes, nascetur ridiculus mus. Donec dignissim magna a tortor. Nunc commodo auctor velit. Aliquam nisl. Nulla" />
	<customer  id="694" name="Dale" password="IZB76SOA4QE" email="est.congue@vestibulumneque.co.uk" company="Quis Diam Corporation" address="Ap #229-8555 Lorem Ave" city="Owensboro" postalCode="511487" country="Chad" phone="(222) 152-3310" fax="(681) 446-8333" registerdate="2013-09-28 02:09:19" logindate="2015-07-03 05:07:39" comment="arcu. Sed eu nibh vulputate mauris sagittis placerat. Cras dictum ultricies ligula. Nullam enim. Sed nulla ante, iaculis nec, eleifend non, dapibus rutrum, justo. Praesent luctus. Curabitur egestas nunc sed libero. Proin sed turpis nec mauris blandit mattis. Cras eget nisi dictum augue malesuada malesuada. Integer id magna et ipsum cursus vestibulum. Mauris magna. Duis dignissim tempor arcu. Vestibulum ut eros" />
	<customer  id="695" name="Sonia" password="PSH02NDM0MG" email="semper.dui@Nullamsuscipitest.org" company="Phasellus Dapibus Quam Consulting" address="4509 Aliquam Road" city="Andalo" postalCode="40116" country="Greenland" phone="(772) 139-9097" fax="(407) 722-3763" registerdate="2014-01-20 11:01:50" logindate="2014-05-22 01:05:11" comment="eget massa. Suspendisse eleifend. Cras sed leo. Cras vehicula aliquet libero. Integer in magna. Phasellus dolor elit, pellentesque a, facilisis non, bibendum sed, est. Nunc laoreet lectus quis massa. Mauris vestibulum, neque sed dictum eleifend, nunc risus varius orci, in consequat enim diam vel arcu. Curabitur ut odio vel est tempor bibendum. Donec felis orci, adipiscing non, luctus sit amet, faucibus ut, nulla. Cras eu tellus eu augue porttitor interdum. Sed auctor odio a purus. Duis elementum, dui quis accumsan convallis, ante lectus convallis est, vitae sodales nisi magna sed dui. Fusce aliquam, enim nec tempus" />
	<customer  id="696" name="Brennan" password="ZUN46SZH8SF" email="ipsum.Phasellus.vitae@Sedet.org" company="Consequat Associates" address="Ap #521-1268 Erat, Rd." city="Richmond" postalCode="84-133" country="Honduras" phone="(498) 960-5603" fax="(714) 922-1973" registerdate="2015-03-23 01:03:41" logindate="2015-04-29 09:04:52" comment="nec ligula consectetuer rhoncus. Nullam velit dui, semper et, lacinia vitae, sodales at, velit. Pellentesque ultricies dignissim lacus. Aliquam rutrum lorem ac risus. Morbi metus. Vivamus euismod urna. Nullam lobortis quam a felis ullamcorper viverra. Maecenas iaculis aliquet diam. Sed diam lorem, auctor quis, tristique ac, eleifend vitae, erat. Vivamus nisi. Mauris nulla. Integer urna. Vivamus molestie dapibus ligula. Aliquam erat volutpat. Nulla dignissim. Maecenas ornare egestas ligula. Nullam feugiat placerat velit. Quisque varius. Nam porttitor" />
	<customer  id="697" name="Joseph" password="SQU42PJW4PR" email="lobortis.ultrices.Vivamus@lectusjustoeu.co.uk" company="Mauris Corp." address="P.O. Box 168, 6568 Proin Rd." city="Dunedin" postalCode="41579" country="Andorra" phone="(441) 905-8013" fax="(389) 223-1996" registerdate="2014-01-28 07:01:20" logindate="2015-03-02 06:03:30" comment="condimentum. Donec at arcu. Vestibulum ante ipsum primis in faucibus orci luctus et ultrices posuere cubilia Curae Donec tincidunt. Donec vitae erat vel pede blandit congue. In scelerisque scelerisque dui. Suspendisse ac metus vitae velit egestas lacinia. Sed congue, elit sed consequat auctor, nunc nulla vulputate dui, nec tempus mauris erat eget ipsum. Suspendisse sagittis. Nullam vitae diam. Proin dolor. Nulla semper tellus id nunc interdum feugiat. Sed nec metus facilisis lorem" />
	<customer  id="698" name="Channing" password="IJA43JSC7TF" email="ullamcorper@libero.co.uk" company="Vehicula LLC" address="Ap #634-7203 Imperdiet St." city="Dolembreux" postalCode="93-795" country="Romania" phone="(316) 806-1783" fax="(835) 890-3642" registerdate="2014-08-07 09:08:10" logindate="2014-06-30 02:06:55" comment="Integer vulputate, risus a ultricies adipiscing, enim mi tempor lorem, eget mollis lectus pede et risus. Quisque libero lacus, varius et, euismod et, commodo at, libero. Morbi accumsan laoreet ipsum. Curabitur consequat, lectus sit amet luctus vulputate, nisi sem semper erat, in consectetuer ipsum nunc id enim. Curabitur massa. Vestibulum accumsan neque et nunc. Quisque ornare tortor at risus. Nunc ac sem ut dolor dapibus gravida. Aliquam tincidunt, nunc ac mattis ornare, lectus ante dictum mi, ac mattis velit justo nec ante. Maecenas mi" />
	<customer  id="699" name="Aladdin" password="CYP11DRK9AO" email="at.augue.id@ullamcorperDuis.edu" company="Consequat Dolor Vitae Corporation" address="953-9251 Neque. Street" city="Te Puke" postalCode="30604-564" country="Hong Kong" phone="(827) 891-7363" fax="(818) 882-5567" registerdate="2015-05-09 05:05:10" logindate="2015-04-22 03:04:50" comment="tortor, dictum eu, placerat eget, venenatis a, magna. Lorem ipsum dolor sit amet, consectetuer adipiscing elit. Etiam laoreet, libero et tristique pellentesque, tellus sem mollis dui, in sodales elit erat vitae risus. Duis a mi fringilla mi lacinia mattis. Integer eu lacus. Quisque imperdiet, erat nonummy ultricies ornare, elit elit fermentum risus, at fringilla purus mauris a nunc. In at pede. Cras vulputate velit eu sem. Pellentesque ut ipsum ac mi eleifend egestas. Sed pharetra, felis eget varius ultrices, mauris ipsum porta elit, a feugiat tellus lorem eu metus. In lorem. Donec" />
	<customer  id="700" name="Tobias" password="FLF88GWJ2FJ" email="et.eros@venenatis.co.uk" company="Massa Quisque Foundation" address="647-316 Augue Street" city="Lloydminster" postalCode="523625" country="Guatemala" phone="(146) 917-2691" fax="(211) 569-4696" registerdate="2013-10-24 08:10:21" logindate="2015-08-15 07:08:07" comment="arcu. Curabitur ut odio vel est tempor bibendum. Donec felis orci, adipiscing non, luctus sit amet, faucibus ut, nulla. Cras eu tellus eu augue porttitor interdum. Sed auctor odio a purus. Duis elementum, dui quis accumsan convallis, ante lectus convallis est, vitae sodales nisi magna sed dui. Fusce aliquam, enim nec tempus scelerisque, lorem ipsum sodales purus, in molestie tortor nibh sit amet orci. Ut sagittis lobortis mauris. Suspendisse aliquet molestie tellus. Aenean egestas hendrerit neque. In ornare sagittis felis. Donec tempor, est ac mattis semper, dui lectus rutrum urna, nec luctus felis purus ac tellus. Suspendisse sed dolor." />
	<customer  id="701" name="Shea" password="DGR45CFO6BJ" email="Cras.interdum@necimperdiet.org" company="Turpis Institute" address="P.O. Box 310, 3134 Phasellus Avenue" city="Bussolengo" postalCode="4163" country="Bhutan" phone="(469) 396-3742" fax="(520) 220-4518" registerdate="2015-05-07 07:05:03" logindate="2015-03-17 10:03:49" comment="sapien. Aenean massa. Integer vitae nibh. Donec est mauris, rhoncus id, mollis nec, cursus a, enim. Suspendisse aliquet, sem ut cursus luctus, ipsum leo elementum sem, vitae aliquam eros turpis non enim. Mauris quis turpis vitae purus gravida sagittis. Duis gravida. Praesent eu nulla at sem molestie sodales. Mauris blandit enim consequat purus. Maecenas libero est, congue a, aliquet vel, vulputate eu, odio. Phasellus at augue id ante dictum cursus. Nunc" />
	<customer  id="702" name="Briar" password="RIA80IRH6SI" email="ante.dictum.mi@nislarcu.com" company="Vestibulum Ut Eros Limited" address="Ap #377-7299 Duis Ave" city="Oranienburg" postalCode="96896" country="Somalia" phone="(797) 928-5415" fax="(152) 639-9854" registerdate="2013-11-03 01:11:59" logindate="2014-02-27 03:02:37" comment="quis urna. Nunc quis arcu vel quam dignissim pharetra. Nam ac nulla. In tincidunt congue turpis. In condimentum. Donec at arcu. Vestibulum ante ipsum primis in faucibus orci luctus et ultrices posuere cubilia Curae Donec tincidunt. Donec vitae erat vel pede blandit congue. In scelerisque scelerisque dui. Suspendisse ac metus vitae velit egestas lacinia. Sed congue, elit sed consequat auctor, nunc nulla vulputate dui, nec tempus mauris erat eget ipsum. Suspendisse sagittis. Nullam vitae diam. Proin dolor. Nulla semper tellus id nunc interdum feugiat. Sed nec metus facilisis lorem tristique aliquet. Phasellus fermentum convallis ligula. Donec luctus aliquet odio. Etiam" />
	<customer  id="703" name="Jocelyn" password="QRA59SYE4KI" email="erat@odio.edu" company="Morbi Accumsan Laoreet LLC" address="Ap #799-5103 Et Rd." city="Awka" postalCode="01-928" country="Faroe Islands" phone="(479) 568-0253" fax="(798) 594-9065" registerdate="2014-08-16 07:08:38" logindate="2013-10-20 05:10:56" comment="risus. Donec egestas. Aliquam nec enim. Nunc ut erat. Sed nunc est, mollis non, cursus non, egestas a, dui. Cras pellentesque. Sed dictum. Proin eget odio. Aliquam vulputate ullamcorper magna. Sed eu eros. Nam consequat dolor vitae dolor. Donec fringilla. Donec feugiat metus sit amet ante. Vivamus non lorem vitae odio sagittis semper. Nam tempor diam dictum sapien. Aenean massa. Integer vitae nibh. Donec est mauris, rhoncus id, mollis nec, cursus a, enim. Suspendisse aliquet, sem ut cursus" />
	<customer  id="704" name="Aretha" password="NEV99OVW4SN" email="nisl@at.co.uk" company="Et Corporation" address="P.O. Box 185, 5791 Ultricies Rd." city="Caprino Bergamasco" postalCode="T1X 3E1" country="Macao" phone="(311) 797-3029" fax="(256) 223-6632" registerdate="2014-02-03 09:02:37" logindate="2014-07-03 02:07:45" comment="sed dui. Fusce aliquam, enim nec tempus scelerisque, lorem ipsum sodales purus, in molestie tortor nibh sit amet orci. Ut sagittis lobortis mauris. Suspendisse aliquet molestie tellus. Aenean egestas hendrerit neque. In ornare sagittis felis. Donec tempor, est ac mattis semper, dui lectus rutrum urna, nec luctus felis purus ac tellus. Suspendisse sed dolor. Fusce mi lorem, vehicula et, rutrum eu, ultrices sit amet, risus. Donec nibh enim, gravida" />
	<customer  id="705" name="Elton" password="HJD87KMD8NI" email="quis@Uttinciduntvehicula.com" company="Luctus PC" address="P.O. Box 780, 4274 Dolor St." city="Sclayn" postalCode="15764-002" country="Bermuda" phone="(650) 354-1916" fax="(685) 598-0364" registerdate="2013-11-28 11:11:17" logindate="2015-08-16 04:08:07" comment="congue, elit sed consequat auctor, nunc nulla vulputate dui, nec tempus mauris erat eget ipsum. Suspendisse sagittis. Nullam vitae diam. Proin dolor. Nulla semper tellus id nunc interdum feugiat. Sed nec metus facilisis lorem tristique aliquet. Phasellus fermentum convallis ligula. Donec luctus aliquet odio. Etiam ligula tortor, dictum eu, placerat eget, venenatis a, magna. Lorem ipsum dolor sit amet, consectetuer adipiscing elit." />
	<customer  id="706" name="Uriel" password="RKI97HXT7ZM" email="tellus.Phasellus@semNullainterdum.org" company="Sagittis Placerat Industries" address="238-2661 Laoreet Avenue" city="Bijapur" postalCode="17280" country="Congo (Brazzaville)" phone="(652) 405-2867" fax="(109) 421-7822" registerdate="2013-09-29 07:09:39" logindate="2015-01-10 12:01:15" comment="facilisis, magna tellus faucibus leo, in lobortis tellus justo sit amet nulla. Donec non justo. Proin non massa non ante bibendum ullamcorper. Duis cursus, diam at pretium aliquet, metus urna convallis erat, eget tincidunt dui augue eu tellus. Phasellus elit pede, malesuada vel, venenatis vel, faucibus id, libero. Donec consectetuer mauris id sapien. Cras dolor dolor, tempus" />
	<customer  id="707" name="Justin" password="LOM98VOE1PB" email="leo.Cras.vehicula@ipsumportaelit.ca" company="Mollis Industries" address="895-4264 Porttitor Av." city="Ellikom" postalCode="51916" country="Portugal" phone="(204) 107-8633" fax="(942) 347-3548" registerdate="2014-04-15 08:04:56" logindate="2014-06-28 08:06:16" comment="magna. Suspendisse tristique neque venenatis lacus. Etiam bibendum fermentum metus. Aenean sed pede nec ante blandit viverra. Donec tempus, lorem fringilla ornare placerat, orci lacus vestibulum lorem, sit amet ultricies sem magna nec quam. Curabitur vel lectus. Cum sociis natoque penatibus et magnis dis parturient montes, nascetur ridiculus mus. Donec dignissim magna a tortor. Nunc commodo auctor velit. Aliquam nisl. Nulla eu neque pellentesque massa lobortis ultrices. Vivamus rhoncus. Donec est. Nunc ullamcorper, velit in aliquet lobortis," />
	<customer  id="708" name="Nell" password="AOP84BEU8MY" email="eget.laoreet.posuere@montes.org" company="Nulla Foundation" address="7376 Orci Rd." city="Hondelange" postalCode="2975" country="Iceland" phone="(235) 706-8394" fax="(876) 803-2896" registerdate="2013-10-06 10:10:47" logindate="2014-12-04 04:12:24" comment="parturient montes, nascetur ridiculus mus. Proin vel nisl. Quisque fringilla euismod enim. Etiam gravida molestie arcu. Sed eu nibh vulputate mauris sagittis placerat. Cras dictum ultricies ligula. Nullam enim. Sed nulla ante, iaculis nec, eleifend non, dapibus rutrum, justo. Praesent luctus. Curabitur egestas nunc sed libero. Proin sed turpis nec mauris blandit mattis. Cras eget nisi dictum augue" />
	<customer  id="709" name="Carson" password="MOL56EEQ1YA" email="arcu.Vestibulum@sempereratin.com" company="Sem Molestie Sodales Company" address="6659 Non Ave" city="Diets-Heur" postalCode="75845-602" country="Marshall Islands" phone="(237) 231-1908" fax="(449) 831-7646" registerdate="2015-05-07 05:05:59" logindate="2014-04-12 10:04:26" comment="In at pede. Cras vulputate velit eu sem. Pellentesque ut ipsum ac mi eleifend egestas. Sed pharetra, felis eget varius ultrices, mauris ipsum porta elit, a feugiat tellus lorem eu metus. In lorem. Donec elementum, lorem ut aliquam iaculis, lacus pede sagittis augue, eu tempor erat neque non quam. Pellentesque habitant morbi tristique senectus et netus et malesuada fames ac turpis egestas. Aliquam fringilla cursus purus. Nullam scelerisque neque sed sem egestas blandit. Nam nulla magna, malesuada vel, convallis in, cursus et, eros. Proin ultrices. Duis volutpat nunc sit amet metus. Aliquam" />
	<customer  id="710" name="Jonah" password="EJF48BDX7MM" email="adipiscing@Proinultrices.ca" company="Varius Consulting" address="P.O. Box 148, 3466 Nulla Ave" city="Ficarolo" postalCode="31414" country="Czech Republic" phone="(554) 781-6244" fax="(981) 494-5875" registerdate="2014-09-14 12:09:58" logindate="2015-07-10 03:07:42" comment="Nunc mauris sapien, cursus in, hendrerit consectetuer, cursus et, magna. Praesent interdum ligula eu enim. Etiam imperdiet dictum magna. Ut tincidunt orci quis lectus. Nullam suscipit, est ac facilisis facilisis, magna tellus faucibus leo, in lobortis tellus justo sit amet nulla. Donec non justo. Proin non massa non ante bibendum ullamcorper. Duis cursus, diam at pretium aliquet, metus urna convallis erat, eget tincidunt dui augue eu tellus. Phasellus elit pede, malesuada vel, venenatis vel, faucibus id, libero. Donec consectetuer mauris id sapien. Cras dolor" />
	<customer  id="711" name="Neve" password="NHN68DNU9YU" email="nec@nonlobortisquis.com" company="Parturient Montes Nascetur LLC" address="604-9820 Dictum Avenue" city="Neuwied" postalCode="90958" country="Denmark" phone="(281) 797-2281" fax="(297) 682-5434" registerdate="2014-09-10 05:09:23" logindate="2015-03-03 01:03:04" comment="imperdiet dictum magna. Ut tincidunt orci quis lectus. Nullam suscipit, est ac facilisis facilisis, magna tellus faucibus leo, in lobortis tellus justo sit amet nulla. Donec non justo. Proin non massa non ante bibendum ullamcorper. Duis cursus, diam at pretium aliquet, metus urna convallis erat, eget tincidunt dui augue eu tellus. Phasellus elit pede, malesuada vel, venenatis vel, faucibus id, libero. Donec consectetuer mauris id sapien. Cras dolor dolor, tempus non, lacinia at, iaculis quis, pede. Praesent eu dui. Cum sociis natoque penatibus et magnis dis parturient montes, nascetur ridiculus mus. Aenean eget magna. Suspendisse tristique neque" />
	<customer  id="712" name="Jin" password="VAH04EBV9WJ" email="non.quam@Aeneaneget.net" company="Nascetur Ridiculus Mus LLP" address="P.O. Box 539, 8891 Sollicitudin St." city="Penicuik" postalCode="679605" country="Ghana" phone="(383) 594-2873" fax="(784) 903-4927" registerdate="2015-01-02 10:01:30" logindate="2015-08-17 06:08:42" comment="dapibus quam quis diam. Pellentesque habitant morbi tristique senectus et netus et malesuada fames ac turpis egestas. Fusce aliquet magna a neque. Nullam ut nisi a odio semper cursus. Integer mollis. Integer tincidunt aliquam arcu. Aliquam ultrices iaculis odio. Nam interdum enim non nisi. Aenean eget metus. In nec orci. Donec" />
	<customer  id="713" name="Roary" password="EZU38LCU1YT" email="tellus.id.nunc@egetmollis.com" company="Consectetuer Cursus Et Institute" address="P.O. Box 189, 4363 Aliquam Avenue" city="Corswarem" postalCode="A0R 1K1" country="Malawi" phone="(249) 101-3667" fax="(646) 367-3720" registerdate="2015-02-28 03:02:21" logindate="2014-01-03 07:01:31" comment="orci. Ut semper pretium neque. Morbi quis urna. Nunc quis arcu vel quam dignissim pharetra. Nam ac nulla. In tincidunt congue turpis. In condimentum. Donec at arcu. Vestibulum ante ipsum primis in faucibus orci luctus et ultrices posuere cubilia Curae Donec tincidunt. Donec vitae erat vel pede blandit congue. In scelerisque scelerisque dui. Suspendisse ac metus vitae velit egestas lacinia. Sed congue, elit sed consequat auctor, nunc nulla" />
	<customer  id="714" name="Jeremy" password="HAV91QEJ2CS" email="ornare@fringillacursuspurus.ca" company="Dolor Ltd" address="443-6613 Ut Avenue" city="Cimolais" postalCode="767389" country="Côte D'Ivoire (Ivory Coast)" phone="(431) 309-5180" fax="(339) 924-4750" registerdate="2014-12-25 09:12:56" logindate="2014-04-06 06:04:30" comment="vehicula risus. Nulla eget metus eu erat semper rutrum. Fusce dolor quam, elementum at, egestas a, scelerisque sed, sapien. Nunc pulvinar arcu et pede. Nunc sed orci lobortis augue scelerisque mollis. Phasellus libero mauris, aliquam eu, accumsan sed, facilisis vitae, orci. Phasellus dapibus quam quis diam. Pellentesque habitant morbi tristique senectus et netus et malesuada fames ac turpis egestas. Fusce aliquet magna a neque. Nullam ut nisi a odio semper cursus. Integer mollis. Integer tincidunt aliquam arcu. Aliquam ultrices iaculis odio. Nam interdum enim non nisi. Aenean eget metus. In nec orci." />
	<customer  id="715" name="Faith" password="LXI98XKU0HE" email="vulputate.eu.odio@utnisia.co.uk" company="Lacus Industries" address="3834 Nunc Av." city="Campinas" postalCode="509034" country="Nepal" phone="(736) 895-4960" fax="(470) 399-6013" registerdate="2015-03-15 12:03:12" logindate="2013-08-26 09:08:53" comment="Nunc sed orci lobortis augue scelerisque mollis. Phasellus libero mauris, aliquam eu, accumsan sed, facilisis vitae, orci. Phasellus dapibus quam quis diam. Pellentesque habitant morbi tristique senectus et netus et malesuada fames ac turpis egestas. Fusce aliquet magna a neque. Nullam ut nisi a odio semper cursus. Integer mollis. Integer tincidunt aliquam arcu. Aliquam ultrices iaculis odio. Nam interdum enim non nisi. Aenean eget metus. In nec orci. Donec nibh. Quisque nonummy ipsum non arcu. Vivamus sit" />
	<customer  id="716" name="Mechelle" password="MQC21GES2DN" email="Mauris.vestibulum@orcilobortisaugue.net" company="Natoque LLP" address="Ap #784-6526 Cras Rd." city="Isola del Gran Sasso d'Italia" postalCode="2173" country="Norway" phone="(733) 894-9127" fax="(209) 469-4104" registerdate="2014-04-07 09:04:00" logindate="2013-12-19 05:12:49" comment="auctor ullamcorper, nisl arcu iaculis enim, sit amet ornare lectus justo eu arcu. Morbi sit amet massa. Quisque porttitor eros nec tellus. Nunc lectus pede, ultrices a, auctor non, feugiat nec, diam. Duis mi enim, condimentum eget, volutpat ornare, facilisis eget, ipsum. Donec sollicitudin adipiscing ligula. Aenean gravida nunc sed pede. Cum sociis natoque penatibus et magnis" />
	<customer  id="717" name="Vaughan" password="VQG66PFK1PV" email="nec.ligula@diamDuismi.ca" company="Est Associates" address="P.O. Box 755, 8842 Ac Av." city="Silifke" postalCode="A5A 4Z5" country="French Guiana" phone="(549) 316-0844" fax="(979) 675-3135" registerdate="2015-01-04 06:01:49" logindate="2013-09-19 08:09:30" comment="at arcu. Vestibulum ante ipsum primis in faucibus orci luctus et ultrices posuere cubilia Curae Donec tincidunt. Donec vitae erat vel pede blandit congue. In scelerisque scelerisque dui. Suspendisse ac metus vitae velit egestas lacinia. Sed congue, elit sed consequat auctor, nunc nulla vulputate dui, nec tempus mauris erat eget ipsum. Suspendisse sagittis. Nullam vitae diam. Proin dolor. Nulla semper tellus id nunc interdum feugiat." />
	<customer  id="718" name="Zeph" password="LPW70UUM8RO" email="Lorem.ipsum@cursus.edu" company="Feugiat Nec Diam PC" address="2975 Cras Rd." city="Van" postalCode="5855" country="Yemen" phone="(528) 781-3975" fax="(577) 676-2777" registerdate="2014-04-18 10:04:32" logindate="2015-03-29 09:03:16" comment="Nullam ut nisi a odio semper cursus. Integer mollis. Integer tincidunt aliquam arcu. Aliquam ultrices iaculis odio. Nam interdum enim non nisi. Aenean eget metus. In nec orci. Donec nibh. Quisque nonummy ipsum non arcu. Vivamus sit amet risus. Donec egestas. Aliquam nec enim. Nunc ut erat. Sed nunc est, mollis" />
	<customer  id="719" name="Keelie" password="FAG53LOR0UU" email="Cras.vehicula@Fusce.com" company="Commodo Ipsum Suspendisse Consulting" address="Ap #128-4254 Metus. Rd." city="Sefro" postalCode="1253" country="Mexico" phone="(773) 222-1310" fax="(217) 457-7810" registerdate="2015-03-04 11:03:43" logindate="2015-03-04 06:03:29" comment="id, mollis nec, cursus a, enim. Suspendisse aliquet, sem ut cursus luctus, ipsum leo elementum sem, vitae aliquam eros turpis non enim. Mauris quis turpis vitae purus gravida sagittis. Duis gravida. Praesent eu nulla at sem molestie sodales. Mauris blandit enim consequat purus. Maecenas libero est, congue a, aliquet vel, vulputate eu, odio. Phasellus" />
	<customer  id="720" name="Carla" password="WDX78NIS0CK" email="leo@augueut.edu" company="Class PC" address="Ap #815-2235 Facilisis. Av." city="Tirrases" postalCode="94553" country="Rwanda" phone="(976) 931-4482" fax="(118) 574-6784" registerdate="2015-01-10 03:01:45" logindate="2014-04-09 12:04:15" comment="senectus et netus et malesuada fames ac turpis egestas. Aliquam fringilla cursus purus. Nullam scelerisque neque sed sem egestas blandit. Nam nulla magna, malesuada vel, convallis in, cursus et, eros. Proin ultrices. Duis volutpat nunc sit amet metus. Aliquam erat volutpat. Nulla facilisis. Suspendisse commodo tincidunt nibh. Phasellus nulla. Integer vulputate, risus a ultricies adipiscing, enim mi tempor lorem, eget mollis lectus pede et risus. Quisque libero lacus, varius et, euismod et, commodo at, libero. Morbi accumsan laoreet ipsum. Curabitur consequat, lectus sit amet luctus vulputate, nisi sem semper erat, in consectetuer ipsum nunc id enim." />
	<customer  id="721" name="Rahim" password="XNL52TDU0RM" email="rutrum@Ut.co.uk" company="Mauris Suspendisse Aliquet Company" address="980-4926 Tortor Street" city="Labico" postalCode="45-066" country="Guadeloupe" phone="(807) 313-8554" fax="(310) 535-5628" registerdate="2015-02-02 12:02:01" logindate="2013-11-22 11:11:33" comment="tristique senectus et netus et malesuada fames ac turpis egestas. Fusce aliquet magna a neque. Nullam ut nisi a odio semper cursus. Integer mollis. Integer tincidunt aliquam arcu. Aliquam ultrices iaculis odio. Nam interdum enim non nisi. Aenean eget metus. In nec orci. Donec nibh. Quisque nonummy ipsum non arcu. Vivamus sit amet risus. Donec egestas. Aliquam nec enim. Nunc ut erat. Sed nunc est, mollis non, cursus non, egestas a, dui. Cras pellentesque. Sed" />
	<customer  id="722" name="Hunter" password="XGB32UVZ6YJ" email="Duis.ac@ac.org" company="Lobortis Company" address="P.O. Box 896, 7630 Lorem Av." city="San Zenone degli Ezzelini" postalCode="62-464" country="Guernsey" phone="(895) 115-4660" fax="(148) 975-6356" registerdate="2015-06-07 03:06:22" logindate="2015-06-03 03:06:19" comment="dis parturient montes, nascetur ridiculus mus. Aenean eget magna. Suspendisse tristique neque venenatis lacus. Etiam bibendum fermentum metus. Aenean sed pede nec ante blandit viverra. Donec tempus, lorem fringilla ornare placerat, orci lacus vestibulum lorem, sit amet ultricies sem magna nec quam. Curabitur vel lectus. Cum sociis natoque penatibus et magnis dis parturient montes, nascetur ridiculus mus. Donec dignissim magna a tortor. Nunc commodo auctor velit. Aliquam nisl. Nulla eu neque pellentesque" />
	<customer  id="723" name="Jelani" password="DKL12GTD7RY" email="eget@nonmagna.com" company="Luctus Ut Pellentesque Foundation" address="8119 Justo Ave" city="Linkebeek" postalCode="9428JB" country="Palestine, State of" phone="(952) 379-9076" fax="(849) 284-9262" registerdate="2014-03-09 11:03:59" logindate="2014-04-02 08:04:28" comment="turpis. Aliquam adipiscing lobortis risus. In mi pede, nonummy ut, molestie in, tempus eu, ligula. Aenean euismod mauris eu elit. Nulla facilisi. Sed neque. Sed eget lacus. Mauris non dui nec urna suscipit nonummy. Fusce fermentum fermentum arcu. Vestibulum ante ipsum primis in faucibus orci luctus et ultrices posuere cubilia Curae Phasellus ornare. Fusce mollis. Duis sit amet diam eu dolor egestas rhoncus. Proin nisl sem, consequat nec, mollis" />
	<customer  id="724" name="Ruth" password="WMB44EAS3PO" email="eu@tellusloremeu.edu" company="Ut Sem Nulla Inc." address="644-3613 Quam Street" city="Murray Bridge" postalCode="9832" country="Sierra Leone" phone="(923) 205-1719" fax="(431) 814-6437" registerdate="2015-06-22 12:06:42" logindate="2013-11-10 09:11:05" comment="vel, vulputate eu, odio. Phasellus at augue id ante dictum cursus. Nunc mauris elit, dictum eu, eleifend nec, malesuada ut, sem. Nulla interdum. Curabitur dictum. Phasellus in felis. Nulla tempor augue ac ipsum. Phasellus vitae mauris sit amet lorem semper auctor. Mauris vel turpis. Aliquam adipiscing lobortis risus. In mi pede, nonummy ut, molestie in, tempus eu, ligula. Aenean euismod mauris eu elit. Nulla facilisi. Sed neque. Sed eget lacus. Mauris" />
	<customer  id="725" name="Hyacinth" password="FRV37JKA3VO" email="faucibus@vulputatenisisem.ca" company="Lacus Institute" address="P.O. Box 618, 4539 Libero Road" city="Victor Harbor" postalCode="62683" country="Guatemala" phone="(907) 919-0646" fax="(609) 855-1982" registerdate="2014-09-22 01:09:58" logindate="2014-01-17 09:01:46" comment="sagittis felis. Donec tempor, est ac mattis semper, dui lectus rutrum urna, nec luctus felis purus ac tellus. Suspendisse sed dolor. Fusce mi lorem, vehicula et, rutrum eu, ultrices sit amet, risus. Donec nibh enim, gravida sit amet, dapibus id, blandit at, nisi. Cum sociis natoque penatibus et magnis dis parturient montes, nascetur ridiculus mus. Proin vel" />
	<customer  id="726" name="Rina" password="FVP99AFM5UW" email="nibh.dolor@Nulla.ca" company="Ut Company" address="Ap #297-6815 In Street" city="Montgomery" postalCode="59410" country="Israel" phone="(683) 378-4996" fax="(858) 394-7187" registerdate="2015-02-28 07:02:22" logindate="2014-03-11 05:03:58" comment="tristique aliquet. Phasellus fermentum convallis ligula. Donec luctus aliquet odio. Etiam ligula tortor, dictum eu, placerat eget, venenatis a, magna. Lorem ipsum dolor sit amet, consectetuer adipiscing elit. Etiam laoreet, libero et tristique pellentesque, tellus sem mollis dui, in sodales elit erat vitae risus. Duis a mi fringilla mi lacinia mattis. Integer eu lacus. Quisque imperdiet, erat nonummy ultricies ornare, elit elit fermentum risus, at fringilla purus mauris a nunc. In at pede. Cras vulputate velit eu" />
	<customer  id="727" name="Kay" password="CJC84JEV7NQ" email="felis.orci.adipiscing@scelerisquedui.org" company="Suspendisse Dui Associates" address="P.O. Box 396, 9877 Malesuada Rd." city="Albano di Lucania" postalCode="4315GR" country="Wallis and Futuna" phone="(718) 436-3057" fax="(585) 122-8486" registerdate="2014-08-06 09:08:37" logindate="2014-10-02 10:10:12" comment="Nam nulla magna, malesuada vel, convallis in, cursus et, eros. Proin ultrices. Duis volutpat nunc sit amet metus. Aliquam erat volutpat. Nulla facilisis. Suspendisse commodo tincidunt nibh. Phasellus nulla. Integer vulputate, risus a ultricies adipiscing, enim mi tempor lorem, eget mollis lectus pede et risus. Quisque libero lacus, varius et, euismod et, commodo at, libero. Morbi accumsan laoreet ipsum. Curabitur consequat, lectus sit amet luctus vulputate, nisi sem semper erat, in consectetuer ipsum nunc id enim. Curabitur massa. Vestibulum accumsan neque et nunc. Quisque ornare tortor at risus. Nunc ac sem ut dolor dapibus gravida. Aliquam tincidunt, nunc" />
	<customer  id="728" name="Althea" password="XPU13ZGQ0ML" email="Mauris@Donecvitaeerat.co.uk" company="Duis Gravida Praesent Consulting" address="Ap #716-4009 Lacus. St." city="Guntur" postalCode="6743SI" country="Madagascar" phone="(377) 225-9977" fax="(392) 625-6555" registerdate="2013-08-26 03:08:11" logindate="2013-10-16 06:10:12" comment="ante dictum cursus. Nunc mauris elit, dictum eu, eleifend nec, malesuada ut, sem. Nulla interdum. Curabitur dictum. Phasellus in felis. Nulla tempor augue ac ipsum. Phasellus vitae mauris sit amet lorem semper auctor. Mauris vel turpis. Aliquam adipiscing lobortis risus. In mi pede, nonummy ut, molestie in, tempus eu, ligula. Aenean euismod mauris eu elit. Nulla facilisi. Sed neque. Sed eget lacus. Mauris non dui nec urna suscipit nonummy. Fusce fermentum fermentum arcu. Vestibulum ante ipsum primis in faucibus orci luctus et ultrices posuere cubilia Curae Phasellus ornare. Fusce mollis. Duis sit amet diam eu dolor egestas rhoncus. Proin" />
	<customer  id="729" name="Berk" password="XBN35YDQ8BV" email="semper.egestas@miacmattis.net" company="Neque In Consulting" address="146-220 Tellus. Rd." city="Cognelee" postalCode="4201" country="Singapore" phone="(854) 379-3574" fax="(856) 326-1256" registerdate="2015-08-13 07:08:37" logindate="2013-09-25 06:09:42" comment="cursus purus. Nullam scelerisque neque sed sem egestas blandit. Nam nulla magna, malesuada vel, convallis in, cursus et, eros. Proin ultrices. Duis volutpat nunc sit amet metus. Aliquam erat volutpat. Nulla facilisis. Suspendisse commodo tincidunt nibh. Phasellus nulla. Integer vulputate, risus a ultricies adipiscing, enim mi tempor lorem, eget mollis lectus pede et risus. Quisque libero lacus, varius et, euismod et, commodo at, libero. Morbi accumsan laoreet ipsum. Curabitur consequat, lectus sit amet luctus vulputate, nisi sem semper erat, in consectetuer ipsum nunc id enim. Curabitur massa. Vestibulum accumsan" />
	<customer  id="730" name="Alice" password="WHN87QBL8SC" email="enim@metus.ca" company="Tempus Lorem Ltd" address="9507 Arcu St." city="Irvine" postalCode="33217-897" country="Cape Verde" phone="(582) 124-1785" fax="(152) 998-2387" registerdate="2014-01-03 11:01:32" logindate="2015-01-01 01:01:57" comment="elit pede, malesuada vel, venenatis vel, faucibus id, libero. Donec consectetuer mauris id sapien. Cras dolor dolor, tempus non, lacinia at, iaculis quis, pede. Praesent eu dui. Cum sociis natoque penatibus et magnis dis parturient montes, nascetur ridiculus mus. Aenean eget magna. Suspendisse tristique neque venenatis lacus. Etiam bibendum fermentum metus." />
	<customer  id="731" name="Benjamin" password="NPR70UBZ5MU" email="nec.leo@esttemporbibendum.co.uk" company="Est Nunc Ullamcorper LLP" address="7181 Dolor Rd." city="Lockerbie" postalCode="51-111" country="Andorra" phone="(927) 996-9997" fax="(319) 520-7822" registerdate="2014-12-12 02:12:02" logindate="2014-10-19 10:10:11" comment="lobortis risus. In mi pede, nonummy ut, molestie in, tempus eu, ligula. Aenean euismod mauris eu elit. Nulla facilisi. Sed neque. Sed eget lacus. Mauris non dui nec urna suscipit nonummy. Fusce fermentum fermentum arcu. Vestibulum ante ipsum primis in faucibus orci luctus et ultrices posuere cubilia Curae Phasellus ornare. Fusce mollis. Duis" />
	<customer  id="732" name="Bo" password="WYW90VEM0UD" email="aliquet@nunc.org" company="Blandit Inc." address="P.O. Box 746, 2437 A, Rd." city="Acquafondata" postalCode="41-346" country="Azerbaijan" phone="(256) 870-0989" fax="(403) 466-1847" registerdate="2014-03-01 11:03:37" logindate="2015-04-19 03:04:09" comment="dapibus rutrum, justo. Praesent luctus. Curabitur egestas nunc sed libero. Proin sed turpis nec mauris blandit mattis. Cras eget nisi dictum augue malesuada malesuada. Integer id magna et ipsum cursus vestibulum. Mauris magna. Duis dignissim tempor arcu. Vestibulum ut eros non enim commodo hendrerit. Donec porttitor tellus non magna. Nam ligula elit, pretium et, rutrum non, hendrerit id, ante. Nunc" />
	<customer  id="733" name="Mira" password="GIO20TEF8RP" email="ac.sem@nisiaodio.co.uk" company="Dui Quis Corp." address="P.O. Box 611, 9923 Nonummy Avenue" city="Valfabbrica" postalCode="33387-370" country="India" phone="(842) 175-5216" fax="(555) 105-6276" registerdate="2015-01-09 03:01:30" logindate="2015-07-20 04:07:11" comment="Donec nibh enim, gravida sit amet, dapibus id, blandit at, nisi. Cum sociis natoque penatibus et magnis dis parturient montes, nascetur ridiculus mus. Proin vel nisl. Quisque fringilla euismod enim. Etiam gravida molestie arcu. Sed eu nibh vulputate mauris sagittis placerat. Cras dictum ultricies ligula. Nullam enim. Sed nulla ante, iaculis nec, eleifend non, dapibus rutrum, justo. Praesent luctus. Curabitur" />
	<customer  id="734" name="Karina" password="LCB10ITI0RU" email="Duis.a.mi@arcuimperdietullamcorper.ca" company="Sodales Elit Ltd" address="863-4840 Iaculis Rd." city="Acosse" postalCode="WG37 0HC" country="Åland Islands" phone="(705) 864-5436" fax="(135) 856-8118" registerdate="2014-10-30 05:10:57" logindate="2013-09-02 12:09:05" comment="scelerisque sed, sapien. Nunc pulvinar arcu et pede. Nunc sed orci lobortis augue scelerisque mollis. Phasellus libero mauris, aliquam eu, accumsan sed, facilisis vitae, orci. Phasellus dapibus quam quis diam. Pellentesque habitant morbi tristique senectus et netus et malesuada fames ac turpis egestas. Fusce aliquet magna a neque. Nullam ut nisi a odio semper cursus. Integer mollis. Integer tincidunt aliquam arcu. Aliquam ultrices iaculis odio. Nam interdum enim non nisi. Aenean eget metus. In nec orci. Donec" />
	<customer  id="735" name="Camilla" password="RYE30JVS0NB" email="volutpat.ornare.facilisis@etrutrumnon.co.uk" company="Ipsum Suspendisse Non Company" address="P.O. Box 801, 6881 Est, Rd." city="Waidhofen an der Ybbs" postalCode="21962-908" country="New Caledonia" phone="(364) 515-4969" fax="(437) 548-1766" registerdate="2013-11-10 04:11:54" logindate="2015-06-16 02:06:53" comment="rhoncus. Nullam velit dui, semper et, lacinia vitae, sodales at, velit. Pellentesque ultricies dignissim lacus. Aliquam rutrum lorem ac risus. Morbi metus. Vivamus euismod urna. Nullam lobortis quam a felis ullamcorper viverra. Maecenas iaculis aliquet diam. Sed diam lorem, auctor quis, tristique ac, eleifend vitae, erat. Vivamus nisi. Mauris nulla. Integer urna. Vivamus molestie dapibus ligula. Aliquam erat volutpat. Nulla dignissim. Maecenas ornare egestas ligula. Nullam feugiat placerat velit. Quisque varius. Nam porttitor scelerisque neque. Nullam nisl. Maecenas malesuada fringilla est. Mauris eu turpis. Nulla aliquet. Proin velit. Sed malesuada augue ut" />
	<customer  id="736" name="Cairo" password="PBK74RYY9DS" email="ut.quam@rutrumloremac.edu" company="Porttitor Incorporated" address="600-2443 Fringilla Ave" city="Erie" postalCode="5424" country="Gabon" phone="(205) 909-3877" fax="(657) 120-4028" registerdate="2015-04-07 08:04:15" logindate="2014-03-30 04:03:29" comment="libero nec ligula consectetuer rhoncus. Nullam velit dui, semper et, lacinia vitae, sodales at, velit. Pellentesque ultricies dignissim lacus. Aliquam rutrum lorem ac risus. Morbi metus. Vivamus euismod urna. Nullam lobortis quam a felis ullamcorper viverra. Maecenas iaculis aliquet diam. Sed diam lorem, auctor quis, tristique ac, eleifend vitae, erat. Vivamus nisi. Mauris nulla. Integer urna. Vivamus molestie dapibus ligula." />
	<customer  id="737" name="Drew" password="MEM01WKK1EF" email="a@loremipsum.ca" company="Euismod Institute" address="545-7358 Sem St." city="Gravataí" postalCode="7218" country="Malaysia" phone="(701) 553-1605" fax="(926) 436-9779" registerdate="2014-11-07 01:11:07" logindate="2013-11-05 03:11:04" comment="luctus felis purus ac tellus. Suspendisse sed dolor. Fusce mi lorem, vehicula et, rutrum eu, ultrices sit amet, risus. Donec nibh enim, gravida sit amet, dapibus id, blandit at, nisi. Cum sociis natoque penatibus et magnis dis parturient montes, nascetur ridiculus mus. Proin vel nisl. Quisque fringilla euismod enim. Etiam gravida molestie arcu. Sed eu nibh vulputate mauris sagittis placerat. Cras dictum ultricies ligula. Nullam enim. Sed nulla ante, iaculis nec, eleifend non, dapibus rutrum, justo. Praesent luctus. Curabitur egestas nunc sed libero. Proin sed turpis nec mauris blandit mattis. Cras eget nisi dictum augue malesuada malesuada." />
	<customer  id="738" name="Wyoming" password="VMN10CNF4IF" email="sem@nuncsed.co.uk" company="Risus A Foundation" address="Ap #628-958 Aliquet Rd." city="Cappelle sul Tavo" postalCode="782908" country="Rwanda" phone="(580) 484-6398" fax="(480) 393-0341" registerdate="2013-12-20 10:12:13" logindate="2014-08-24 08:08:10" comment="Aliquam fringilla cursus purus. Nullam scelerisque neque sed sem egestas blandit. Nam nulla magna, malesuada vel, convallis in, cursus et, eros. Proin ultrices. Duis volutpat nunc sit amet metus. Aliquam erat volutpat. Nulla facilisis. Suspendisse commodo tincidunt nibh. Phasellus nulla. Integer vulputate, risus a ultricies adipiscing, enim mi tempor lorem, eget mollis lectus pede et risus. Quisque libero lacus, varius et, euismod et, commodo at, libero. Morbi accumsan laoreet ipsum. Curabitur consequat, lectus sit" />
	<customer  id="739" name="Igor" password="UYD41FXQ1IK" email="Donec.tincidunt@sodalesnisi.edu" company="Nam Corp." address="2985 Cubilia Av." city="Matera" postalCode="42725" country="French Polynesia" phone="(773) 825-9582" fax="(862) 114-4690" registerdate="2014-04-30 03:04:53" logindate="2014-02-18 12:02:13" comment="risus. Donec nibh enim, gravida sit amet, dapibus id, blandit at, nisi. Cum sociis natoque penatibus et magnis dis parturient montes, nascetur ridiculus mus. Proin vel nisl. Quisque fringilla euismod enim. Etiam gravida molestie arcu. Sed eu nibh vulputate mauris sagittis placerat. Cras dictum ultricies ligula. Nullam enim. Sed nulla ante, iaculis nec, eleifend non, dapibus rutrum, justo. Praesent luctus. Curabitur egestas nunc sed libero. Proin sed turpis nec mauris blandit mattis. Cras eget nisi dictum augue malesuada malesuada. Integer id magna et ipsum cursus vestibulum. Mauris" />
	<customer  id="740" name="Lael" password="ZJL42HUA1ZG" email="mattis.ornare@luctus.com" company="Faucibus Inc." address="P.O. Box 107, 8879 Pellentesque Rd." city="Pergola" postalCode="31319" country="Congo (Brazzaville)" phone="(682) 689-0281" fax="(842) 403-9758" registerdate="2015-08-11 01:08:36" logindate="2015-03-15 11:03:43" comment="non nisi. Aenean eget metus. In nec orci. Donec nibh. Quisque nonummy ipsum non arcu. Vivamus sit amet risus. Donec egestas. Aliquam nec enim. Nunc ut erat. Sed nunc est, mollis non, cursus non, egestas a, dui. Cras pellentesque. Sed dictum. Proin eget odio. Aliquam vulputate ullamcorper magna. Sed eu eros. Nam consequat dolor vitae dolor." />
	<customer  id="741" name="Giselle" password="CNT59MDE0LT" email="eu.tellus.eu@lectus.com" company="Metus Inc." address="681 Dictum. Av." city="Neuss" postalCode="G2T 3P3" country="Nauru" phone="(216) 401-5292" fax="(393) 304-0969" registerdate="2014-07-13 06:07:03" logindate="2013-11-20 07:11:12" comment="Nullam velit dui, semper et, lacinia vitae, sodales at, velit. Pellentesque ultricies dignissim lacus. Aliquam rutrum lorem ac risus. Morbi metus. Vivamus euismod urna. Nullam lobortis quam a felis ullamcorper viverra. Maecenas iaculis aliquet diam. Sed diam lorem, auctor quis, tristique ac, eleifend vitae, erat. Vivamus nisi. Mauris nulla. Integer urna. Vivamus molestie" />
	<customer  id="742" name="Tara" password="OVY87AZB3GT" email="id.mollis@ipsumsodalespurus.ca" company="Sapien Molestie Orci Associates" address="5701 Neque Rd." city="Geelong" postalCode="XC5 0GX" country="Oman" phone="(143) 352-8725" fax="(346) 866-1283" registerdate="2014-03-15 10:03:16" logindate="2014-04-24 08:04:36" comment="interdum. Sed auctor odio a purus. Duis elementum, dui quis accumsan convallis, ante lectus convallis est, vitae sodales nisi magna sed dui. Fusce aliquam, enim nec tempus scelerisque, lorem ipsum sodales purus, in molestie tortor nibh sit amet orci. Ut sagittis lobortis mauris. Suspendisse aliquet molestie tellus. Aenean egestas hendrerit neque. In ornare sagittis felis. Donec tempor, est ac mattis semper, dui lectus rutrum urna, nec luctus felis purus ac tellus. Suspendisse sed dolor. Fusce mi lorem, vehicula et, rutrum eu, ultrices sit amet, risus. Donec nibh enim, gravida sit" />
	<customer  id="743" name="Charity" password="KZL40SMJ7MH" email="natoque.penatibus.et@nibhvulputatemauris.co.uk" company="Enim Industries" address="220 Leo. Rd." city="Hoorn" postalCode="4755" country="United Kingdom (Great Britain)" phone="(471) 682-2516" fax="(869) 222-7961" registerdate="2014-05-01 04:05:45" logindate="2014-10-06 07:10:05" comment="dis parturient montes, nascetur ridiculus mus. Proin vel arcu eu odio tristique pharetra. Quisque ac libero nec ligula consectetuer rhoncus. Nullam velit dui, semper et, lacinia vitae, sodales at, velit. Pellentesque ultricies dignissim lacus. Aliquam rutrum lorem ac risus. Morbi metus. Vivamus euismod urna. Nullam lobortis quam a felis ullamcorper viverra. Maecenas iaculis aliquet diam. Sed diam lorem, auctor quis, tristique ac, eleifend vitae, erat. Vivamus nisi. Mauris nulla. Integer urna. Vivamus molestie dapibus" />
	<customer  id="744" name="Taylor" password="RIL09GMH9AQ" email="Integer.vulputate.risus@nislMaecenas.net" company="Lorem Tristique Aliquet PC" address="3402 Lorem Av." city="San Vito al Tagliamento" postalCode="420551" country="Samoa" phone="(442) 242-8924" fax="(657) 903-3414" registerdate="2014-01-30 10:01:48" logindate="2015-06-10 06:06:17" comment="neque sed sem egestas blandit. Nam nulla magna, malesuada vel, convallis in, cursus et, eros. Proin ultrices. Duis volutpat nunc sit amet metus. Aliquam erat volutpat. Nulla facilisis. Suspendisse commodo tincidunt nibh. Phasellus nulla. Integer vulputate, risus a ultricies adipiscing, enim mi tempor lorem, eget mollis lectus pede et risus. Quisque libero lacus, varius et, euismod et, commodo at, libero. Morbi accumsan laoreet ipsum. Curabitur consequat, lectus sit amet luctus vulputate, nisi sem semper erat, in consectetuer ipsum nunc id enim. Curabitur massa. Vestibulum accumsan neque et nunc. Quisque ornare tortor at risus. Nunc ac sem ut" />
	<customer  id="745" name="Laith" password="TNG39TYC9XI" email="est.mauris@rhoncusProinnisl.co.uk" company="Pellentesque Incorporated" address="8200 Amet Street" city="Tiverton" postalCode="2045PC" country="Chile" phone="(567) 718-0467" fax="(208) 616-4873" registerdate="2014-07-26 07:07:51" logindate="2015-08-16 01:08:02" comment="eu, eleifend nec, malesuada ut, sem. Nulla interdum. Curabitur dictum. Phasellus in felis. Nulla tempor augue ac ipsum. Phasellus vitae mauris sit amet lorem semper auctor. Mauris vel turpis. Aliquam adipiscing lobortis risus. In mi pede, nonummy ut, molestie in, tempus eu, ligula. Aenean euismod mauris eu elit. Nulla facilisi. Sed neque. Sed eget lacus. Mauris non dui nec urna suscipit nonummy. Fusce fermentum fermentum arcu. Vestibulum ante ipsum primis in faucibus orci luctus et ultrices posuere cubilia Curae Phasellus ornare. Fusce mollis. Duis sit amet diam eu dolor egestas rhoncus. Proin nisl sem, consequat nec, mollis" />
	<customer  id="746" name="Simone" password="VOS80IIZ4SG" email="et@pedenec.co.uk" company="Lobortis LLP" address="P.O. Box 517, 5668 Ornare, Ave" city="Raymond" postalCode="1726BJ" country="Gambia" phone="(354) 757-1209" fax="(559) 826-6458" registerdate="2014-08-05 02:08:52" logindate="2015-01-25 10:01:59" comment="euismod urna. Nullam lobortis quam a felis ullamcorper viverra. Maecenas iaculis aliquet diam. Sed diam lorem, auctor quis, tristique ac, eleifend vitae, erat. Vivamus nisi. Mauris nulla. Integer urna. Vivamus molestie dapibus ligula. Aliquam erat volutpat. Nulla dignissim. Maecenas ornare egestas ligula. Nullam feugiat placerat velit. Quisque varius. Nam porttitor scelerisque neque. Nullam nisl. Maecenas malesuada fringilla est. Mauris eu turpis. Nulla aliquet. Proin velit. Sed malesuada augue ut lacus. Nulla tincidunt, neque vitae semper egestas, urna justo faucibus lectus, a sollicitudin orci" />
	<customer  id="747" name="Kasper" password="WGL13GQB3UK" email="est@tristiquesenectuset.edu" company="Integer Inc." address="631-2410 Venenatis Street" city="Siddi" postalCode="56-927" country="Liberia" phone="(891) 216-8775" fax="(434) 850-4841" registerdate="2015-05-30 06:05:19" logindate="2015-05-19 04:05:34" comment="id, erat. Etiam vestibulum massa rutrum magna. Cras convallis convallis dolor. Quisque tincidunt pede ac urna. Ut tincidunt vehicula risus. Nulla eget metus eu erat semper rutrum. Fusce dolor quam, elementum at, egestas a, scelerisque sed, sapien. Nunc pulvinar arcu et pede. Nunc sed orci lobortis augue scelerisque mollis. Phasellus libero mauris, aliquam eu, accumsan sed, facilisis vitae, orci. Phasellus dapibus quam quis" />
	<customer  id="748" name="Fritz" password="HKG40LXO4CQ" email="erat.nonummy@acfermentum.edu" company="Id Enim Corp." address="Ap #421-2706 Erat. Ave" city="Borgone Susa" postalCode="N3B 3C1" country="Canada" phone="(774) 476-2068" fax="(140) 659-3082" registerdate="2014-10-03 11:10:38" logindate="2014-07-03 06:07:49" comment="non dui nec urna suscipit nonummy. Fusce fermentum fermentum arcu. Vestibulum ante ipsum primis in faucibus orci luctus et ultrices posuere cubilia Curae Phasellus ornare. Fusce mollis. Duis sit amet diam eu dolor egestas rhoncus. Proin nisl sem, consequat nec, mollis vitae, posuere at, velit. Cras lorem lorem, luctus ut, pellentesque eget, dictum placerat, augue. Sed molestie. Sed id risus quis diam luctus lobortis. Class" />
	<customer  id="749" name="Eden" password="RDK80JBU2GK" email="vel.venenatis@Cum.com" company="At Associates" address="829-7223 Nascetur Rd." city="Ulloa (Barrial)" postalCode="8999" country="Greenland" phone="(528) 649-7785" fax="(601) 125-2464" registerdate="2015-07-21 02:07:45" logindate="2014-02-28 11:02:03" comment="malesuada fringilla est. Mauris eu turpis. Nulla aliquet. Proin velit. Sed malesuada augue ut lacus. Nulla tincidunt, neque vitae semper egestas, urna justo faucibus lectus, a sollicitudin orci sem eget massa. Suspendisse eleifend. Cras sed leo. Cras vehicula aliquet libero. Integer in magna. Phasellus dolor elit, pellentesque a, facilisis non, bibendum sed, est. Nunc laoreet lectus quis massa. Mauris vestibulum, neque sed dictum eleifend, nunc risus varius orci, in consequat enim diam vel arcu. Curabitur ut odio vel est tempor bibendum. Donec felis orci, adipiscing non, luctus sit amet, faucibus ut, nulla." />
	<customer  id="750" name="Aspen" password="IGI76YPM2NW" email="odio.vel@egestas.net" company="Ac Feugiat Non Foundation" address="102-9747 Erat St." city="Kolmont" postalCode="18404" country="Czech Republic" phone="(574) 264-7336" fax="(820) 140-4353" registerdate="2015-01-01 05:01:31" logindate="2014-09-11 03:09:29" comment="pellentesque massa lobortis ultrices. Vivamus rhoncus. Donec est. Nunc ullamcorper, velit in aliquet lobortis, nisi nibh lacinia orci, consectetuer euismod est arcu ac orci. Ut semper pretium neque. Morbi quis urna. Nunc quis arcu vel quam dignissim pharetra. Nam ac nulla. In tincidunt congue turpis. In condimentum. Donec at arcu. Vestibulum ante ipsum primis in faucibus orci luctus et ultrices posuere cubilia Curae Donec tincidunt. Donec vitae erat vel pede blandit congue. In scelerisque scelerisque dui. Suspendisse ac metus vitae velit egestas lacinia. Sed congue, elit sed consequat auctor, nunc nulla vulputate dui, nec tempus mauris erat eget ipsum. Suspendisse" />
	<customer  id="751" name="Nigel" password="OKK44RDK1ZA" email="feugiat@nulla.ca" company="Augue LLC" address="Ap #594-8000 Ligula Rd." city="Greenlaw" postalCode="F9 7DS" country="Italy" phone="(366) 362-6941" fax="(897) 803-4483" registerdate="2014-10-16 07:10:42" logindate="2013-12-18 01:12:05" comment="taciti sociosqu ad litora torquent per conubia nostra, per inceptos hymenaeos. Mauris ut quam vel sapien imperdiet ornare. In faucibus. Morbi vehicula. Pellentesque tincidunt tempus risus. Donec egestas. Duis ac arcu. Nunc mauris. Morbi non sapien molestie orci tincidunt adipiscing. Mauris molestie pharetra nibh. Aliquam ornare, libero at auctor ullamcorper, nisl arcu iaculis enim, sit amet ornare lectus justo eu arcu. Morbi sit amet massa. Quisque porttitor eros nec tellus. Nunc lectus pede, ultrices a, auctor non, feugiat nec, diam. Duis mi enim," />
	<customer  id="752" name="Janna" password="VCR39JMZ5IM" email="ligula.tortor.dictum@infelisNulla.co.uk" company="Lacus Consulting" address="533-1183 Natoque Street" city="Bridgend" postalCode="6442WC" country="Togo" phone="(657) 121-1818" fax="(327) 700-5972" registerdate="2014-02-16 12:02:23" logindate="2013-10-04 10:10:44" comment="arcu. Aliquam ultrices iaculis odio. Nam interdum enim non nisi. Aenean eget metus. In nec orci. Donec nibh. Quisque nonummy ipsum non arcu. Vivamus sit amet risus. Donec egestas. Aliquam nec enim. Nunc ut erat. Sed nunc est, mollis non, cursus non, egestas a, dui. Cras pellentesque. Sed dictum. Proin eget odio. Aliquam vulputate ullamcorper magna. Sed eu eros. Nam consequat dolor vitae dolor. Donec fringilla. Donec feugiat metus sit amet ante. Vivamus non lorem vitae odio" />
	<customer  id="753" name="Kendall" password="YJK41PND3WX" email="elit.pede@faucibusutnulla.com" company="Augue Incorporated" address="Ap #198-7084 Amet Street" city="St. John's" postalCode="87649-483" country="Macao" phone="(450) 951-6156" fax="(819) 404-3285" registerdate="2013-08-24 01:08:43" logindate="2015-01-19 02:01:26" comment="a, facilisis non, bibendum sed, est. Nunc laoreet lectus quis massa. Mauris vestibulum, neque sed dictum eleifend, nunc risus varius orci, in consequat enim diam vel arcu. Curabitur ut odio vel est tempor bibendum. Donec felis orci, adipiscing non, luctus sit amet, faucibus ut, nulla. Cras eu tellus eu augue porttitor interdum. Sed auctor odio a purus. Duis elementum, dui quis accumsan convallis, ante lectus convallis est, vitae sodales nisi magna sed dui. Fusce aliquam, enim nec tempus scelerisque, lorem ipsum sodales" />
	<customer  id="754" name="Cyrus" password="PTS67DCV0OD" email="tellus.non.magna@euismodenim.org" company="Mi Felis Corporation" address="6441 Tempor Road" city="Lincoln" postalCode="78-465" country="Albania" phone="(881) 524-5556" fax="(755) 172-2544" registerdate="2015-06-21 02:06:27" logindate="2013-12-10 05:12:52" comment="vel lectus. Cum sociis natoque penatibus et magnis dis parturient montes, nascetur ridiculus mus. Donec dignissim magna a tortor. Nunc commodo auctor velit. Aliquam nisl. Nulla eu neque pellentesque massa lobortis ultrices. Vivamus rhoncus. Donec est. Nunc ullamcorper, velit in aliquet lobortis, nisi nibh lacinia orci, consectetuer euismod est arcu ac orci. Ut semper pretium neque. Morbi quis urna. Nunc quis arcu vel quam dignissim pharetra. Nam ac nulla. In tincidunt congue turpis. In condimentum. Donec at arcu. Vestibulum ante ipsum primis" />
	<customer  id="755" name="Jordan" password="DUQ18SNX4XW" email="elit.Curabitur@Crasdictumultricies.ca" company="Id Consulting" address="360-7274 Urna, Rd." city="Laramie" postalCode="68969" country="Cuba" phone="(937) 746-0361" fax="(316) 682-5033" registerdate="2014-03-31 10:03:10" logindate="2014-03-17 09:03:03" comment="orci lacus vestibulum lorem, sit amet ultricies sem magna nec quam. Curabitur vel lectus. Cum sociis natoque penatibus et magnis dis parturient montes, nascetur ridiculus mus. Donec dignissim magna a tortor. Nunc commodo auctor velit. Aliquam nisl. Nulla eu neque pellentesque massa lobortis ultrices. Vivamus rhoncus. Donec est. Nunc ullamcorper, velit in aliquet lobortis, nisi nibh lacinia orci, consectetuer euismod est arcu" />
	<customer  id="756" name="Hector" password="JMA17LQX0VT" email="Vestibulum.ut.eros@Nullamut.edu" company="Consectetuer Corp." address="225-8877 Praesent Rd." city="Santipur" postalCode="11599" country="Malta" phone="(141) 848-7479" fax="(675) 836-1960" registerdate="2015-08-03 09:08:22" logindate="2013-10-05 09:10:00" comment="aliquet molestie tellus. Aenean egestas hendrerit neque. In ornare sagittis felis. Donec tempor, est ac mattis semper, dui lectus rutrum urna, nec luctus felis purus ac tellus. Suspendisse sed dolor. Fusce mi lorem, vehicula et, rutrum eu, ultrices sit amet, risus. Donec nibh enim, gravida sit amet, dapibus id, blandit at, nisi. Cum sociis natoque" />
	<customer  id="757" name="Jessica" password="TSU70USP2OS" email="et.malesuada.fames@laciniamattis.co.uk" company="Etiam Consulting" address="Ap #882-8029 Orci Rd." city="Wanferc�e-Baulet" postalCode="629907" country="Svalbard and Jan Mayen Islands" phone="(638) 684-7131" fax="(610) 111-0537" registerdate="2013-09-05 06:09:12" logindate="2015-01-29 09:01:32" comment="mi lorem, vehicula et, rutrum eu, ultrices sit amet, risus. Donec nibh enim, gravida sit amet, dapibus id, blandit at, nisi. Cum sociis natoque penatibus et magnis dis parturient montes, nascetur ridiculus mus. Proin vel nisl. Quisque fringilla euismod enim. Etiam gravida molestie arcu. Sed eu nibh vulputate mauris sagittis placerat. Cras dictum" />
	<customer  id="758" name="Leigh" password="RPY35UEQ3WH" email="dui.quis.accumsan@felisadipiscing.net" company="Primis PC" address="809-6186 Dictum. Avenue" city="Newton Abbot" postalCode="NK2M 8LX" country="Croatia" phone="(317) 235-0492" fax="(904) 956-0112" registerdate="2015-03-16 03:03:48" logindate="2014-01-22 08:01:20" comment="ac facilisis facilisis, magna tellus faucibus leo, in lobortis tellus justo sit amet nulla. Donec non justo. Proin non massa non ante bibendum ullamcorper. Duis cursus, diam at pretium aliquet, metus urna convallis erat, eget tincidunt dui augue eu tellus. Phasellus elit pede, malesuada vel, venenatis vel, faucibus id, libero. Donec consectetuer mauris id sapien. Cras dolor dolor, tempus non, lacinia at, iaculis quis, pede. Praesent eu dui. Cum sociis natoque penatibus et magnis dis parturient montes, nascetur ridiculus mus. Aenean eget magna. Suspendisse tristique" />
	<customer  id="759" name="Francesca" password="CVQ00RIV5DA" email="Aenean@sitametornare.co.uk" company="Sed Neque LLP" address="P.O. Box 641, 9325 Nam Street" city="Crawley" postalCode="06791" country="Niue" phone="(703) 745-2214" fax="(835) 104-0400" registerdate="2014-01-11 02:01:06" logindate="2014-05-20 04:05:22" comment="tempor lorem, eget mollis lectus pede et risus. Quisque libero lacus, varius et, euismod et, commodo at, libero. Morbi accumsan laoreet ipsum. Curabitur consequat, lectus sit amet luctus vulputate, nisi sem semper erat, in consectetuer ipsum nunc id enim. Curabitur massa. Vestibulum accumsan neque et nunc. Quisque ornare tortor at risus. Nunc ac" />
	<customer  id="760" name="Larissa" password="KAP98ABL1RS" email="lacinia.at.iaculis@faucibusidlibero.com" company="Quisque Varius Nam Institute" address="Ap #864-2153 Lacinia Ave" city="Workum" postalCode="40348" country="Chile" phone="(491) 865-9142" fax="(600) 778-3126" registerdate="2014-07-22 05:07:58" logindate="2014-10-20 06:10:23" comment="vitae risus. Duis a mi fringilla mi lacinia mattis. Integer eu lacus. Quisque imperdiet, erat nonummy ultricies ornare, elit elit fermentum risus, at fringilla purus mauris a nunc. In at pede. Cras vulputate velit eu sem. Pellentesque ut ipsum ac mi eleifend egestas. Sed pharetra, felis eget varius ultrices, mauris ipsum porta elit, a feugiat tellus lorem eu metus. In lorem. Donec elementum, lorem ut aliquam iaculis, lacus pede sagittis augue, eu tempor erat neque non quam. Pellentesque habitant morbi tristique senectus et netus et" />
	<customer  id="761" name="Kalia" password="SMM30DWY2JH" email="euismod.mauris@adipiscingnon.com" company="Et Eros Incorporated" address="826-3488 Vulputate, St." city="Hafizabad" postalCode="371361" country="Timor-Leste" phone="(705) 252-3687" fax="(595) 799-2170" registerdate="2015-02-11 06:02:23" logindate="2014-10-14 05:10:38" comment="Curabitur massa. Vestibulum accumsan neque et nunc. Quisque ornare tortor at risus. Nunc ac sem ut dolor dapibus gravida. Aliquam tincidunt, nunc ac mattis ornare, lectus ante dictum mi, ac mattis velit justo nec ante. Maecenas mi felis, adipiscing fringilla, porttitor vulputate, posuere vulputate, lacus. Cras interdum. Nunc sollicitudin commodo ipsum. Suspendisse non leo. Vivamus nibh dolor, nonummy ac," />
	<customer  id="762" name="Lane" password="GOI46EPH7FY" email="faucibus@Nullamut.net" company="Ornare Tortor At Company" address="P.O. Box 671, 3881 Malesuada Road" city="Balen" postalCode="33118" country="Antigua and Barbuda" phone="(888) 826-3866" fax="(615) 343-0596" registerdate="2014-01-10 05:01:23" logindate="2014-01-25 12:01:10" comment="risus. Donec nibh enim, gravida sit amet, dapibus id, blandit at, nisi. Cum sociis natoque penatibus et magnis dis parturient montes, nascetur ridiculus mus. Proin vel nisl. Quisque fringilla euismod enim. Etiam gravida molestie arcu. Sed eu nibh vulputate mauris sagittis placerat. Cras dictum ultricies ligula. Nullam enim. Sed nulla ante, iaculis nec, eleifend non, dapibus rutrum, justo. Praesent luctus. Curabitur egestas nunc sed libero. Proin sed turpis nec mauris blandit mattis. Cras eget nisi dictum augue" />
	<customer  id="763" name="Phelan" password="ODN26MYG3YP" email="Maecenas.libero@adipiscing.co.uk" company="Eget Corporation" address="P.O. Box 782, 4407 Mauris Avenue" city="Vucht" postalCode="6380" country="Malta" phone="(891) 564-0863" fax="(787) 418-9384" registerdate="2015-03-27 12:03:04" logindate="2015-05-25 01:05:48" comment="dignissim pharetra. Nam ac nulla. In tincidunt congue turpis. In condimentum. Donec at arcu. Vestibulum ante ipsum primis in faucibus orci luctus et ultrices posuere cubilia Curae Donec tincidunt. Donec vitae erat vel pede blandit congue. In scelerisque scelerisque dui. Suspendisse ac metus vitae velit egestas lacinia. Sed congue, elit sed consequat auctor, nunc nulla vulputate dui, nec tempus mauris erat eget ipsum. Suspendisse sagittis. Nullam vitae diam. Proin dolor. Nulla semper tellus id nunc interdum feugiat. Sed nec metus facilisis lorem tristique aliquet. Phasellus fermentum convallis ligula. Donec luctus aliquet odio." />
	<customer  id="764" name="Emily" password="HPX77XAI4FM" email="et.eros@neque.org" company="Egestas Ltd" address="4207 Vitae Rd." city="Tamworth" postalCode="78587" country="Saint Helena, Ascension and Tristan da Cunha" phone="(823) 340-1166" fax="(748) 126-8147" registerdate="2014-11-10 09:11:29" logindate="2013-10-16 01:10:59" comment="et ultrices posuere cubilia Curae Donec tincidunt. Donec vitae erat vel pede blandit congue. In scelerisque scelerisque dui. Suspendisse ac metus vitae velit egestas lacinia. Sed congue, elit sed consequat auctor, nunc nulla vulputate dui, nec tempus mauris erat eget ipsum. Suspendisse sagittis. Nullam vitae diam. Proin dolor. Nulla semper tellus" />
	<customer  id="765" name="Nathaniel" password="HNX00GUO1ON" email="diam.dictum@sitametmetus.org" company="Augue Eu Tellus Foundation" address="Ap #293-1534 Id, Ave" city="Salvirola" postalCode="2375" country="Uruguay" phone="(624) 197-3792" fax="(522) 529-2452" registerdate="2015-07-11 02:07:44" logindate="2013-09-18 12:09:36" comment="enim consequat purus. Maecenas libero est, congue a, aliquet vel, vulputate eu, odio. Phasellus at augue id ante dictum cursus. Nunc mauris elit, dictum eu, eleifend nec, malesuada ut, sem. Nulla interdum. Curabitur dictum. Phasellus in felis. Nulla tempor augue ac ipsum. Phasellus vitae mauris sit amet lorem semper auctor. Mauris vel turpis. Aliquam adipiscing lobortis risus. In mi pede, nonummy ut, molestie" />
	<customer  id="766" name="Lysandra" password="SSI03HCR9GX" email="Pellentesque.tincidunt@ultrices.net" company="Est Ac Inc." address="4365 Sed Road" city="Limbach-Oberfrohna" postalCode="7103" country="Vanuatu" phone="(166) 842-2568" fax="(291) 452-1223" registerdate="2015-03-22 07:03:48" logindate="2015-01-01 08:01:10" comment="vulputate, nisi sem semper erat, in consectetuer ipsum nunc id enim. Curabitur massa. Vestibulum accumsan neque et nunc. Quisque ornare tortor at risus. Nunc ac sem ut dolor dapibus gravida. Aliquam tincidunt, nunc ac mattis ornare, lectus ante dictum mi, ac mattis velit justo nec ante. Maecenas mi felis, adipiscing fringilla, porttitor vulputate, posuere vulputate, lacus. Cras interdum. Nunc sollicitudin commodo" />
	<customer  id="767" name="Stewart" password="YCV25VOD5WY" email="est@dui.org" company="Consequat Dolor Foundation" address="Ap #603-3240 Aenean St." city="Pickering" postalCode="3304" country="Mongolia" phone="(772) 876-0059" fax="(237) 225-9107" registerdate="2015-06-30 09:06:00" logindate="2015-02-07 07:02:01" comment="Proin nisl sem, consequat nec, mollis vitae, posuere at, velit. Cras lorem lorem, luctus ut, pellentesque eget, dictum placerat, augue. Sed molestie. Sed id risus quis diam luctus lobortis. Class aptent taciti sociosqu ad litora torquent per conubia nostra, per inceptos hymenaeos. Mauris ut quam vel sapien imperdiet ornare. In faucibus. Morbi vehicula. Pellentesque tincidunt tempus risus. Donec egestas. Duis ac arcu. Nunc mauris. Morbi non sapien molestie orci tincidunt adipiscing. Mauris molestie pharetra nibh. Aliquam ornare, libero at auctor ullamcorper, nisl arcu iaculis enim, sit amet ornare lectus justo eu arcu. Morbi sit amet massa." />
	<customer  id="768" name="Kirsten" password="KQC70TMU4KS" email="auctor.nunc@Maurismagna.ca" company="In Condimentum Donec Industries" address="3118 Erat, St." city="Alsemberg" postalCode="3302RJ" country="Colombia" phone="(698) 395-4373" fax="(845) 914-0647" registerdate="2014-02-10 04:02:08" logindate="2014-06-05 12:06:24" comment="amet risus. Donec egestas. Aliquam nec enim. Nunc ut erat. Sed nunc est, mollis non, cursus non, egestas a, dui. Cras pellentesque. Sed dictum. Proin eget odio. Aliquam vulputate ullamcorper magna. Sed eu eros. Nam consequat dolor vitae dolor. Donec fringilla. Donec feugiat metus sit amet ante. Vivamus non lorem vitae odio sagittis semper. Nam tempor diam dictum sapien. Aenean massa. Integer vitae nibh. Donec est mauris, rhoncus id, mollis nec, cursus a, enim. Suspendisse aliquet, sem ut cursus luctus, ipsum leo elementum sem, vitae aliquam eros" />
	<customer  id="769" name="Kitra" password="TKV42RZE6OK" email="feugiat.nec.diam@sollicitudin.co.uk" company="Tortor Ltd" address="P.O. Box 314, 891 Risus. Rd." city="Vegreville" postalCode="50756" country="Australia" phone="(874) 671-3510" fax="(168) 670-8880" registerdate="2014-12-06 03:12:53" logindate="2014-03-24 09:03:52" comment="lacus. Mauris non dui nec urna suscipit nonummy. Fusce fermentum fermentum arcu. Vestibulum ante ipsum primis in faucibus orci luctus et ultrices posuere cubilia Curae Phasellus ornare. Fusce mollis. Duis sit amet diam eu dolor egestas rhoncus. Proin nisl sem, consequat nec, mollis vitae, posuere at, velit. Cras lorem lorem, luctus ut, pellentesque eget, dictum placerat, augue. Sed molestie. Sed id risus quis diam luctus lobortis. Class aptent taciti sociosqu ad litora torquent per conubia nostra, per inceptos" />
	<customer  id="770" name="Reed" password="HPE34DRE6SY" email="quam.elementum@milacinia.com" company="Eros Turpis Non Limited" address="518-1260 Vitae Street" city="Columbus" postalCode="0906ZQ" country="Philippines" phone="(293) 507-4276" fax="(707) 973-3240" registerdate="2014-10-28 11:10:15" logindate="2013-10-30 10:10:15" comment="ac mattis ornare, lectus ante dictum mi, ac mattis velit justo nec ante. Maecenas mi felis, adipiscing fringilla, porttitor vulputate, posuere vulputate, lacus. Cras interdum. Nunc sollicitudin commodo ipsum. Suspendisse non leo. Vivamus nibh dolor, nonummy ac, feugiat non, lobortis quis, pede. Suspendisse dui. Fusce diam nunc, ullamcorper eu, euismod ac, fermentum vel, mauris. Integer sem elit, pharetra ut," />
	<customer  id="771" name="Dieter" password="ICR19TAV0TS" email="elit.Nulla@Inlorem.co.uk" company="Facilisis Non Corp." address="849-5711 Montes, Street" city="Antey-Saint-Andrè" postalCode="39160-149" country="Micronesia" phone="(465) 414-7825" fax="(421) 834-3782" registerdate="2014-07-25 05:07:11" logindate="2014-05-29 05:05:44" comment="egestas lacinia. Sed congue, elit sed consequat auctor, nunc nulla vulputate dui, nec tempus mauris erat eget ipsum. Suspendisse sagittis. Nullam vitae diam. Proin dolor. Nulla semper tellus id nunc interdum feugiat. Sed nec metus facilisis lorem tristique aliquet. Phasellus fermentum convallis ligula. Donec luctus aliquet odio. Etiam ligula tortor, dictum eu, placerat eget, venenatis a, magna. Lorem ipsum dolor sit amet, consectetuer adipiscing elit. Etiam laoreet, libero et tristique pellentesque, tellus sem mollis dui, in sodales elit erat vitae risus. Duis a mi" />
	<customer  id="772" name="Tobias" password="DXB46UCA7RH" email="sed.tortor.Integer@felis.edu" company="Ipsum Corporation" address="853-2167 Quis St." city="Marcq-en-Baroeul" postalCode="9268" country="Greenland" phone="(920) 503-4311" fax="(815) 843-7324" registerdate="2014-10-24 03:10:59" logindate="2013-09-09 02:09:18" comment="nostra, per inceptos hymenaeos. Mauris ut quam vel sapien imperdiet ornare. In faucibus. Morbi vehicula. Pellentesque tincidunt tempus risus. Donec egestas. Duis ac arcu. Nunc mauris. Morbi non sapien molestie orci tincidunt adipiscing. Mauris molestie pharetra nibh. Aliquam ornare, libero at auctor ullamcorper, nisl arcu iaculis enim, sit amet ornare lectus justo eu arcu. Morbi sit amet massa. Quisque porttitor eros" />
	<customer  id="773" name="Gemma" password="ZRR99QNI3YJ" email="elit@idenim.net" company="Mauris Rhoncus Id Foundation" address="270-817 Adipiscing Rd." city="Eernegem" postalCode="W21 2FN" country="India" phone="(624) 573-8550" fax="(949) 236-3394" registerdate="2014-07-21 08:07:55" logindate="2014-09-27 12:09:06" comment="In tincidunt congue turpis. In condimentum. Donec at arcu. Vestibulum ante ipsum primis in faucibus orci luctus et ultrices posuere cubilia Curae Donec tincidunt. Donec vitae erat vel pede blandit congue. In scelerisque scelerisque dui. Suspendisse ac metus vitae velit egestas lacinia. Sed congue, elit sed consequat auctor, nunc nulla vulputate dui, nec tempus mauris erat eget ipsum. Suspendisse sagittis. Nullam" />
	<customer  id="774" name="Colton" password="ENM08FUG8KT" email="Proin@sagittis.net" company="Convallis Company" address="422-5089 Vitae Street" city="Brandenburg" postalCode="930471" country="Egypt" phone="(901) 474-2864" fax="(174) 730-1878" registerdate="2014-08-16 04:08:49" logindate="2013-11-18 04:11:17" comment="adipiscing fringilla, porttitor vulputate, posuere vulputate, lacus. Cras interdum. Nunc sollicitudin commodo ipsum. Suspendisse non leo. Vivamus nibh dolor, nonummy ac, feugiat non, lobortis quis, pede. Suspendisse dui. Fusce diam nunc, ullamcorper eu, euismod ac, fermentum vel, mauris. Integer sem elit, pharetra ut, pharetra sed, hendrerit a, arcu. Sed et libero. Proin mi. Aliquam gravida mauris ut mi. Duis risus odio, auctor vitae, aliquet nec, imperdiet nec, leo. Morbi neque tellus, imperdiet non, vestibulum nec, euismod in, dolor. Fusce feugiat. Lorem ipsum dolor" />
	<customer  id="775" name="Ginger" password="LQZ69YCK8PV" email="dui.nec@auctornonfeugiat.org" company="Aliquet Nec Imperdiet Corp." address="P.O. Box 532, 2228 Vehicula Road" city="Wasseiges" postalCode="687636" country="Isle of Man" phone="(673) 178-0809" fax="(569) 158-7076" registerdate="2015-05-26 05:05:00" logindate="2014-05-12 08:05:55" comment="sit amet, consectetuer adipiscing elit. Etiam laoreet, libero et tristique pellentesque, tellus sem mollis dui, in sodales elit erat vitae risus. Duis a mi fringilla mi lacinia mattis. Integer eu lacus. Quisque imperdiet, erat nonummy ultricies ornare, elit elit fermentum risus, at fringilla purus mauris a nunc. In at pede. Cras vulputate" />
	<customer  id="776" name="Stella" password="VSL10ZIQ6RS" email="natoque.penatibus.et@lacinia.ca" company="Nec Ligula Consectetuer Limited" address="P.O. Box 609, 4278 Et Ave" city="Luziânia" postalCode="5412" country="Azerbaijan" phone="(204) 105-0040" fax="(810) 868-2800" registerdate="2015-04-27 07:04:10" logindate="2015-01-07 09:01:19" comment="tristique pharetra. Quisque ac libero nec ligula consectetuer rhoncus. Nullam velit dui, semper et, lacinia vitae, sodales at, velit. Pellentesque ultricies dignissim lacus. Aliquam rutrum lorem ac risus. Morbi metus. Vivamus euismod urna. Nullam lobortis quam a felis ullamcorper viverra. Maecenas iaculis aliquet diam. Sed diam lorem, auctor quis, tristique ac, eleifend" />
	<customer  id="777" name="Malachi" password="ZCM19ZMP2IR" email="id.ante.Nunc@euismodindolor.ca" company="Odio Foundation" address="585-6790 Nec Ave" city="Renfrew" postalCode="27690-924" country="Bahamas" phone="(172) 491-0249" fax="(699) 104-7371" registerdate="2014-08-22 05:08:12" logindate="2014-11-07 10:11:16" comment="eu, accumsan sed, facilisis vitae, orci. Phasellus dapibus quam quis diam. Pellentesque habitant morbi tristique senectus et netus et malesuada fames ac turpis egestas. Fusce aliquet magna a neque. Nullam ut nisi a odio semper cursus. Integer mollis. Integer tincidunt aliquam arcu. Aliquam ultrices iaculis odio. Nam interdum enim non nisi. Aenean eget metus. In nec orci. Donec nibh. Quisque nonummy ipsum non arcu. Vivamus sit amet risus. Donec egestas. Aliquam nec enim. Nunc ut erat. Sed nunc est, mollis non, cursus" />
	<customer  id="778" name="Rebecca" password="ELR63IMZ4BY" email="urna.Ut.tincidunt@facilisisegetipsum.edu" company="Sed Nunc Institute" address="6387 Velit Rd." city="Heilbronn" postalCode="7052" country="Croatia" phone="(765) 286-5838" fax="(112) 531-8028" registerdate="2014-04-12 07:04:45" logindate="2015-08-20 04:08:54" comment="elit, a feugiat tellus lorem eu metus. In lorem. Donec elementum, lorem ut aliquam iaculis, lacus pede sagittis augue, eu tempor erat neque non quam. Pellentesque habitant morbi tristique senectus et netus et malesuada fames ac turpis egestas. Aliquam fringilla cursus purus. Nullam scelerisque neque sed sem egestas blandit. Nam nulla magna, malesuada vel, convallis in, cursus et, eros. Proin ultrices. Duis volutpat nunc sit amet metus." />
	<customer  id="779" name="Valentine" password="PQV76BID0HQ" email="egestas@ametmetus.ca" company="Sapien Nunc Pulvinar Corp." address="824-7877 Praesent Road" city="Squillace" postalCode="18289" country="Cocos (Keeling) Islands" phone="(562) 582-1544" fax="(743) 309-8487" registerdate="2014-09-11 05:09:54" logindate="2014-01-03 02:01:11" comment="ut cursus luctus, ipsum leo elementum sem, vitae aliquam eros turpis non enim. Mauris quis turpis vitae purus gravida sagittis. Duis gravida. Praesent eu nulla at sem molestie sodales. Mauris blandit enim consequat purus. Maecenas libero est, congue a, aliquet vel, vulputate eu, odio. Phasellus at augue id ante dictum cursus. Nunc mauris elit, dictum eu, eleifend nec," />
	<customer  id="780" name="Reece" password="FXA34FGW0ZB" email="pede.Nunc.sed@orci.net" company="Turpis Nec Ltd" address="1460 Luctus. Ave" city="Premeno" postalCode="70159-981" country="Hungary" phone="(144) 523-5875" fax="(793) 634-6065" registerdate="2014-12-21 03:12:52" logindate="2013-09-27 07:09:51" comment="ac urna. Ut tincidunt vehicula risus. Nulla eget metus eu erat semper rutrum. Fusce dolor quam, elementum at, egestas a, scelerisque sed, sapien. Nunc pulvinar arcu et pede. Nunc sed orci lobortis augue scelerisque mollis. Phasellus libero mauris, aliquam eu, accumsan sed, facilisis vitae, orci. Phasellus dapibus quam quis diam. Pellentesque habitant morbi tristique senectus et netus et malesuada fames ac turpis egestas. Fusce aliquet magna a neque. Nullam ut nisi a odio semper cursus. Integer mollis. Integer tincidunt aliquam arcu. Aliquam ultrices iaculis odio. Nam interdum enim non nisi. Aenean eget metus. In nec" />
	<customer  id="781" name="Cally" password="OCY04VHD2XQ" email="mus@arcu.co.uk" company="Integer Institute" address="720-303 Morbi Rd." city="Mandya" postalCode="7580" country="South Georgia and The South Sandwich Islands" phone="(444) 358-3479" fax="(101) 120-8670" registerdate="2015-05-03 02:05:14" logindate="2013-10-31 11:10:52" comment="neque. Sed eget lacus. Mauris non dui nec urna suscipit nonummy. Fusce fermentum fermentum arcu. Vestibulum ante ipsum primis in faucibus orci luctus et ultrices posuere cubilia Curae Phasellus ornare. Fusce mollis. Duis sit amet diam eu dolor egestas rhoncus. Proin nisl sem, consequat nec, mollis vitae, posuere at, velit. Cras lorem lorem, luctus ut, pellentesque eget, dictum placerat, augue. Sed molestie. Sed id risus quis diam luctus lobortis. Class aptent taciti sociosqu ad litora torquent per conubia nostra, per inceptos" />
	<customer  id="782" name="Tobias" password="GHV00ZYE8WE" email="ut.molestie.in@enim.com" company="Accumsan Neque Et Incorporated" address="P.O. Box 430, 896 Vel St." city="Francavilla Fontana" postalCode="286010" country="Bosnia and Herzegovina" phone="(205) 398-6645" fax="(930) 829-4949" registerdate="2015-03-10 05:03:34" logindate="2015-08-12 12:08:26" comment="sed pede nec ante blandit viverra. Donec tempus, lorem fringilla ornare placerat, orci lacus vestibulum lorem, sit amet ultricies sem magna nec quam. Curabitur vel lectus. Cum sociis natoque penatibus et magnis dis parturient montes, nascetur ridiculus mus. Donec dignissim magna a tortor. Nunc commodo auctor velit. Aliquam nisl. Nulla eu neque pellentesque massa lobortis ultrices. Vivamus rhoncus. Donec est. Nunc ullamcorper, velit in aliquet lobortis, nisi nibh lacinia orci, consectetuer euismod est arcu ac orci. Ut semper pretium neque. Morbi quis urna. Nunc quis arcu vel quam dignissim" />
	<customer  id="783" name="Zachary" password="DZL38DAG8CA" email="Fusce.diam@sociis.co.uk" company="Tortor Associates" address="544 Sapien Street" city="Bargagli" postalCode="3682" country="Comoros" phone="(847) 276-1009" fax="(606) 660-0924" registerdate="2014-10-06 04:10:12" logindate="2015-03-13 06:03:12" comment="aliquam adipiscing lacus. Ut nec urna et arcu imperdiet ullamcorper. Duis at lacus. Quisque purus sapien, gravida non, sollicitudin a, malesuada id, erat. Etiam vestibulum massa rutrum magna. Cras convallis convallis dolor. Quisque tincidunt pede ac urna. Ut tincidunt vehicula risus. Nulla eget metus eu erat semper rutrum. Fusce dolor quam, elementum at, egestas a, scelerisque sed, sapien. Nunc pulvinar arcu et pede. Nunc sed orci lobortis augue scelerisque mollis. Phasellus libero mauris, aliquam eu, accumsan sed, facilisis vitae, orci. Phasellus dapibus quam quis diam. Pellentesque habitant morbi tristique" />
	<customer  id="784" name="Sara" password="LYR12MUR1AF" email="semper.et.lacinia@conubianostra.net" company="Non Enim Commodo Corp." address="488-7176 Tortor Ave" city="Chandler" postalCode="59842" country="Comoros" phone="(560) 877-7011" fax="(653) 735-3697" registerdate="2013-11-10 03:11:46" logindate="2014-02-26 02:02:50" comment="purus, in molestie tortor nibh sit amet orci. Ut sagittis lobortis mauris. Suspendisse aliquet molestie tellus. Aenean egestas hendrerit neque. In ornare sagittis felis. Donec tempor, est ac mattis semper, dui lectus rutrum urna, nec luctus felis purus ac tellus. Suspendisse sed dolor. Fusce mi lorem, vehicula et, rutrum eu, ultrices sit amet, risus. Donec nibh enim, gravida sit amet, dapibus id, blandit at, nisi." />
	<customer  id="785" name="Kay" password="BQH64SRO7PR" email="commodo@metusAeneansed.net" company="Bibendum PC" address="777-778 In Street" city="Eckernf�rde" postalCode="17667" country="United States Minor Outlying Islands" phone="(888) 811-9126" fax="(287) 860-1100" registerdate="2014-05-14 04:05:10" logindate="2015-07-11 08:07:47" comment="lectus quis massa. Mauris vestibulum, neque sed dictum eleifend, nunc risus varius orci, in consequat enim diam vel arcu. Curabitur ut odio vel est tempor bibendum. Donec felis orci, adipiscing non, luctus sit amet, faucibus ut, nulla. Cras eu tellus eu augue porttitor interdum. Sed auctor odio a purus. Duis elementum, dui quis accumsan convallis, ante lectus convallis est, vitae sodales nisi magna sed dui. Fusce aliquam, enim nec tempus" />
	<customer  id="786" name="Ulla" password="RSA10PZN8HI" email="Morbi@nunc.co.uk" company="Sed Consequat Corp." address="124-8971 Mi, St." city="s Herenelderen" postalCode="4144" country="Comoros" phone="(300) 175-5677" fax="(712) 707-2789" registerdate="2014-03-19 11:03:44" logindate="2015-03-13 01:03:18" comment="feugiat. Sed nec metus facilisis lorem tristique aliquet. Phasellus fermentum convallis ligula. Donec luctus aliquet odio. Etiam ligula tortor, dictum eu, placerat eget, venenatis a, magna. Lorem ipsum dolor sit amet, consectetuer adipiscing elit. Etiam laoreet, libero et tristique pellentesque, tellus sem mollis dui, in sodales elit erat vitae risus. Duis a mi fringilla mi lacinia mattis. Integer eu lacus. Quisque imperdiet, erat nonummy ultricies ornare, elit elit fermentum risus, at fringilla purus mauris a nunc. In at pede. Cras vulputate velit eu sem. Pellentesque ut ipsum ac mi eleifend egestas. Sed pharetra, felis eget" />
	<customer  id="787" name="Jemima" password="TTU79BRG8RF" email="vitae.dolor.Donec@pedenonummyut.com" company="A Felis Corporation" address="P.O. Box 354, 9219 Aenean Rd." city="Sagamu" postalCode="18151" country="Kuwait" phone="(651) 180-1256" fax="(392) 355-0501" registerdate="2015-07-20 01:07:49" logindate="2013-11-08 03:11:31" comment="ac libero nec ligula consectetuer rhoncus. Nullam velit dui, semper et, lacinia vitae, sodales at, velit. Pellentesque ultricies dignissim lacus. Aliquam rutrum lorem ac risus. Morbi metus. Vivamus euismod urna. Nullam lobortis quam a felis ullamcorper viverra. Maecenas iaculis aliquet diam. Sed diam lorem, auctor quis, tristique ac, eleifend vitae, erat. Vivamus nisi. Mauris nulla. Integer urna. Vivamus molestie dapibus ligula. Aliquam erat volutpat. Nulla dignissim. Maecenas ornare egestas ligula. Nullam feugiat placerat velit. Quisque varius. Nam porttitor scelerisque" />
	<customer  id="788" name="Elton" password="KSG37YYE0TI" email="at@Donecatarcu.edu" company="Mauris Quis Turpis Incorporated" address="9419 Mauris Road" city="Nagaon" postalCode="1952VR" country="Nepal" phone="(664) 141-6335" fax="(389) 777-8488" registerdate="2013-10-04 10:10:23" logindate="2014-10-29 10:10:23" comment="lorem ipsum sodales purus, in molestie tortor nibh sit amet orci. Ut sagittis lobortis mauris. Suspendisse aliquet molestie tellus. Aenean egestas hendrerit neque. In ornare sagittis felis. Donec tempor, est ac mattis semper, dui lectus rutrum urna, nec luctus felis purus ac tellus. Suspendisse sed dolor. Fusce mi lorem, vehicula et, rutrum eu, ultrices sit" />
	<customer  id="789" name="Cyrus" password="JGM13QHD7TZ" email="nonummy.Fusce@Maurisnondui.co.uk" company="Felis Nulla Industries" address="Ap #664-8538 Litora Ave" city="Reading" postalCode="G5B 6Z9" country="Liechtenstein" phone="(730) 223-8235" fax="(652) 816-6187" registerdate="2013-12-05 01:12:03" logindate="2014-05-24 06:05:28" comment="tempus, lorem fringilla ornare placerat, orci lacus vestibulum lorem, sit amet ultricies sem magna nec quam. Curabitur vel lectus. Cum sociis natoque penatibus et magnis dis parturient montes, nascetur ridiculus mus. Donec dignissim magna a tortor. Nunc commodo auctor velit. Aliquam nisl. Nulla eu neque pellentesque massa lobortis ultrices. Vivamus rhoncus. Donec est. Nunc ullamcorper, velit in aliquet" />
	<customer  id="790" name="Lance" password="AYS23TMW6OH" email="Vivamus.nisi.Mauris@vestibulum.org" company="In Sodales Limited" address="Ap #788-8969 Euismod St." city="Molfetta" postalCode="11549" country="Tonga" phone="(415) 146-1536" fax="(920) 658-5365" registerdate="2014-02-27 02:02:39" logindate="2014-09-30 08:09:12" comment="tristique ac, eleifend vitae, erat. Vivamus nisi. Mauris nulla. Integer urna. Vivamus molestie dapibus ligula. Aliquam erat volutpat. Nulla dignissim. Maecenas ornare egestas ligula. Nullam feugiat placerat velit. Quisque varius. Nam porttitor scelerisque neque. Nullam nisl. Maecenas malesuada fringilla est. Mauris eu turpis. Nulla aliquet. Proin velit. Sed malesuada augue ut lacus. Nulla tincidunt, neque vitae semper egestas, urna justo faucibus lectus, a sollicitudin orci sem eget massa. Suspendisse eleifend. Cras sed leo. Cras vehicula aliquet libero. Integer in magna. Phasellus dolor elit, pellentesque a, facilisis non, bibendum sed, est. Nunc laoreet lectus quis massa. Mauris vestibulum," />
	<customer  id="791" name="Anjolie" password="LOP92KSB9IN" email="dolor.sit@semper.org" company="Diam Lorem Auctor Consulting" address="4827 Egestas, Road" city="Tontelange" postalCode="80-693" country="Armenia" phone="(486) 656-2811" fax="(937) 424-0352" registerdate="2014-07-21 03:07:56" logindate="2013-12-28 10:12:04" comment="Nam porttitor scelerisque neque. Nullam nisl. Maecenas malesuada fringilla est. Mauris eu turpis. Nulla aliquet. Proin velit. Sed malesuada augue ut lacus. Nulla tincidunt, neque vitae semper egestas, urna justo faucibus lectus, a sollicitudin orci sem eget massa. Suspendisse eleifend. Cras sed leo. Cras vehicula aliquet libero. Integer in magna. Phasellus dolor elit, pellentesque a, facilisis non, bibendum sed, est. Nunc laoreet lectus quis massa. Mauris vestibulum, neque sed dictum eleifend, nunc risus varius orci, in consequat enim diam vel arcu. Curabitur ut odio vel est tempor bibendum. Donec felis orci, adipiscing non, luctus sit amet, faucibus ut," />
	<customer  id="792" name="Paula" password="IRX49SCQ1TW" email="porta.elit@blanditat.edu" company="Euismod Enim PC" address="842-2971 Pharetra Av." city="Tracadie-Shelia" postalCode="V3A 3L6" country="Taiwan" phone="(871) 603-4684" fax="(794) 120-2225" registerdate="2014-11-14 03:11:23" logindate="2013-12-26 07:12:57" comment="turpis non enim. Mauris quis turpis vitae purus gravida sagittis. Duis gravida. Praesent eu nulla at sem molestie sodales. Mauris blandit enim consequat purus. Maecenas libero est, congue a, aliquet vel, vulputate eu, odio. Phasellus at augue id ante dictum cursus. Nunc mauris elit, dictum eu, eleifend nec, malesuada ut, sem. Nulla interdum. Curabitur dictum. Phasellus in felis. Nulla tempor augue ac ipsum. Phasellus vitae mauris sit amet lorem semper auctor. Mauris vel turpis. Aliquam adipiscing lobortis risus. In mi pede, nonummy ut," />
	<customer  id="793" name="Thomas" password="TXH75JPC4WT" email="sem@ultrices.com" company="Ipsum Foundation" address="P.O. Box 201, 3431 Semper Av." city="Rossignol" postalCode="6610" country="Djibouti" phone="(486) 988-3768" fax="(983) 755-2071" registerdate="2015-04-02 03:04:21" logindate="2014-05-19 10:05:11" comment="ornare. Fusce mollis. Duis sit amet diam eu dolor egestas rhoncus. Proin nisl sem, consequat nec, mollis vitae, posuere at, velit. Cras lorem lorem, luctus ut, pellentesque eget, dictum placerat, augue. Sed molestie. Sed id risus quis diam luctus lobortis. Class aptent taciti sociosqu ad litora torquent per conubia nostra, per inceptos hymenaeos. Mauris ut quam vel sapien imperdiet ornare. In faucibus. Morbi vehicula. Pellentesque tincidunt tempus risus. Donec egestas. Duis ac arcu. Nunc mauris. Morbi non sapien molestie orci tincidunt adipiscing. Mauris molestie pharetra nibh. Aliquam ornare, libero at" />
	<customer  id="794" name="Debra" password="UWE12IYS4GN" email="auctor@nec.co.uk" company="Non Ltd" address="788-894 Orci, Street" city="Ceppaloni" postalCode="264154" country="New Caledonia" phone="(261) 620-4953" fax="(648) 430-3411" registerdate="2014-04-27 09:04:29" logindate="2015-02-06 01:02:01" comment="lobortis, nisi nibh lacinia orci, consectetuer euismod est arcu ac orci. Ut semper pretium neque. Morbi quis urna. Nunc quis arcu vel quam dignissim pharetra. Nam ac nulla. In tincidunt congue turpis. In condimentum. Donec at arcu. Vestibulum ante ipsum primis in faucibus orci luctus et ultrices posuere cubilia Curae Donec tincidunt. Donec vitae erat vel pede blandit congue. In scelerisque scelerisque dui. Suspendisse ac metus vitae velit egestas lacinia. Sed congue, elit sed consequat auctor, nunc nulla" />
	<customer  id="795" name="Stewart" password="YHJ15QWR3AM" email="dolor@necligulaconsectetuer.com" company="Viverra Donec Inc." address="P.O. Box 819, 3082 Ipsum Street" city="Launceston" postalCode="207676" country="Argentina" phone="(592) 326-0547" fax="(727) 412-6381" registerdate="2015-01-07 01:01:20" logindate="2014-08-04 12:08:58" comment="Nunc ac sem ut dolor dapibus gravida. Aliquam tincidunt, nunc ac mattis ornare, lectus ante dictum mi, ac mattis velit justo nec ante. Maecenas mi felis, adipiscing fringilla, porttitor vulputate, posuere vulputate, lacus. Cras interdum. Nunc sollicitudin commodo ipsum. Suspendisse non leo. Vivamus nibh dolor, nonummy ac, feugiat non, lobortis quis, pede. Suspendisse dui. Fusce diam nunc, ullamcorper eu," />
	<customer  id="796" name="Ferdinand" password="CEX34AEX7GI" email="cursus.et.eros@Nam.ca" company="Magnis Consulting" address="Ap #490-4855 Dolor Rd." city="Sennariolo" postalCode="2674" country="Guernsey" phone="(762) 380-8986" fax="(459) 978-9286" registerdate="2014-03-12 04:03:05" logindate="2015-07-29 11:07:47" comment="metus. In lorem. Donec elementum, lorem ut aliquam iaculis, lacus pede sagittis augue, eu tempor erat neque non quam. Pellentesque habitant morbi tristique senectus et netus et malesuada fames ac turpis egestas. Aliquam fringilla cursus purus. Nullam scelerisque neque sed sem egestas blandit. Nam nulla magna, malesuada vel, convallis in, cursus et, eros. Proin ultrices. Duis volutpat nunc sit amet metus. Aliquam erat volutpat." />
	<customer  id="797" name="Brianna" password="PWD53FTN1TB" email="faucibus.id.libero@velitAliquamnisl.ca" company="Nulla Corp." address="4267 Nibh. Ave" city="Roubaix" postalCode="K7W 5WW" country="Greenland" phone="(178) 740-0618" fax="(272) 887-6776" registerdate="2013-09-15 09:09:00" logindate="2014-04-11 02:04:36" comment="a, auctor non, feugiat nec, diam. Duis mi enim, condimentum eget, volutpat ornare, facilisis eget, ipsum. Donec sollicitudin adipiscing ligula. Aenean gravida nunc sed pede. Cum sociis natoque penatibus et magnis dis parturient montes, nascetur ridiculus mus. Proin vel arcu eu odio tristique pharetra. Quisque ac libero nec ligula consectetuer rhoncus. Nullam velit dui, semper et, lacinia vitae, sodales at," />
	<customer  id="798" name="Tarik" password="OLU30THM5TS" email="auctor.nunc.nulla@aliquetmagna.edu" company="Fusce Aliquam LLC" address="289-7432 Dignissim Rd." city="Miami" postalCode="92411" country="Greece" phone="(374) 367-7431" fax="(105) 695-2700" registerdate="2014-03-23 07:03:37" logindate="2015-07-20 04:07:45" comment="enim non nisi. Aenean eget metus. In nec orci. Donec nibh. Quisque nonummy ipsum non arcu. Vivamus sit amet risus. Donec egestas. Aliquam nec enim. Nunc ut erat. Sed nunc est, mollis non, cursus non, egestas a, dui. Cras pellentesque. Sed dictum. Proin eget odio. Aliquam vulputate ullamcorper magna. Sed eu eros." />
	<customer  id="799" name="Harper" password="TZD21HIH8HU" email="In@ultricesiaculis.co.uk" company="Fusce Aliquam Enim Consulting" address="168-7640 At Rd." city="Jabalpur" postalCode="16362" country="Faroe Islands" phone="(984) 528-7075" fax="(875) 315-6091" registerdate="2014-12-18 02:12:46" logindate="2014-01-06 04:01:52" comment="auctor quis, tristique ac, eleifend vitae, erat. Vivamus nisi. Mauris nulla. Integer urna. Vivamus molestie dapibus ligula. Aliquam erat volutpat. Nulla dignissim. Maecenas ornare egestas ligula. Nullam feugiat placerat velit. Quisque varius. Nam porttitor scelerisque neque. Nullam nisl. Maecenas malesuada fringilla est. Mauris eu turpis. Nulla aliquet. Proin velit. Sed malesuada augue ut lacus. Nulla tincidunt, neque vitae semper egestas, urna justo faucibus lectus, a sollicitudin orci sem eget massa. Suspendisse eleifend. Cras sed" />
	<customer  id="800" name="Damon" password="NJF49AKS0NV" email="egestas.Duis@etultricesposuere.co.uk" company="Vitae Limited" address="Ap #219-2076 Phasellus St." city="Brunn am Gebirge" postalCode="03837" country="Italy" phone="(190) 517-2886" fax="(721) 570-7920" registerdate="2015-05-30 02:05:32" logindate="2015-07-18 12:07:52" comment="et malesuada fames ac turpis egestas. Fusce aliquet magna a neque. Nullam ut nisi a odio semper cursus. Integer mollis. Integer tincidunt aliquam arcu. Aliquam ultrices iaculis odio. Nam interdum enim non nisi. Aenean eget metus. In nec orci. Donec nibh. Quisque nonummy ipsum non arcu. Vivamus sit amet risus. Donec egestas. Aliquam nec enim. Nunc ut erat. Sed nunc est, mollis non, cursus non, egestas a, dui. Cras pellentesque. Sed dictum. Proin eget odio. Aliquam vulputate ullamcorper magna. Sed eu" />
	<customer  id="801" name="Amelia" password="QEQ35SME8XX" email="ullamcorper.eu@facilisis.co.uk" company="Tincidunt Dui Augue Industries" address="P.O. Box 662, 9704 Laoreet Av." city="Autelbas" postalCode="16486" country="Swaziland" phone="(598) 146-3124" fax="(735) 968-6713" registerdate="2015-07-31 06:07:18" logindate="2015-01-30 02:01:27" comment="eu, accumsan sed, facilisis vitae, orci. Phasellus dapibus quam quis diam. Pellentesque habitant morbi tristique senectus et netus et malesuada fames ac turpis egestas. Fusce aliquet magna a neque. Nullam ut nisi a odio semper cursus. Integer mollis. Integer tincidunt aliquam arcu. Aliquam ultrices iaculis odio. Nam interdum enim non nisi. Aenean eget metus. In nec orci. Donec" />
	<customer  id="802" name="Talon" password="OMW54QUE2WF" email="Vivamus.non.lorem@mollisvitae.co.uk" company="Vel Faucibus Corporation" address="P.O. Box 174, 7877 Ligula. Ave" city="Castelnovo del Friuli" postalCode="28535" country="Bangladesh" phone="(587) 645-1714" fax="(153) 163-3419" registerdate="2015-07-11 11:07:24" logindate="2014-02-16 01:02:58" comment="eget nisi dictum augue malesuada malesuada. Integer id magna et ipsum cursus vestibulum. Mauris magna. Duis dignissim tempor arcu. Vestibulum ut eros non enim commodo hendrerit. Donec porttitor tellus non magna. Nam ligula elit, pretium et, rutrum non, hendrerit id, ante. Nunc mauris sapien, cursus in, hendrerit consectetuer, cursus et, magna. Praesent interdum ligula eu enim. Etiam imperdiet dictum magna. Ut tincidunt orci quis lectus. Nullam suscipit, est ac facilisis facilisis, magna tellus faucibus leo, in lobortis tellus justo sit amet nulla. Donec non justo. Proin non massa non ante bibendum ullamcorper. Duis cursus, diam at" />
	<customer  id="803" name="Donna" password="PZM54FMU3RW" email="viverra.Maecenas.iaculis@nonenim.com" company="Mi Corporation" address="9664 Dui Avenue" city="Barrie" postalCode="06473" country="Austria" phone="(322) 326-2815" fax="(709) 281-5441" registerdate="2014-05-02 11:05:54" logindate="2013-09-07 02:09:51" comment="eros. Proin ultrices. Duis volutpat nunc sit amet metus. Aliquam erat volutpat. Nulla facilisis. Suspendisse commodo tincidunt nibh. Phasellus nulla. Integer vulputate, risus a ultricies adipiscing, enim mi tempor lorem, eget mollis lectus pede et risus. Quisque libero lacus, varius et, euismod et, commodo at, libero. Morbi accumsan laoreet ipsum. Curabitur consequat, lectus sit amet luctus vulputate, nisi sem semper erat, in consectetuer ipsum nunc id enim. Curabitur massa." />
	<customer  id="804" name="Ignatius" password="MZN39VWR3ED" email="mauris@egestas.ca" company="Enim Commodo Institute" address="8936 Ut Road" city="Laramie" postalCode="26328" country="Mauritania" phone="(334) 876-4215" fax="(877) 422-6274" registerdate="2015-01-09 09:01:41" logindate="2015-08-01 07:08:19" comment="semper egestas, urna justo faucibus lectus, a sollicitudin orci sem eget massa. Suspendisse eleifend. Cras sed leo. Cras vehicula aliquet libero. Integer in magna. Phasellus dolor elit, pellentesque a, facilisis non, bibendum sed, est. Nunc laoreet lectus quis massa. Mauris vestibulum, neque sed dictum eleifend, nunc risus varius orci, in consequat enim diam vel arcu. Curabitur ut odio vel est tempor bibendum. Donec felis orci, adipiscing non, luctus sit amet, faucibus ut, nulla. Cras eu tellus eu" />
	<customer  id="805" name="Odessa" password="NKV31UIM7AU" email="arcu.vel.quam@nibh.ca" company="Imperdiet Erat Nonummy Consulting" address="Ap #666-6387 Et, St." city="Picinisco" postalCode="70442" country="Sint Maarten" phone="(758) 710-1374" fax="(778) 326-1824" registerdate="2014-01-29 06:01:25" logindate="2014-07-06 04:07:17" comment="tortor. Integer aliquam adipiscing lacus. Ut nec urna et arcu imperdiet ullamcorper. Duis at lacus. Quisque purus sapien, gravida non, sollicitudin a, malesuada id, erat. Etiam vestibulum massa rutrum magna. Cras convallis convallis dolor. Quisque tincidunt pede ac urna. Ut tincidunt vehicula risus. Nulla eget metus eu erat semper rutrum. Fusce dolor quam, elementum at, egestas a, scelerisque sed, sapien. Nunc pulvinar arcu et" />
	<customer  id="806" name="Karen" password="MAP89JBF6MJ" email="taciti.sociosqu@montes.ca" company="Auctor Non Feugiat Ltd" address="1694 Mus. St." city="Terragnolo" postalCode="2054" country="United States" phone="(530) 440-7683" fax="(643) 350-2265" registerdate="2014-06-08 06:06:43" logindate="2014-10-21 08:10:33" comment="mattis semper, dui lectus rutrum urna, nec luctus felis purus ac tellus. Suspendisse sed dolor. Fusce mi lorem, vehicula et, rutrum eu, ultrices sit amet, risus. Donec nibh enim, gravida sit amet, dapibus id, blandit at, nisi. Cum sociis natoque penatibus et magnis dis parturient montes, nascetur ridiculus mus. Proin vel nisl. Quisque fringilla euismod enim. Etiam gravida molestie arcu. Sed eu nibh vulputate mauris sagittis placerat. Cras dictum ultricies ligula. Nullam enim. Sed nulla ante, iaculis nec, eleifend non, dapibus rutrum, justo. Praesent luctus." />
	<customer  id="807" name="Lamar" password="HZO72CET6QA" email="sit.amet@quisaccumsanconvallis.edu" company="Id PC" address="978-2169 Donec Street" city="Baarle-Hertog" postalCode="61063" country="Martinique" phone="(762) 208-5853" fax="(354) 479-0405" registerdate="2015-04-26 10:04:18" logindate="2014-07-05 05:07:43" comment="nunc ac mattis ornare, lectus ante dictum mi, ac mattis velit justo nec ante. Maecenas mi felis, adipiscing fringilla, porttitor vulputate, posuere vulputate, lacus. Cras interdum. Nunc sollicitudin commodo ipsum. Suspendisse non leo. Vivamus nibh dolor, nonummy ac, feugiat non, lobortis quis, pede. Suspendisse dui. Fusce diam nunc, ullamcorper eu, euismod ac, fermentum vel, mauris. Integer sem elit, pharetra ut, pharetra sed, hendrerit a, arcu. Sed et libero. Proin mi. Aliquam gravida mauris ut" />
	<customer  id="808" name="Carl" password="OSC30OJH8DD" email="adipiscing.non.luctus@sit.com" company="Tortor LLC" address="145-208 Tempor Av." city="Lagos" postalCode="78276" country="Qatar" phone="(412) 242-9910" fax="(371) 230-6516" registerdate="2014-08-16 01:08:25" logindate="2013-12-22 06:12:36" comment="eu dolor egestas rhoncus. Proin nisl sem, consequat nec, mollis vitae, posuere at, velit. Cras lorem lorem, luctus ut, pellentesque eget, dictum placerat, augue. Sed molestie. Sed id risus quis diam luctus lobortis. Class aptent taciti sociosqu ad litora torquent per conubia nostra, per inceptos hymenaeos. Mauris ut quam vel sapien imperdiet ornare. In faucibus. Morbi vehicula. Pellentesque tincidunt tempus risus. Donec egestas. Duis ac arcu. Nunc mauris. Morbi non sapien molestie orci tincidunt adipiscing. Mauris molestie pharetra nibh. Aliquam ornare, libero at auctor ullamcorper, nisl arcu iaculis" />
	<customer  id="809" name="Colby" password="ZEQ98FSA0EI" email="massa@malesuadaaugueut.edu" company="Arcu Iaculis Corp." address="9659 Odio. Av." city="Wörgl" postalCode="46608" country="Wallis and Futuna" phone="(183) 574-0587" fax="(139) 496-0108" registerdate="2014-07-24 05:07:31" logindate="2015-02-13 06:02:50" comment="In nec orci. Donec nibh. Quisque nonummy ipsum non arcu. Vivamus sit amet risus. Donec egestas. Aliquam nec enim. Nunc ut erat. Sed nunc est, mollis non, cursus non, egestas a, dui. Cras pellentesque. Sed dictum. Proin eget odio. Aliquam vulputate ullamcorper magna. Sed eu eros. Nam consequat dolor vitae dolor. Donec fringilla. Donec feugiat metus sit amet ante. Vivamus non lorem vitae odio sagittis semper. Nam tempor diam dictum sapien. Aenean massa. Integer vitae" />
	<customer  id="810" name="Martena" password="BIZ14IWH7MD" email="malesuada.id@maurisblanditmattis.org" company="Cras Consulting" address="206 Aliquam Ave" city="Stigliano" postalCode="651224" country="Liberia" phone="(713) 971-6376" fax="(769) 433-4074" registerdate="2014-07-29 12:07:15" logindate="2015-07-13 09:07:33" comment="Cum sociis natoque penatibus et magnis dis parturient montes, nascetur ridiculus mus. Proin vel nisl. Quisque fringilla euismod enim. Etiam gravida molestie arcu. Sed eu nibh vulputate mauris sagittis placerat. Cras dictum ultricies ligula. Nullam enim. Sed nulla ante, iaculis nec, eleifend non, dapibus rutrum, justo. Praesent luctus. Curabitur egestas nunc sed libero. Proin sed turpis nec mauris" />
	<customer  id="811" name="Keegan" password="RRI40DYM5EK" email="erat.vel@Donecfeugiatmetus.edu" company="Pretium Aliquet Metus Consulting" address="P.O. Box 279, 2685 Duis St." city="Moffat" postalCode="9082" country="Palau" phone="(146) 385-0849" fax="(787) 274-3793" registerdate="2013-11-20 11:11:30" logindate="2015-01-16 03:01:34" comment="ipsum. Suspendisse non leo. Vivamus nibh dolor, nonummy ac, feugiat non, lobortis quis, pede. Suspendisse dui. Fusce diam nunc, ullamcorper eu, euismod ac, fermentum vel, mauris. Integer sem elit, pharetra ut, pharetra sed, hendrerit a, arcu. Sed et libero. Proin mi. Aliquam gravida mauris ut mi. Duis risus odio, auctor vitae, aliquet nec, imperdiet nec, leo. Morbi neque tellus, imperdiet non, vestibulum nec, euismod in, dolor. Fusce feugiat. Lorem ipsum dolor sit amet, consectetuer adipiscing elit. Aliquam auctor, velit eget laoreet posuere, enim nisl elementum purus, accumsan interdum libero dui" />
	<customer  id="812" name="Michael" password="QKU57UQL9CF" email="turpis.Nulla@velpedeblandit.com" company="Habitant Morbi Associates" address="1173 Elit, Av." city="Zoetermeer" postalCode="2844" country="Wallis and Futuna" phone="(826) 186-9966" fax="(133) 617-2801" registerdate="2014-01-02 08:01:23" logindate="2014-05-01 12:05:20" comment="eleifend egestas. Sed pharetra, felis eget varius ultrices, mauris ipsum porta elit, a feugiat tellus lorem eu metus. In lorem. Donec elementum, lorem ut aliquam iaculis, lacus pede sagittis augue, eu tempor erat neque non quam. Pellentesque habitant morbi tristique senectus et netus et malesuada fames ac turpis egestas. Aliquam fringilla cursus purus. Nullam scelerisque" />
	<customer  id="813" name="Tyrone" password="CRD40CPP1NT" email="Mauris.eu@placeratCras.org" company="Mattis Cras Eget Corporation" address="327-6114 Non St." city="Oudenaken" postalCode="14987" country="Guyana" phone="(509) 755-2351" fax="(577) 839-3669" registerdate="2014-03-26 09:03:46" logindate="2015-03-05 06:03:45" comment="magna nec quam. Curabitur vel lectus. Cum sociis natoque penatibus et magnis dis parturient montes, nascetur ridiculus mus. Donec dignissim magna a tortor. Nunc commodo auctor velit. Aliquam nisl. Nulla eu neque pellentesque massa lobortis ultrices. Vivamus rhoncus. Donec est. Nunc ullamcorper, velit in aliquet lobortis, nisi nibh lacinia orci, consectetuer euismod est arcu ac orci. Ut semper pretium neque. Morbi quis urna. Nunc quis arcu vel quam dignissim pharetra. Nam ac nulla. In tincidunt congue turpis. In condimentum. Donec at arcu. Vestibulum ante ipsum primis in faucibus orci luctus" />
	<customer  id="814" name="Audrey" password="YED72JPL5NF" email="mollis.Integer.tincidunt@nuncInat.org" company="Quis Associates" address="Ap #181-582 Nullam Street" city="Blackwood" postalCode="6602" country="Sri Lanka" phone="(560) 349-4688" fax="(830) 518-2147" registerdate="2015-08-07 03:08:22" logindate="2015-02-10 12:02:56" comment="facilisis. Suspendisse commodo tincidunt nibh. Phasellus nulla. Integer vulputate, risus a ultricies adipiscing, enim mi tempor lorem, eget mollis lectus pede et risus. Quisque libero lacus, varius et, euismod et, commodo at, libero. Morbi accumsan laoreet ipsum. Curabitur consequat, lectus sit amet luctus vulputate, nisi sem semper erat, in consectetuer ipsum nunc id enim. Curabitur massa. Vestibulum accumsan neque et nunc. Quisque ornare tortor at risus. Nunc ac sem ut dolor dapibus gravida. Aliquam tincidunt, nunc ac mattis ornare, lectus ante dictum mi, ac mattis velit justo nec" />
	<customer  id="815" name="Oren" password="RMQ12BDB7XR" email="Integer.eu@feugiatSed.edu" company="Donec Feugiat Inc." address="762-1680 Feugiat Rd." city="Cochin" postalCode="06306-277" country="Spain" phone="(812) 117-8969" fax="(796) 739-4896" registerdate="2014-04-05 08:04:29" logindate="2014-11-28 10:11:46" comment="non, lobortis quis, pede. Suspendisse dui. Fusce diam nunc, ullamcorper eu, euismod ac, fermentum vel, mauris. Integer sem elit, pharetra ut, pharetra sed, hendrerit a, arcu. Sed et libero. Proin mi. Aliquam gravida mauris ut mi. Duis risus odio, auctor vitae, aliquet nec, imperdiet nec, leo. Morbi neque tellus, imperdiet non, vestibulum nec, euismod in, dolor. Fusce feugiat. Lorem ipsum dolor sit amet, consectetuer adipiscing elit. Aliquam auctor, velit eget laoreet posuere, enim nisl elementum purus, accumsan interdum libero dui" />
	<customer  id="816" name="Kadeem" password="JBM67UMB8ZP" email="sit.amet.lorem@purusmaurisa.net" company="Molestie Pharetra Nibh LLP" address="P.O. Box 137, 5682 Eget St." city="Wiesbaden" postalCode="7799PV" country="Saint Helena, Ascension and Tristan da Cunha" phone="(912) 966-9025" fax="(860) 305-4698" registerdate="2014-11-07 10:11:57" logindate="2014-07-14 01:07:43" comment="eu nulla at sem molestie sodales. Mauris blandit enim consequat purus. Maecenas libero est, congue a, aliquet vel, vulputate eu, odio. Phasellus at augue id ante dictum cursus. Nunc mauris elit, dictum eu, eleifend nec, malesuada ut, sem. Nulla interdum. Curabitur dictum. Phasellus in felis. Nulla tempor augue ac ipsum. Phasellus vitae mauris sit amet lorem semper auctor. Mauris vel turpis. Aliquam adipiscing lobortis risus. In mi pede, nonummy ut, molestie in, tempus eu, ligula. Aenean" />
	<customer  id="817" name="Sylvester" password="TBG32DYY6VS" email="lectus@atvelitCras.net" company="Eu Eleifend Nec Industries" address="690-8624 Orci. Rd." city="Guna" postalCode="765455" country="Puerto Rico" phone="(157) 987-6221" fax="(732) 901-9380" registerdate="2014-10-26 12:10:43" logindate="2015-01-12 07:01:54" comment="Quisque imperdiet, erat nonummy ultricies ornare, elit elit fermentum risus, at fringilla purus mauris a nunc. In at pede. Cras vulputate velit eu sem. Pellentesque ut ipsum ac mi eleifend egestas. Sed pharetra, felis eget varius ultrices, mauris ipsum porta elit, a feugiat tellus lorem eu metus. In lorem. Donec elementum, lorem ut aliquam iaculis, lacus pede sagittis augue, eu tempor erat neque non quam. Pellentesque habitant morbi tristique" />
	<customer  id="818" name="Yen" password="SKX66RXI7BC" email="Proin.vel@condimentumegetvolutpat.edu" company="Rutrum Justo LLC" address="8530 In Rd." city="Alençon" postalCode="31383" country="Armenia" phone="(363) 183-4953" fax="(323) 619-6822" registerdate="2015-01-11 05:01:53" logindate="2014-05-22 12:05:12" comment="Nullam velit dui, semper et, lacinia vitae, sodales at, velit. Pellentesque ultricies dignissim lacus. Aliquam rutrum lorem ac risus. Morbi metus. Vivamus euismod urna. Nullam lobortis quam a felis ullamcorper viverra. Maecenas iaculis aliquet diam. Sed diam lorem, auctor quis, tristique ac, eleifend vitae, erat. Vivamus nisi. Mauris nulla. Integer urna. Vivamus molestie dapibus ligula. Aliquam erat volutpat. Nulla dignissim. Maecenas ornare egestas ligula. Nullam feugiat placerat velit. Quisque varius. Nam porttitor scelerisque neque. Nullam nisl. Maecenas malesuada fringilla est. Mauris eu turpis. Nulla aliquet. Proin velit. Sed malesuada augue ut lacus." />
	<customer  id="819" name="Craig" password="OCA07BWI4ST" email="dis.parturient.montes@dui.com" company="Vitae Odio Sagittis Corporation" address="P.O. Box 982, 7068 Dui. Ave" city="Tione di Trento" postalCode="14-710" country="Yemen" phone="(322) 885-1572" fax="(240) 617-2340" registerdate="2014-02-24 02:02:24" logindate="2014-09-03 01:09:15" comment="facilisi. Sed neque. Sed eget lacus. Mauris non dui nec urna suscipit nonummy. Fusce fermentum fermentum arcu. Vestibulum ante ipsum primis in faucibus orci luctus et ultrices posuere cubilia Curae Phasellus ornare. Fusce mollis. Duis sit amet diam eu dolor egestas rhoncus. Proin nisl sem, consequat nec, mollis vitae, posuere at, velit. Cras lorem lorem, luctus ut, pellentesque eget, dictum placerat, augue. Sed molestie. Sed id risus quis diam luctus lobortis. Class aptent taciti sociosqu ad litora torquent per conubia nostra, per inceptos hymenaeos. Mauris ut quam vel sapien imperdiet ornare. In faucibus. Morbi" />
	<customer  id="820" name="Dexter" password="QAQ51GIJ3PB" email="dapibus.gravida.Aliquam@Maurismolestie.ca" company="Risus Quisque Incorporated" address="512 Nonummy Road" city="Margate" postalCode="59850" country="Tanzania" phone="(697) 791-4470" fax="(569) 327-0268" registerdate="2015-03-02 04:03:09" logindate="2014-04-14 09:04:52" comment="diam. Sed diam lorem, auctor quis, tristique ac, eleifend vitae, erat. Vivamus nisi. Mauris nulla. Integer urna. Vivamus molestie dapibus ligula. Aliquam erat volutpat. Nulla dignissim. Maecenas ornare egestas ligula. Nullam feugiat placerat velit. Quisque varius. Nam porttitor scelerisque neque. Nullam nisl. Maecenas malesuada fringilla est. Mauris eu turpis. Nulla aliquet. Proin velit. Sed malesuada augue ut lacus. Nulla tincidunt, neque vitae semper egestas, urna justo faucibus lectus, a sollicitudin orci sem eget massa. Suspendisse eleifend. Cras sed leo. Cras vehicula" />
	<customer  id="821" name="Ryder" password="DVP25FZP8WA" email="enim.Suspendisse@blanditenim.net" company="Montes Nascetur Incorporated" address="6553 Non Road" city="Sint-Pieters-Kapelle" postalCode="67915" country="France" phone="(302) 475-2987" fax="(199) 661-2897" registerdate="2015-03-17 05:03:13" logindate="2015-02-28 03:02:45" comment="erat, eget tincidunt dui augue eu tellus. Phasellus elit pede, malesuada vel, venenatis vel, faucibus id, libero. Donec consectetuer mauris id sapien. Cras dolor dolor, tempus non, lacinia at, iaculis quis, pede. Praesent eu dui. Cum sociis natoque penatibus et magnis dis parturient montes, nascetur ridiculus mus. Aenean eget magna." />
	<customer  id="822" name="Eugenia" password="KON30DHQ7HE" email="per.conubia@cursusvestibulumMauris.net" company="Odio Associates" address="Ap #711-2407 Fringilla St." city="Surendranagar" postalCode="79844" country="Somalia" phone="(803) 530-0192" fax="(872) 274-2558" registerdate="2015-05-09 07:05:07" logindate="2014-01-17 12:01:45" comment="interdum ligula eu enim. Etiam imperdiet dictum magna. Ut tincidunt orci quis lectus. Nullam suscipit, est ac facilisis facilisis, magna tellus faucibus leo, in lobortis tellus justo sit amet nulla. Donec non justo. Proin non massa non ante bibendum ullamcorper. Duis cursus, diam at pretium aliquet, metus urna convallis erat, eget tincidunt dui augue eu tellus. Phasellus elit pede," />
	<customer  id="823" name="Bertha" password="WJA09UAW5OX" email="magna.malesuada@velvulputateeu.co.uk" company="Libero Mauris LLC" address="Ap #427-231 Lobortis Avenue" city="Sromness" postalCode="33400" country="New Zealand" phone="(537) 493-6608" fax="(400) 363-8463" registerdate="2014-11-24 06:11:40" logindate="2015-07-05 08:07:08" comment="Vestibulum ante ipsum primis in faucibus orci luctus et ultrices posuere cubilia Curae Phasellus ornare. Fusce mollis. Duis sit amet diam eu dolor egestas rhoncus. Proin nisl sem, consequat nec, mollis vitae, posuere at, velit. Cras lorem lorem, luctus ut, pellentesque eget, dictum placerat, augue. Sed molestie. Sed id risus quis diam luctus lobortis. Class aptent taciti sociosqu ad litora torquent per conubia nostra, per inceptos hymenaeos. Mauris ut quam vel sapien imperdiet ornare. In faucibus. Morbi vehicula. Pellentesque tincidunt tempus risus. Donec egestas. Duis ac arcu. Nunc mauris. Morbi non sapien" />
	<customer  id="824" name="Alisa" password="TIN49SDR7XP" email="sapien.imperdiet.ornare@mollis.ca" company="Non Foundation" address="819-900 Suspendisse St." city="Sindelfingen" postalCode="86223" country="Libya" phone="(372) 806-2913" fax="(436) 371-9946" registerdate="2014-05-23 02:05:26" logindate="2013-09-17 03:09:57" comment="convallis est, vitae sodales nisi magna sed dui. Fusce aliquam, enim nec tempus scelerisque, lorem ipsum sodales purus, in molestie tortor nibh sit amet orci. Ut sagittis lobortis mauris. Suspendisse aliquet molestie tellus. Aenean egestas hendrerit neque. In ornare sagittis felis. Donec tempor, est ac mattis semper, dui lectus rutrum urna, nec luctus felis purus ac tellus. Suspendisse sed dolor. Fusce mi lorem, vehicula et, rutrum eu, ultrices sit amet, risus." />
	<customer  id="825" name="Nathan" password="SLI21ZEA2RW" email="Nunc@mattis.org" company="Et Magnis Corporation" address="971-1736 Pede, Road" city="Moncrivello" postalCode="8711" country="Nepal" phone="(335) 277-6975" fax="(905) 188-0422" registerdate="2014-05-07 04:05:47" logindate="2015-07-24 01:07:58" comment="dui. Cum sociis natoque penatibus et magnis dis parturient montes, nascetur ridiculus mus. Aenean eget magna. Suspendisse tristique neque venenatis lacus. Etiam bibendum fermentum metus. Aenean sed pede nec ante blandit viverra. Donec tempus, lorem fringilla ornare placerat, orci lacus vestibulum lorem, sit amet ultricies sem magna nec quam. Curabitur vel lectus. Cum sociis natoque penatibus et magnis dis parturient montes, nascetur ridiculus mus. Donec dignissim magna a tortor. Nunc commodo auctor velit. Aliquam nisl. Nulla eu neque pellentesque" />
	<customer  id="826" name="Jenna" password="UED68DOV9SH" email="augue.Sed.molestie@neque.ca" company="Nulla Magna Malesuada Industries" address="1260 Eros. Ave" city="Bregenz" postalCode="Y85 7QF" country="Iran" phone="(629) 466-1856" fax="(795) 202-7489" registerdate="2013-10-30 06:10:37" logindate="2015-02-09 04:02:53" comment="Mauris blandit enim consequat purus. Maecenas libero est, congue a, aliquet vel, vulputate eu, odio. Phasellus at augue id ante dictum cursus. Nunc mauris elit, dictum eu, eleifend nec, malesuada ut, sem. Nulla interdum. Curabitur dictum. Phasellus in felis. Nulla tempor augue ac ipsum. Phasellus vitae mauris sit amet lorem semper auctor. Mauris vel turpis. Aliquam adipiscing lobortis risus. In mi pede, nonummy ut, molestie in, tempus eu, ligula. Aenean euismod mauris eu elit. Nulla facilisi. Sed neque. Sed eget lacus. Mauris non dui nec urna suscipit nonummy. Fusce fermentum fermentum arcu. Vestibulum ante ipsum primis in" />
	<customer  id="827" name="Sasha" password="VDZ62QCD3EL" email="In@viverraMaecenas.net" company="Vestibulum Neque Institute" address="650-1804 Nibh. Rd." city="Curridabat" postalCode="Y7J 3W3" country="Lebanon" phone="(465) 977-3065" fax="(298) 528-2331" registerdate="2014-01-05 01:01:23" logindate="2013-10-30 10:10:23" comment="lorem, auctor quis, tristique ac, eleifend vitae, erat. Vivamus nisi. Mauris nulla. Integer urna. Vivamus molestie dapibus ligula. Aliquam erat volutpat. Nulla dignissim. Maecenas ornare egestas ligula. Nullam feugiat placerat velit. Quisque varius. Nam porttitor scelerisque neque. Nullam nisl. Maecenas malesuada fringilla est. Mauris eu turpis. Nulla aliquet. Proin velit. Sed malesuada augue ut lacus. Nulla tincidunt, neque vitae semper egestas, urna justo faucibus lectus, a sollicitudin orci sem eget massa. Suspendisse eleifend. Cras" />
	<customer  id="828" name="Rinah" password="ZGU98LML2EF" email="odio.Nam@metussit.org" company="Metus Facilisis PC" address="4779 Lacinia Road" city="Sant'Egidio alla Vibrata" postalCode="34903" country="Brunei" phone="(543) 461-8358" fax="(192) 699-8588" registerdate="2014-02-05 09:02:22" logindate="2014-05-04 05:05:53" comment="Cum sociis natoque penatibus et magnis dis parturient montes, nascetur ridiculus mus. Proin vel nisl. Quisque fringilla euismod enim. Etiam gravida molestie arcu. Sed eu nibh vulputate mauris sagittis placerat. Cras dictum ultricies ligula. Nullam enim. Sed nulla ante, iaculis nec, eleifend non, dapibus rutrum, justo. Praesent luctus. Curabitur egestas nunc sed libero. Proin sed turpis nec mauris blandit mattis. Cras eget nisi dictum augue malesuada malesuada. Integer id magna" />
	<customer  id="829" name="Reece" password="LGV70GEH1BE" email="velit@Aeneangravida.edu" company="Ornare Elit PC" address="Ap #441-5635 Lobortis. Av." city="Kasterlee" postalCode="08075-829" country="Martinique" phone="(777) 949-2782" fax="(923) 516-9048" registerdate="2015-07-04 01:07:07" logindate="2015-02-26 08:02:39" comment="semper cursus. Integer mollis. Integer tincidunt aliquam arcu. Aliquam ultrices iaculis odio. Nam interdum enim non nisi. Aenean eget metus. In nec orci. Donec nibh. Quisque nonummy ipsum non arcu. Vivamus sit amet risus. Donec egestas. Aliquam nec enim. Nunc ut erat. Sed nunc est, mollis non, cursus non, egestas a, dui. Cras pellentesque. Sed dictum. Proin eget odio. Aliquam vulputate ullamcorper magna. Sed eu eros. Nam consequat dolor vitae dolor. Donec fringilla. Donec feugiat" />
	<customer  id="830" name="Larissa" password="CRE75QOO4WX" email="Quisque.ornare.tortor@Donecest.co.uk" company="A Malesuada Inc." address="Ap #517-6365 Placerat Ave" city="Houston" postalCode="99600-245" country="Mozambique" phone="(142) 769-5459" fax="(417) 498-5044" registerdate="2015-07-13 07:07:40" logindate="2013-10-01 09:10:49" comment="lacus. Mauris non dui nec urna suscipit nonummy. Fusce fermentum fermentum arcu. Vestibulum ante ipsum primis in faucibus orci luctus et ultrices posuere cubilia Curae Phasellus ornare. Fusce mollis. Duis sit amet diam eu dolor egestas rhoncus. Proin nisl sem, consequat nec, mollis vitae, posuere at, velit. Cras lorem lorem, luctus ut, pellentesque eget, dictum placerat, augue. Sed molestie. Sed id risus quis diam luctus lobortis. Class aptent taciti sociosqu ad litora torquent per conubia nostra, per inceptos hymenaeos. Mauris ut quam vel sapien imperdiet ornare. In faucibus. Morbi vehicula. Pellentesque tincidunt" />
	<customer  id="831" name="Maxwell" password="LHO96MPQ6RG" email="penatibus.et.magnis@ac.edu" company="Ut Eros Incorporated" address="Ap #612-4570 Neque. St." city="Castel Guelfo di Bologna" postalCode="W65 0CS" country="Estonia" phone="(311) 387-7826" fax="(464) 249-2565" registerdate="2015-06-18 01:06:00" logindate="2014-12-09 07:12:01" comment="aliquet vel, vulputate eu, odio. Phasellus at augue id ante dictum cursus. Nunc mauris elit, dictum eu, eleifend nec, malesuada ut, sem. Nulla interdum. Curabitur dictum. Phasellus in felis. Nulla tempor augue ac ipsum. Phasellus vitae mauris sit amet lorem semper auctor. Mauris vel turpis. Aliquam adipiscing lobortis risus. In mi pede, nonummy ut, molestie in, tempus eu, ligula. Aenean euismod mauris" />
	<customer  id="832" name="TaShya" password="JJH33XZH8GP" email="arcu@eu.org" company="Lorem Vehicula Et Ltd" address="1840 Proin Street" city="Bhusawal" postalCode="32766" country="Falkland Islands" phone="(825) 810-4869" fax="(663) 416-3604" registerdate="2015-07-03 01:07:36" logindate="2015-06-02 09:06:45" comment="erat semper rutrum. Fusce dolor quam, elementum at, egestas a, scelerisque sed, sapien. Nunc pulvinar arcu et pede. Nunc sed orci lobortis augue scelerisque mollis. Phasellus libero mauris, aliquam eu, accumsan sed, facilisis vitae, orci. Phasellus dapibus quam quis diam. Pellentesque habitant morbi tristique senectus et netus et malesuada fames ac turpis egestas. Fusce aliquet magna a neque. Nullam ut nisi a odio semper cursus. Integer mollis. Integer tincidunt aliquam arcu. Aliquam ultrices iaculis odio. Nam interdum enim non nisi. Aenean eget metus. In nec orci. Donec nibh. Quisque nonummy ipsum non arcu." />
	<customer  id="833" name="Emerald" password="QOO02IYN4AQ" email="morbi.tristique.senectus@ultricesaauctor.ca" company="Pede Cum Corp." address="6321 Ac Rd." city="Chatteris" postalCode="8888" country="Jamaica" phone="(721) 556-7414" fax="(924) 929-4385" registerdate="2014-08-16 06:08:26" logindate="2014-08-08 03:08:31" comment="id sapien. Cras dolor dolor, tempus non, lacinia at, iaculis quis, pede. Praesent eu dui. Cum sociis natoque penatibus et magnis dis parturient montes, nascetur ridiculus mus. Aenean eget magna. Suspendisse tristique neque venenatis lacus. Etiam bibendum fermentum metus. Aenean sed pede nec ante blandit viverra. Donec tempus, lorem fringilla ornare placerat, orci lacus vestibulum lorem, sit amet ultricies sem magna nec quam. Curabitur vel lectus. Cum sociis natoque penatibus et magnis dis parturient montes, nascetur ridiculus mus. Donec dignissim magna a tortor. Nunc commodo auctor velit. Aliquam nisl." />
	<customer  id="834" name="Rinah" password="NSZ72NBU9MZ" email="nunc.sed@Suspendisse.net" company="Eu Corporation" address="1347 Dictum Street" city="Ziano di Fiemme" postalCode="0504" country="Martinique" phone="(683) 849-3361" fax="(981) 288-8713" registerdate="2015-02-11 12:02:18" logindate="2015-02-06 09:02:14" comment="lectus, a sollicitudin orci sem eget massa. Suspendisse eleifend. Cras sed leo. Cras vehicula aliquet libero. Integer in magna. Phasellus dolor elit, pellentesque a, facilisis non, bibendum sed, est. Nunc laoreet lectus quis massa. Mauris vestibulum, neque sed dictum eleifend, nunc risus varius orci, in consequat enim diam vel arcu. Curabitur ut odio vel est tempor bibendum. Donec felis orci, adipiscing non, luctus sit amet, faucibus ut, nulla. Cras eu tellus eu augue porttitor interdum. Sed auctor odio a purus. Duis elementum, dui quis accumsan convallis, ante lectus convallis est, vitae sodales nisi" />
	<customer  id="835" name="Keaton" password="RVG98UUK0MI" email="mauris.sapien.cursus@Sednullaante.ca" company="Magna Sed LLP" address="P.O. Box 468, 2683 Eleifend Ave" city="North Shore" postalCode="48096" country="Martinique" phone="(624) 373-0402" fax="(544) 218-7454" registerdate="2013-11-03 08:11:26" logindate="2014-06-10 05:06:35" comment="orci lacus vestibulum lorem, sit amet ultricies sem magna nec quam. Curabitur vel lectus. Cum sociis natoque penatibus et magnis dis parturient montes, nascetur ridiculus mus. Donec dignissim magna a tortor. Nunc commodo auctor velit. Aliquam nisl. Nulla eu neque pellentesque massa lobortis ultrices. Vivamus rhoncus. Donec est. Nunc ullamcorper, velit in aliquet lobortis, nisi nibh lacinia orci, consectetuer euismod est arcu ac orci. Ut semper pretium neque. Morbi quis urna. Nunc quis arcu vel quam dignissim pharetra. Nam ac nulla. In tincidunt congue turpis. In condimentum. Donec at arcu. Vestibulum ante ipsum primis in" />
	<customer  id="836" name="Tashya" password="DME19GSG0UP" email="auctor.nunc@urnaet.org" company="Risus Nulla Eget Incorporated" address="Ap #694-2133 Ac Ave" city="Masterton" postalCode="69-245" country="Latvia" phone="(568) 190-2541" fax="(294) 700-0113" registerdate="2015-02-28 05:02:04" logindate="2015-07-09 02:07:43" comment="eget tincidunt dui augue eu tellus. Phasellus elit pede, malesuada vel, venenatis vel, faucibus id, libero. Donec consectetuer mauris id sapien. Cras dolor dolor, tempus non, lacinia at, iaculis quis, pede. Praesent eu dui. Cum sociis natoque penatibus et magnis dis parturient montes, nascetur ridiculus mus. Aenean eget magna. Suspendisse tristique neque venenatis lacus. Etiam bibendum fermentum" />
	<customer  id="837" name="Stuart" password="FYA78MFL3XR" email="Curabitur.egestas@non.org" company="Magna Institute" address="P.O. Box 334, 7492 Tincidunt Street" city="l'Ecluse" postalCode="95-852" country="Qatar" phone="(644) 846-2325" fax="(937) 136-8361" registerdate="2014-04-27 10:04:35" logindate="2013-09-16 04:09:29" comment="Nam ligula elit, pretium et, rutrum non, hendrerit id, ante. Nunc mauris sapien, cursus in, hendrerit consectetuer, cursus et, magna. Praesent interdum ligula eu enim. Etiam imperdiet dictum magna. Ut tincidunt orci quis lectus. Nullam suscipit, est ac facilisis facilisis, magna tellus faucibus leo, in lobortis tellus justo sit amet nulla. Donec non justo. Proin non massa non ante bibendum ullamcorper. Duis cursus, diam at pretium aliquet, metus urna convallis erat, eget tincidunt dui augue eu tellus. Phasellus elit pede, malesuada vel, venenatis vel, faucibus id, libero. Donec consectetuer mauris id sapien. Cras dolor dolor, tempus non," />
	<customer  id="838" name="Joseph" password="ZKD23WVB8OG" email="a@non.ca" company="Sit Amet Metus LLC" address="827-4454 Vestibulum Avenue" city="Saint-Étienne-du-Rouvray" postalCode="9596" country="Cambodia" phone="(939) 632-4028" fax="(419) 986-6879" registerdate="2015-08-07 06:08:20" logindate="2013-11-06 06:11:27" comment="non, sollicitudin a, malesuada id, erat. Etiam vestibulum massa rutrum magna. Cras convallis convallis dolor. Quisque tincidunt pede ac urna. Ut tincidunt vehicula risus. Nulla eget metus eu erat semper rutrum. Fusce dolor quam, elementum at, egestas a, scelerisque sed, sapien. Nunc pulvinar arcu et pede. Nunc sed orci lobortis augue scelerisque mollis. Phasellus libero mauris, aliquam eu, accumsan sed, facilisis vitae, orci. Phasellus dapibus quam quis diam. Pellentesque habitant morbi tristique senectus et netus et malesuada fames ac turpis egestas. Fusce aliquet magna a neque. Nullam ut nisi a odio semper cursus. Integer mollis." />
	<customer  id="839" name="Kaseem" password="TDB40UFP1KI" email="interdum@imperdietdictum.net" company="Et Netus Et Corp." address="Ap #918-1514 Odio. Rd." city="Şereflikoçhisar" postalCode="19243" country="Montenegro" phone="(143) 100-1118" fax="(168) 212-3713" registerdate="2013-08-24 01:08:15" logindate="2014-04-10 06:04:53" comment="odio. Nam interdum enim non nisi. Aenean eget metus. In nec orci. Donec nibh. Quisque nonummy ipsum non arcu. Vivamus sit amet risus. Donec egestas. Aliquam nec enim. Nunc ut erat. Sed nunc est, mollis non, cursus non, egestas a, dui. Cras pellentesque. Sed dictum. Proin eget odio. Aliquam vulputate ullamcorper magna. Sed eu eros. Nam consequat dolor vitae dolor. Donec fringilla. Donec feugiat" />
	<customer  id="840" name="Jasper" password="MKQ28WQC7XQ" email="lectus.pede.ultrices@Aliquamgravida.org" company="A Aliquet Institute" address="P.O. Box 637, 3792 Nunc Av." city="Wangaratta" postalCode="4008" country="Kyrgyzstan" phone="(389) 240-7793" fax="(503) 727-3021" registerdate="2015-03-09 10:03:50" logindate="2015-05-06 04:05:30" comment="Mauris vestibulum, neque sed dictum eleifend, nunc risus varius orci, in consequat enim diam vel arcu. Curabitur ut odio vel est tempor bibendum. Donec felis orci, adipiscing non, luctus sit amet, faucibus ut, nulla. Cras eu tellus eu augue porttitor interdum. Sed auctor odio a purus. Duis elementum, dui quis accumsan convallis, ante lectus convallis est, vitae sodales nisi magna sed dui. Fusce aliquam, enim nec tempus scelerisque, lorem ipsum sodales purus, in molestie tortor nibh sit amet orci. Ut sagittis lobortis mauris. Suspendisse" />
	<customer  id="841" name="Meghan" password="FNQ49NEF6EV" email="ante.Maecenas@adipiscingelit.com" company="Est Arcu Ac LLP" address="9561 Eleifend Rd." city="Drogenbos" postalCode="27060" country="Portugal" phone="(394) 678-3305" fax="(822) 393-2900" registerdate="2014-11-21 06:11:37" logindate="2013-09-19 05:09:56" comment="tellus. Aenean egestas hendrerit neque. In ornare sagittis felis. Donec tempor, est ac mattis semper, dui lectus rutrum urna, nec luctus felis purus ac tellus. Suspendisse sed dolor. Fusce mi lorem, vehicula et, rutrum eu, ultrices sit amet, risus. Donec nibh enim, gravida sit amet, dapibus id, blandit at, nisi. Cum sociis natoque penatibus et magnis dis parturient montes, nascetur ridiculus mus. Proin vel nisl. Quisque fringilla euismod enim. Etiam gravida" />
	<customer  id="842" name="Paula" password="QVG89MTE9CH" email="in@hymenaeos.org" company="Turpis Incorporated" address="1158 Tempor St." city="Nairn" postalCode="79-211" country="Montserrat" phone="(736) 469-9829" fax="(811) 552-2416" registerdate="2015-04-03 01:04:06" logindate="2015-07-01 02:07:54" comment="aliquet vel, vulputate eu, odio. Phasellus at augue id ante dictum cursus. Nunc mauris elit, dictum eu, eleifend nec, malesuada ut, sem. Nulla interdum. Curabitur dictum. Phasellus in felis. Nulla tempor augue ac ipsum. Phasellus vitae mauris sit amet lorem semper auctor. Mauris vel turpis. Aliquam adipiscing lobortis risus. In mi pede, nonummy ut, molestie in, tempus eu, ligula. Aenean euismod mauris eu elit. Nulla facilisi. Sed neque. Sed eget lacus. Mauris non dui nec urna suscipit" />
	<customer  id="843" name="Freya" password="CJO17JWP2PW" email="egestas@etnunc.net" company="Cursus PC" address="Ap #112-7578 Quis, Rd." city="Long Eaton" postalCode="73376" country="New Zealand" phone="(992) 973-1247" fax="(972) 810-8041" registerdate="2014-06-16 08:06:48" logindate="2015-07-12 11:07:54" comment="tempor augue ac ipsum. Phasellus vitae mauris sit amet lorem semper auctor. Mauris vel turpis. Aliquam adipiscing lobortis risus. In mi pede, nonummy ut, molestie in, tempus eu, ligula. Aenean euismod mauris eu elit. Nulla facilisi. Sed neque. Sed eget lacus. Mauris non dui nec urna suscipit nonummy. Fusce fermentum fermentum arcu. Vestibulum ante ipsum primis in faucibus orci luctus et ultrices posuere cubilia Curae Phasellus ornare. Fusce mollis. Duis sit amet diam eu dolor egestas rhoncus. Proin nisl sem, consequat nec, mollis vitae, posuere at, velit. Cras lorem lorem, luctus" />
	<customer  id="844" name="Harrison" password="WEF79DSP5HF" email="pede.nonummy@ornareIn.co.uk" company="Tellus Phasellus Inc." address="956-4030 Est, St." city="Stirling" postalCode="J96 2GL" country="Bolivia" phone="(213) 782-6810" fax="(830) 614-1434" registerdate="2013-09-23 08:09:15" logindate="2013-11-19 03:11:24" comment="tellus. Phasellus elit pede, malesuada vel, venenatis vel, faucibus id, libero. Donec consectetuer mauris id sapien. Cras dolor dolor, tempus non, lacinia at, iaculis quis, pede. Praesent eu dui. Cum sociis natoque penatibus et magnis dis parturient montes, nascetur ridiculus mus. Aenean eget magna. Suspendisse tristique neque venenatis lacus. Etiam bibendum fermentum metus. Aenean sed pede nec ante blandit viverra. Donec tempus, lorem fringilla ornare placerat, orci lacus vestibulum lorem, sit amet ultricies sem magna nec quam. Curabitur vel lectus. Cum sociis natoque penatibus et magnis dis parturient montes, nascetur" />
	<customer  id="845" name="Phillip" password="YFP77VPI1EC" email="sem.ut.dolor@dui.net" company="Imperdiet Erat LLC" address="Ap #773-5855 Lobortis Ave" city="Heinsch" postalCode="25-626" country="Lesotho" phone="(178) 129-4940" fax="(344) 392-5435" registerdate="2015-06-16 08:06:38" logindate="2013-08-29 05:08:31" comment="sit amet massa. Quisque porttitor eros nec tellus. Nunc lectus pede, ultrices a, auctor non, feugiat nec, diam. Duis mi enim, condimentum eget, volutpat ornare, facilisis eget, ipsum. Donec sollicitudin adipiscing ligula. Aenean gravida nunc sed pede. Cum sociis natoque penatibus et magnis dis parturient montes, nascetur ridiculus mus. Proin vel arcu eu odio tristique pharetra. Quisque ac libero nec ligula consectetuer rhoncus. Nullam velit dui, semper et, lacinia vitae, sodales at, velit. Pellentesque ultricies dignissim lacus. Aliquam rutrum lorem ac risus. Morbi metus. Vivamus euismod urna. Nullam lobortis quam a felis ullamcorper viverra. Maecenas" />
	<customer  id="846" name="Stone" password="QUY38GLU3MX" email="ornare.elit@turpisegestas.net" company="Vestibulum Ante Ltd" address="719-2730 Interdum Ave" city="Wibrin" postalCode="60507" country="Bonaire, Sint Eustatius and Saba" phone="(519) 341-4128" fax="(982) 415-0038" registerdate="2015-07-11 02:07:13" logindate="2013-12-18 09:12:47" comment="id ante dictum cursus. Nunc mauris elit, dictum eu, eleifend nec, malesuada ut, sem. Nulla interdum. Curabitur dictum. Phasellus in felis. Nulla tempor augue ac ipsum. Phasellus vitae mauris sit amet lorem semper auctor. Mauris vel turpis. Aliquam adipiscing lobortis risus. In mi pede, nonummy ut, molestie in, tempus eu, ligula. Aenean euismod mauris eu elit. Nulla facilisi. Sed neque. Sed eget lacus. Mauris non dui nec urna suscipit nonummy." />
	<customer  id="847" name="Akeem" password="AFP68JHJ3UK" email="Vivamus.non.lorem@elitpharetraut.edu" company="Netus Et Foundation" address="1217 Dignissim Rd." city="Keswick" postalCode="4666" country="Somalia" phone="(419) 338-6886" fax="(184) 856-0648" registerdate="2014-01-03 10:01:36" logindate="2015-07-12 09:07:14" comment="mi felis, adipiscing fringilla, porttitor vulputate, posuere vulputate, lacus. Cras interdum. Nunc sollicitudin commodo ipsum. Suspendisse non leo. Vivamus nibh dolor, nonummy ac, feugiat non, lobortis quis, pede. Suspendisse dui. Fusce diam nunc, ullamcorper eu, euismod ac, fermentum vel, mauris. Integer sem elit, pharetra ut, pharetra sed, hendrerit a, arcu. Sed et libero. Proin mi. Aliquam gravida mauris ut mi. Duis risus odio, auctor vitae, aliquet nec, imperdiet nec, leo. Morbi neque tellus, imperdiet non, vestibulum nec, euismod in, dolor. Fusce feugiat. Lorem ipsum dolor sit amet, consectetuer adipiscing elit. Aliquam auctor, velit" />
	<customer  id="848" name="Dorothy" password="MUR18CQH7UN" email="nunc.ullamcorper.eu@libero.edu" company="Mauris Eu Associates" address="P.O. Box 812, 2710 Eu Street" city="Vorst" postalCode="8611" country="Angola" phone="(481) 423-2073" fax="(373) 919-8039" registerdate="2013-11-22 01:11:16" logindate="2015-07-26 02:07:59" comment="adipiscing elit. Etiam laoreet, libero et tristique pellentesque, tellus sem mollis dui, in sodales elit erat vitae risus. Duis a mi fringilla mi lacinia mattis. Integer eu lacus. Quisque imperdiet, erat nonummy ultricies ornare, elit elit fermentum risus, at fringilla purus mauris a nunc. In at pede. Cras vulputate velit eu sem. Pellentesque ut ipsum ac mi eleifend egestas. Sed pharetra, felis eget varius ultrices, mauris ipsum porta elit, a feugiat tellus lorem eu metus. In lorem. Donec elementum, lorem ut aliquam iaculis, lacus pede sagittis" />
	<customer  id="849" name="Andrew" password="INC87ELP5VY" email="vel@eratSed.org" company="Class Aptent Taciti Consulting" address="P.O. Box 431, 8279 Vel Road" city="Tenali" postalCode="E02 5MY" country="San Marino" phone="(915) 692-7818" fax="(796) 867-9526" registerdate="2013-08-29 11:08:08" logindate="2014-05-27 02:05:24" comment="lorem eu metus. In lorem. Donec elementum, lorem ut aliquam iaculis, lacus pede sagittis augue, eu tempor erat neque non quam. Pellentesque habitant morbi tristique senectus et netus et malesuada fames ac turpis egestas. Aliquam fringilla cursus purus. Nullam scelerisque neque sed sem egestas blandit. Nam nulla magna, malesuada vel, convallis in, cursus et, eros. Proin ultrices. Duis volutpat nunc sit amet metus. Aliquam erat volutpat. Nulla facilisis. Suspendisse" />
	<customer  id="850" name="Ulric" password="EWZ91BEB1LP" email="Nulla.dignissim.Maecenas@magnaSuspendissetristique.edu" company="Sagittis Inc." address="2832 Varius Av." city="Marzabotto" postalCode="56455" country="Laos" phone="(137) 573-2307" fax="(178) 289-4279" registerdate="2015-04-30 10:04:30" logindate="2014-05-07 04:05:07" comment="amet metus. Aliquam erat volutpat. Nulla facilisis. Suspendisse commodo tincidunt nibh. Phasellus nulla. Integer vulputate, risus a ultricies adipiscing, enim mi tempor lorem, eget mollis lectus pede et risus. Quisque libero lacus, varius et, euismod et, commodo at, libero. Morbi accumsan laoreet ipsum. Curabitur consequat, lectus sit amet luctus vulputate," />
	<customer  id="851" name="Mallory" password="WSZ07WVD1KR" email="lacus@mipede.ca" company="Vestibulum Ante Company" address="718-6481 Natoque Avenue" city="Sutton" postalCode="5556" country="Turks and Caicos Islands" phone="(782) 897-2141" fax="(446) 141-1549" registerdate="2013-09-17 06:09:49" logindate="2014-09-02 07:09:28" comment="suscipit, est ac facilisis facilisis, magna tellus faucibus leo, in lobortis tellus justo sit amet nulla. Donec non justo. Proin non massa non ante bibendum ullamcorper. Duis cursus, diam at pretium aliquet, metus urna convallis erat, eget tincidunt dui augue eu tellus. Phasellus elit pede, malesuada vel, venenatis vel, faucibus id, libero. Donec consectetuer mauris id sapien. Cras dolor dolor, tempus non, lacinia at, iaculis quis, pede. Praesent eu dui. Cum sociis natoque penatibus et magnis dis parturient montes, nascetur ridiculus mus. Aenean eget magna. Suspendisse tristique neque venenatis lacus. Etiam" />
	<customer  id="852" name="Armando" password="UVG48WEP2WF" email="Aliquam.gravida@fringillaporttitorvulputate.net" company="Quam Quis Corporation" address="288-6976 Nullam St." city="Scheggino" postalCode="97142" country="San Marino" phone="(782) 945-3628" fax="(754) 932-2636" registerdate="2015-07-15 12:07:31" logindate="2014-08-27 05:08:58" comment="Proin ultrices. Duis volutpat nunc sit amet metus. Aliquam erat volutpat. Nulla facilisis. Suspendisse commodo tincidunt nibh. Phasellus nulla. Integer vulputate, risus a ultricies adipiscing, enim mi tempor lorem, eget mollis lectus pede et risus. Quisque libero lacus, varius et, euismod et, commodo at, libero. Morbi accumsan laoreet ipsum. Curabitur consequat, lectus sit amet luctus vulputate, nisi sem semper erat, in consectetuer ipsum nunc id enim. Curabitur massa. Vestibulum accumsan neque et nunc. Quisque ornare tortor at risus. Nunc ac sem" />
	<customer  id="853" name="Rahim" password="CVH84ECC9LN" email="fermentum.vel.mauris@eutellusPhasellus.net" company="Sed Turpis Nec Limited" address="Ap #498-8892 Cras Avenue" city="Canterano" postalCode="488389" country="Cape Verde" phone="(814) 515-3708" fax="(529) 625-6908" registerdate="2015-02-19 03:02:00" logindate="2014-06-28 03:06:22" comment="nec orci. Donec nibh. Quisque nonummy ipsum non arcu. Vivamus sit amet risus. Donec egestas. Aliquam nec enim. Nunc ut erat. Sed nunc est, mollis non, cursus non, egestas a, dui. Cras pellentesque. Sed dictum. Proin eget odio. Aliquam vulputate ullamcorper magna. Sed eu eros. Nam consequat dolor vitae dolor. Donec fringilla. Donec feugiat metus sit amet ante. Vivamus non lorem vitae odio sagittis" />
	<customer  id="854" name="Aimee" password="IWA54LHJ1OV" email="auctor@cubiliaCurae.edu" company="Lorem Ac Incorporated" address="Ap #463-7590 Dapibus St." city="Hospet" postalCode="6365" country="Monaco" phone="(555) 423-2282" fax="(579) 167-2746" registerdate="2014-11-09 12:11:23" logindate="2015-02-12 06:02:50" comment="massa rutrum magna. Cras convallis convallis dolor. Quisque tincidunt pede ac urna. Ut tincidunt vehicula risus. Nulla eget metus eu erat semper rutrum. Fusce dolor quam, elementum at, egestas a, scelerisque sed, sapien. Nunc pulvinar arcu et pede. Nunc sed orci lobortis augue scelerisque mollis. Phasellus libero mauris, aliquam eu, accumsan sed, facilisis vitae, orci. Phasellus dapibus quam quis diam. Pellentesque habitant morbi tristique senectus et netus et" />
	<customer  id="855" name="Athena" password="AWX79FWN9MF" email="lorem@non.ca" company="Erat Volutpat Nulla Inc." address="193-5285 Mus. Rd." city="Orléans" postalCode="5629" country="Heard Island and Mcdonald Islands" phone="(341) 714-5683" fax="(295) 891-1435" registerdate="2014-12-07 10:12:46" logindate="2014-01-10 02:01:49" comment="purus ac tellus. Suspendisse sed dolor. Fusce mi lorem, vehicula et, rutrum eu, ultrices sit amet, risus. Donec nibh enim, gravida sit amet, dapibus id, blandit at, nisi. Cum sociis natoque penatibus et magnis dis parturient montes, nascetur ridiculus mus. Proin vel nisl. Quisque fringilla euismod enim. Etiam gravida molestie arcu. Sed eu nibh vulputate mauris sagittis placerat. Cras dictum ultricies ligula. Nullam enim. Sed nulla ante, iaculis nec," />
	<customer  id="856" name="Sonia" password="BMB53QRG0BW" email="enim.commodo.hendrerit@convallis.edu" company="Lorem Incorporated" address="9852 Dictum. Road" city="Saint-Pierre" postalCode="2612PG" country="Barbados" phone="(126) 899-2325" fax="(991) 706-6777" registerdate="2015-01-02 06:01:29" logindate="2014-09-19 03:09:07" comment="iaculis quis, pede. Praesent eu dui. Cum sociis natoque penatibus et magnis dis parturient montes, nascetur ridiculus mus. Aenean eget magna. Suspendisse tristique neque venenatis lacus. Etiam bibendum fermentum metus. Aenean sed pede nec ante blandit viverra. Donec tempus, lorem fringilla ornare placerat, orci lacus vestibulum lorem, sit amet ultricies sem magna nec quam. Curabitur vel lectus. Cum sociis natoque penatibus et magnis dis parturient montes, nascetur ridiculus mus. Donec dignissim magna a tortor. Nunc commodo auctor velit. Aliquam nisl. Nulla eu neque pellentesque massa lobortis ultrices. Vivamus rhoncus. Donec est. Nunc ullamcorper," />
	<customer  id="857" name="Xander" password="DAX89ETG2TU" email="Aliquam.nisl@Duisat.co.uk" company="Feugiat Consulting" address="968-9529 Suspendisse Av." city="Rebecq" postalCode="61918" country="Ghana" phone="(290) 976-5517" fax="(466) 683-7806" registerdate="2014-05-04 01:05:49" logindate="2015-06-17 03:06:43" comment="ac, eleifend vitae, erat. Vivamus nisi. Mauris nulla. Integer urna. Vivamus molestie dapibus ligula. Aliquam erat volutpat. Nulla dignissim. Maecenas ornare egestas ligula. Nullam feugiat placerat velit. Quisque varius. Nam porttitor scelerisque neque. Nullam nisl. Maecenas malesuada fringilla est. Mauris eu turpis. Nulla aliquet. Proin velit. Sed malesuada augue ut lacus. Nulla tincidunt, neque vitae semper egestas, urna justo faucibus lectus, a sollicitudin orci" />
	<customer  id="858" name="Alexa" password="BSI82VTM7JM" email="dui.quis.accumsan@vitaediam.com" company="Ut LLC" address="2761 Non Ave" city="Haren" postalCode="699201" country="Russian Federation" phone="(226) 271-1012" fax="(437) 785-3675" registerdate="2015-07-10 12:07:21" logindate="2013-12-24 11:12:00" comment="ut, pellentesque eget, dictum placerat, augue. Sed molestie. Sed id risus quis diam luctus lobortis. Class aptent taciti sociosqu ad litora torquent per conubia nostra, per inceptos hymenaeos. Mauris ut quam vel sapien imperdiet ornare. In faucibus. Morbi vehicula. Pellentesque tincidunt tempus risus. Donec egestas. Duis ac arcu. Nunc mauris. Morbi non sapien molestie orci tincidunt adipiscing. Mauris molestie pharetra nibh. Aliquam ornare, libero at auctor ullamcorper, nisl arcu iaculis enim, sit amet ornare lectus justo eu arcu. Morbi sit amet massa. Quisque porttitor eros nec tellus. Nunc lectus pede," />
	<customer  id="859" name="Laura" password="DWF02CCT6YW" email="ut.aliquam.iaculis@etlacinia.org" company="Lorem Auctor Quis Ltd" address="Ap #362-6248 Iaculis, Road" city="Latisana" postalCode="17-782" country="Congo, the Democratic Republic of the" phone="(190) 956-1007" fax="(759) 371-2038" registerdate="2014-02-25 11:02:46" logindate="2014-03-02 09:03:10" comment="orci quis lectus. Nullam suscipit, est ac facilisis facilisis, magna tellus faucibus leo, in lobortis tellus justo sit amet nulla. Donec non justo. Proin non massa non ante bibendum ullamcorper. Duis cursus, diam at pretium aliquet, metus urna convallis erat, eget tincidunt dui augue eu tellus. Phasellus elit pede, malesuada vel, venenatis vel, faucibus id, libero. Donec consectetuer mauris id sapien. Cras dolor dolor, tempus non, lacinia at, iaculis quis, pede. Praesent eu" />
	<customer  id="860" name="Kaseem" password="QIT81DUZ0RC" email="Nullam.suscipit@porttitorscelerisqueneque.ca" company="A Associates" address="233-469 Sem Avenue" city="Remscheid" postalCode="60137" country="Haiti" phone="(872) 254-5832" fax="(465) 241-9419" registerdate="2014-08-30 07:08:12" logindate="2013-11-22 06:11:21" comment="sem egestas blandit. Nam nulla magna, malesuada vel, convallis in, cursus et, eros. Proin ultrices. Duis volutpat nunc sit amet metus. Aliquam erat volutpat. Nulla facilisis. Suspendisse commodo tincidunt nibh. Phasellus nulla. Integer vulputate, risus a ultricies adipiscing, enim mi tempor lorem, eget mollis lectus pede et risus. Quisque libero lacus, varius et, euismod et, commodo at, libero." />
	<customer  id="861" name="Daphne" password="TBX24PNJ9IN" email="arcu@molestie.net" company="Enim Suspendisse Corporation" address="443-6026 Est, Street" city="Sterling Heights" postalCode="3118" country="Guadeloupe" phone="(853) 805-3047" fax="(170) 757-7722" registerdate="2015-08-10 09:08:29" logindate="2014-12-11 07:12:57" comment="est ac facilisis facilisis, magna tellus faucibus leo, in lobortis tellus justo sit amet nulla. Donec non justo. Proin non massa non ante bibendum ullamcorper. Duis cursus, diam at pretium aliquet, metus urna convallis erat, eget tincidunt dui augue eu tellus. Phasellus elit pede, malesuada vel, venenatis vel, faucibus id, libero. Donec consectetuer mauris id sapien. Cras dolor dolor, tempus non, lacinia at, iaculis quis, pede. Praesent eu dui. Cum sociis natoque penatibus" />
	<customer  id="862" name="Priscilla" password="TNY95OYP6VK" email="pede@anteblandit.com" company="Posuere Cubilia Curae Industries" address="Ap #815-3319 Id, Ave" city="Bonvicino" postalCode="292894" country="Cayman Islands" phone="(225) 469-5242" fax="(980) 376-6391" registerdate="2014-09-05 06:09:55" logindate="2015-07-01 09:07:46" comment="ac risus. Morbi metus. Vivamus euismod urna. Nullam lobortis quam a felis ullamcorper viverra. Maecenas iaculis aliquet diam. Sed diam lorem, auctor quis, tristique ac, eleifend vitae, erat. Vivamus nisi. Mauris nulla. Integer urna. Vivamus molestie dapibus ligula. Aliquam erat volutpat. Nulla dignissim. Maecenas ornare egestas ligula. Nullam feugiat placerat velit. Quisque varius. Nam porttitor scelerisque neque. Nullam nisl. Maecenas malesuada" />
	<customer  id="863" name="Christopher" password="FXQ28RPH6BU" email="sapien@consectetueradipiscingelit.ca" company="Mauris Magna Duis Corp." address="261-8738 Eros Avenue" city="Hannover" postalCode="60414" country="Czech Republic" phone="(487) 630-0421" fax="(558) 754-5876" registerdate="2014-04-27 05:04:03" logindate="2013-09-07 03:09:05" comment="vehicula et, rutrum eu, ultrices sit amet, risus. Donec nibh enim, gravida sit amet, dapibus id, blandit at, nisi. Cum sociis natoque penatibus et magnis dis parturient montes, nascetur ridiculus mus. Proin vel nisl. Quisque fringilla euismod enim. Etiam gravida molestie arcu. Sed eu nibh vulputate mauris sagittis placerat. Cras dictum ultricies ligula. Nullam enim. Sed" />
	<customer  id="864" name="Azalia" password="EKM07ACX8ER" email="vulputate.dui.nec@ligulaNullam.net" company="Tempor Limited" address="7927 Suspendisse Av." city="Bard" postalCode="B3N 3H2" country="Solomon Islands" phone="(256) 730-9262" fax="(475) 896-5398" registerdate="2014-08-15 11:08:48" logindate="2014-12-21 09:12:06" comment="imperdiet ornare. In faucibus. Morbi vehicula. Pellentesque tincidunt tempus risus. Donec egestas. Duis ac arcu. Nunc mauris. Morbi non sapien molestie orci tincidunt adipiscing. Mauris molestie pharetra nibh. Aliquam ornare, libero at auctor ullamcorper, nisl arcu iaculis enim, sit amet ornare lectus justo eu arcu. Morbi sit amet massa. Quisque porttitor eros nec tellus. Nunc" />
	<customer  id="865" name="Hammett" password="TPD91DUB7VN" email="malesuada.fames.ac@aultriciesadipiscing.ca" company="Blandit Institute" address="965-8890 Cras Ave" city="Erlangen" postalCode="78865" country="Australia" phone="(323) 140-1277" fax="(527) 813-9978" registerdate="2014-04-09 04:04:45" logindate="2015-02-28 09:02:20" comment="at pretium aliquet, metus urna convallis erat, eget tincidunt dui augue eu tellus. Phasellus elit pede, malesuada vel, venenatis vel, faucibus id, libero. Donec consectetuer mauris id sapien. Cras dolor dolor, tempus non, lacinia at, iaculis quis, pede. Praesent eu dui. Cum sociis natoque penatibus et magnis dis parturient montes, nascetur ridiculus mus. Aenean eget magna. Suspendisse tristique neque venenatis lacus. Etiam bibendum fermentum metus. Aenean sed pede nec ante blandit viverra. Donec tempus, lorem fringilla ornare placerat, orci lacus vestibulum lorem, sit amet ultricies sem magna nec quam. Curabitur vel" />
	<customer  id="866" name="Pamela" password="YVQ61WGO4DQ" email="lorem.sit@Mauris.ca" company="Ac Feugiat Non Foundation" address="9012 Ligula. Road" city="Nice" postalCode="3618" country="Saint Lucia" phone="(399) 110-4275" fax="(763) 763-9217" registerdate="2014-12-15 04:12:25" logindate="2015-02-03 08:02:18" comment="neque. In ornare sagittis felis. Donec tempor, est ac mattis semper, dui lectus rutrum urna, nec luctus felis purus ac tellus. Suspendisse sed dolor. Fusce mi lorem, vehicula et, rutrum eu, ultrices sit amet, risus. Donec nibh enim, gravida sit amet, dapibus id, blandit at, nisi. Cum sociis natoque penatibus et magnis dis parturient montes, nascetur ridiculus mus. Proin vel nisl. Quisque fringilla euismod enim. Etiam gravida molestie arcu." />
	<customer  id="867" name="Keefe" password="YJJ78TKM2TP" email="dictum@Phaselluselit.com" company="Ipsum Corporation" address="P.O. Box 728, 9688 Accumsan Ave" city="Chełm" postalCode="541553" country="Barbados" phone="(885) 348-1645" fax="(343) 222-9426" registerdate="2013-11-20 06:11:26" logindate="2015-01-29 07:01:37" comment="quam vel sapien imperdiet ornare. In faucibus. Morbi vehicula. Pellentesque tincidunt tempus risus. Donec egestas. Duis ac arcu. Nunc mauris. Morbi non sapien molestie orci tincidunt adipiscing. Mauris molestie pharetra nibh. Aliquam ornare, libero at auctor ullamcorper, nisl arcu iaculis enim, sit amet ornare lectus justo eu arcu. Morbi sit amet massa. Quisque porttitor eros nec tellus. Nunc lectus pede, ultrices a, auctor non, feugiat nec, diam. Duis mi enim, condimentum eget, volutpat ornare, facilisis eget, ipsum. Donec sollicitudin adipiscing ligula. Aenean gravida nunc sed pede. Cum sociis" />
	<customer  id="868" name="Tyler" password="SVK35WGV6GP" email="mus@iaculisquispede.com" company="Eu Tellus Limited" address="P.O. Box 630, 9068 Eget Ave" city="Barahanagar" postalCode="7618" country="Philippines" phone="(102) 866-5041" fax="(284) 321-4015" registerdate="2014-12-05 05:12:58" logindate="2013-11-06 09:11:03" comment="a, auctor non, feugiat nec, diam. Duis mi enim, condimentum eget, volutpat ornare, facilisis eget, ipsum. Donec sollicitudin adipiscing ligula. Aenean gravida nunc sed pede. Cum sociis natoque penatibus et magnis dis parturient montes, nascetur ridiculus mus. Proin vel arcu eu odio tristique pharetra. Quisque ac libero nec ligula consectetuer rhoncus. Nullam velit dui, semper et, lacinia vitae, sodales at, velit. Pellentesque ultricies dignissim lacus. Aliquam rutrum lorem ac risus. Morbi metus. Vivamus euismod urna. Nullam lobortis quam a felis ullamcorper viverra. Maecenas iaculis aliquet diam. Sed diam lorem, auctor quis, tristique" />
	<customer  id="869" name="Velma" password="YQL23EDC7OB" email="sodales@consectetueripsumnunc.com" company="In Hendrerit Consectetuer Company" address="Ap #953-4547 Sapien Street" city="Pietracatella" postalCode="25-364" country="Zimbabwe" phone="(527) 519-9372" fax="(616) 305-3881" registerdate="2014-10-20 02:10:25" logindate="2014-02-18 02:02:12" comment="at pretium aliquet, metus urna convallis erat, eget tincidunt dui augue eu tellus. Phasellus elit pede, malesuada vel, venenatis vel, faucibus id, libero. Donec consectetuer mauris id sapien. Cras dolor dolor, tempus non, lacinia at, iaculis quis, pede. Praesent eu dui. Cum sociis natoque penatibus et magnis dis parturient montes, nascetur ridiculus mus. Aenean eget magna. Suspendisse tristique neque venenatis lacus. Etiam bibendum fermentum metus. Aenean sed pede nec ante blandit viverra. Donec tempus, lorem fringilla ornare placerat, orci lacus vestibulum lorem, sit amet ultricies sem magna nec quam. Curabitur vel lectus. Cum sociis natoque penatibus et magnis dis" />
	<customer  id="870" name="Zachary" password="HCY12VZG8VD" email="faucibus.leo.in@netuset.org" company="Vehicula Pellentesque Limited" address="7764 Tempor, Av." city="Cherbourg-Octeville" postalCode="62236" country="Seychelles" phone="(830) 852-3843" fax="(860) 365-2856" registerdate="2013-12-21 03:12:57" logindate="2013-12-17 10:12:14" comment="ligula. Aliquam erat volutpat. Nulla dignissim. Maecenas ornare egestas ligula. Nullam feugiat placerat velit. Quisque varius. Nam porttitor scelerisque neque. Nullam nisl. Maecenas malesuada fringilla est. Mauris eu turpis. Nulla aliquet. Proin velit. Sed malesuada augue ut lacus. Nulla tincidunt, neque vitae semper egestas, urna justo faucibus lectus, a sollicitudin orci sem eget massa. Suspendisse eleifend. Cras sed leo. Cras vehicula aliquet libero. Integer in magna. Phasellus dolor elit, pellentesque a, facilisis non, bibendum sed, est. Nunc laoreet lectus quis massa. Mauris vestibulum, neque sed dictum eleifend, nunc risus varius orci, in consequat" />
	<customer  id="871" name="Josephine" password="QWT59IJA8BQ" email="Nunc@turpisAliquam.org" company="Felis Eget Varius Limited" address="Ap #686-396 Aenean St." city="Inverbervie" postalCode="90718" country="Netherlands" phone="(585) 328-1327" fax="(579) 736-5787" registerdate="2015-07-01 06:07:44" logindate="2014-08-22 02:08:10" comment="in, cursus et, eros. Proin ultrices. Duis volutpat nunc sit amet metus. Aliquam erat volutpat. Nulla facilisis. Suspendisse commodo tincidunt nibh. Phasellus nulla. Integer vulputate, risus a ultricies adipiscing, enim mi tempor lorem, eget mollis lectus pede et risus. Quisque libero lacus, varius et, euismod et, commodo at, libero. Morbi accumsan laoreet ipsum. Curabitur consequat, lectus sit amet luctus vulputate, nisi sem semper erat, in consectetuer ipsum nunc id enim. Curabitur massa. Vestibulum accumsan neque et nunc. Quisque ornare tortor at risus. Nunc ac sem ut dolor" />
	<customer  id="872" name="Walker" password="KLW12ZWV8KG" email="sagittis.Duis@feugiatLorem.co.uk" company="Quisque Ornare Tortor LLC" address="Ap #456-5571 Per Rd." city="Ambattur" postalCode="9967" country="Kiribati" phone="(680) 127-0649" fax="(704) 937-8003" registerdate="2015-03-03 06:03:00" logindate="2014-08-26 01:08:41" comment="ac mattis ornare, lectus ante dictum mi, ac mattis velit justo nec ante. Maecenas mi felis, adipiscing fringilla, porttitor vulputate, posuere vulputate, lacus. Cras interdum. Nunc sollicitudin commodo ipsum. Suspendisse non leo. Vivamus nibh dolor, nonummy ac, feugiat non, lobortis quis, pede. Suspendisse dui. Fusce diam nunc, ullamcorper eu, euismod ac, fermentum vel, mauris. Integer sem elit, pharetra ut, pharetra sed, hendrerit a, arcu. Sed et libero. Proin mi. Aliquam gravida mauris ut mi. Duis risus odio, auctor vitae, aliquet nec, imperdiet nec, leo. Morbi neque tellus, imperdiet non, vestibulum nec, euismod in," />
	<customer  id="873" name="Kiara" password="GTM48WPF4WQ" email="Aliquam@felisNulla.co.uk" company="Duis Dignissim Tempor Institute" address="8717 Inceptos St." city="Kelso" postalCode="615334" country="Kuwait" phone="(306) 290-4134" fax="(961) 245-5345" registerdate="2014-12-04 02:12:17" logindate="2014-01-04 09:01:10" comment="penatibus et magnis dis parturient montes, nascetur ridiculus mus. Donec dignissim magna a tortor. Nunc commodo auctor velit. Aliquam nisl. Nulla eu neque pellentesque massa lobortis ultrices. Vivamus rhoncus. Donec est. Nunc ullamcorper, velit in aliquet lobortis, nisi nibh lacinia orci, consectetuer euismod est arcu ac orci. Ut semper pretium neque. Morbi quis urna. Nunc quis arcu vel quam dignissim pharetra. Nam ac nulla. In" />
	<customer  id="874" name="Nolan" password="CKP52RQN8QE" email="Nullam.nisl@dictumauguemalesuada.org" company="Sed Diam Lorem Consulting" address="Ap #432-6449 Ac Ave" city="Sanquhar" postalCode="152829" country="India" phone="(136) 429-6881" fax="(782) 663-4321" registerdate="2014-09-19 06:09:45" logindate="2014-10-29 01:10:36" comment="Nunc laoreet lectus quis massa. Mauris vestibulum, neque sed dictum eleifend, nunc risus varius orci, in consequat enim diam vel arcu. Curabitur ut odio vel est tempor bibendum. Donec felis orci, adipiscing non, luctus sit amet, faucibus ut, nulla. Cras eu tellus eu augue porttitor interdum. Sed auctor odio a purus. Duis elementum, dui quis accumsan convallis, ante lectus convallis est, vitae sodales nisi magna sed dui. Fusce aliquam, enim nec" />
	<customer  id="875" name="Maxine" password="BEM57NKC6UU" email="nibh.dolor.nonummy@dignissim.com" company="Dui Cras Limited" address="962-1740 Sapien. Avenue" city="Orlando" postalCode="4592" country="Fiji" phone="(109) 310-7850" fax="(893) 708-8283" registerdate="2015-02-02 07:02:34" logindate="2014-10-26 01:10:17" comment="diam. Proin dolor. Nulla semper tellus id nunc interdum feugiat. Sed nec metus facilisis lorem tristique aliquet. Phasellus fermentum convallis ligula. Donec luctus aliquet odio. Etiam ligula tortor, dictum eu, placerat eget, venenatis a, magna. Lorem ipsum dolor sit amet, consectetuer adipiscing elit. Etiam laoreet, libero et tristique pellentesque, tellus sem mollis dui, in sodales elit erat vitae risus. Duis a mi fringilla mi lacinia mattis." />
	<customer  id="876" name="Abra" password="YKT32ERX5DM" email="imperdiet.non.vestibulum@facilisisloremtristique.org" company="Vel Quam Dignissim Foundation" address="518 Id Road" city="Harelbeke" postalCode="87189" country="Timor-Leste" phone="(190) 712-6268" fax="(981) 564-7874" registerdate="2015-07-01 11:07:05" logindate="2014-08-08 08:08:44" comment="risus. Duis a mi fringilla mi lacinia mattis. Integer eu lacus. Quisque imperdiet, erat nonummy ultricies ornare, elit elit fermentum risus, at fringilla purus mauris a nunc. In at pede. Cras vulputate velit eu sem. Pellentesque ut ipsum ac mi eleifend egestas. Sed pharetra, felis eget varius ultrices, mauris ipsum porta elit, a feugiat tellus lorem eu metus. In lorem. Donec elementum, lorem ut aliquam iaculis, lacus pede sagittis augue, eu tempor erat neque non quam. Pellentesque habitant morbi tristique senectus et netus et malesuada fames ac turpis egestas. Aliquam" />
	<customer  id="877" name="Colin" password="JWU95SBU8VI" email="blandit.mattis@Classaptent.ca" company="Ipsum Dolor LLC" address="4171 Nulla. St." city="Hapur" postalCode="J0J 3T8" country="Gabon" phone="(516) 497-6435" fax="(332) 710-4772" registerdate="2014-03-02 06:03:07" logindate="2014-12-09 02:12:32" comment="magnis dis parturient montes, nascetur ridiculus mus. Proin vel nisl. Quisque fringilla euismod enim. Etiam gravida molestie arcu. Sed eu nibh vulputate mauris sagittis placerat. Cras dictum ultricies ligula. Nullam enim. Sed nulla ante, iaculis nec, eleifend non, dapibus rutrum, justo. Praesent luctus. Curabitur egestas nunc sed libero. Proin sed turpis nec mauris blandit mattis. Cras eget nisi dictum augue malesuada malesuada. Integer id magna et ipsum cursus vestibulum. Mauris magna. Duis dignissim tempor arcu. Vestibulum ut eros non enim" />
	<customer  id="878" name="Hilel" password="WQV93DED0PD" email="aliquet@sapien.edu" company="Augue LLC" address="Ap #689-3377 Orci St." city="Bida" postalCode="70313" country="Venezuela" phone="(630) 850-2272" fax="(162) 611-6449" registerdate="2014-09-09 09:09:41" logindate="2013-11-25 01:11:55" comment="diam eu dolor egestas rhoncus. Proin nisl sem, consequat nec, mollis vitae, posuere at, velit. Cras lorem lorem, luctus ut, pellentesque eget, dictum placerat, augue. Sed molestie. Sed id risus quis diam luctus lobortis. Class aptent taciti sociosqu ad litora torquent per conubia nostra, per inceptos hymenaeos. Mauris ut quam vel sapien imperdiet ornare. In faucibus. Morbi vehicula. Pellentesque tincidunt tempus risus. Donec egestas. Duis ac arcu. Nunc mauris. Morbi non sapien molestie orci tincidunt adipiscing." />
	<customer  id="879" name="Cairo" password="ARA91XJC4IL" email="porttitor.scelerisque.neque@vitaealiquetnec.ca" company="Lacus LLC" address="1896 Velit St." city="Balclutha" postalCode="7953QD" country="Eritrea" phone="(891) 300-8636" fax="(908) 238-2173" registerdate="2014-04-18 09:04:32" logindate="2015-04-07 04:04:02" comment="ante. Nunc mauris sapien, cursus in, hendrerit consectetuer, cursus et, magna. Praesent interdum ligula eu enim. Etiam imperdiet dictum magna. Ut tincidunt orci quis lectus. Nullam suscipit, est ac facilisis facilisis, magna tellus faucibus leo, in lobortis tellus justo sit amet nulla. Donec non justo. Proin non massa non ante bibendum ullamcorper. Duis cursus, diam" />
	<customer  id="880" name="Jordan" password="HIX56TEH5MQ" email="sem@magnaSuspendissetristique.edu" company="Taciti Sociosqu Ad LLC" address="922-7592 Justo Road" city="Murwara" postalCode="8087" country="Bermuda" phone="(800) 903-1347" fax="(340) 909-3815" registerdate="2015-04-05 04:04:59" logindate="2013-12-11 04:12:27" comment="augue, eu tempor erat neque non quam. Pellentesque habitant morbi tristique senectus et netus et malesuada fames ac turpis egestas. Aliquam fringilla cursus purus. Nullam scelerisque neque sed sem egestas blandit. Nam nulla magna, malesuada vel, convallis in, cursus et, eros. Proin ultrices. Duis volutpat nunc sit amet metus. Aliquam erat volutpat. Nulla facilisis. Suspendisse commodo tincidunt nibh. Phasellus nulla. Integer vulputate, risus a ultricies adipiscing, enim mi tempor lorem, eget mollis" />
	<customer  id="881" name="Stacey" password="YBE10JHL2IA" email="nibh.Quisque.nonummy@purusDuiselementum.org" company="Donec Associates" address="P.O. Box 151, 621 In Rd." city="Barmouth" postalCode="68432" country="Azerbaijan" phone="(619) 463-6118" fax="(708) 420-1831" registerdate="2015-04-03 03:04:51" logindate="2014-01-22 11:01:54" comment="lacus. Cras interdum. Nunc sollicitudin commodo ipsum. Suspendisse non leo. Vivamus nibh dolor, nonummy ac, feugiat non, lobortis quis, pede. Suspendisse dui. Fusce diam nunc, ullamcorper eu, euismod ac, fermentum vel, mauris. Integer sem elit, pharetra ut, pharetra sed, hendrerit a, arcu. Sed et libero. Proin mi. Aliquam gravida mauris ut mi. Duis risus odio, auctor vitae, aliquet nec, imperdiet nec, leo. Morbi neque tellus, imperdiet non, vestibulum" />
	<customer  id="882" name="Rooney" password="JHK29ZKQ6UE" email="Vivamus@ante.com" company="Tincidunt Vehicula Risus Foundation" address="273-3547 Nibh. Rd." city="Cupar" postalCode="191415" country="Libya" phone="(935) 795-7630" fax="(889) 156-9604" registerdate="2014-09-19 03:09:31" logindate="2015-06-23 07:06:16" comment="neque. Sed eget lacus. Mauris non dui nec urna suscipit nonummy. Fusce fermentum fermentum arcu. Vestibulum ante ipsum primis in faucibus orci luctus et ultrices posuere cubilia Curae Phasellus ornare. Fusce mollis. Duis sit amet diam eu dolor egestas rhoncus. Proin nisl sem, consequat nec, mollis vitae, posuere at, velit. Cras lorem lorem, luctus ut, pellentesque eget, dictum placerat, augue. Sed molestie. Sed id risus quis diam luctus lobortis. Class aptent taciti sociosqu ad litora torquent per conubia nostra, per inceptos hymenaeos. Mauris ut quam vel sapien imperdiet ornare. In faucibus. Morbi vehicula. Pellentesque tincidunt tempus risus." />
	<customer  id="883" name="Flynn" password="BMY05SFQ1WD" email="aliquet.nec.imperdiet@cursusin.edu" company="Malesuada Vel Limited" address="415-8751 Scelerisque Ave" city="Rotem" postalCode="05324" country="Mexico" phone="(100) 869-2027" fax="(872) 227-3738" registerdate="2015-01-21 02:01:28" logindate="2014-02-10 06:02:54" comment="orci. Ut sagittis lobortis mauris. Suspendisse aliquet molestie tellus. Aenean egestas hendrerit neque. In ornare sagittis felis. Donec tempor, est ac mattis semper, dui lectus rutrum urna, nec luctus felis purus ac tellus. Suspendisse sed dolor. Fusce mi lorem, vehicula et, rutrum eu, ultrices sit amet, risus. Donec nibh enim, gravida" />
	<customer  id="884" name="Imelda" password="KBK25URD3ZM" email="sagittis.lobortis.mauris@elitsed.ca" company="Malesuada Institute" address="P.O. Box 859, 8196 Duis Ave" city="Itegem" postalCode="M4Z 9E4" country="Zimbabwe" phone="(891) 214-5878" fax="(345) 502-9216" registerdate="2015-06-27 06:06:21" logindate="2015-08-11 05:08:17" comment="a feugiat tellus lorem eu metus. In lorem. Donec elementum, lorem ut aliquam iaculis, lacus pede sagittis augue, eu tempor erat neque non quam. Pellentesque habitant morbi tristique senectus et netus et malesuada fames ac turpis egestas. Aliquam fringilla cursus purus. Nullam scelerisque neque sed sem egestas blandit. Nam nulla magna, malesuada" />
	<customer  id="885" name="Barry" password="UCJ43IHZ7UG" email="ridiculus.mus@dictum.co.uk" company="Sodales At Velit Incorporated" address="1912 Suspendisse Ave" city="San Pablo" postalCode="X1E 2K7" country="Philippines" phone="(540) 439-1605" fax="(538) 410-7397" registerdate="2013-09-20 03:09:09" logindate="2014-01-29 03:01:11" comment="Integer vitae nibh. Donec est mauris, rhoncus id, mollis nec, cursus a, enim. Suspendisse aliquet, sem ut cursus luctus, ipsum leo elementum sem, vitae aliquam eros turpis non enim. Mauris quis turpis vitae purus gravida sagittis. Duis gravida. Praesent eu nulla at sem molestie sodales. Mauris blandit enim consequat purus. Maecenas libero est, congue a, aliquet vel, vulputate eu, odio. Phasellus at augue id ante dictum cursus. Nunc mauris elit, dictum eu, eleifend nec, malesuada ut, sem. Nulla interdum. Curabitur dictum. Phasellus in felis. Nulla tempor augue ac ipsum. Phasellus vitae" />
	<customer  id="886" name="Bradley" password="SWR70PNW0DZ" email="faucibus.ut@adipiscing.com" company="Sit Amet Dapibus LLP" address="Ap #105-2326 Libero Av." city="Lathuy" postalCode="7555" country="Uganda" phone="(983) 525-5842" fax="(404) 845-6113" registerdate="2014-06-24 03:06:19" logindate="2015-01-04 07:01:22" comment="tristique senectus et netus et malesuada fames ac turpis egestas. Aliquam fringilla cursus purus. Nullam scelerisque neque sed sem egestas blandit. Nam nulla magna, malesuada vel, convallis in, cursus et, eros. Proin ultrices. Duis volutpat nunc sit amet metus. Aliquam erat volutpat. Nulla facilisis. Suspendisse commodo tincidunt nibh. Phasellus nulla. Integer vulputate, risus a ultricies adipiscing, enim mi tempor lorem," />
	<customer  id="887" name="Sopoline" password="KFU88APC3DY" email="Donec.egestas@variusorci.net" company="Sed Et Industries" address="3438 Vitae Rd." city="Anzegem" postalCode="71-578" country="Faroe Islands" phone="(756) 991-3768" fax="(692) 575-7565" registerdate="2014-09-02 02:09:08" logindate="2014-12-30 10:12:11" comment="rhoncus id, mollis nec, cursus a, enim. Suspendisse aliquet, sem ut cursus luctus, ipsum leo elementum sem, vitae aliquam eros turpis non enim. Mauris quis turpis vitae purus gravida sagittis. Duis gravida. Praesent eu nulla at sem molestie sodales. Mauris blandit enim consequat purus. Maecenas libero est, congue a, aliquet vel, vulputate eu, odio. Phasellus at augue id ante dictum cursus. Nunc mauris elit, dictum eu, eleifend nec, malesuada ut, sem. Nulla interdum. Curabitur dictum. Phasellus in felis. Nulla tempor augue ac ipsum. Phasellus vitae mauris sit amet" />
	<customer  id="888" name="Aubrey" password="EUG09EBY6RX" email="massa@cursusetmagna.com" company="Sed Consulting" address="P.O. Box 602, 3079 Quis Street" city="Oria" postalCode="80366" country="Iceland" phone="(920) 365-1648" fax="(654) 579-9264" registerdate="2014-10-13 11:10:54" logindate="2013-11-13 08:11:02" comment="tempor diam dictum sapien. Aenean massa. Integer vitae nibh. Donec est mauris, rhoncus id, mollis nec, cursus a, enim. Suspendisse aliquet, sem ut cursus luctus, ipsum leo elementum sem, vitae aliquam eros turpis non enim. Mauris quis turpis vitae purus gravida sagittis. Duis gravida. Praesent eu nulla at sem molestie" />
	<customer  id="889" name="Madeline" password="CWC54IGB8SC" email="ligula@etnetus.org" company="Faucibus Orci Limited" address="P.O. Box 453, 4768 Diam St." city="Franeker" postalCode="18327" country="Burundi" phone="(131) 988-0010" fax="(431) 121-2513" registerdate="2014-12-25 11:12:34" logindate="2013-10-15 04:10:02" comment="ullamcorper. Duis at lacus. Quisque purus sapien, gravida non, sollicitudin a, malesuada id, erat. Etiam vestibulum massa rutrum magna. Cras convallis convallis dolor. Quisque tincidunt pede ac urna. Ut tincidunt vehicula risus. Nulla eget metus eu erat semper rutrum. Fusce dolor quam, elementum at, egestas a, scelerisque sed, sapien. Nunc pulvinar arcu et pede. Nunc sed orci lobortis augue scelerisque mollis. Phasellus libero mauris, aliquam eu, accumsan sed, facilisis vitae, orci. Phasellus" />
	<customer  id="890" name="Wesley" password="TEP32XEN8SF" email="massa.rutrum@eleifendCrassed.org" company="Rhoncus LLP" address="Ap #483-3486 Parturient Rd." city="Bellegem" postalCode="68731" country="Philippines" phone="(964) 555-0637" fax="(622) 883-7868" registerdate="2015-01-24 07:01:39" logindate="2015-05-27 05:05:02" comment="et, eros. Proin ultrices. Duis volutpat nunc sit amet metus. Aliquam erat volutpat. Nulla facilisis. Suspendisse commodo tincidunt nibh. Phasellus nulla. Integer vulputate, risus a ultricies adipiscing, enim mi tempor lorem, eget mollis lectus pede et risus. Quisque libero lacus, varius et, euismod et, commodo at, libero. Morbi accumsan laoreet ipsum. Curabitur consequat, lectus sit amet luctus vulputate, nisi sem semper erat, in consectetuer ipsum nunc id enim. Curabitur massa. Vestibulum accumsan neque et nunc. Quisque ornare tortor at risus. Nunc ac sem ut dolor" />
	<customer  id="891" name="Timon" password="DJW97LFH9VY" email="Praesent@lectus.co.uk" company="Nec Ante Maecenas Corporation" address="802-498 Elit, Avenue" city="Cassaro" postalCode="09-342" country="Saint Vincent and The Grenadines" phone="(252) 111-3295" fax="(669) 421-3092" registerdate="2014-11-11 04:11:16" logindate="2014-01-02 10:01:21" comment="Vestibulum ut eros non enim commodo hendrerit. Donec porttitor tellus non magna. Nam ligula elit, pretium et, rutrum non, hendrerit id, ante. Nunc mauris sapien, cursus in, hendrerit consectetuer, cursus et, magna. Praesent interdum ligula eu enim. Etiam imperdiet dictum magna. Ut tincidunt orci quis lectus. Nullam suscipit, est ac facilisis facilisis, magna tellus faucibus leo, in lobortis tellus justo sit amet nulla. Donec non justo. Proin non massa" />
	<customer  id="892" name="Grace" password="CVC79HPC3RB" email="pharetra.nibh@Nam.net" company="Iaculis Quis Pede Institute" address="554 Quisque St." city="Vlimmeren" postalCode="04386" country="Djibouti" phone="(302) 534-0760" fax="(518) 841-5376" registerdate="2014-02-06 12:02:48" logindate="2015-06-02 09:06:19" comment="nisi. Mauris nulla. Integer urna. Vivamus molestie dapibus ligula. Aliquam erat volutpat. Nulla dignissim. Maecenas ornare egestas ligula. Nullam feugiat placerat velit. Quisque varius. Nam porttitor scelerisque neque. Nullam nisl. Maecenas malesuada fringilla est. Mauris eu turpis. Nulla aliquet. Proin velit. Sed malesuada augue ut lacus. Nulla tincidunt, neque vitae semper egestas, urna justo faucibus lectus, a sollicitudin orci sem eget massa. Suspendisse eleifend. Cras sed leo. Cras vehicula aliquet libero. Integer in magna. Phasellus dolor elit, pellentesque a, facilisis non, bibendum sed, est. Nunc laoreet lectus quis massa. Mauris vestibulum," />
	<customer  id="893" name="Ursa" password="MOW66KHR4KW" email="magna.nec.quam@nonummyFuscefermentum.co.uk" company="Suspendisse Eleifend Cras Corporation" address="P.O. Box 237, 8686 Quisque St." city="Wanganui" postalCode="41-697" country="Isle of Man" phone="(483) 225-7545" fax="(119) 237-3530" registerdate="2014-11-01 12:11:27" logindate="2014-08-07 09:08:12" comment="pellentesque a, facilisis non, bibendum sed, est. Nunc laoreet lectus quis massa. Mauris vestibulum, neque sed dictum eleifend, nunc risus varius orci, in consequat enim diam vel arcu. Curabitur ut odio vel est tempor bibendum. Donec felis orci, adipiscing non, luctus sit amet, faucibus ut, nulla. Cras eu tellus eu augue porttitor interdum. Sed auctor odio a purus. Duis elementum, dui quis accumsan convallis, ante" />
	<customer  id="894" name="Wayne" password="OFR81QTD0EG" email="nec.diam.Duis@inhendreritconsectetuer.com" company="Amet Risus Donec Inc." address="P.O. Box 722, 9140 Velit Avenue" city="Koningshooikt" postalCode="7726" country="Latvia" phone="(799) 345-8288" fax="(975) 924-2532" registerdate="2015-05-18 09:05:46" logindate="2015-02-04 11:02:35" comment="tortor. Nunc commodo auctor velit. Aliquam nisl. Nulla eu neque pellentesque massa lobortis ultrices. Vivamus rhoncus. Donec est. Nunc ullamcorper, velit in aliquet lobortis, nisi nibh lacinia orci, consectetuer euismod est arcu ac orci. Ut semper pretium neque. Morbi quis urna. Nunc quis arcu vel quam dignissim pharetra. Nam ac nulla. In tincidunt congue turpis. In condimentum. Donec at arcu. Vestibulum ante ipsum primis in faucibus orci luctus et ultrices posuere cubilia Curae Donec tincidunt. Donec vitae erat vel" />
	<customer  id="895" name="Martin" password="XRE78ASD2OP" email="massa@tinciduntnunc.co.uk" company="Amet LLP" address="6698 Proin Avenue" city="Hertsberge" postalCode="387120" country="Central African Republic" phone="(647) 922-2152" fax="(203) 669-9356" registerdate="2014-03-25 05:03:45" logindate="2014-02-24 01:02:14" comment="Cum sociis natoque penatibus et magnis dis parturient montes, nascetur ridiculus mus. Donec dignissim magna a tortor. Nunc commodo auctor velit. Aliquam nisl. Nulla eu neque pellentesque massa lobortis ultrices. Vivamus rhoncus. Donec est. Nunc ullamcorper, velit in aliquet lobortis, nisi nibh lacinia orci, consectetuer euismod est arcu ac orci. Ut semper pretium neque. Morbi quis urna. Nunc quis arcu vel quam dignissim pharetra. Nam ac nulla. In tincidunt congue turpis. In condimentum. Donec at" />
	<customer  id="896" name="Xandra" password="LHL94SKR8JU" email="molestie.pharetra.nibh@acfeugiatnon.ca" company="Orci Consectetuer Euismod Company" address="2404 Fames St." city="Belgrave" postalCode="86083" country="China" phone="(893) 604-9073" fax="(423) 409-1414" registerdate="2013-11-05 09:11:27" logindate="2013-12-08 06:12:17" comment="sollicitudin orci sem eget massa. Suspendisse eleifend. Cras sed leo. Cras vehicula aliquet libero. Integer in magna. Phasellus dolor elit, pellentesque a, facilisis non, bibendum sed, est. Nunc laoreet lectus quis massa. Mauris vestibulum, neque sed dictum eleifend, nunc risus varius orci, in consequat enim diam vel arcu. Curabitur ut odio vel est tempor bibendum. Donec felis orci, adipiscing non, luctus sit amet, faucibus ut, nulla. Cras eu tellus eu augue porttitor interdum. Sed auctor odio a purus." />
	<customer  id="897" name="Oprah" password="CDR51JYB8YI" email="at.egestas@arcuMorbisit.com" company="Ornare Associates" address="860-9224 Feugiat Av." city="Brampton" postalCode="JB5H 3HT" country="Marshall Islands" phone="(515) 143-9553" fax="(391) 970-2575" registerdate="2013-12-17 04:12:34" logindate="2014-05-20 01:05:37" comment="Curabitur dictum. Phasellus in felis. Nulla tempor augue ac ipsum. Phasellus vitae mauris sit amet lorem semper auctor. Mauris vel turpis. Aliquam adipiscing lobortis risus. In mi pede, nonummy ut, molestie in, tempus eu, ligula. Aenean euismod mauris eu elit. Nulla facilisi. Sed neque. Sed eget lacus. Mauris non dui nec urna suscipit nonummy. Fusce fermentum fermentum arcu. Vestibulum ante ipsum primis in faucibus orci luctus et ultrices posuere cubilia Curae Phasellus ornare. Fusce mollis. Duis sit amet diam eu dolor egestas rhoncus. Proin nisl sem, consequat nec, mollis vitae, posuere at, velit. Cras lorem lorem, luctus" />
	<customer  id="898" name="Madeson" password="DQF37GYV2YP" email="tellus.eu@Aenean.com" company="Orci Ut Limited" address="984-4227 In Road" city="Rueil-Malmaison" postalCode="5880" country="Dominica" phone="(939) 820-1200" fax="(474) 959-0055" registerdate="2014-04-10 09:04:18" logindate="2014-05-05 05:05:15" comment="non, hendrerit id, ante. Nunc mauris sapien, cursus in, hendrerit consectetuer, cursus et, magna. Praesent interdum ligula eu enim. Etiam imperdiet dictum magna. Ut tincidunt orci quis lectus. Nullam suscipit, est ac facilisis facilisis, magna tellus faucibus leo, in lobortis tellus justo sit amet nulla. Donec non justo. Proin non massa non ante bibendum ullamcorper. Duis cursus, diam at pretium aliquet, metus urna convallis erat, eget tincidunt dui augue eu tellus. Phasellus elit pede, malesuada vel, venenatis vel, faucibus id, libero. Donec consectetuer mauris id sapien. Cras dolor dolor, tempus non, lacinia at, iaculis quis, pede. Praesent" />
	<customer  id="899" name="Lucas" password="BZB37ABR4NC" email="est@turpis.com" company="Nonummy Associates" address="2662 Sapien. Road" city="Thionville" postalCode="93811-534" country="British Indian Ocean Territory" phone="(757) 961-6681" fax="(808) 697-4814" registerdate="2014-12-09 05:12:13" logindate="2014-11-08 04:11:47" comment="non, luctus sit amet, faucibus ut, nulla. Cras eu tellus eu augue porttitor interdum. Sed auctor odio a purus. Duis elementum, dui quis accumsan convallis, ante lectus convallis est, vitae sodales nisi magna sed dui. Fusce aliquam, enim nec tempus scelerisque, lorem ipsum sodales purus, in molestie tortor nibh sit amet orci. Ut sagittis lobortis mauris. Suspendisse aliquet molestie tellus. Aenean egestas hendrerit neque. In ornare sagittis felis. Donec tempor, est ac mattis semper, dui" />
	<customer  id="900" name="Amaya" password="FWY46CAN7DA" email="aliquam@egetodio.edu" company="Fusce Aliquam Consulting" address="440-1751 Nonummy St." city="Wolvertem" postalCode="1110" country="Uruguay" phone="(777) 398-4503" fax="(193) 661-7332" registerdate="2015-04-14 10:04:38" logindate="2015-02-11 02:02:14" comment="dapibus id, blandit at, nisi. Cum sociis natoque penatibus et magnis dis parturient montes, nascetur ridiculus mus. Proin vel nisl. Quisque fringilla euismod enim. Etiam gravida molestie arcu. Sed eu nibh vulputate mauris sagittis placerat. Cras dictum ultricies ligula. Nullam enim. Sed nulla ante, iaculis nec, eleifend non, dapibus rutrum, justo. Praesent luctus. Curabitur egestas nunc sed libero. Proin sed turpis nec mauris blandit mattis. Cras eget nisi dictum augue malesuada malesuada. Integer id magna et ipsum cursus vestibulum. Mauris magna. Duis dignissim tempor arcu." />
	<customer  id="901" name="Kareem" password="NPV82KZL9GD" email="Sed.neque@risusNullaeget.ca" company="Amet Faucibus Company" address="Ap #979-1806 Neque. Ave" city="Portsoy" postalCode="51209" country="Cook Islands" phone="(185) 172-6112" fax="(158) 552-0861" registerdate="2014-10-17 08:10:37" logindate="2014-04-28 05:04:58" comment="Vivamus euismod urna. Nullam lobortis quam a felis ullamcorper viverra. Maecenas iaculis aliquet diam. Sed diam lorem, auctor quis, tristique ac, eleifend vitae, erat. Vivamus nisi. Mauris nulla. Integer urna. Vivamus molestie dapibus ligula. Aliquam erat volutpat. Nulla dignissim. Maecenas ornare egestas ligula. Nullam feugiat placerat velit. Quisque varius. Nam porttitor scelerisque neque. Nullam nisl. Maecenas malesuada fringilla est. Mauris eu turpis. Nulla aliquet. Proin velit. Sed malesuada augue ut lacus. Nulla" />
	<customer  id="902" name="Hanna" password="FXK07HQM2KX" email="Nunc@enim.net" company="A Neque Corporation" address="Ap #552-994 Purus. Rd." city="Arsimont" postalCode="23434" country="Cook Islands" phone="(542) 275-7818" fax="(872) 505-5639" registerdate="2014-06-21 09:06:21" logindate="2014-09-22 03:09:44" comment="In lorem. Donec elementum, lorem ut aliquam iaculis, lacus pede sagittis augue, eu tempor erat neque non quam. Pellentesque habitant morbi tristique senectus et netus et malesuada fames ac turpis egestas. Aliquam fringilla cursus purus. Nullam scelerisque neque sed sem egestas blandit. Nam nulla magna, malesuada vel, convallis in, cursus et, eros. Proin ultrices. Duis volutpat nunc" />
	<customer  id="903" name="Jescie" password="SUO33MGC6MO" email="quis@Nullamscelerisqueneque.net" company="Tellus Aenean Egestas Industries" address="2588 Malesuada Av." city="Anamur" postalCode="34-257" country="Chile" phone="(177) 421-6245" fax="(338) 297-0622" registerdate="2014-01-09 06:01:00" logindate="2014-01-23 03:01:21" comment="ornare, lectus ante dictum mi, ac mattis velit justo nec ante. Maecenas mi felis, adipiscing fringilla, porttitor vulputate, posuere vulputate, lacus. Cras interdum. Nunc sollicitudin commodo ipsum. Suspendisse non leo. Vivamus nibh dolor, nonummy ac, feugiat non, lobortis quis, pede. Suspendisse dui. Fusce diam nunc, ullamcorper eu, euismod ac, fermentum vel, mauris. Integer sem elit, pharetra ut, pharetra sed, hendrerit a, arcu. Sed" />
	<customer  id="904" name="Amal" password="OHM43RQL8TD" email="purus@turpis.edu" company="Mus Proin Ltd" address="1028 Dignissim Street" city="Reggio nell'Emilia" postalCode="71692" country="Tanzania" phone="(222) 138-9979" fax="(950) 976-6200" registerdate="2014-07-05 05:07:43" logindate="2015-08-15 08:08:37" comment="Ut tincidunt orci quis lectus. Nullam suscipit, est ac facilisis facilisis, magna tellus faucibus leo, in lobortis tellus justo sit amet nulla. Donec non justo. Proin non massa non ante bibendum ullamcorper. Duis cursus, diam at pretium aliquet, metus urna convallis erat, eget tincidunt dui augue eu tellus. Phasellus elit pede, malesuada vel, venenatis vel, faucibus id, libero. Donec consectetuer mauris id sapien. Cras dolor dolor, tempus non, lacinia at, iaculis quis, pede. Praesent eu dui. Cum sociis natoque penatibus et magnis dis parturient montes, nascetur ridiculus mus. Aenean eget magna. Suspendisse tristique neque venenatis lacus. Etiam bibendum" />
	<customer  id="905" name="Brielle" password="OIL97EPF8RB" email="orci.tincidunt@purusmauris.net" company="Enim Suspendisse Aliquet Corporation" address="267-9169 Mauris Ave" city="La Spezia" postalCode="W15 4RA" country="Heard Island and Mcdonald Islands" phone="(173) 335-4693" fax="(135) 642-4652" registerdate="2013-10-31 07:10:55" logindate="2014-12-19 02:12:41" comment="laoreet ipsum. Curabitur consequat, lectus sit amet luctus vulputate, nisi sem semper erat, in consectetuer ipsum nunc id enim. Curabitur massa. Vestibulum accumsan neque et nunc. Quisque ornare tortor at risus. Nunc ac sem ut dolor dapibus gravida. Aliquam tincidunt, nunc ac mattis ornare, lectus ante dictum mi, ac mattis velit justo nec ante. Maecenas mi felis, adipiscing fringilla, porttitor vulputate, posuere vulputate, lacus. Cras interdum. Nunc sollicitudin commodo ipsum. Suspendisse non leo. Vivamus nibh dolor, nonummy ac, feugiat non, lobortis quis, pede. Suspendisse dui. Fusce diam nunc, ullamcorper eu, euismod ac, fermentum vel, mauris." />
	<customer  id="906" name="Lacota" password="MRB66EBR7TY" email="dolor@nisiMaurisnulla.net" company="Mauris Suspendisse Aliquet PC" address="Ap #210-8704 Molestie Street" city="Civo" postalCode="9653" country="Reunion" phone="(375) 290-4839" fax="(437) 926-2415" registerdate="2013-09-09 08:09:02" logindate="2015-06-17 07:06:15" comment="augue. Sed molestie. Sed id risus quis diam luctus lobortis. Class aptent taciti sociosqu ad litora torquent per conubia nostra, per inceptos hymenaeos. Mauris ut quam vel sapien imperdiet ornare. In faucibus. Morbi vehicula. Pellentesque tincidunt tempus risus. Donec egestas. Duis ac arcu. Nunc mauris. Morbi non sapien molestie orci tincidunt adipiscing. Mauris molestie pharetra nibh. Aliquam ornare, libero at auctor ullamcorper, nisl arcu iaculis enim, sit amet ornare lectus justo" />
	<customer  id="907" name="Christine" password="DYJ27KMM4JE" email="dolor.nonummy@inceptos.co.uk" company="Fames Ac Turpis Institute" address="748-7018 Cursus Avenue" city="Robelmont" postalCode="8869" country="Egypt" phone="(806) 811-4494" fax="(730) 963-7806" registerdate="2014-02-10 07:02:28" logindate="2014-06-15 08:06:53" comment="felis. Donec tempor, est ac mattis semper, dui lectus rutrum urna, nec luctus felis purus ac tellus. Suspendisse sed dolor. Fusce mi lorem, vehicula et, rutrum eu, ultrices sit amet, risus. Donec nibh enim, gravida sit amet, dapibus id, blandit at, nisi. Cum sociis natoque penatibus et magnis dis parturient montes, nascetur ridiculus mus. Proin vel nisl. Quisque fringilla euismod enim. Etiam gravida molestie arcu. Sed eu nibh vulputate mauris sagittis placerat. Cras dictum ultricies ligula. Nullam enim. Sed nulla ante, iaculis nec, eleifend" />
	<customer  id="908" name="Jocelyn" password="JFZ51DTO1TK" email="lorem@quam.org" company="Est Nunc Laoreet Limited" address="116-8919 Non Ave" city="Vielsalm" postalCode="14590" country="Guam" phone="(237) 374-5922" fax="(577) 530-5815" registerdate="2015-05-24 12:05:15" logindate="2014-06-28 10:06:29" comment="et, rutrum non, hendrerit id, ante. Nunc mauris sapien, cursus in, hendrerit consectetuer, cursus et, magna. Praesent interdum ligula eu enim. Etiam imperdiet dictum magna. Ut tincidunt orci quis lectus. Nullam suscipit, est ac facilisis facilisis, magna tellus faucibus leo, in lobortis tellus justo sit amet nulla. Donec non justo. Proin non massa non ante bibendum ullamcorper. Duis cursus, diam at pretium aliquet, metus urna" />
	<customer  id="909" name="Amela" password="CWO83OOA9DR" email="consectetuer.cursus@nonummyFusce.com" company="Tristique Aliquet Phasellus LLC" address="4154 Purus. Rd." city="Avelgem" postalCode="9575" country="Tanzania" phone="(952) 523-6414" fax="(892) 174-4856" registerdate="2015-01-04 08:01:54" logindate="2015-05-30 02:05:11" comment="egestas lacinia. Sed congue, elit sed consequat auctor, nunc nulla vulputate dui, nec tempus mauris erat eget ipsum. Suspendisse sagittis. Nullam vitae diam. Proin dolor. Nulla semper tellus id nunc interdum feugiat. Sed nec metus facilisis lorem tristique aliquet. Phasellus fermentum convallis ligula. Donec luctus aliquet odio. Etiam ligula tortor, dictum eu, placerat eget, venenatis a, magna. Lorem ipsum dolor sit amet, consectetuer adipiscing elit. Etiam laoreet," />
	<customer  id="910" name="Garth" password="VYI63ZRG5TE" email="turpis.nec.mauris@vitaealiquet.co.uk" company="Ornare Inc." address="5669 Sed, Ave" city="Belfort" postalCode="58808" country="Korea, North" phone="(437) 354-1688" fax="(938) 967-4998" registerdate="2013-12-23 09:12:33" logindate="2013-09-17 03:09:19" comment="ac turpis egestas. Fusce aliquet magna a neque. Nullam ut nisi a odio semper cursus. Integer mollis. Integer tincidunt aliquam arcu. Aliquam ultrices iaculis odio. Nam interdum enim non nisi. Aenean eget metus. In nec orci. Donec nibh. Quisque nonummy ipsum non arcu. Vivamus sit amet risus. Donec egestas. Aliquam nec enim. Nunc ut erat. Sed nunc est, mollis non, cursus non, egestas a, dui. Cras pellentesque. Sed dictum. Proin eget odio. Aliquam vulputate ullamcorper magna. Sed eu eros. Nam" />
	<customer  id="911" name="Cullen" password="UIL79VNR7DU" email="a@Aliquamfringilla.edu" company="Ipsum Cursus PC" address="934 Tempor Av." city="Labuissi�re" postalCode="848329" country="Bouvet Island" phone="(784) 854-1992" fax="(542) 976-8361" registerdate="2014-01-19 09:01:04" logindate="2015-02-20 08:02:07" comment="vitae risus. Duis a mi fringilla mi lacinia mattis. Integer eu lacus. Quisque imperdiet, erat nonummy ultricies ornare, elit elit fermentum risus, at fringilla purus mauris a nunc. In at pede. Cras vulputate velit eu sem. Pellentesque ut ipsum ac mi eleifend egestas. Sed pharetra, felis eget varius ultrices, mauris ipsum porta elit, a feugiat tellus lorem eu metus. In lorem. Donec elementum, lorem ut aliquam iaculis, lacus pede sagittis augue, eu tempor erat neque non quam. Pellentesque habitant morbi tristique senectus et netus et malesuada fames ac turpis egestas. Aliquam fringilla cursus purus. Nullam scelerisque neque sed sem" />
	<customer  id="912" name="Chadwick" password="GWP45ARG4CH" email="lorem.sit.amet@lacinia.edu" company="Ante Company" address="2271 Tortor Rd." city="Prato Carnico" postalCode="N6K 1KA" country="Niue" phone="(728) 834-3055" fax="(478) 560-4218" registerdate="2014-08-07 02:08:58" logindate="2015-01-06 07:01:08" comment="eget lacus. Mauris non dui nec urna suscipit nonummy. Fusce fermentum fermentum arcu. Vestibulum ante ipsum primis in faucibus orci luctus et ultrices posuere cubilia Curae Phasellus ornare. Fusce mollis. Duis sit amet diam eu dolor egestas rhoncus. Proin nisl sem, consequat nec, mollis vitae, posuere at, velit. Cras lorem lorem, luctus ut, pellentesque eget, dictum placerat, augue. Sed molestie. Sed id risus quis diam luctus lobortis. Class aptent taciti sociosqu ad litora torquent per conubia nostra, per inceptos hymenaeos. Mauris ut quam vel sapien imperdiet ornare. In faucibus. Morbi vehicula. Pellentesque tincidunt tempus risus. Donec egestas. Duis ac arcu." />
	<customer  id="913" name="Griffin" password="JSS63HVU2CB" email="facilisis@utnisia.co.uk" company="Turpis Nec Incorporated" address="Ap #356-8438 Auctor Rd." city="Houtain-le-Val" postalCode="7596" country="Vanuatu" phone="(580) 878-7409" fax="(114) 209-5781" registerdate="2015-02-23 03:02:21" logindate="2014-12-15 03:12:24" comment="dignissim. Maecenas ornare egestas ligula. Nullam feugiat placerat velit. Quisque varius. Nam porttitor scelerisque neque. Nullam nisl. Maecenas malesuada fringilla est. Mauris eu turpis. Nulla aliquet. Proin velit. Sed malesuada augue ut lacus. Nulla tincidunt, neque vitae semper egestas, urna justo faucibus lectus, a sollicitudin orci sem eget massa. Suspendisse eleifend. Cras sed leo. Cras vehicula aliquet libero. Integer in magna. Phasellus dolor elit, pellentesque a, facilisis non, bibendum sed, est. Nunc laoreet lectus quis massa. Mauris vestibulum, neque sed dictum" />
	<customer  id="914" name="Kylynn" password="RCH58BZY7QP" email="nec@ipsumleoelementum.ca" company="Ultrices Posuere Consulting" address="Ap #718-1907 At Street" city="Dunoon" postalCode="87196" country="Bangladesh" phone="(798) 180-8087" fax="(452) 950-0190" registerdate="2013-11-11 04:11:46" logindate="2014-04-21 12:04:28" comment="volutpat. Nulla dignissim. Maecenas ornare egestas ligula. Nullam feugiat placerat velit. Quisque varius. Nam porttitor scelerisque neque. Nullam nisl. Maecenas malesuada fringilla est. Mauris eu turpis. Nulla aliquet. Proin velit. Sed malesuada augue ut lacus. Nulla tincidunt, neque vitae semper egestas, urna justo faucibus lectus, a sollicitudin orci sem eget massa. Suspendisse eleifend. Cras sed leo. Cras vehicula aliquet" />
	<customer  id="915" name="Iliana" password="WUK59WNA3YM" email="erat@adipiscing.net" company="Non Ante Bibendum Corporation" address="196-9631 Pellentesque St." city="Warrington" postalCode="47469" country="Togo" phone="(216) 649-8139" fax="(468) 659-4546" registerdate="2014-10-28 07:10:51" logindate="2014-04-01 08:04:50" comment="dolor. Fusce mi lorem, vehicula et, rutrum eu, ultrices sit amet, risus. Donec nibh enim, gravida sit amet, dapibus id, blandit at, nisi. Cum sociis natoque penatibus et magnis dis parturient montes, nascetur ridiculus mus. Proin vel nisl. Quisque fringilla euismod enim. Etiam gravida molestie arcu. Sed eu nibh vulputate mauris sagittis placerat. Cras dictum ultricies ligula. Nullam enim. Sed nulla ante, iaculis nec, eleifend non, dapibus rutrum, justo. Praesent luctus. Curabitur egestas nunc sed libero. Proin sed turpis nec mauris" />
	<customer  id="916" name="Plato" password="EWM77DGY5NV" email="non.vestibulum.nec@pharetrasedhendrerit.edu" company="Sit Amet Consectetuer Associates" address="P.O. Box 497, 9204 Volutpat. Ave" city="Geelong" postalCode="31805" country="Togo" phone="(982) 938-6742" fax="(781) 645-7580" registerdate="2014-09-25 06:09:06" logindate="2014-06-09 10:06:53" comment="Duis cursus, diam at pretium aliquet, metus urna convallis erat, eget tincidunt dui augue eu tellus. Phasellus elit pede, malesuada vel, venenatis vel, faucibus id, libero. Donec consectetuer mauris id sapien. Cras dolor dolor, tempus non, lacinia at, iaculis quis, pede. Praesent eu dui. Cum sociis natoque penatibus et magnis dis parturient montes, nascetur ridiculus" />
	<customer  id="917" name="Salvador" password="MCA35GIA1MN" email="est.vitae@Incondimentum.org" company="Sed Nec Industries" address="P.O. Box 697, 6036 Magna St." city="Lapscheure" postalCode="18-194" country="Israel" phone="(291) 380-3506" fax="(635) 126-3912" registerdate="2014-04-24 12:04:14" logindate="2014-02-17 08:02:31" comment="netus et malesuada fames ac turpis egestas. Fusce aliquet magna a neque. Nullam ut nisi a odio semper cursus. Integer mollis. Integer tincidunt aliquam arcu. Aliquam ultrices iaculis odio. Nam interdum enim non nisi. Aenean eget metus. In nec orci. Donec nibh. Quisque nonummy ipsum non arcu. Vivamus sit amet risus. Donec egestas. Aliquam nec enim. Nunc ut erat. Sed nunc est, mollis non, cursus non, egestas a, dui. Cras pellentesque." />
	<customer  id="918" name="Hedda" password="XVR68NCF1LT" email="lorem@sociisnatoquepenatibus.ca" company="Sagittis Consulting" address="280-3582 Aliquet St." city="Ravenstein" postalCode="965750" country="Kyrgyzstan" phone="(438) 984-3145" fax="(905) 931-5308" registerdate="2013-09-22 05:09:01" logindate="2014-01-22 11:01:58" comment="velit dui, semper et, lacinia vitae, sodales at, velit. Pellentesque ultricies dignissim lacus. Aliquam rutrum lorem ac risus. Morbi metus. Vivamus euismod urna. Nullam lobortis quam a felis ullamcorper viverra. Maecenas iaculis aliquet diam. Sed diam lorem, auctor quis, tristique ac, eleifend vitae, erat. Vivamus nisi. Mauris nulla. Integer urna. Vivamus molestie dapibus ligula. Aliquam erat volutpat. Nulla dignissim. Maecenas ornare egestas ligula. Nullam feugiat placerat velit. Quisque varius. Nam porttitor scelerisque neque. Nullam nisl. Maecenas malesuada fringilla est. Mauris eu turpis. Nulla aliquet. Proin velit. Sed malesuada augue ut lacus." />
	<customer  id="919" name="Madeline" password="DBQ78PRV1RP" email="tortor.dictum.eu@Quisque.org" company="Eu Ultrices Sit LLC" address="Ap #101-5456 Hendrerit Rd." city="Camporotondo di Fiastrone" postalCode="0123UX" country="Martinique" phone="(496) 134-1433" fax="(254) 477-4956" registerdate="2014-01-29 09:01:33" logindate="2013-09-06 07:09:45" comment="dolor sit amet, consectetuer adipiscing elit. Curabitur sed tortor. Integer aliquam adipiscing lacus. Ut nec urna et arcu imperdiet ullamcorper. Duis at lacus. Quisque purus sapien, gravida non, sollicitudin a, malesuada id, erat. Etiam vestibulum massa rutrum magna. Cras convallis convallis dolor. Quisque tincidunt pede ac urna. Ut tincidunt vehicula risus. Nulla eget metus eu erat semper rutrum. Fusce dolor quam, elementum" />
	<customer  id="920" name="Colleen" password="RDA93ZSR2TL" email="porttitor@at.net" company="Ipsum Sodales LLP" address="512 Risus. Street" city="Isca sullo Ionio" postalCode="0750XW" country="Laos" phone="(632) 430-6375" fax="(195) 357-5651" registerdate="2015-04-04 06:04:40" logindate="2015-05-08 08:05:04" comment="mauris. Integer sem elit, pharetra ut, pharetra sed, hendrerit a, arcu. Sed et libero. Proin mi. Aliquam gravida mauris ut mi. Duis risus odio, auctor vitae, aliquet nec, imperdiet nec, leo. Morbi neque tellus, imperdiet non, vestibulum nec, euismod in, dolor. Fusce feugiat. Lorem ipsum dolor sit amet, consectetuer adipiscing elit. Aliquam auctor, velit eget laoreet posuere," />
	<customer  id="921" name="Ina" password="BZC70GPR9GX" email="auctor.velit.Aliquam@etmagnisdis.org" company="Libero PC" address="197-690 Enim. Rd." city="Castres" postalCode="578670" country="Bahrain" phone="(781) 665-4457" fax="(541) 269-9318" registerdate="2015-08-13 10:08:38" logindate="2014-08-01 05:08:30" comment="amet, dapibus id, blandit at, nisi. Cum sociis natoque penatibus et magnis dis parturient montes, nascetur ridiculus mus. Proin vel nisl. Quisque fringilla euismod enim. Etiam gravida molestie arcu. Sed eu nibh vulputate mauris sagittis placerat. Cras dictum ultricies ligula. Nullam enim. Sed nulla ante, iaculis nec, eleifend non, dapibus rutrum, justo. Praesent luctus. Curabitur egestas nunc sed libero. Proin sed turpis nec mauris blandit mattis. Cras eget nisi dictum augue malesuada malesuada. Integer id magna et ipsum cursus vestibulum. Mauris magna. Duis dignissim tempor arcu. Vestibulum ut eros non enim" />
	<customer  id="922" name="Randall" password="QBV75KQA6BY" email="inceptos.hymenaeos.Mauris@ipsumdolor.org" company="Risus Quis Diam LLP" address="725-8973 Purus, Road" city="Maransart" postalCode="27333" country="Sint Maarten" phone="(332) 997-2789" fax="(647) 299-9777" registerdate="2014-11-19 12:11:35" logindate="2014-09-23 06:09:33" comment="arcu. Vivamus sit amet risus. Donec egestas. Aliquam nec enim. Nunc ut erat. Sed nunc est, mollis non, cursus non, egestas a, dui. Cras pellentesque. Sed dictum. Proin eget odio. Aliquam vulputate ullamcorper magna. Sed eu eros. Nam consequat dolor vitae dolor. Donec fringilla. Donec feugiat metus sit amet ante. Vivamus non lorem vitae odio sagittis" />
	<customer  id="923" name="Ferdinand" password="CPB97PMC7YT" email="eu.nulla@nullaInteger.net" company="Cursus LLP" address="Ap #738-3256 Duis Avenue" city="Fogliano Redipuglia" postalCode="C2 1CJ" country="Croatia" phone="(562) 301-8401" fax="(674) 632-0058" registerdate="2013-09-13 04:09:53" logindate="2014-10-31 03:10:21" comment="elit erat vitae risus. Duis a mi fringilla mi lacinia mattis. Integer eu lacus. Quisque imperdiet, erat nonummy ultricies ornare, elit elit fermentum risus, at fringilla purus mauris a nunc. In at pede. Cras vulputate velit eu sem. Pellentesque ut ipsum ac mi eleifend egestas. Sed pharetra, felis eget varius ultrices, mauris ipsum porta elit, a feugiat tellus lorem eu metus. In lorem. Donec elementum, lorem ut aliquam iaculis, lacus pede sagittis augue, eu tempor erat neque non" />
	<customer  id="924" name="Kitra" password="KQJ05XTX9TV" email="nec.ligula@Cumsociisnatoque.edu" company="Tempus Scelerisque Limited" address="Ap #553-5040 Dignissim. Av." city="Lagundo/Algund" postalCode="51404" country="Latvia" phone="(859) 507-8295" fax="(499) 917-6668" registerdate="2014-01-09 01:01:52" logindate="2014-01-18 07:01:35" comment="egestas. Aliquam fringilla cursus purus. Nullam scelerisque neque sed sem egestas blandit. Nam nulla magna, malesuada vel, convallis in, cursus et, eros. Proin ultrices. Duis volutpat nunc sit amet metus. Aliquam erat volutpat. Nulla facilisis. Suspendisse commodo tincidunt nibh. Phasellus nulla. Integer vulputate, risus a ultricies adipiscing, enim mi tempor lorem, eget mollis lectus pede et risus. Quisque libero lacus, varius et, euismod et, commodo at, libero. Morbi accumsan laoreet ipsum. Curabitur consequat, lectus sit amet luctus vulputate, nisi sem semper erat, in consectetuer ipsum nunc id enim. Curabitur massa. Vestibulum accumsan neque et nunc. Quisque ornare tortor at risus." />
	<customer  id="925" name="Quemby" password="EBE45EOB5NT" email="velit.in@Lorem.co.uk" company="Augue Ut Lacus Institute" address="P.O. Box 490, 8759 Ornare, Avenue" city="Casperia" postalCode="82136" country="Israel" phone="(853) 123-5076" fax="(958) 555-1921" registerdate="2014-10-30 06:10:54" logindate="2013-09-23 05:09:44" comment="vitae odio sagittis semper. Nam tempor diam dictum sapien. Aenean massa. Integer vitae nibh. Donec est mauris, rhoncus id, mollis nec, cursus a, enim. Suspendisse aliquet, sem ut cursus luctus, ipsum leo elementum sem, vitae aliquam eros turpis non enim. Mauris quis turpis vitae purus gravida sagittis. Duis gravida. Praesent eu nulla at sem molestie sodales. Mauris blandit enim consequat purus. Maecenas libero est, congue a, aliquet vel, vulputate eu, odio. Phasellus at augue id ante dictum cursus. Nunc mauris elit, dictum eu, eleifend nec, malesuada ut, sem. Nulla interdum. Curabitur dictum. Phasellus in felis. Nulla tempor augue ac ipsum." />
	<customer  id="926" name="Noah" password="GBM09NCO6YY" email="Sed.neque.Sed@sitametluctus.com" company="Mauris Sagittis Industries" address="Ap #132-9362 Rhoncus Road" city="Balen" postalCode="N7S 9X5" country="Qatar" phone="(398) 998-2719" fax="(439) 134-5609" registerdate="2015-08-04 02:08:34" logindate="2015-07-14 08:07:53" comment="erat volutpat. Nulla facilisis. Suspendisse commodo tincidunt nibh. Phasellus nulla. Integer vulputate, risus a ultricies adipiscing, enim mi tempor lorem, eget mollis lectus pede et risus. Quisque libero lacus, varius et, euismod et, commodo at, libero. Morbi accumsan laoreet ipsum. Curabitur consequat, lectus sit amet luctus vulputate, nisi sem semper erat, in consectetuer ipsum nunc" />
	<customer  id="927" name="Sacha" password="LDW07MAI0WS" email="ac.mattis.velit@magnis.org" company="Blandit Congue In Limited" address="757-8991 Varius Road" city="Logroño" postalCode="4023" country="Guinea-Bissau" phone="(919) 792-4621" fax="(345) 755-3975" registerdate="2014-08-10 05:08:02" logindate="2013-09-25 11:09:43" comment="dictum augue malesuada malesuada. Integer id magna et ipsum cursus vestibulum. Mauris magna. Duis dignissim tempor arcu. Vestibulum ut eros non enim commodo hendrerit. Donec porttitor tellus non magna. Nam ligula elit, pretium et, rutrum non, hendrerit id, ante. Nunc mauris sapien, cursus in, hendrerit consectetuer, cursus et, magna. Praesent interdum ligula eu enim. Etiam imperdiet dictum magna. Ut tincidunt orci quis lectus. Nullam suscipit, est ac facilisis facilisis, magna tellus faucibus leo, in lobortis tellus justo sit amet nulla. Donec non justo. Proin non massa non ante bibendum ullamcorper. Duis cursus," />
	<customer  id="928" name="Camden" password="CJW88PJL1AP" email="per.inceptos.hymenaeos@Quisqueaclibero.net" company="Accumsan Interdum Libero Inc." address="Ap #161-9312 Ligula. St." city="Bègles" postalCode="388235" country="Nicaragua" phone="(395) 730-2519" fax="(370) 878-8846" registerdate="2015-03-18 02:03:21" logindate="2015-04-26 06:04:25" comment="id ante dictum cursus. Nunc mauris elit, dictum eu, eleifend nec, malesuada ut, sem. Nulla interdum. Curabitur dictum. Phasellus in felis. Nulla tempor augue ac ipsum. Phasellus vitae mauris sit amet lorem semper auctor. Mauris vel turpis. Aliquam adipiscing lobortis risus. In mi pede, nonummy ut, molestie in, tempus eu, ligula. Aenean euismod mauris eu" />
	<customer  id="929" name="Ruth" password="NUH68YUF5BY" email="Praesent@Fuscealiquet.ca" company="Fringilla Ornare LLC" address="691-5963 Sem Street" city="Ha�loch" postalCode="M3N 4B7" country="Turkey" phone="(169) 214-7611" fax="(464) 218-4278" registerdate="2014-10-11 09:10:15" logindate="2015-02-14 03:02:48" comment="eget, dictum placerat, augue. Sed molestie. Sed id risus quis diam luctus lobortis. Class aptent taciti sociosqu ad litora torquent per conubia nostra, per inceptos hymenaeos. Mauris ut quam vel sapien imperdiet ornare. In faucibus. Morbi vehicula. Pellentesque tincidunt tempus risus. Donec egestas. Duis ac arcu. Nunc mauris. Morbi non sapien molestie orci tincidunt adipiscing. Mauris molestie pharetra nibh. Aliquam ornare, libero at auctor ullamcorper, nisl arcu iaculis enim, sit amet ornare lectus justo eu arcu. Morbi sit amet massa. Quisque porttitor eros nec tellus. Nunc lectus pede, ultrices a, auctor non, feugiat nec, diam. Duis" />
	<customer  id="930" name="Hedy" password="PJW70CDJ4LB" email="magna@mi.com" company="Neque Et Foundation" address="989-5666 Purus Street" city="Millesimo" postalCode="9105" country="Saint Barthélemy" phone="(842) 439-8477" fax="(974) 186-8343" registerdate="2014-05-04 09:05:26" logindate="2014-02-11 10:02:23" comment="mauris eu elit. Nulla facilisi. Sed neque. Sed eget lacus. Mauris non dui nec urna suscipit nonummy. Fusce fermentum fermentum arcu. Vestibulum ante ipsum primis in faucibus orci luctus et ultrices posuere cubilia Curae Phasellus ornare. Fusce mollis. Duis sit amet diam eu dolor egestas rhoncus. Proin nisl sem, consequat nec, mollis vitae, posuere at, velit. Cras lorem lorem, luctus ut, pellentesque eget, dictum placerat, augue. Sed molestie. Sed" />
	<customer  id="931" name="Ciara" password="HXA21VXX8FT" email="id.enim@ornare.ca" company="Lobortis Risus In Ltd" address="189-5388 Mauris. Road" city="Mombaruzzo" postalCode="78871" country="Liechtenstein" phone="(585) 298-2094" fax="(521) 297-6242" registerdate="2014-09-01 12:09:11" logindate="2014-10-19 10:10:02" comment="Sed molestie. Sed id risus quis diam luctus lobortis. Class aptent taciti sociosqu ad litora torquent per conubia nostra, per inceptos hymenaeos. Mauris ut quam vel sapien imperdiet ornare. In faucibus. Morbi vehicula. Pellentesque tincidunt tempus risus. Donec egestas. Duis ac arcu. Nunc mauris. Morbi non sapien molestie orci tincidunt adipiscing. Mauris molestie pharetra nibh. Aliquam ornare, libero at auctor ullamcorper, nisl arcu iaculis enim, sit amet ornare" />
	<customer  id="932" name="Vincent" password="JFE11JZA8LL" email="sociis.natoque.penatibus@felispurus.ca" company="Cras Limited" address="Ap #748-2776 Aliquet Road" city="Tracadie-Shelia" postalCode="5741" country="Senegal" phone="(139) 779-8306" fax="(852) 331-4860" registerdate="2015-04-16 12:04:35" logindate="2013-09-19 12:09:49" comment="blandit. Nam nulla magna, malesuada vel, convallis in, cursus et, eros. Proin ultrices. Duis volutpat nunc sit amet metus. Aliquam erat volutpat. Nulla facilisis. Suspendisse commodo tincidunt nibh. Phasellus nulla. Integer vulputate, risus a ultricies adipiscing, enim mi tempor lorem, eget mollis lectus pede et risus. Quisque libero lacus, varius et, euismod et, commodo at, libero. Morbi accumsan laoreet ipsum. Curabitur consequat, lectus sit amet luctus vulputate, nisi sem semper erat, in consectetuer ipsum nunc id enim. Curabitur massa. Vestibulum accumsan neque et nunc. Quisque ornare tortor at risus." />
	<customer  id="933" name="Grant" password="EVM65SBB4OV" email="Sed.nec.metus@sedturpisnec.net" company="Accumsan Consulting" address="198-1675 Nunc St." city="Maranello" postalCode="9858" country="South Georgia and The South Sandwich Islands" phone="(851) 739-9205" fax="(978) 389-2946" registerdate="2015-01-02 03:01:11" logindate="2015-03-22 09:03:45" comment="erat vel pede blandit congue. In scelerisque scelerisque dui. Suspendisse ac metus vitae velit egestas lacinia. Sed congue, elit sed consequat auctor, nunc nulla vulputate dui, nec tempus mauris erat eget ipsum. Suspendisse sagittis. Nullam vitae diam. Proin dolor. Nulla semper tellus id nunc interdum feugiat. Sed nec metus facilisis lorem tristique aliquet. Phasellus fermentum convallis ligula. Donec luctus aliquet odio. Etiam ligula tortor, dictum eu, placerat eget, venenatis a, magna. Lorem ipsum dolor sit amet, consectetuer adipiscing elit. Etiam laoreet, libero et tristique pellentesque, tellus sem mollis dui, in sodales" />
	<customer  id="934" name="Hope" password="ZNK17CPT1DC" email="nunc.risus.varius@lacusCrasinterdum.co.uk" company="Vitae Semper Associates" address="154 Non Street" city="Mont-Saint-Guibert" postalCode="97268" country="Bhutan" phone="(456) 221-7604" fax="(630) 318-0069" registerdate="2015-07-07 03:07:56" logindate="2014-04-18 01:04:16" comment="at, velit. Cras lorem lorem, luctus ut, pellentesque eget, dictum placerat, augue. Sed molestie. Sed id risus quis diam luctus lobortis. Class aptent taciti sociosqu ad litora torquent per conubia nostra, per inceptos hymenaeos. Mauris ut quam vel sapien imperdiet ornare. In faucibus. Morbi vehicula. Pellentesque tincidunt tempus risus. Donec egestas. Duis ac arcu. Nunc mauris. Morbi non sapien molestie orci tincidunt adipiscing. Mauris molestie pharetra nibh. Aliquam ornare, libero at auctor ullamcorper, nisl arcu iaculis enim, sit amet ornare" />
	<customer  id="935" name="Isadora" password="SCQ65UTC6SX" email="eu@elitpede.com" company="Ultrices A Auctor Foundation" address="Ap #596-7748 Faucibus St." city="Labrecque" postalCode="67438" country="Uganda" phone="(771) 978-0760" fax="(840) 772-9759" registerdate="2015-03-12 03:03:12" logindate="2014-09-02 06:09:32" comment="et ipsum cursus vestibulum. Mauris magna. Duis dignissim tempor arcu. Vestibulum ut eros non enim commodo hendrerit. Donec porttitor tellus non magna. Nam ligula elit, pretium et, rutrum non, hendrerit id, ante. Nunc mauris sapien, cursus in, hendrerit consectetuer, cursus et, magna. Praesent interdum ligula eu enim. Etiam imperdiet dictum magna. Ut tincidunt orci quis lectus. Nullam suscipit, est ac facilisis facilisis, magna tellus faucibus leo, in lobortis tellus justo sit amet nulla. Donec non justo. Proin non massa non ante bibendum ullamcorper. Duis cursus, diam at pretium aliquet, metus urna convallis erat," />
	<customer  id="936" name="Athena" password="RQX92KBY3XN" email="ultrices@nonenimcommodo.co.uk" company="Nulla At Consulting" address="P.O. Box 176, 4372 Augue St." city="Beert" postalCode="8183" country="Canada" phone="(391) 366-8412" fax="(561) 799-4188" registerdate="2013-11-13 05:11:36" logindate="2015-04-26 11:04:21" comment="ipsum porta elit, a feugiat tellus lorem eu metus. In lorem. Donec elementum, lorem ut aliquam iaculis, lacus pede sagittis augue, eu tempor erat neque non quam. Pellentesque habitant morbi tristique senectus et netus et malesuada fames ac turpis egestas. Aliquam fringilla cursus purus. Nullam scelerisque neque sed sem egestas blandit. Nam nulla magna, malesuada vel, convallis in, cursus et, eros. Proin ultrices. Duis volutpat nunc sit amet metus. Aliquam erat volutpat. Nulla facilisis. Suspendisse commodo tincidunt nibh. Phasellus nulla. Integer vulputate, risus a ultricies adipiscing, enim mi tempor lorem, eget mollis lectus pede" />
	<customer  id="937" name="Aidan" password="MON57RNI6RP" email="elit@nibh.net" company="Dolor Tempus Non Associates" address="6695 Natoque Road" city="Sint-Amandsberg" postalCode="33777" country="Palestine, State of" phone="(442) 310-6231" fax="(205) 896-2327" registerdate="2015-08-16 05:08:00" logindate="2015-07-31 08:07:48" comment="luctus vulputate, nisi sem semper erat, in consectetuer ipsum nunc id enim. Curabitur massa. Vestibulum accumsan neque et nunc. Quisque ornare tortor at risus. Nunc ac sem ut dolor dapibus gravida. Aliquam tincidunt, nunc ac mattis ornare, lectus ante dictum mi, ac mattis velit justo nec ante. Maecenas mi felis, adipiscing fringilla, porttitor vulputate, posuere vulputate, lacus. Cras interdum. Nunc sollicitudin commodo ipsum. Suspendisse non leo. Vivamus nibh dolor, nonummy ac, feugiat non, lobortis quis, pede. Suspendisse dui. Fusce diam" />
	<customer  id="938" name="Rhoda" password="ZLL65UDA6PF" email="ac@semperpretiumneque.edu" company="Dictum Incorporated" address="P.O. Box 362, 6759 Nec, Road" city="Navsari" postalCode="24629" country="Bonaire, Sint Eustatius and Saba" phone="(891) 969-6919" fax="(528) 676-8670" registerdate="2013-10-28 09:10:54" logindate="2013-08-27 10:08:28" comment="pharetra ut, pharetra sed, hendrerit a, arcu. Sed et libero. Proin mi. Aliquam gravida mauris ut mi. Duis risus odio, auctor vitae, aliquet nec, imperdiet nec, leo. Morbi neque tellus, imperdiet non, vestibulum nec, euismod in, dolor. Fusce feugiat. Lorem ipsum dolor sit amet, consectetuer adipiscing elit. Aliquam auctor, velit eget laoreet" />
	<customer  id="939" name="Iliana" password="XSY94HVG2RU" email="cursus.et.magna@tempus.edu" company="Nisi Consulting" address="523-8722 Odio. St." city="Valbrevenna" postalCode="6375" country="Bolivia" phone="(763) 545-4828" fax="(907) 784-8082" registerdate="2015-07-01 07:07:20" logindate="2014-05-09 04:05:33" comment="lectus ante dictum mi, ac mattis velit justo nec ante. Maecenas mi felis, adipiscing fringilla, porttitor vulputate, posuere vulputate, lacus. Cras interdum. Nunc sollicitudin commodo ipsum. Suspendisse non leo. Vivamus nibh dolor, nonummy ac, feugiat non, lobortis quis, pede. Suspendisse dui. Fusce diam nunc, ullamcorper eu, euismod ac, fermentum vel, mauris. Integer sem elit, pharetra ut, pharetra sed, hendrerit a, arcu. Sed et libero. Proin mi. Aliquam gravida mauris ut mi. Duis risus odio, auctor vitae, aliquet nec, imperdiet nec, leo. Morbi neque tellus, imperdiet non, vestibulum nec, euismod in, dolor. Fusce feugiat. Lorem" />
	<customer  id="940" name="Kennan" password="MKD20BSC0HI" email="dapibus@vel.edu" company="Sed Orci Incorporated" address="5584 Montes, Avenue" city="Cache Creek" postalCode="74711" country="Chad" phone="(775) 833-3696" fax="(477) 561-1043" registerdate="2015-05-11 07:05:52" logindate="2013-10-18 11:10:06" comment="amet lorem semper auctor. Mauris vel turpis. Aliquam adipiscing lobortis risus. In mi pede, nonummy ut, molestie in, tempus eu, ligula. Aenean euismod mauris eu elit. Nulla facilisi. Sed neque. Sed eget lacus. Mauris non dui nec urna suscipit nonummy. Fusce fermentum fermentum arcu. Vestibulum ante ipsum primis in faucibus orci luctus et ultrices posuere cubilia Curae Phasellus ornare. Fusce mollis. Duis sit amet diam eu dolor egestas rhoncus. Proin nisl sem, consequat nec," />
	<customer  id="941" name="Blossom" password="ZJH22ANG2HV" email="nulla.ante@Duismi.edu" company="Libero Consulting" address="P.O. Box 606, 294 Iaculis St." city="Marilles" postalCode="189263" country="Malawi" phone="(173) 814-3840" fax="(690) 344-4172" registerdate="2014-07-20 03:07:47" logindate="2015-03-01 08:03:56" comment="at fringilla purus mauris a nunc. In at pede. Cras vulputate velit eu sem. Pellentesque ut ipsum ac mi eleifend egestas. Sed pharetra, felis eget varius ultrices, mauris ipsum porta elit, a feugiat tellus lorem eu metus. In lorem. Donec elementum, lorem ut aliquam iaculis, lacus pede sagittis augue, eu tempor erat neque non quam. Pellentesque habitant morbi tristique senectus et netus et malesuada fames ac turpis egestas. Aliquam fringilla cursus" />
	<customer  id="942" name="Keith" password="RNK40CWD0DK" email="molestie.in.tempus@nuncrisus.co.uk" company="Fusce Feugiat Ltd" address="9240 Massa. Road" city="San Luca" postalCode="63-724" country="Equatorial Guinea" phone="(646) 844-6707" fax="(391) 879-0083" registerdate="2015-03-24 08:03:21" logindate="2014-07-31 03:07:00" comment="urna, nec luctus felis purus ac tellus. Suspendisse sed dolor. Fusce mi lorem, vehicula et, rutrum eu, ultrices sit amet, risus. Donec nibh enim, gravida sit amet, dapibus id, blandit at, nisi. Cum sociis natoque penatibus et magnis dis parturient montes, nascetur ridiculus mus. Proin vel nisl. Quisque fringilla euismod enim. Etiam gravida molestie arcu. Sed eu nibh vulputate mauris sagittis placerat. Cras dictum ultricies ligula. Nullam enim. Sed nulla" />
	<customer  id="943" name="Rinah" password="ZSB87LWW5NB" email="Cras.eget@auctor.edu" company="Neque Nullam Corporation" address="6265 Phasellus Rd." city="Avennes" postalCode="9507EP" country="Austria" phone="(404) 113-9161" fax="(864) 240-2239" registerdate="2013-10-10 06:10:32" logindate="2013-10-23 08:10:08" comment="sagittis. Duis gravida. Praesent eu nulla at sem molestie sodales. Mauris blandit enim consequat purus. Maecenas libero est, congue a, aliquet vel, vulputate eu, odio. Phasellus at augue id ante dictum cursus. Nunc mauris elit, dictum eu, eleifend nec, malesuada ut, sem. Nulla interdum. Curabitur dictum. Phasellus in felis. Nulla tempor augue ac ipsum. Phasellus vitae mauris sit amet lorem semper auctor. Mauris vel turpis. Aliquam adipiscing lobortis risus. In mi pede, nonummy ut, molestie in, tempus eu, ligula. Aenean euismod mauris eu" />
	<customer  id="944" name="Sawyer" password="ITZ99PGP4BH" email="non.luctus.sit@Fusce.com" company="Dapibus Id LLC" address="P.O. Box 417, 7232 Id, Road" city="Avise" postalCode="AR6 7VS" country="Malawi" phone="(414) 674-1335" fax="(948) 432-1257" registerdate="2014-01-06 06:01:33" logindate="2014-02-11 05:02:38" comment="dictum mi, ac mattis velit justo nec ante. Maecenas mi felis, adipiscing fringilla, porttitor vulputate, posuere vulputate, lacus. Cras interdum. Nunc sollicitudin commodo ipsum. Suspendisse non leo. Vivamus nibh dolor, nonummy ac, feugiat non, lobortis quis, pede. Suspendisse dui. Fusce diam nunc, ullamcorper eu, euismod ac, fermentum vel, mauris. Integer sem elit, pharetra ut, pharetra sed, hendrerit a, arcu. Sed et" />
	<customer  id="945" name="Yoshio" password="LHL20GVQ8VM" email="odio.Aliquam@Nunclaoreetlectus.org" company="Pellentesque Ltd" address="P.O. Box 264, 6602 Et Rd." city="Helkijn" postalCode="06834" country="Liechtenstein" phone="(990) 448-9441" fax="(275) 124-5723" registerdate="2014-03-07 10:03:08" logindate="2014-01-18 12:01:02" comment="est ac mattis semper, dui lectus rutrum urna, nec luctus felis purus ac tellus. Suspendisse sed dolor. Fusce mi lorem, vehicula et, rutrum eu, ultrices sit amet, risus. Donec nibh enim, gravida sit amet, dapibus id, blandit at, nisi. Cum sociis natoque penatibus et magnis dis parturient montes, nascetur ridiculus mus. Proin vel nisl. Quisque fringilla euismod enim. Etiam gravida molestie arcu. Sed eu nibh vulputate mauris" />
	<customer  id="946" name="Buckminster" password="ZXH45UUO3CM" email="Maecenas.malesuada@Mauriseuturpis.com" company="Tellus Eu Augue Corp." address="760-7106 Duis Av." city="Hugli-Chinsurah" postalCode="991097" country="Dominica" phone="(621) 595-7845" fax="(606) 697-2194" registerdate="2013-09-22 05:09:43" logindate="2014-05-27 02:05:32" comment="felis. Donec tempor, est ac mattis semper, dui lectus rutrum urna, nec luctus felis purus ac tellus. Suspendisse sed dolor. Fusce mi lorem, vehicula et, rutrum eu, ultrices sit amet, risus. Donec nibh enim, gravida sit amet, dapibus id, blandit at, nisi. Cum sociis natoque penatibus et magnis dis parturient montes, nascetur ridiculus mus. Proin vel nisl. Quisque fringilla euismod enim. Etiam gravida molestie arcu. Sed eu nibh vulputate mauris sagittis placerat. Cras dictum ultricies ligula. Nullam enim. Sed nulla ante, iaculis nec, eleifend" />
	<customer  id="947" name="Wanda" password="NOW21TOW5PT" email="id@iaculisenim.co.uk" company="Lorem Semper LLC" address="914-2971 A Avenue" city="Phoenix" postalCode="6244" country="Comoros" phone="(187) 230-0490" fax="(573) 990-1599" registerdate="2014-08-18 09:08:05" logindate="2014-04-20 06:04:42" comment="gravida non, sollicitudin a, malesuada id, erat. Etiam vestibulum massa rutrum magna. Cras convallis convallis dolor. Quisque tincidunt pede ac urna. Ut tincidunt vehicula risus. Nulla eget metus eu erat semper rutrum. Fusce dolor quam, elementum at, egestas a, scelerisque sed, sapien. Nunc pulvinar arcu et pede. Nunc sed orci lobortis augue scelerisque mollis. Phasellus libero mauris, aliquam eu, accumsan sed, facilisis vitae, orci. Phasellus dapibus quam quis diam. Pellentesque habitant morbi tristique senectus et netus et malesuada fames ac turpis egestas. Fusce aliquet magna a neque. Nullam ut nisi a odio semper cursus. Integer mollis. Integer tincidunt aliquam" />
	<customer  id="948" name="Iliana" password="CKN39VHQ3HK" email="id.ante@pedeet.org" company="Vivamus Molestie Dapibus Institute" address="P.O. Box 790, 1853 Dignissim Ave" city="Zeveneken" postalCode="3840" country="Kenya" phone="(197) 592-9671" fax="(371) 710-1607" registerdate="2015-04-26 10:04:20" logindate="2014-04-18 08:04:10" comment="diam lorem, auctor quis, tristique ac, eleifend vitae, erat. Vivamus nisi. Mauris nulla. Integer urna. Vivamus molestie dapibus ligula. Aliquam erat volutpat. Nulla dignissim. Maecenas ornare egestas ligula. Nullam feugiat placerat velit. Quisque varius. Nam porttitor scelerisque neque. Nullam nisl. Maecenas malesuada fringilla est. Mauris eu turpis. Nulla aliquet. Proin velit. Sed malesuada augue" />
	<customer  id="949" name="Winifred" password="OOX99KFZ7WN" email="risus@Etiamimperdietdictum.edu" company="Ad Institute" address="984-1632 Aliquam Street" city="Gianico" postalCode="75615" country="Syria" phone="(759) 840-1839" fax="(475) 757-3639" registerdate="2013-09-22 06:09:05" logindate="2014-12-03 03:12:27" comment="at risus. Nunc ac sem ut dolor dapibus gravida. Aliquam tincidunt, nunc ac mattis ornare, lectus ante dictum mi, ac mattis velit justo nec ante. Maecenas mi felis, adipiscing fringilla, porttitor vulputate, posuere vulputate, lacus. Cras interdum. Nunc sollicitudin commodo ipsum. Suspendisse non leo. Vivamus nibh dolor, nonummy ac, feugiat non, lobortis quis, pede. Suspendisse dui. Fusce diam nunc, ullamcorper eu, euismod ac, fermentum vel, mauris. Integer sem elit, pharetra ut, pharetra sed, hendrerit a, arcu. Sed et" />
	<customer  id="950" name="Brooke" password="MDE78IEG7KP" email="arcu.Vestibulum.ante@Pellentesquehabitant.org" company="Tellus Phasellus Elit Company" address="296-5812 Quisque Ave" city="Santa Maria a Monte" postalCode="3921" country="Mali" phone="(717) 599-3783" fax="(786) 610-4906" registerdate="2014-05-19 02:05:22" logindate="2014-04-30 12:04:15" comment="sit amet lorem semper auctor. Mauris vel turpis. Aliquam adipiscing lobortis risus. In mi pede, nonummy ut, molestie in, tempus eu, ligula. Aenean euismod mauris eu elit. Nulla facilisi. Sed neque. Sed eget lacus. Mauris non dui nec urna suscipit nonummy. Fusce fermentum fermentum arcu. Vestibulum ante ipsum primis in faucibus orci luctus et ultrices posuere cubilia Curae Phasellus ornare. Fusce mollis. Duis sit amet diam eu dolor egestas" />
	<customer  id="951" name="Sigourney" password="QOY60EIF0YK" email="vitae.semper@cursuset.ca" company="Nam Associates" address="Ap #774-7823 Posuere Rd." city="Fort Worth" postalCode="V5K 8L2" country="Slovakia" phone="(317) 645-4916" fax="(373) 358-7668" registerdate="2015-01-28 12:01:48" logindate="2014-05-01 08:05:06" comment="ligula. Aenean gravida nunc sed pede. Cum sociis natoque penatibus et magnis dis parturient montes, nascetur ridiculus mus. Proin vel arcu eu odio tristique pharetra. Quisque ac libero nec ligula consectetuer rhoncus. Nullam velit dui, semper et, lacinia vitae, sodales at, velit. Pellentesque ultricies dignissim lacus. Aliquam rutrum lorem ac risus. Morbi metus. Vivamus euismod urna. Nullam lobortis quam a felis ullamcorper viverra. Maecenas iaculis aliquet diam. Sed diam lorem, auctor quis, tristique" />
	<customer  id="952" name="Matthew" password="WJA26QHF4GU" email="suscipit.nonummy@rutrumnon.com" company="Cursus Diam Institute" address="Ap #769-1072 Quisque St." city="Tongrinne" postalCode="JW4Q 1PX" country="Seychelles" phone="(598) 629-8870" fax="(797) 920-9157" registerdate="2015-07-05 07:07:24" logindate="2014-05-15 05:05:11" comment="nisi. Cum sociis natoque penatibus et magnis dis parturient montes, nascetur ridiculus mus. Proin vel nisl. Quisque fringilla euismod enim. Etiam gravida molestie arcu. Sed eu nibh vulputate mauris sagittis placerat. Cras dictum ultricies ligula. Nullam enim. Sed nulla ante, iaculis nec, eleifend non, dapibus rutrum, justo. Praesent luctus. Curabitur egestas nunc sed libero. Proin sed turpis nec mauris blandit mattis. Cras eget nisi dictum augue malesuada malesuada. Integer id magna et ipsum cursus vestibulum. Mauris magna. Duis dignissim tempor arcu. Vestibulum" />
	<customer  id="953" name="Basia" password="MJW59ZZX0BX" email="nunc.est@eratvolutpatNulla.ca" company="Tellus Nunc LLC" address="P.O. Box 396, 7043 Cras Av." city="Paularo" postalCode="4430" country="Uruguay" phone="(809) 510-4704" fax="(100) 765-4300" registerdate="2015-01-19 11:01:18" logindate="2014-02-14 07:02:08" comment="quam. Curabitur vel lectus. Cum sociis natoque penatibus et magnis dis parturient montes, nascetur ridiculus mus. Donec dignissim magna a tortor. Nunc commodo auctor velit. Aliquam nisl. Nulla eu neque pellentesque massa lobortis ultrices. Vivamus rhoncus. Donec est. Nunc ullamcorper, velit in aliquet lobortis, nisi nibh lacinia orci, consectetuer euismod est arcu ac orci. Ut semper pretium neque. Morbi quis urna. Nunc quis arcu" />
	<customer  id="954" name="Cassidy" password="IAS49JAY6HZ" email="dui.Cras.pellentesque@elementumlorem.com" company="Blandit At Inc." address="Ap #461-4330 Rutrum, St." city="Lesve" postalCode="11817" country="Guam" phone="(236) 938-1003" fax="(516) 840-7319" registerdate="2015-02-22 08:02:31" logindate="2015-05-19 09:05:17" comment="adipiscing. Mauris molestie pharetra nibh. Aliquam ornare, libero at auctor ullamcorper, nisl arcu iaculis enim, sit amet ornare lectus justo eu arcu. Morbi sit amet massa. Quisque porttitor eros nec tellus. Nunc lectus pede, ultrices a, auctor non, feugiat nec, diam. Duis mi enim, condimentum eget, volutpat ornare, facilisis eget, ipsum. Donec sollicitudin adipiscing ligula. Aenean gravida nunc sed pede. Cum sociis natoque penatibus et magnis dis parturient montes, nascetur ridiculus mus. Proin vel arcu eu odio tristique pharetra. Quisque ac libero nec ligula consectetuer rhoncus. Nullam velit dui, semper et," />
	<customer  id="955" name="Abdul" password="TDS81JES8SZ" email="Phasellus@Craseu.org" company="Maecenas Inc." address="505-6075 Quisque Road" city="Eindhout" postalCode="4567" country="Chile" phone="(469) 985-0627" fax="(652) 993-7579" registerdate="2014-08-09 08:08:15" logindate="2013-11-12 03:11:08" comment="vitae semper egestas, urna justo faucibus lectus, a sollicitudin orci sem eget massa. Suspendisse eleifend. Cras sed leo. Cras vehicula aliquet libero. Integer in magna. Phasellus dolor elit, pellentesque a, facilisis non, bibendum sed, est. Nunc laoreet lectus quis massa. Mauris vestibulum, neque sed dictum eleifend, nunc risus varius orci, in consequat enim diam vel arcu. Curabitur ut odio vel est tempor bibendum. Donec felis orci, adipiscing non, luctus sit amet, faucibus ut, nulla. Cras eu tellus eu augue" />
	<customer  id="956" name="Kimberley" password="ZRA49YRP3WK" email="tellus@ultrices.org" company="Mauris Quis Turpis Inc." address="8670 Justo Av." city="Etterbeek" postalCode="88783" country="Seychelles" phone="(584) 637-5729" fax="(197) 730-7497" registerdate="2015-08-19 01:08:35" logindate="2014-08-02 01:08:06" comment="litora torquent per conubia nostra, per inceptos hymenaeos. Mauris ut quam vel sapien imperdiet ornare. In faucibus. Morbi vehicula. Pellentesque tincidunt tempus risus. Donec egestas. Duis ac arcu. Nunc mauris. Morbi non sapien molestie orci tincidunt adipiscing. Mauris molestie pharetra nibh. Aliquam ornare, libero at auctor ullamcorper, nisl arcu iaculis enim, sit amet ornare lectus justo eu arcu. Morbi sit amet massa. Quisque porttitor eros nec tellus. Nunc lectus pede, ultrices a, auctor non, feugiat nec, diam. Duis mi enim, condimentum eget, volutpat ornare, facilisis eget," />
	<customer  id="957" name="Signe" password="GJO20AUE0IB" email="vitae.diam.Proin@pellentesqueafacilisis.edu" company="Fringilla Cursus Purus Incorporated" address="Ap #985-4110 Consequat Av." city="Bielefeld" postalCode="2518" country="Curaçao" phone="(630) 283-2438" fax="(631) 254-6126" registerdate="2014-06-08 07:06:14" logindate="2014-10-13 11:10:24" comment="quis accumsan convallis, ante lectus convallis est, vitae sodales nisi magna sed dui. Fusce aliquam, enim nec tempus scelerisque, lorem ipsum sodales purus, in molestie tortor nibh sit amet orci. Ut sagittis lobortis mauris. Suspendisse aliquet molestie tellus. Aenean egestas hendrerit neque. In ornare sagittis felis. Donec tempor, est ac mattis semper, dui lectus rutrum urna, nec luctus felis purus ac tellus. Suspendisse sed dolor. Fusce mi lorem, vehicula et, rutrum eu, ultrices sit amet, risus. Donec nibh enim, gravida sit amet, dapibus id, blandit at, nisi. Cum sociis natoque penatibus" />
	<customer  id="958" name="Raymond" password="RJR59MHO0BT" email="nisl.Nulla.eu@et.edu" company="Nulla Integer Corp." address="P.O. Box 180, 7869 Et, Av." city="Afsnee" postalCode="00245" country="Portugal" phone="(360) 580-4458" fax="(312) 591-2073" registerdate="2013-12-21 05:12:38" logindate="2013-12-20 08:12:35" comment="at fringilla purus mauris a nunc. In at pede. Cras vulputate velit eu sem. Pellentesque ut ipsum ac mi eleifend egestas. Sed pharetra, felis eget varius ultrices, mauris ipsum porta elit, a feugiat tellus lorem eu metus. In lorem. Donec elementum, lorem ut aliquam iaculis, lacus pede sagittis augue, eu tempor erat neque non quam. Pellentesque habitant morbi tristique senectus et netus et malesuada fames ac turpis egestas. Aliquam fringilla cursus purus. Nullam scelerisque neque sed sem egestas" />
	<customer  id="959" name="Lewis" password="APA66BQG7NJ" email="Quisque.libero@ipsumSuspendisse.org" company="Duis Cursus LLC" address="P.O. Box 122, 2535 Commodo Street" city="Widooie" postalCode="74758" country="Northern Mariana Islands" phone="(495) 799-5809" fax="(505) 127-2709" registerdate="2015-05-11 02:05:58" logindate="2014-06-17 01:06:16" comment="Praesent interdum ligula eu enim. Etiam imperdiet dictum magna. Ut tincidunt orci quis lectus. Nullam suscipit, est ac facilisis facilisis, magna tellus faucibus leo, in lobortis tellus justo sit amet nulla. Donec non justo. Proin non massa non ante bibendum ullamcorper. Duis cursus, diam at pretium aliquet, metus urna convallis erat, eget tincidunt dui augue eu tellus. Phasellus elit pede, malesuada vel, venenatis vel, faucibus id, libero. Donec consectetuer mauris id sapien. Cras dolor dolor, tempus non," />
	<customer  id="960" name="Erica" password="CQI91RML7CU" email="vitae.sodales.at@etipsumcursus.net" company="Magna Malesuada Foundation" address="6442 Odio Road" city="Baarle-Hertog" postalCode="690251" country="Martinique" phone="(277) 944-3612" fax="(484) 395-6131" registerdate="2013-10-14 10:10:54" logindate="2015-04-24 08:04:42" comment="erat vitae risus. Duis a mi fringilla mi lacinia mattis. Integer eu lacus. Quisque imperdiet, erat nonummy ultricies ornare, elit elit fermentum risus, at fringilla purus mauris a nunc. In at pede. Cras vulputate velit eu sem. Pellentesque ut ipsum ac mi eleifend egestas. Sed pharetra, felis eget varius ultrices, mauris ipsum porta elit, a feugiat tellus lorem eu metus. In lorem. Donec elementum, lorem ut aliquam iaculis, lacus pede sagittis augue, eu tempor erat neque non quam. Pellentesque habitant morbi tristique senectus et" />
	<customer  id="961" name="Kamal" password="LUK12RWD2KQ" email="mollis@Aliquamultrices.net" company="Accumsan Limited" address="315-5456 Tincidunt, Ave" city="Gravataí" postalCode="5234" country="San Marino" phone="(971) 644-9143" fax="(566) 139-8982" registerdate="2015-02-17 02:02:53" logindate="2014-06-15 09:06:56" comment="Duis cursus, diam at pretium aliquet, metus urna convallis erat, eget tincidunt dui augue eu tellus. Phasellus elit pede, malesuada vel, venenatis vel, faucibus id, libero. Donec consectetuer mauris id sapien. Cras dolor dolor, tempus non, lacinia at, iaculis quis, pede. Praesent eu dui. Cum sociis natoque penatibus et magnis dis parturient montes, nascetur ridiculus mus. Aenean eget magna. Suspendisse tristique neque venenatis lacus. Etiam bibendum fermentum metus. Aenean sed pede nec" />
	<customer  id="962" name="George" password="WMY33SXL9EY" email="non.egestas.a@maurisrhoncus.edu" company="Arcu Nunc Mauris Company" address="7103 Nulla. Rd." city="Parauapebas" postalCode="81015" country="Macedonia" phone="(308) 889-2421" fax="(130) 652-7071" registerdate="2015-02-18 12:02:24" logindate="2015-04-23 07:04:05" comment="fermentum risus, at fringilla purus mauris a nunc. In at pede. Cras vulputate velit eu sem. Pellentesque ut ipsum ac mi eleifend egestas. Sed pharetra, felis eget varius ultrices, mauris ipsum porta elit, a feugiat tellus lorem eu metus. In lorem. Donec elementum, lorem ut aliquam iaculis, lacus pede sagittis augue, eu tempor erat neque non quam. Pellentesque habitant morbi tristique senectus et netus et malesuada fames ac turpis egestas. Aliquam fringilla cursus purus." />
	<customer  id="963" name="Ronan" password="OSA26NZP0XN" email="faucibus.ut@DonecfringillaDonec.ca" company="Vitae Dolor Donec Inc." address="4171 Euismod Ave" city="Dudley" postalCode="45134" country="Ireland" phone="(150) 992-0506" fax="(151) 270-9569" registerdate="2014-01-07 06:01:47" logindate="2014-02-24 10:02:46" comment="nibh dolor, nonummy ac, feugiat non, lobortis quis, pede. Suspendisse dui. Fusce diam nunc, ullamcorper eu, euismod ac, fermentum vel, mauris. Integer sem elit, pharetra ut, pharetra sed, hendrerit a, arcu. Sed et libero. Proin mi. Aliquam gravida mauris ut mi. Duis risus odio, auctor vitae, aliquet nec, imperdiet nec, leo. Morbi neque tellus, imperdiet non, vestibulum nec, euismod in," />
	<customer  id="964" name="Abbot" password="AQT89MUG3GY" email="libero.Integer.in@semmollisdui.org" company="Sem Molestie Sodales Foundation" address="P.O. Box 152, 3567 Aliquet. Ave" city="Sindelfingen" postalCode="38-752" country="Palestine, State of" phone="(772) 755-6282" fax="(535) 173-9318" registerdate="2014-10-28 04:10:10" logindate="2015-02-23 02:02:18" comment="quam vel sapien imperdiet ornare. In faucibus. Morbi vehicula. Pellentesque tincidunt tempus risus. Donec egestas. Duis ac arcu. Nunc mauris. Morbi non sapien molestie orci tincidunt adipiscing. Mauris molestie pharetra nibh. Aliquam ornare, libero at auctor ullamcorper, nisl arcu iaculis enim, sit amet ornare lectus justo eu arcu. Morbi sit amet massa. Quisque porttitor eros nec tellus. Nunc lectus pede, ultrices a, auctor non, feugiat nec, diam. Duis mi enim, condimentum eget, volutpat ornare, facilisis eget, ipsum." />
	<customer  id="965" name="Laura" password="APG96FDW2RR" email="elit@laoreetliberoet.com" company="Phasellus Dolor Corp." address="P.O. Box 631, 244 Nibh. Rd." city="Aliano" postalCode="7226" country="Northern Mariana Islands" phone="(135) 176-8970" fax="(921) 561-7415" registerdate="2014-12-16 12:12:46" logindate="2015-07-02 01:07:22" comment="Pellentesque tincidunt tempus risus. Donec egestas. Duis ac arcu. Nunc mauris. Morbi non sapien molestie orci tincidunt adipiscing. Mauris molestie pharetra nibh. Aliquam ornare, libero at auctor ullamcorper, nisl arcu iaculis enim, sit amet ornare lectus justo eu arcu. Morbi sit amet massa. Quisque porttitor eros nec tellus. Nunc lectus pede, ultrices a, auctor non, feugiat nec, diam. Duis mi enim, condimentum eget, volutpat ornare, facilisis eget, ipsum. Donec" />
	<customer  id="966" name="Taylor" password="GOT99OEF6ZC" email="sapien@mauris.ca" company="Nam Tempor Diam LLC" address="P.O. Box 826, 586 Pharetra. Rd." city="Frankston" postalCode="4560" country="Anguilla" phone="(982) 926-8149" fax="(280) 774-1627" registerdate="2015-07-24 03:07:26" logindate="2015-01-04 06:01:53" comment="cursus. Nunc mauris elit, dictum eu, eleifend nec, malesuada ut, sem. Nulla interdum. Curabitur dictum. Phasellus in felis. Nulla tempor augue ac ipsum. Phasellus vitae mauris sit amet lorem semper auctor. Mauris vel turpis. Aliquam adipiscing lobortis risus. In mi pede, nonummy ut, molestie in, tempus eu, ligula. Aenean euismod mauris eu elit. Nulla facilisi. Sed neque. Sed eget lacus. Mauris non dui nec urna suscipit nonummy. Fusce fermentum fermentum arcu. Vestibulum ante ipsum primis in faucibus orci luctus et ultrices posuere cubilia Curae Phasellus ornare. Fusce mollis. Duis sit amet diam eu dolor egestas" />
	<customer  id="967" name="Yetta" password="NEY23OJG9MG" email="et.nunc@nonfeugiat.edu" company="Et Magnis Dis Foundation" address="Ap #340-5311 Phasellus Road" city="Montegranaro" postalCode="20131" country="Norfolk Island" phone="(866) 976-2763" fax="(666) 545-4778" registerdate="2013-10-02 09:10:10" logindate="2014-11-20 07:11:12" comment="facilisis, magna tellus faucibus leo, in lobortis tellus justo sit amet nulla. Donec non justo. Proin non massa non ante bibendum ullamcorper. Duis cursus, diam at pretium aliquet, metus urna convallis erat, eget tincidunt dui augue eu tellus. Phasellus elit pede, malesuada vel, venenatis vel, faucibus id, libero. Donec consectetuer mauris id sapien. Cras dolor dolor, tempus non, lacinia at, iaculis quis, pede. Praesent eu dui. Cum sociis natoque penatibus et magnis dis parturient montes, nascetur ridiculus mus. Aenean eget magna. Suspendisse tristique neque venenatis lacus. Etiam bibendum" />
	<customer  id="968" name="Fulton" password="AUG19PYS3GZ" email="eu@necimperdietnec.co.uk" company="Ac Mattis Ornare Consulting" address="673 Ipsum Avenue" city="Burgos" postalCode="7597" country="Portugal" phone="(842) 671-9351" fax="(109) 267-4411" registerdate="2014-09-18 05:09:11" logindate="2015-06-24 04:06:30" comment="Sed eget lacus. Mauris non dui nec urna suscipit nonummy. Fusce fermentum fermentum arcu. Vestibulum ante ipsum primis in faucibus orci luctus et ultrices posuere cubilia Curae Phasellus ornare. Fusce mollis. Duis sit amet diam eu dolor egestas rhoncus. Proin nisl sem, consequat nec, mollis vitae, posuere at, velit. Cras lorem lorem, luctus ut, pellentesque eget, dictum placerat, augue. Sed molestie. Sed id risus quis diam luctus lobortis. Class aptent taciti sociosqu ad litora torquent per conubia nostra, per inceptos hymenaeos. Mauris ut quam vel sapien imperdiet ornare. In faucibus. Morbi vehicula. Pellentesque tincidunt tempus risus. Donec" />
	<customer  id="969" name="Eaton" password="EIY56LUZ7GF" email="justo.Proin@metus.edu" company="In Mi Pede Corporation" address="Ap #527-1721 Magna. Ave" city="Villafranca d'Asti" postalCode="1659" country="American Samoa" phone="(555) 969-0440" fax="(322) 290-6958" registerdate="2014-08-26 09:08:07" logindate="2015-06-16 12:06:11" comment="sem semper erat, in consectetuer ipsum nunc id enim. Curabitur massa. Vestibulum accumsan neque et nunc. Quisque ornare tortor at risus. Nunc ac sem ut dolor dapibus gravida. Aliquam tincidunt, nunc ac mattis ornare, lectus ante dictum mi, ac mattis velit justo nec ante. Maecenas mi felis, adipiscing fringilla, porttitor vulputate, posuere vulputate, lacus. Cras interdum. Nunc sollicitudin commodo ipsum. Suspendisse non leo. Vivamus nibh dolor, nonummy ac, feugiat" />
	<customer  id="970" name="Delilah" password="RQB57UAJ5MS" email="elementum.sem@risus.ca" company="Ligula Consectetuer Foundation" address="324-3009 Urna. Av." city="Puntarenas" postalCode="34146" country="New Zealand" phone="(178) 681-9523" fax="(292) 648-1628" registerdate="2015-03-14 02:03:11" logindate="2014-04-14 09:04:40" comment="Integer vitae nibh. Donec est mauris, rhoncus id, mollis nec, cursus a, enim. Suspendisse aliquet, sem ut cursus luctus, ipsum leo elementum sem, vitae aliquam eros turpis non enim. Mauris quis turpis vitae purus gravida sagittis. Duis gravida. Praesent eu nulla at sem molestie sodales. Mauris blandit enim consequat purus. Maecenas libero est, congue a, aliquet vel, vulputate eu, odio. Phasellus at augue id ante dictum cursus. Nunc mauris elit, dictum eu, eleifend nec, malesuada ut, sem. Nulla interdum. Curabitur dictum. Phasellus in felis. Nulla tempor augue" />
	<customer  id="971" name="Idola" password="VFF73FKO4IV" email="sed.dui.Fusce@auctorvelit.co.uk" company="Sagittis Augue Eu Institute" address="Ap #589-3452 Nunc. Rd." city="Perth" postalCode="10214" country="San Marino" phone="(444) 248-7404" fax="(297) 458-1554" registerdate="2014-04-20 04:04:46" logindate="2014-09-01 11:09:06" comment="dolor vitae dolor. Donec fringilla. Donec feugiat metus sit amet ante. Vivamus non lorem vitae odio sagittis semper. Nam tempor diam dictum sapien. Aenean massa. Integer vitae nibh. Donec est mauris, rhoncus id, mollis nec, cursus a, enim. Suspendisse aliquet, sem ut cursus luctus, ipsum leo elementum sem, vitae aliquam eros turpis non enim. Mauris quis turpis vitae purus gravida sagittis. Duis gravida. Praesent eu nulla at sem molestie sodales." />
	<customer  id="972" name="Lucius" password="FTH75GUI4WG" email="ac.tellus@Nunclaoreetlectus.ca" company="Arcu Curabitur Ut LLC" address="7773 Turpis Rd." city="Serramonacesca" postalCode="13241" country="Ecuador" phone="(782) 183-4618" fax="(466) 305-0600" registerdate="2014-10-11 06:10:38" logindate="2013-12-31 02:12:57" comment="magnis dis parturient montes, nascetur ridiculus mus. Aenean eget magna. Suspendisse tristique neque venenatis lacus. Etiam bibendum fermentum metus. Aenean sed pede nec ante blandit viverra. Donec tempus, lorem fringilla ornare placerat, orci lacus vestibulum lorem, sit amet ultricies sem magna nec quam. Curabitur vel lectus. Cum sociis natoque penatibus et magnis dis parturient montes, nascetur ridiculus mus. Donec dignissim magna a tortor." />
	<customer  id="973" name="Denise" password="RNO60OMN6FM" email="lectus.pede@duinecurna.ca" company="Ac Corporation" address="887-6089 Orci Street" city="Villa Verde" postalCode="9389" country="Saint Lucia" phone="(178) 427-0721" fax="(315) 701-8642" registerdate="2013-12-04 05:12:51" logindate="2015-05-15 01:05:56" comment="arcu. Curabitur ut odio vel est tempor bibendum. Donec felis orci, adipiscing non, luctus sit amet, faucibus ut, nulla. Cras eu tellus eu augue porttitor interdum. Sed auctor odio a purus. Duis elementum, dui quis accumsan convallis, ante lectus convallis est, vitae sodales nisi magna sed dui. Fusce aliquam, enim nec tempus scelerisque, lorem ipsum sodales purus, in molestie tortor nibh sit amet orci. Ut" />
	<customer  id="974" name="Kessie" password="BLD68TLH7EA" email="quis.tristique@placerataugueSed.com" company="Lorem Limited" address="Ap #900-587 Tincidunt, Road" city="Istanbul" postalCode="6365" country="Svalbard and Jan Mayen Islands" phone="(747) 989-2302" fax="(154) 825-6770" registerdate="2014-07-22 10:07:46" logindate="2015-06-11 11:06:45" comment="Duis at lacus. Quisque purus sapien, gravida non, sollicitudin a, malesuada id, erat. Etiam vestibulum massa rutrum magna. Cras convallis convallis dolor. Quisque tincidunt pede ac urna. Ut tincidunt vehicula risus. Nulla eget metus eu erat semper rutrum. Fusce dolor quam, elementum at, egestas a, scelerisque sed, sapien. Nunc pulvinar arcu et pede. Nunc sed orci lobortis augue scelerisque mollis. Phasellus libero mauris, aliquam eu, accumsan sed, facilisis vitae, orci. Phasellus dapibus quam quis diam. Pellentesque habitant morbi tristique senectus et netus et malesuada fames ac turpis" />
	<customer  id="975" name="Unity" password="PWJ38XQF2ZE" email="ante.bibendum@Duisac.ca" company="Consectetuer Adipiscing Elit Foundation" address="5728 Ridiculus St." city="Oyen" postalCode="3743" country="Poland" phone="(559) 804-6132" fax="(744) 291-3308" registerdate="2013-09-29 12:09:27" logindate="2015-02-20 11:02:12" comment="Duis elementum, dui quis accumsan convallis, ante lectus convallis est, vitae sodales nisi magna sed dui. Fusce aliquam, enim nec tempus scelerisque, lorem ipsum sodales purus, in molestie tortor nibh sit amet orci. Ut sagittis lobortis mauris. Suspendisse aliquet molestie tellus. Aenean egestas hendrerit neque. In ornare sagittis felis. Donec tempor, est ac mattis semper," />
	<customer  id="976" name="Tate" password="YUK62ZDZ6GL" email="dui.Fusce.aliquam@aaliquetvel.org" company="Lacinia Industries" address="P.O. Box 538, 509 Suscipit, Rd." city="Bersillies-l'Abbaye" postalCode="33584" country="Tuvalu" phone="(390) 442-5735" fax="(651) 820-9721" registerdate="2013-12-28 09:12:40" logindate="2015-08-04 11:08:21" comment="Praesent luctus. Curabitur egestas nunc sed libero. Proin sed turpis nec mauris blandit mattis. Cras eget nisi dictum augue malesuada malesuada. Integer id magna et ipsum cursus vestibulum. Mauris magna. Duis dignissim tempor arcu. Vestibulum ut eros non enim commodo hendrerit. Donec porttitor tellus non magna. Nam ligula elit, pretium et, rutrum non, hendrerit id, ante. Nunc mauris sapien, cursus in, hendrerit consectetuer, cursus et, magna. Praesent interdum ligula eu enim. Etiam imperdiet dictum magna. Ut tincidunt orci quis" />
	<customer  id="977" name="Ishmael" password="LYK45MVE8IB" email="at.auctor.ullamcorper@condimentum.co.uk" company="At Pede Cras Institute" address="Ap #814-391 Morbi Road" city="Gouy-lez-Pi�ton" postalCode="345955" country="Belize" phone="(898) 825-6362" fax="(611) 969-6661" registerdate="2014-12-23 10:12:07" logindate="2014-11-15 08:11:21" comment="nisl. Nulla eu neque pellentesque massa lobortis ultrices. Vivamus rhoncus. Donec est. Nunc ullamcorper, velit in aliquet lobortis, nisi nibh lacinia orci, consectetuer euismod est arcu ac orci. Ut semper pretium neque. Morbi quis urna. Nunc quis arcu vel quam dignissim pharetra. Nam ac nulla. In tincidunt congue turpis. In condimentum. Donec at arcu. Vestibulum ante ipsum primis in faucibus orci luctus et ultrices posuere cubilia Curae Donec tincidunt. Donec vitae erat vel pede blandit congue. In scelerisque scelerisque dui. Suspendisse ac metus vitae velit egestas lacinia. Sed" />
	<customer  id="978" name="Samantha" password="NJW74ARB9MI" email="malesuada.vel.convallis@lacusEtiambibendum.co.uk" company="Egestas LLP" address="343-9847 Aliquam Ave" city="Gruitrode" postalCode="19224" country="Palau" phone="(929) 574-9267" fax="(195) 828-5053" registerdate="2015-07-01 11:07:10" logindate="2013-11-28 11:11:47" comment="a, magna. Lorem ipsum dolor sit amet, consectetuer adipiscing elit. Etiam laoreet, libero et tristique pellentesque, tellus sem mollis dui, in sodales elit erat vitae risus. Duis a mi fringilla mi lacinia mattis. Integer eu lacus. Quisque imperdiet, erat nonummy ultricies ornare, elit elit fermentum risus, at fringilla purus mauris a nunc. In at pede. Cras vulputate velit eu sem. Pellentesque ut ipsum ac mi eleifend egestas. Sed pharetra, felis eget varius ultrices, mauris ipsum" />
	<customer  id="979" name="Pearl" password="OFL46HUP5BO" email="a@interdumfeugiat.edu" company="Scelerisque Mollis PC" address="503-9092 Ipsum Ave" city="Albiano" postalCode="34571" country="Vanuatu" phone="(252) 462-5812" fax="(184) 267-8925" registerdate="2014-08-25 11:08:20" logindate="2014-05-28 09:05:26" comment="enim consequat purus. Maecenas libero est, congue a, aliquet vel, vulputate eu, odio. Phasellus at augue id ante dictum cursus. Nunc mauris elit, dictum eu, eleifend nec, malesuada ut, sem. Nulla interdum. Curabitur dictum. Phasellus in felis. Nulla tempor augue ac ipsum. Phasellus vitae mauris sit amet lorem semper auctor. Mauris vel turpis. Aliquam adipiscing lobortis risus. In mi pede, nonummy ut, molestie in, tempus eu, ligula. Aenean euismod mauris eu elit. Nulla facilisi. Sed neque. Sed eget lacus. Mauris non dui nec urna suscipit nonummy. Fusce fermentum fermentum arcu. Vestibulum ante ipsum primis in" />
	<customer  id="980" name="Charissa" password="UHM81JWI3OI" email="et@sem.net" company="Aenean Eget Institute" address="1584 Orci Ave" city="Kota" postalCode="59586" country="Sri Lanka" phone="(828) 761-1897" fax="(416) 449-7298" registerdate="2014-11-22 09:11:33" logindate="2015-06-27 03:06:46" comment="nibh. Aliquam ornare, libero at auctor ullamcorper, nisl arcu iaculis enim, sit amet ornare lectus justo eu arcu. Morbi sit amet massa. Quisque porttitor eros nec tellus. Nunc lectus pede, ultrices a, auctor non, feugiat nec, diam. Duis mi enim, condimentum eget, volutpat ornare, facilisis eget, ipsum. Donec sollicitudin adipiscing ligula. Aenean gravida nunc sed pede. Cum sociis natoque penatibus et magnis dis parturient montes, nascetur ridiculus mus. Proin vel arcu eu odio tristique pharetra. Quisque ac libero nec ligula consectetuer rhoncus. Nullam velit dui, semper et, lacinia vitae, sodales at, velit. Pellentesque ultricies dignissim lacus." />
	<customer  id="981" name="Hu" password="IQD38IAQ6KO" email="et.malesuada.fames@tellusSuspendisse.com" company="Arcu Morbi Foundation" address="954-838 Euismod Av." city="Faisalabad" postalCode="HI2 8BK" country="Kenya" phone="(360) 418-8696" fax="(646) 709-5309" registerdate="2015-08-15 10:08:13" logindate="2014-08-06 01:08:51" comment="vel, mauris. Integer sem elit, pharetra ut, pharetra sed, hendrerit a, arcu. Sed et libero. Proin mi. Aliquam gravida mauris ut mi. Duis risus odio, auctor vitae, aliquet nec, imperdiet nec, leo. Morbi neque tellus, imperdiet non, vestibulum nec, euismod in, dolor. Fusce feugiat. Lorem ipsum dolor sit amet, consectetuer adipiscing elit. Aliquam auctor, velit eget laoreet posuere, enim nisl elementum purus, accumsan" />
	<customer  id="982" name="Timothy" password="PCR78UXA0DH" email="urna.nec@Namnullamagna.com" company="At Libero Morbi Limited" address="620-7790 Vivamus Street" city="Vaughan" postalCode="H7Z 3J8" country="Vanuatu" phone="(790) 416-1837" fax="(456) 564-0590" registerdate="2015-02-12 10:02:53" logindate="2014-11-16 07:11:18" comment="semper erat, in consectetuer ipsum nunc id enim. Curabitur massa. Vestibulum accumsan neque et nunc. Quisque ornare tortor at risus. Nunc ac sem ut dolor dapibus gravida. Aliquam tincidunt, nunc ac mattis ornare, lectus ante dictum mi, ac mattis velit justo nec ante. Maecenas mi felis, adipiscing fringilla, porttitor vulputate, posuere vulputate, lacus. Cras interdum. Nunc sollicitudin commodo ipsum. Suspendisse non leo." />
	<customer  id="983" name="Shelly" password="YBE40TBT5PI" email="Mauris.vel@massa.net" company="Morbi Consulting" address="Ap #203-5052 Dictum. Ave" city="Arnhem" postalCode="794603" country="Turks and Caicos Islands" phone="(416) 230-2525" fax="(616) 280-3947" registerdate="2013-10-10 08:10:45" logindate="2014-04-30 06:04:53" comment="vitae purus gravida sagittis. Duis gravida. Praesent eu nulla at sem molestie sodales. Mauris blandit enim consequat purus. Maecenas libero est, congue a, aliquet vel, vulputate eu, odio. Phasellus at augue id ante dictum cursus. Nunc mauris elit, dictum eu, eleifend nec, malesuada ut, sem. Nulla interdum. Curabitur dictum. Phasellus in felis. Nulla tempor augue ac ipsum. Phasellus vitae mauris sit amet lorem semper auctor. Mauris vel turpis. Aliquam adipiscing lobortis risus." />
	<customer  id="984" name="Hall" password="SBI90ERI9NI" email="ipsum.nunc@magnisdis.com" company="Auctor Consulting" address="P.O. Box 549, 4434 Vivamus Road" city="Wabamun" postalCode="23363" country="Trinidad and Tobago" phone="(405) 345-4603" fax="(462) 383-9400" registerdate="2013-08-26 02:08:28" logindate="2015-07-10 03:07:55" comment="lacinia. Sed congue, elit sed consequat auctor, nunc nulla vulputate dui, nec tempus mauris erat eget ipsum. Suspendisse sagittis. Nullam vitae diam. Proin dolor. Nulla semper tellus id nunc interdum feugiat. Sed nec metus facilisis lorem tristique aliquet. Phasellus fermentum convallis ligula. Donec luctus aliquet odio. Etiam ligula tortor, dictum eu, placerat eget, venenatis" />
	<customer  id="985" name="Samuel" password="UTZ68KXN2HD" email="a@sollicitudinorci.net" company="Egestas Aliquam Fringilla PC" address="P.O. Box 492, 7433 Facilisis St." city="Alacant" postalCode="3433" country="Austria" phone="(756) 782-5523" fax="(511) 828-7454" registerdate="2015-07-24 01:07:41" logindate="2015-06-01 03:06:20" comment="nulla. Donec non justo. Proin non massa non ante bibendum ullamcorper. Duis cursus, diam at pretium aliquet, metus urna convallis erat, eget tincidunt dui augue eu tellus. Phasellus elit pede, malesuada vel, venenatis vel, faucibus id, libero. Donec consectetuer mauris id sapien. Cras dolor dolor, tempus non, lacinia at, iaculis quis, pede. Praesent eu dui. Cum sociis natoque penatibus et magnis dis parturient montes, nascetur ridiculus mus. Aenean eget magna. Suspendisse tristique neque venenatis lacus. Etiam bibendum fermentum metus. Aenean sed pede nec ante blandit viverra. Donec tempus, lorem fringilla ornare placerat, orci lacus" />
	<customer  id="986" name="Nero" password="LJV39RIA6EE" email="eleifend.Cras@elementumloremut.edu" company="Non Sollicitudin LLP" address="9667 Molestie Av." city="Bahawalpur" postalCode="43918" country="Kiribati" phone="(170) 845-1516" fax="(761) 236-2648" registerdate="2015-06-15 10:06:29" logindate="2014-10-17 02:10:35" comment="ultrices. Duis volutpat nunc sit amet metus. Aliquam erat volutpat. Nulla facilisis. Suspendisse commodo tincidunt nibh. Phasellus nulla. Integer vulputate, risus a ultricies adipiscing, enim mi tempor lorem, eget mollis lectus pede et risus. Quisque libero lacus, varius et, euismod et, commodo at, libero. Morbi accumsan laoreet ipsum. Curabitur consequat, lectus sit amet luctus vulputate, nisi sem semper erat, in consectetuer" />
	<customer  id="987" name="Colin" password="LFB82HOS3WO" email="mi.Aliquam@ametluctusvulputate.org" company="Mauris Corp." address="P.O. Box 493, 6100 Ac Avenue" city="East Linton" postalCode="71010" country="Guernsey" phone="(566) 595-3098" fax="(378) 129-2608" registerdate="2014-02-27 11:02:37" logindate="2015-01-28 06:01:53" comment="elit, dictum eu, eleifend nec, malesuada ut, sem. Nulla interdum. Curabitur dictum. Phasellus in felis. Nulla tempor augue ac ipsum. Phasellus vitae mauris sit amet lorem semper auctor. Mauris vel turpis. Aliquam adipiscing lobortis risus. In mi pede, nonummy ut, molestie in, tempus eu, ligula. Aenean euismod mauris eu elit. Nulla facilisi. Sed neque. Sed eget lacus. Mauris non dui nec urna suscipit nonummy. Fusce fermentum fermentum arcu. Vestibulum ante ipsum primis in" />
	<customer  id="988" name="Shellie" password="NIH18QHB9UT" email="Donec@necurna.org" company="Ornare Lectus LLC" address="9774 Malesuada Avenue" city="Ramagundam" postalCode="6089" country="Cayman Islands" phone="(406) 947-8159" fax="(141) 917-5102" registerdate="2014-06-15 05:06:45" logindate="2014-10-21 12:10:56" comment="pede nec ante blandit viverra. Donec tempus, lorem fringilla ornare placerat, orci lacus vestibulum lorem, sit amet ultricies sem magna nec quam. Curabitur vel lectus. Cum sociis natoque penatibus et magnis dis parturient montes, nascetur ridiculus mus. Donec dignissim magna a tortor. Nunc commodo auctor velit. Aliquam nisl. Nulla eu neque pellentesque massa lobortis ultrices. Vivamus rhoncus. Donec est. Nunc ullamcorper, velit in aliquet lobortis, nisi nibh lacinia orci, consectetuer euismod est arcu ac orci. Ut" />
	<customer  id="989" name="Colorado" password="DKO54DMN6DJ" email="nibh@imperdiet.net" company="Convallis Dolor Quisque Industries" address="592-8671 Sed Avenue" city="Saguenay" postalCode="8222" country="Israel" phone="(484) 153-6292" fax="(724) 759-4046" registerdate="2015-01-25 04:01:11" logindate="2014-06-30 04:06:17" comment="suscipit, est ac facilisis facilisis, magna tellus faucibus leo, in lobortis tellus justo sit amet nulla. Donec non justo. Proin non massa non ante bibendum ullamcorper. Duis cursus, diam at pretium aliquet, metus urna convallis erat, eget tincidunt dui augue eu tellus. Phasellus elit pede, malesuada vel, venenatis vel, faucibus id, libero. Donec consectetuer mauris id sapien. Cras dolor dolor, tempus non," />
	<customer  id="990" name="Kieran" password="AQH44YCU0SX" email="dolor.quam.elementum@nuncullamcorpereu.net" company="Nec Industries" address="Ap #808-7568 At Avenue" city="Bekegem" postalCode="37781" country="Jordan" phone="(169) 298-4745" fax="(129) 594-9257" registerdate="2014-03-18 03:03:38" logindate="2015-01-19 12:01:50" comment="egestas. Sed pharetra, felis eget varius ultrices, mauris ipsum porta elit, a feugiat tellus lorem eu metus. In lorem. Donec elementum, lorem ut aliquam iaculis, lacus pede sagittis augue, eu tempor erat neque non quam. Pellentesque habitant morbi tristique senectus et netus et malesuada fames ac turpis egestas. Aliquam fringilla cursus purus. Nullam scelerisque neque sed sem egestas blandit. Nam nulla magna, malesuada vel, convallis in, cursus et, eros. Proin ultrices. Duis volutpat nunc sit amet metus. Aliquam erat volutpat. Nulla facilisis." />
	<customer  id="991" name="Ryder" password="WRI55PHA7ZF" email="nonummy.Fusce.fermentum@Sed.ca" company="Adipiscing Ligula Associates" address="P.O. Box 788, 2981 Risus. Street" city="Largs" postalCode="28-449" country="Central African Republic" phone="(767) 701-6457" fax="(413) 956-3841" registerdate="2015-03-28 06:03:08" logindate="2014-08-30 04:08:05" comment="Nam ac nulla. In tincidunt congue turpis. In condimentum. Donec at arcu. Vestibulum ante ipsum primis in faucibus orci luctus et ultrices posuere cubilia Curae Donec tincidunt. Donec vitae erat vel pede blandit congue. In scelerisque scelerisque dui. Suspendisse ac metus vitae velit egestas lacinia. Sed congue, elit sed consequat auctor, nunc nulla vulputate dui, nec tempus mauris erat eget ipsum. Suspendisse sagittis. Nullam vitae diam. Proin dolor. Nulla semper tellus id nunc interdum feugiat. Sed nec metus facilisis lorem tristique" />
	<customer  id="992" name="Keely" password="DWN36VKQ3KR" email="pretium.et.rutrum@accumsan.net" company="Accumsan Laoreet Ipsum Corp." address="Ap #790-3957 Urna. Street" city="Schifferstadt" postalCode="80123" country="France" phone="(454) 407-8229" fax="(900) 190-5296" registerdate="2014-06-21 03:06:00" logindate="2015-05-10 12:05:55" comment="tellus. Aenean egestas hendrerit neque. In ornare sagittis felis. Donec tempor, est ac mattis semper, dui lectus rutrum urna, nec luctus felis purus ac tellus. Suspendisse sed dolor. Fusce mi lorem, vehicula et, rutrum eu, ultrices sit amet, risus. Donec nibh enim, gravida sit amet, dapibus id, blandit at, nisi. Cum sociis natoque penatibus et magnis dis parturient montes, nascetur ridiculus mus. Proin vel nisl. Quisque fringilla euismod enim. Etiam" />
	<customer  id="993" name="Isaac" password="NAX89LYG5VA" email="ut.aliquam@accumsansed.org" company="Sem Limited" address="P.O. Box 711, 3682 Elementum Road" city="Slijpe" postalCode="42066" country="Senegal" phone="(618) 685-9716" fax="(866) 195-9750" registerdate="2014-06-26 10:06:54" logindate="2015-02-25 02:02:42" comment="sociosqu ad litora torquent per conubia nostra, per inceptos hymenaeos. Mauris ut quam vel sapien imperdiet ornare. In faucibus. Morbi vehicula. Pellentesque tincidunt tempus risus. Donec egestas. Duis ac arcu. Nunc mauris. Morbi non sapien molestie orci tincidunt adipiscing. Mauris molestie pharetra nibh. Aliquam ornare, libero at auctor ullamcorper, nisl arcu iaculis enim, sit" />
	<customer  id="994" name="Emma" password="BYI06DQM9ZY" email="Nulla@molestie.net" company="Lectus Cum Corp." address="Ap #557-1808 Ac St." city="Casperia" postalCode="16655" country="Armenia" phone="(828) 791-3494" fax="(925) 347-3380" registerdate="2014-08-19 06:08:37" logindate="2014-01-05 06:01:56" comment="at, iaculis quis, pede. Praesent eu dui. Cum sociis natoque penatibus et magnis dis parturient montes, nascetur ridiculus mus. Aenean eget magna. Suspendisse tristique neque venenatis lacus. Etiam bibendum fermentum metus. Aenean sed pede nec ante blandit viverra. Donec tempus, lorem fringilla ornare placerat, orci lacus vestibulum lorem, sit amet ultricies sem magna nec quam. Curabitur vel lectus. Cum sociis natoque penatibus et magnis" />
	<customer  id="995" name="Deacon" password="OKD92ONU4VU" email="senectus@metusfacilisislorem.co.uk" company="Eu Tellus Eu PC" address="834 Nulla Avenue" city="Southend" postalCode="29285-693" country="Niue" phone="(298) 106-7809" fax="(660) 949-1177" registerdate="2015-02-19 07:02:34" logindate="2013-11-27 11:11:43" comment="taciti sociosqu ad litora torquent per conubia nostra, per inceptos hymenaeos. Mauris ut quam vel sapien imperdiet ornare. In faucibus. Morbi vehicula. Pellentesque tincidunt tempus risus. Donec egestas. Duis ac arcu. Nunc mauris. Morbi non sapien molestie orci tincidunt adipiscing. Mauris molestie pharetra nibh. Aliquam ornare, libero at auctor ullamcorper, nisl arcu iaculis enim, sit amet ornare lectus justo eu arcu. Morbi sit amet massa. Quisque porttitor eros nec tellus. Nunc lectus pede, ultrices a, auctor" />
	<customer  id="996" name="Arden" password="PGM00XWF1PH" email="egestas.urna@atlacus.edu" company="Egestas Fusce Inc." address="2291 Mauris Rd." city="Maastricht" postalCode="57126" country="Christmas Island" phone="(210) 481-6082" fax="(476) 392-2681" registerdate="2014-05-04 10:05:53" logindate="2013-12-11 02:12:25" comment="lobortis ultrices. Vivamus rhoncus. Donec est. Nunc ullamcorper, velit in aliquet lobortis, nisi nibh lacinia orci, consectetuer euismod est arcu ac orci. Ut semper pretium neque. Morbi quis urna. Nunc quis arcu vel quam dignissim pharetra. Nam ac nulla. In tincidunt congue turpis. In condimentum. Donec at arcu. Vestibulum ante ipsum primis in faucibus orci luctus et ultrices posuere cubilia Curae Donec tincidunt. Donec vitae erat vel pede blandit congue. In scelerisque scelerisque dui. Suspendisse ac metus vitae velit egestas lacinia. Sed congue, elit sed consequat auctor, nunc nulla vulputate dui, nec tempus mauris erat" />
	<customer  id="997" name="Kadeem" password="OTB77YNJ3AS" email="elit.elit.fermentum@nisimagnased.com" company="Eget Lacus Mauris LLP" address="P.O. Box 918, 3396 Egestas Street" city="Red Deer" postalCode="4623" country="Macao" phone="(728) 391-0692" fax="(880) 475-2752" registerdate="2015-02-05 07:02:59" logindate="2015-07-19 05:07:15" comment="vulputate eu, odio. Phasellus at augue id ante dictum cursus. Nunc mauris elit, dictum eu, eleifend nec, malesuada ut, sem. Nulla interdum. Curabitur dictum. Phasellus in felis. Nulla tempor augue ac ipsum. Phasellus vitae mauris sit amet lorem semper auctor. Mauris vel turpis. Aliquam adipiscing lobortis risus. In mi pede, nonummy ut, molestie in, tempus eu, ligula. Aenean euismod mauris eu elit. Nulla" />
	<customer  id="998" name="Neville" password="DNZ09EWR4CR" email="gravida@Namporttitor.edu" company="Vulputate Dui Nec Inc." address="Ap #127-725 Molestie Avenue" city="Stevoort" postalCode="25245" country="Tuvalu" phone="(979) 780-1807" fax="(550) 467-6483" registerdate="2014-06-27 08:06:21" logindate="2015-01-20 09:01:01" comment="natoque penatibus et magnis dis parturient montes, nascetur ridiculus mus. Proin vel nisl. Quisque fringilla euismod enim. Etiam gravida molestie arcu. Sed eu nibh vulputate mauris sagittis placerat. Cras dictum ultricies ligula. Nullam enim. Sed nulla ante, iaculis nec, eleifend non, dapibus rutrum, justo. Praesent luctus. Curabitur egestas nunc sed libero. Proin sed turpis nec mauris blandit" />
	<customer  id="999" name="Oscar" password="LWP15GMQ1JT" email="Nullam@Namnulla.com" company="Amet Orci Ut Corporation" address="6946 Ante Avenue" city="Castiglione Messer Raimondo" postalCode="1615" country="United States" phone="(525) 505-2179" fax="(157) 323-1093" registerdate="2014-06-19 03:06:35" logindate="2015-07-01 06:07:56" comment="augue porttitor interdum. Sed auctor odio a purus. Duis elementum, dui quis accumsan convallis, ante lectus convallis est, vitae sodales nisi magna sed dui. Fusce aliquam, enim nec tempus scelerisque, lorem ipsum sodales purus, in molestie tortor nibh sit amet orci. Ut sagittis lobortis mauris. Suspendisse aliquet molestie tellus. Aenean egestas hendrerit neque. In ornare sagittis felis. Donec tempor, est ac mattis semper, dui lectus rutrum urna, nec luctus felis purus ac tellus. Suspendisse sed dolor. Fusce mi lorem, vehicula et, rutrum eu, ultrices sit amet, risus. Donec nibh enim, gravida sit amet," />
	<customer  id="1000" name="Damian" password="ZZR72ICD6AT" email="auctor@enimEtiamgravida.ca" company="Nulla PC" address="471-4681 At Avenue" city="Rijkevorsel" postalCode="1684" country="Bonaire, Sint Eustatius and Saba" phone="(991) 707-2082" fax="(219) 547-6820" registerdate="2015-01-11 03:01:31" logindate="2013-10-08 03:10:17" comment="sodales at, velit. Pellentesque ultricies dignissim lacus. Aliquam rutrum lorem ac risus. Morbi metus. Vivamus euismod urna. Nullam lobortis quam a felis ullamcorper viverra. Maecenas iaculis aliquet diam. Sed diam lorem, auctor quis, tristique ac, eleifend vitae, erat. Vivamus nisi. Mauris nulla. Integer urna. Vivamus molestie dapibus ligula. Aliquam erat volutpat. Nulla dignissim." />
</dataset>
